[Sunday Jul 10 23:06:00 2022] -=-=-=-=-=-=-=-=-=-=-=-=-=-=-=-=-=-=-=-=-=-=-=-=-=-=-=-=-=-=-=-=-=-=-=-
[Sunday Jul 10 23:06:00 2022]          Dragon Age Origins Ultimate addins.xml updater ran
[Sunday Jul 10 23:06:00 2022] -=-=-=-=-=-=-=-=-=-=-=-=-=-=-=-=-=-=-=-=-=-=-=-=-=-=-=-=-=-=-=-=-=-=-=-
[Sunday Jul 10 23:06:00 2022] Checking for successful game login
[Sunday Jul 10 23:06:00 2022] LaunchWebPageToActivateDLC
[Sunday Jul 10 23:06:08 2022] Command-line Paramters []
[Sunday Jul 10 23:06:08 2022] AddIns File = [BioWare\Dragon Age\Settings\addins.xml]
[Sunday Jul 10 23:06:08 2022] Offers File = [BioWare\Dragon Age\Settings\offers.xml]
[Sunday Jul 10 23:06:08 2022] AddIns Folder = [BioWare\Dragon Age\Settings]
[Sunday Jul 10 23:06:08 2022] Program Location = [M:\SteamLibrary\steamapps\common\Dragon Age Ultimate Edition]
[Sunday Jul 10 23:06:08 2022] Folder C:\Users\Användaren\Documents\BioWare\Dragon Age\Settings not found. Creating it.
[Sunday Jul 10 23:06:08 2022] No C:\Users\Användaren\Documents\BioWare\Dragon Age\Settings\addins.xml found. Copying over blank AddIns.xml.
[Sunday Jul 10 23:06:08 2022] No C:\Users\Användaren\Documents\BioWare\Dragon Age\Settings\offers.xml found. Copying over blank Offers.xml.
[Sunday Jul 10 23:06:08 2022] Updating C:\Users\Användaren\Documents\BioWare\Dragon Age\Settings\addins.xml with addins\dao_prc_ep_1\manifest.xml
[Sunday Jul 10 23:06:08 2022] Results [0] [AddIns.xml successfully updated.]
[Sunday Jul 10 23:06:08 2022] Updating C:\Users\Användaren\Documents\BioWare\Dragon Age\Settings\addins.xml with Addins\dao_prc_cp_1\manifest.xml
[Sunday Jul 10 23:06:08 2022] Results [0] [AddIns.xml successfully updated.]
[Sunday Jul 10 23:06:08 2022] Updating C:\Users\Användaren\Documents\BioWare\Dragon Age\Settings\offers.xml with Offers\dao_prc_ocp_1\manifest.xml
[Sunday Jul 10 23:06:09 2022] Results [0] [Offers.xml successfully updated.]
[Sunday Jul 10 23:06:09 2022] Updating C:\Users\Användaren\Documents\BioWare\Dragon Age\Settings\addins.xml with Addins\dao_prc_cp_2\manifest.xml
[Sunday Jul 10 23:06:09 2022] Results [0] [AddIns.xml successfully updated.]
[Sunday Jul 10 23:06:09 2022] Updating C:\Users\Användaren\Documents\BioWare\Dragon Age\Settings\offers.xml with Offers\dao_prc_ocp_2\manifest.xml
[Sunday Jul 10 23:06:10 2022] Results [0] [Offers.xml successfully updated.]
[Sunday Jul 10 23:06:10 2022] Updating C:\Users\Användaren\Documents\BioWare\Dragon Age\Settings\addins.xml with Addins\dao_prc_cp_3\manifest.xml
[Sunday Jul 10 23:06:10 2022] Results [0] [AddIns.xml successfully updated.]
[Sunday Jul 10 23:06:10 2022] Updating C:\Users\Användaren\Documents\BioWare\Dragon Age\Settings\addins.xml with Addins\dao_prc_cp_7\manifest.xml
[Sunday Jul 10 23:06:10 2022] Results [0] [AddIns.xml successfully updated.]
[Sunday Jul 10 23:06:10 2022] Updating C:\Users\Användaren\Documents\BioWare\Dragon Age\Settings\offers.xml with Offers\dao_prc_ocp_13\manifest.xml
[Sunday Jul 10 23:06:10 2022] Results [0] [Offers.xml successfully updated.]
[Sunday Jul 10 23:06:10 2022] Updating C:\Users\Användaren\Documents\BioWare\Dragon Age\Settings\addins.xml with Addins\dao_prc_drk\manifest.xml
[Sunday Jul 10 23:06:11 2022] Results [0] [AddIns.xml successfully updated.]
[Sunday Jul 10 23:06:11 2022] Updating C:\Users\Användaren\Documents\BioWare\Dragon Age\Settings\addins.xml with Addins\dao_prc_drk_dao\manifest.xml
[Sunday Jul 10 23:06:11 2022] Results [0] [AddIns.xml successfully updated.]
[Sunday Jul 10 23:06:11 2022] Updating C:\Users\Användaren\Documents\BioWare\Dragon Age\Settings\addins.xml with Addins\dao_prc_drk_ep1\manifest.xml
[Sunday Jul 10 23:06:11 2022] Results [0] [AddIns.xml successfully updated.]
[Sunday Jul 10 23:06:11 2022] Updating C:\Users\Användaren\Documents\BioWare\Dragon Age\Settings\offers.xml with Offers\dao_prc_drk_o\manifest.xml
[Sunday Jul 10 23:06:11 2022] Results [0] [Offers.xml successfully updated.]
[Sunday Jul 10 23:06:11 2022] Updating C:\Users\Användaren\Documents\BioWare\Dragon Age\Settings\addins.xml with Addins\dao_prc_gib\manifest.xml
[Sunday Jul 10 23:06:12 2022] Results [0] [AddIns.xml successfully updated.]
[Sunday Jul 10 23:06:12 2022] Updating C:\Users\Användaren\Documents\BioWare\Dragon Age\Settings\addins.xml with Addins\dao_prc_gib_dao\manifest.xml
[Sunday Jul 10 23:06:12 2022] Results [0] [AddIns.xml successfully updated.]
[Sunday Jul 10 23:06:12 2022] Updating C:\Users\Användaren\Documents\BioWare\Dragon Age\Settings\addins.xml with Addins\dao_prc_gib_ep1\manifest.xml
[Sunday Jul 10 23:06:13 2022] Results [0] [AddIns.xml successfully updated.]
[Sunday Jul 10 23:06:13 2022] Updating C:\Users\Användaren\Documents\BioWare\Dragon Age\Settings\offers.xml with Offers\dao_prc_gib_o\manifest.xml
[Sunday Jul 10 23:06:13 2022] Results [0] [Offers.xml successfully updated.]
[Sunday Jul 10 23:06:13 2022] Updating C:\Users\Användaren\Documents\BioWare\Dragon Age\Settings\addins.xml with Addins\dao_prc_lel\manifest.xml
[Sunday Jul 10 23:06:13 2022] Results [0] [AddIns.xml successfully updated.]
[Sunday Jul 10 23:06:13 2022] Updating C:\Users\Användaren\Documents\BioWare\Dragon Age\Settings\addins.xml with Addins\dao_prc_lel_dao\manifest.xml
[Sunday Jul 10 23:06:14 2022] Results [0] [AddIns.xml successfully updated.]
[Sunday Jul 10 23:06:14 2022] Updating C:\Users\Användaren\Documents\BioWare\Dragon Age\Settings\addins.xml with Addins\dao_prc_lel_ep1\manifest.xml
[Sunday Jul 10 23:06:14 2022] Results [0] [AddIns.xml successfully updated.]
[Sunday Jul 10 23:06:14 2022] Updating C:\Users\Användaren\Documents\BioWare\Dragon Age\Settings\offers.xml with Offers\dao_prc_lel_o\manifest.xml
[Sunday Jul 10 23:06:15 2022] Results [0] [Offers.xml successfully updated.]
[Sunday Jul 10 23:06:15 2022] Updating C:\Users\Användaren\Documents\BioWare\Dragon Age\Settings\addins.xml with Addins\dao_prc_nrx_1\manifest.xml
[Sunday Jul 10 23:06:15 2022] Results [0] [AddIns.xml successfully updated.]
[Sunday Jul 10 23:06:15 2022] Updating C:\Users\Användaren\Documents\BioWare\Dragon Age\Settings\offers.xml with Offers\dao_prc_onrx_1\manifest.xml
[Sunday Jul 10 23:06:15 2022] Results [0] [Offers.xml successfully updated.]
[Sunday Jul 10 23:06:15 2022] Updating C:\Users\Användaren\Documents\BioWare\Dragon Age\Settings\addins.xml with Addins\dao_prc_promo_me\manifest.xml
[Sunday Jul 10 23:06:16 2022] Results [0] [AddIns.xml successfully updated.]
[Sunday Jul 10 23:06:16 2022] Updating C:\Users\Användaren\Documents\BioWare\Dragon Age\Settings\offers.xml with Offers\DAO_PRC_OPROMO_ME\manifest.xml
[Sunday Jul 10 23:06:16 2022] Results [0] [Offers.xml successfully updated.]
[Sunday Jul 10 23:06:16 2022] Updating C:\Users\Användaren\Documents\BioWare\Dragon Age\Settings\addins.xml with Addins\dao_prc_str\manifest.xml
[Sunday Jul 10 23:06:16 2022] Results [0] [AddIns.xml successfully updated.]
[Sunday Jul 10 23:06:16 2022] Updating C:\Users\Användaren\Documents\BioWare\Dragon Age\Settings\addins.xml with Addins\dao_prc_str_dao\manifest.xml
[Sunday Jul 10 23:06:16 2022] Results [0] [AddIns.xml successfully updated.]
[Sunday Jul 10 23:06:16 2022] Updating C:\Users\Användaren\Documents\BioWare\Dragon Age\Settings\addins.xml with Addins\dao_prc_str_ep1\manifest.xml
[Sunday Jul 10 23:06:17 2022] Results [0] [AddIns.xml successfully updated.]
[Sunday Jul 10 23:06:17 2022] Updating C:\Users\Användaren\Documents\BioWare\Dragon Age\Settings\offers.xml with Offers\dao_prc_str_o\manifest.xml
[Sunday Jul 10 23:06:17 2022] Results [0] [Offers.xml successfully updated.]
[Sunday Jul 10 23:06:17 2022] -=-=-=-=-=-=-=-=-=-=-=-=-=-=-=-=-=-=-=-=-=-=-=-=-=-=-=-=-=-=-=-=-=-=-=-
[Sunday Jul 10 23:06:17 2022] |         Dragon Age Origins Ultimate addins.xml finished
[Sunday Jul 10 23:06:17 2022] -=-=-=-=-=-=-=-=-=-=-=-=-=-=-=-=-=-=-=-=-=-=-=-=-=-=-=-=-=-=-=-=-=-=-=-

