[06/09/2020 - 07:29:02PM] ConditionDatabase log opened (PC-64)
[06/09/2020 - 07:29:02PM] [metro:gear:conditiondatabase <GasMask_Gear (1B00F3FE)>] Mask: [Armor < (2500082C)>]
[06/09/2020 - 07:29:02PM] [metro:gear:conditiondatabase <GasMask_Gear (1B00F3FE)>] DamageStage: 0
[06/09/2020 - 07:29:02PM] [metro:gear:conditiondatabase <GasMask_Gear (1B00F3FE)>] DamageStageName: Undamaged
[06/09/2020 - 07:29:02PM] [metro:gear:conditiondatabase <GasMask_Gear (1B00F3FE)>] Percentage: 100
[06/09/2020 - 07:29:02PM] [metro:gear:conditiondatabase <GasMask_Gear (1B00F3FE)>]  
[06/09/2020 - 07:29:03PM] [metro:gear:conditiondatabase <GasMask_Gear (1B00F3FE)>] Mask: [Armor < (2500082C)>]
[06/09/2020 - 07:29:03PM] [metro:gear:conditiondatabase <GasMask_Gear (1B00F3FE)>] DamageStage: 0
[06/09/2020 - 07:29:03PM] [metro:gear:conditiondatabase <GasMask_Gear (1B00F3FE)>] DamageStageName: Undamaged
[06/09/2020 - 07:29:03PM] [metro:gear:conditiondatabase <GasMask_Gear (1B00F3FE)>] Percentage: 100
[06/09/2020 - 07:29:03PM] [metro:gear:conditiondatabase <GasMask_Gear (1B00F3FE)>]  
[06/09/2020 - 07:29:03PM] [metro:gear:conditiondatabase <GasMask_Gear (1B00F3FE)>] Mask: [Armor < (2500082C)>]
[06/09/2020 - 07:29:03PM] [metro:gear:conditiondatabase <GasMask_Gear (1B00F3FE)>] DamageStage: 0
[06/09/2020 - 07:29:03PM] [metro:gear:conditiondatabase <GasMask_Gear (1B00F3FE)>] DamageStageName: Undamaged
[06/09/2020 - 07:29:03PM] [metro:gear:conditiondatabase <GasMask_Gear (1B00F3FE)>] Percentage: 100
[06/09/2020 - 07:29:03PM] [metro:gear:conditiondatabase <GasMask_Gear (1B00F3FE)>]  
[06/09/2020 - 07:29:04PM] [metro:gear:conditiondatabase <GasMask_Gear (1B00F3FE)>] Mask: [Armor < (2500082C)>]
[06/09/2020 - 07:29:04PM] [metro:gear:conditiondatabase <GasMask_Gear (1B00F3FE)>] DamageStage: 0
[06/09/2020 - 07:29:04PM] [metro:gear:conditiondatabase <GasMask_Gear (1B00F3FE)>] DamageStageName: Undamaged
[06/09/2020 - 07:29:04PM] [metro:gear:conditiondatabase <GasMask_Gear (1B00F3FE)>] Percentage: 100
[06/09/2020 - 07:29:04PM] [metro:gear:conditiondatabase <GasMask_Gear (1B00F3FE)>]  
[06/09/2020 - 07:29:04PM] [metro:gear:conditiondatabase <GasMask_Gear (1B00F3FE)>] Mask: [Armor < (2500082C)>]
[06/09/2020 - 07:29:04PM] [metro:gear:conditiondatabase <GasMask_Gear (1B00F3FE)>] DamageStage: 0
[06/09/2020 - 07:29:04PM] [metro:gear:conditiondatabase <GasMask_Gear (1B00F3FE)>] DamageStageName: Undamaged
[06/09/2020 - 07:29:04PM] [metro:gear:conditiondatabase <GasMask_Gear (1B00F3FE)>] Percentage: 100
[06/09/2020 - 07:29:04PM] [metro:gear:conditiondatabase <GasMask_Gear (1B00F3FE)>]  
[06/09/2020 - 07:29:05PM] [metro:gear:conditiondatabase <GasMask_Gear (1B00F3FE)>] Mask: [Armor < (2500082C)>]
[06/09/2020 - 07:29:05PM] [metro:gear:conditiondatabase <GasMask_Gear (1B00F3FE)>] DamageStage: 0
[06/09/2020 - 07:29:05PM] [metro:gear:conditiondatabase <GasMask_Gear (1B00F3FE)>] DamageStageName: Undamaged
[06/09/2020 - 07:29:05PM] [metro:gear:conditiondatabase <GasMask_Gear (1B00F3FE)>] Percentage: 100
[06/09/2020 - 07:29:05PM] [metro:gear:conditiondatabase <GasMask_Gear (1B00F3FE)>]  
[06/09/2020 - 07:29:06PM] [metro:gear:conditiondatabase <GasMask_Gear (1B00F3FE)>] Mask: None
[06/09/2020 - 07:29:06PM] [metro:gear:conditiondatabase <GasMask_Gear (1B00F3FE)>] DamageStage: 0
[06/09/2020 - 07:29:06PM] [metro:gear:conditiondatabase <GasMask_Gear (1B00F3FE)>] DamageStageName: 0
[06/09/2020 - 07:29:06PM] [metro:gear:conditiondatabase <GasMask_Gear (1B00F3FE)>] Percentage: 0
[06/09/2020 - 07:29:06PM] [metro:gear:conditiondatabase <GasMask_Gear (1B00F3FE)>]  
[06/09/2020 - 07:29:06PM] [metro:gear:conditiondatabase <GasMask_Gear (1B00F3FE)>] Mask: None
[06/09/2020 - 07:29:06PM] [metro:gear:conditiondatabase <GasMask_Gear (1B00F3FE)>] DamageStage: 0
[06/09/2020 - 07:29:06PM] [metro:gear:conditiondatabase <GasMask_Gear (1B00F3FE)>] DamageStageName: 0
[06/09/2020 - 07:29:06PM] [metro:gear:conditiondatabase <GasMask_Gear (1B00F3FE)>] Percentage: 0
[06/09/2020 - 07:29:06PM] [metro:gear:conditiondatabase <GasMask_Gear (1B00F3FE)>]  
[06/09/2020 - 07:29:07PM] [metro:gear:conditiondatabase <GasMask_Gear (1B00F3FE)>] Mask: None
[06/09/2020 - 07:29:07PM] [metro:gear:conditiondatabase <GasMask_Gear (1B00F3FE)>] DamageStage: 0
[06/09/2020 - 07:29:07PM] [metro:gear:conditiondatabase <GasMask_Gear (1B00F3FE)>] DamageStageName: 0
[06/09/2020 - 07:29:07PM] [metro:gear:conditiondatabase <GasMask_Gear (1B00F3FE)>] Percentage: 0
[06/09/2020 - 07:29:07PM] [metro:gear:conditiondatabase <GasMask_Gear (1B00F3FE)>]  
[06/09/2020 - 07:29:07PM] [metro:gear:conditiondatabase <GasMask_Gear (1B00F3FE)>] Mask: None
[06/09/2020 - 07:29:07PM] [metro:gear:conditiondatabase <GasMask_Gear (1B00F3FE)>] DamageStage: 0
[06/09/2020 - 07:29:07PM] [metro:gear:conditiondatabase <GasMask_Gear (1B00F3FE)>] DamageStageName: 0
[06/09/2020 - 07:29:07PM] [metro:gear:conditiondatabase <GasMask_Gear (1B00F3FE)>] Percentage: 0
[06/09/2020 - 07:29:07PM] [metro:gear:conditiondatabase <GasMask_Gear (1B00F3FE)>]  
[06/09/2020 - 07:29:08PM] [metro:gear:conditiondatabase <GasMask_Gear (1B00F3FE)>] Mask: None
[06/09/2020 - 07:29:08PM] [metro:gear:conditiondatabase <GasMask_Gear (1B00F3FE)>] DamageStage: 0
[06/09/2020 - 07:29:08PM] [metro:gear:conditiondatabase <GasMask_Gear (1B00F3FE)>] DamageStageName: 0
[06/09/2020 - 07:29:08PM] [metro:gear:conditiondatabase <GasMask_Gear (1B00F3FE)>] Percentage: 0
[06/09/2020 - 07:29:08PM] [metro:gear:conditiondatabase <GasMask_Gear (1B00F3FE)>]  
[06/09/2020 - 07:29:19PM] [metro:gear:conditiondatabase <GasMask_Gear (1B00F3FE)>] Mask: None
[06/09/2020 - 07:29:19PM] [metro:gear:conditiondatabase <GasMask_Gear (1B00F3FE)>] DamageStage: 0
[06/09/2020 - 07:29:19PM] [metro:gear:conditiondatabase <GasMask_Gear (1B00F3FE)>] DamageStageName: 0
[06/09/2020 - 07:29:19PM] [metro:gear:conditiondatabase <GasMask_Gear (1B00F3FE)>] Percentage: 0
[06/09/2020 - 07:29:19PM] [metro:gear:conditiondatabase <GasMask_Gear (1B00F3FE)>]  
[06/09/2020 - 07:29:34PM] [metro:gear:conditiondatabase <GasMask_Gear (1B00F3FE)>] Mask: None
[06/09/2020 - 07:29:34PM] [metro:gear:conditiondatabase <GasMask_Gear (1B00F3FE)>] DamageStage: 0
[06/09/2020 - 07:29:34PM] [metro:gear:conditiondatabase <GasMask_Gear (1B00F3FE)>] DamageStageName: 0
[06/09/2020 - 07:29:34PM] [metro:gear:conditiondatabase <GasMask_Gear (1B00F3FE)>] Percentage: 0
[06/09/2020 - 07:29:34PM] [metro:gear:conditiondatabase <GasMask_Gear (1B00F3FE)>]  
[06/09/2020 - 07:29:35PM] [metro:gear:conditiondatabase <GasMask_Gear (1B00F3FE)>] Mask: None
[06/09/2020 - 07:29:35PM] [metro:gear:conditiondatabase <GasMask_Gear (1B00F3FE)>] DamageStage: 0
[06/09/2020 - 07:29:35PM] [metro:gear:conditiondatabase <GasMask_Gear (1B00F3FE)>] DamageStageName: 0
[06/09/2020 - 07:29:35PM] [metro:gear:conditiondatabase <GasMask_Gear (1B00F3FE)>] Percentage: 0
[06/09/2020 - 07:29:35PM] [metro:gear:conditiondatabase <GasMask_Gear (1B00F3FE)>]  
[06/09/2020 - 07:29:37PM] [metro:gear:conditiondatabase <GasMask_Gear (1B00F3FE)>] Mask: None
[06/09/2020 - 07:29:37PM] [metro:gear:conditiondatabase <GasMask_Gear (1B00F3FE)>] DamageStage: 0
[06/09/2020 - 07:29:37PM] [metro:gear:conditiondatabase <GasMask_Gear (1B00F3FE)>] DamageStageName: 0
[06/09/2020 - 07:29:37PM] [metro:gear:conditiondatabase <GasMask_Gear (1B00F3FE)>] Percentage: 0
[06/09/2020 - 07:29:37PM] [metro:gear:conditiondatabase <GasMask_Gear (1B00F3FE)>]  
[06/09/2020 - 07:30:06PM] [metro:gear:conditiondatabase <GasMask_Gear (1B00F3FE)>] Mask: None
[06/09/2020 - 07:30:06PM] [metro:gear:conditiondatabase <GasMask_Gear (1B00F3FE)>] DamageStage: 0
[06/09/2020 - 07:30:06PM] [metro:gear:conditiondatabase <GasMask_Gear (1B00F3FE)>] DamageStageName: 0
[06/09/2020 - 07:30:06PM] [metro:gear:conditiondatabase <GasMask_Gear (1B00F3FE)>] Percentage: 0
[06/09/2020 - 07:30:06PM] [metro:gear:conditiondatabase <GasMask_Gear (1B00F3FE)>]  
[06/09/2020 - 07:30:07PM] [metro:gear:conditiondatabase <GasMask_Gear (1B00F3FE)>] Mask: None
[06/09/2020 - 07:30:07PM] [metro:gear:conditiondatabase <GasMask_Gear (1B00F3FE)>] DamageStage: 0
[06/09/2020 - 07:30:07PM] [metro:gear:conditiondatabase <GasMask_Gear (1B00F3FE)>] DamageStageName: 0
[06/09/2020 - 07:30:07PM] [metro:gear:conditiondatabase <GasMask_Gear (1B00F3FE)>] Percentage: 0
[06/09/2020 - 07:30:07PM] [metro:gear:conditiondatabase <GasMask_Gear (1B00F3FE)>]  
[06/09/2020 - 07:30:07PM] [metro:gear:conditiondatabase <GasMask_Gear (1B00F3FE)>] Mask: None
[06/09/2020 - 07:30:07PM] [metro:gear:conditiondatabase <GasMask_Gear (1B00F3FE)>] DamageStage: 0
[06/09/2020 - 07:30:07PM] [metro:gear:conditiondatabase <GasMask_Gear (1B00F3FE)>] DamageStageName: 0
[06/09/2020 - 07:30:07PM] [metro:gear:conditiondatabase <GasMask_Gear (1B00F3FE)>] Percentage: 0
[06/09/2020 - 07:30:07PM] [metro:gear:conditiondatabase <GasMask_Gear (1B00F3FE)>]  
[06/09/2020 - 07:30:08PM] [metro:gear:conditiondatabase <GasMask_Gear (1B00F3FE)>] Mask: None
[06/09/2020 - 07:30:08PM] [metro:gear:conditiondatabase <GasMask_Gear (1B00F3FE)>] DamageStage: 0
[06/09/2020 - 07:30:08PM] [metro:gear:conditiondatabase <GasMask_Gear (1B00F3FE)>] DamageStageName: 0
[06/09/2020 - 07:30:08PM] [metro:gear:conditiondatabase <GasMask_Gear (1B00F3FE)>] Percentage: 0
[06/09/2020 - 07:30:08PM] [metro:gear:conditiondatabase <GasMask_Gear (1B00F3FE)>]  
[06/09/2020 - 07:31:19PM] [metro:gear:conditiondatabase <GasMask_Gear (1B00F3FE)>] Mask: None
[06/09/2020 - 07:31:19PM] [metro:gear:conditiondatabase <GasMask_Gear (1B00F3FE)>] DamageStage: 0
[06/09/2020 - 07:31:19PM] [metro:gear:conditiondatabase <GasMask_Gear (1B00F3FE)>] DamageStageName: 0
[06/09/2020 - 07:31:19PM] [metro:gear:conditiondatabase <GasMask_Gear (1B00F3FE)>] Percentage: 0
[06/09/2020 - 07:31:19PM] [metro:gear:conditiondatabase <GasMask_Gear (1B00F3FE)>]  
[06/09/2020 - 07:31:19PM] [metro:gear:conditiondatabase <GasMask_Gear (1B00F3FE)>] Mask: None
[06/09/2020 - 07:31:19PM] [metro:gear:conditiondatabase <GasMask_Gear (1B00F3FE)>] DamageStage: 0
[06/09/2020 - 07:31:19PM] [metro:gear:conditiondatabase <GasMask_Gear (1B00F3FE)>] DamageStageName: 0
[06/09/2020 - 07:31:19PM] [metro:gear:conditiondatabase <GasMask_Gear (1B00F3FE)>] Percentage: 0
[06/09/2020 - 07:31:19PM] [metro:gear:conditiondatabase <GasMask_Gear (1B00F3FE)>]  
[06/09/2020 - 07:31:20PM] [metro:gear:conditiondatabase <GasMask_Gear (1B00F3FE)>] Mask: None
[06/09/2020 - 07:31:20PM] [metro:gear:conditiondatabase <GasMask_Gear (1B00F3FE)>] DamageStage: 0
[06/09/2020 - 07:31:20PM] [metro:gear:conditiondatabase <GasMask_Gear (1B00F3FE)>] DamageStageName: 0
[06/09/2020 - 07:31:20PM] [metro:gear:conditiondatabase <GasMask_Gear (1B00F3FE)>] Percentage: 0
[06/09/2020 - 07:31:20PM] [metro:gear:conditiondatabase <GasMask_Gear (1B00F3FE)>]  
[06/09/2020 - 07:31:20PM] [metro:gear:conditiondatabase <GasMask_Gear (1B00F3FE)>] Mask: None
[06/09/2020 - 07:31:20PM] [metro:gear:conditiondatabase <GasMask_Gear (1B00F3FE)>] DamageStage: 0
[06/09/2020 - 07:31:20PM] [metro:gear:conditiondatabase <GasMask_Gear (1B00F3FE)>] DamageStageName: 0
[06/09/2020 - 07:31:20PM] [metro:gear:conditiondatabase <GasMask_Gear (1B00F3FE)>] Percentage: 0
[06/09/2020 - 07:31:20PM] [metro:gear:conditiondatabase <GasMask_Gear (1B00F3FE)>]  
[06/09/2020 - 07:31:21PM] [metro:gear:conditiondatabase <GasMask_Gear (1B00F3FE)>] Mask: None
[06/09/2020 - 07:31:21PM] [metro:gear:conditiondatabase <GasMask_Gear (1B00F3FE)>] DamageStage: 0
[06/09/2020 - 07:31:21PM] [metro:gear:conditiondatabase <GasMask_Gear (1B00F3FE)>] DamageStageName: 0
[06/09/2020 - 07:31:21PM] [metro:gear:conditiondatabase <GasMask_Gear (1B00F3FE)>] Percentage: 0
[06/09/2020 - 07:31:21PM] [metro:gear:conditiondatabase <GasMask_Gear (1B00F3FE)>]  
[06/09/2020 - 07:31:21PM] [metro:gear:conditiondatabase <GasMask_Gear (1B00F3FE)>] Mask: None
[06/09/2020 - 07:31:21PM] [metro:gear:conditiondatabase <GasMask_Gear (1B00F3FE)>] DamageStage: 0
[06/09/2020 - 07:31:21PM] [metro:gear:conditiondatabase <GasMask_Gear (1B00F3FE)>] DamageStageName: 0
[06/09/2020 - 07:31:21PM] [metro:gear:conditiondatabase <GasMask_Gear (1B00F3FE)>] Percentage: 0
[06/09/2020 - 07:31:21PM] [metro:gear:conditiondatabase <GasMask_Gear (1B00F3FE)>]  
[06/09/2020 - 07:31:27PM] [metro:gear:conditiondatabase <GasMask_Gear (1B00F3FE)>] Mask: None
[06/09/2020 - 07:31:27PM] [metro:gear:conditiondatabase <GasMask_Gear (1B00F3FE)>] DamageStage: 0
[06/09/2020 - 07:31:27PM] [metro:gear:conditiondatabase <GasMask_Gear (1B00F3FE)>] DamageStageName: 0
[06/09/2020 - 07:31:27PM] [metro:gear:conditiondatabase <GasMask_Gear (1B00F3FE)>] Percentage: 0
[06/09/2020 - 07:31:27PM] [metro:gear:conditiondatabase <GasMask_Gear (1B00F3FE)>]  
[06/09/2020 - 07:31:28PM] [metro:gear:conditiondatabase <GasMask_Gear (1B00F3FE)>] Mask: None
[06/09/2020 - 07:31:28PM] [metro:gear:conditiondatabase <GasMask_Gear (1B00F3FE)>] DamageStage: 0
[06/09/2020 - 07:31:28PM] [metro:gear:conditiondatabase <GasMask_Gear (1B00F3FE)>] DamageStageName: 0
[06/09/2020 - 07:31:28PM] [metro:gear:conditiondatabase <GasMask_Gear (1B00F3FE)>] Percentage: 0
[06/09/2020 - 07:31:28PM] [metro:gear:conditiondatabase <GasMask_Gear (1B00F3FE)>]  
[06/09/2020 - 07:31:28PM] [metro:gear:conditiondatabase <GasMask_Gear (1B00F3FE)>] Mask: None
[06/09/2020 - 07:31:28PM] [metro:gear:conditiondatabase <GasMask_Gear (1B00F3FE)>] DamageStage: 0
[06/09/2020 - 07:31:28PM] [metro:gear:conditiondatabase <GasMask_Gear (1B00F3FE)>] DamageStageName: 0
[06/09/2020 - 07:31:28PM] [metro:gear:conditiondatabase <GasMask_Gear (1B00F3FE)>] Percentage: 0
[06/09/2020 - 07:31:28PM] [metro:gear:conditiondatabase <GasMask_Gear (1B00F3FE)>]  
[06/09/2020 - 07:31:29PM] [metro:gear:conditiondatabase <GasMask_Gear (1B00F3FE)>] Mask: None
[06/09/2020 - 07:31:29PM] [metro:gear:conditiondatabase <GasMask_Gear (1B00F3FE)>] DamageStage: 0
[06/09/2020 - 07:31:29PM] [metro:gear:conditiondatabase <GasMask_Gear (1B00F3FE)>] DamageStageName: 0
[06/09/2020 - 07:31:29PM] [metro:gear:conditiondatabase <GasMask_Gear (1B00F3FE)>] Percentage: 0
[06/09/2020 - 07:31:29PM] [metro:gear:conditiondatabase <GasMask_Gear (1B00F3FE)>]  
[06/09/2020 - 07:31:29PM] [metro:gear:conditiondatabase <GasMask_Gear (1B00F3FE)>] Mask: None
[06/09/2020 - 07:31:29PM] [metro:gear:conditiondatabase <GasMask_Gear (1B00F3FE)>] DamageStage: 0
[06/09/2020 - 07:31:29PM] [metro:gear:conditiondatabase <GasMask_Gear (1B00F3FE)>] DamageStageName: 0
[06/09/2020 - 07:31:29PM] [metro:gear:conditiondatabase <GasMask_Gear (1B00F3FE)>] Percentage: 0
[06/09/2020 - 07:31:29PM] [metro:gear:conditiondatabase <GasMask_Gear (1B00F3FE)>]  
[06/09/2020 - 07:31:30PM] [metro:gear:conditiondatabase <GasMask_Gear (1B00F3FE)>] Mask: None
[06/09/2020 - 07:31:30PM] [metro:gear:conditiondatabase <GasMask_Gear (1B00F3FE)>] DamageStage: 0
[06/09/2020 - 07:31:30PM] [metro:gear:conditiondatabase <GasMask_Gear (1B00F3FE)>] DamageStageName: 0
[06/09/2020 - 07:31:30PM] [metro:gear:conditiondatabase <GasMask_Gear (1B00F3FE)>] Percentage: 0
[06/09/2020 - 07:31:30PM] [metro:gear:conditiondatabase <GasMask_Gear (1B00F3FE)>]  
[06/09/2020 - 07:31:30PM] [metro:gear:conditiondatabase <GasMask_Gear (1B00F3FE)>] Mask: None
[06/09/2020 - 07:31:30PM] [metro:gear:conditiondatabase <GasMask_Gear (1B00F3FE)>] DamageStage: 0
[06/09/2020 - 07:31:30PM] [metro:gear:conditiondatabase <GasMask_Gear (1B00F3FE)>] DamageStageName: 0
[06/09/2020 - 07:31:30PM] [metro:gear:conditiondatabase <GasMask_Gear (1B00F3FE)>] Percentage: 0
[06/09/2020 - 07:31:30PM] [metro:gear:conditiondatabase <GasMask_Gear (1B00F3FE)>]  
[06/09/2020 - 07:31:31PM] [metro:gear:conditiondatabase <GasMask_Gear (1B00F3FE)>] Mask: None
[06/09/2020 - 07:31:31PM] [metro:gear:conditiondatabase <GasMask_Gear (1B00F3FE)>] DamageStage: 0
[06/09/2020 - 07:31:31PM] [metro:gear:conditiondatabase <GasMask_Gear (1B00F3FE)>] DamageStageName: 0
[06/09/2020 - 07:31:31PM] [metro:gear:conditiondatabase <GasMask_Gear (1B00F3FE)>] Percentage: 0
[06/09/2020 - 07:31:31PM] [metro:gear:conditiondatabase <GasMask_Gear (1B00F3FE)>]  
[06/09/2020 - 07:31:31PM] [metro:gear:conditiondatabase <GasMask_Gear (1B00F3FE)>] Mask: None
[06/09/2020 - 07:31:31PM] [metro:gear:conditiondatabase <GasMask_Gear (1B00F3FE)>] DamageStage: 0
[06/09/2020 - 07:31:31PM] [metro:gear:conditiondatabase <GasMask_Gear (1B00F3FE)>] DamageStageName: 0
[06/09/2020 - 07:31:31PM] [metro:gear:conditiondatabase <GasMask_Gear (1B00F3FE)>] Percentage: 0
[06/09/2020 - 07:31:31PM] [metro:gear:conditiondatabase <GasMask_Gear (1B00F3FE)>]  
[06/09/2020 - 07:31:32PM] [metro:gear:conditiondatabase <GasMask_Gear (1B00F3FE)>] Mask: None
[06/09/2020 - 07:31:32PM] [metro:gear:conditiondatabase <GasMask_Gear (1B00F3FE)>] DamageStage: 0
[06/09/2020 - 07:31:32PM] [metro:gear:conditiondatabase <GasMask_Gear (1B00F3FE)>] DamageStageName: 0
[06/09/2020 - 07:31:32PM] [metro:gear:conditiondatabase <GasMask_Gear (1B00F3FE)>] Percentage: 0
[06/09/2020 - 07:31:32PM] [metro:gear:conditiondatabase <GasMask_Gear (1B00F3FE)>]  
[06/09/2020 - 07:31:32PM] [metro:gear:conditiondatabase <GasMask_Gear (1B00F3FE)>] Mask: None
[06/09/2020 - 07:31:32PM] [metro:gear:conditiondatabase <GasMask_Gear (1B00F3FE)>] DamageStage: -1
[06/09/2020 - 07:31:32PM] [metro:gear:conditiondatabase <GasMask_Gear (1B00F3FE)>] DamageStageName: -1
[06/09/2020 - 07:31:32PM] [metro:gear:conditiondatabase <GasMask_Gear (1B00F3FE)>] Percentage: 98
[06/09/2020 - 07:31:32PM] [metro:gear:conditiondatabase <GasMask_Gear (1B00F3FE)>]  
[06/09/2020 - 07:31:33PM] [metro:gear:conditiondatabase <GasMask_Gear (1B00F3FE)>] Mask: None
[06/09/2020 - 07:31:33PM] [metro:gear:conditiondatabase <GasMask_Gear (1B00F3FE)>] DamageStage: -1
[06/09/2020 - 07:31:33PM] [metro:gear:conditiondatabase <GasMask_Gear (1B00F3FE)>] DamageStageName: -1
[06/09/2020 - 07:31:33PM] [metro:gear:conditiondatabase <GasMask_Gear (1B00F3FE)>] Percentage: 97
[06/09/2020 - 07:31:33PM] [metro:gear:conditiondatabase <GasMask_Gear (1B00F3FE)>]  
[06/09/2020 - 07:31:33PM] [metro:gear:conditiondatabase <GasMask_Gear (1B00F3FE)>] Mask: None
[06/09/2020 - 07:31:33PM] [metro:gear:conditiondatabase <GasMask_Gear (1B00F3FE)>] DamageStage: -1
[06/09/2020 - 07:31:33PM] [metro:gear:conditiondatabase <GasMask_Gear (1B00F3FE)>] DamageStageName: -1
[06/09/2020 - 07:31:33PM] [metro:gear:conditiondatabase <GasMask_Gear (1B00F3FE)>] Percentage: 96
[06/09/2020 - 07:31:33PM] [metro:gear:conditiondatabase <GasMask_Gear (1B00F3FE)>]  
[06/09/2020 - 07:31:33PM] [metro:gear:conditiondatabase <GasMask_Gear (1B00F3FE)>] Mask: None
[06/09/2020 - 07:31:33PM] [metro:gear:conditiondatabase <GasMask_Gear (1B00F3FE)>] DamageStage: -1
[06/09/2020 - 07:31:33PM] [metro:gear:conditiondatabase <GasMask_Gear (1B00F3FE)>] DamageStageName: -1
[06/09/2020 - 07:31:33PM] [metro:gear:conditiondatabase <GasMask_Gear (1B00F3FE)>] Percentage: 95
[06/09/2020 - 07:31:33PM] [metro:gear:conditiondatabase <GasMask_Gear (1B00F3FE)>]  
[06/09/2020 - 07:31:34PM] [metro:gear:conditiondatabase <GasMask_Gear (1B00F3FE)>] Mask: None
[06/09/2020 - 07:31:34PM] [metro:gear:conditiondatabase <GasMask_Gear (1B00F3FE)>] DamageStage: -1
[06/09/2020 - 07:31:34PM] [metro:gear:conditiondatabase <GasMask_Gear (1B00F3FE)>] DamageStageName: -1
[06/09/2020 - 07:31:34PM] [metro:gear:conditiondatabase <GasMask_Gear (1B00F3FE)>] Percentage: 94
[06/09/2020 - 07:31:34PM] [metro:gear:conditiondatabase <GasMask_Gear (1B00F3FE)>]  
[06/09/2020 - 07:31:34PM] [metro:gear:conditiondatabase <GasMask_Gear (1B00F3FE)>] Mask: None
[06/09/2020 - 07:31:34PM] [metro:gear:conditiondatabase <GasMask_Gear (1B00F3FE)>] DamageStage: -1
[06/09/2020 - 07:31:34PM] [metro:gear:conditiondatabase <GasMask_Gear (1B00F3FE)>] DamageStageName: -1
[06/09/2020 - 07:31:34PM] [metro:gear:conditiondatabase <GasMask_Gear (1B00F3FE)>] Percentage: 93
[06/09/2020 - 07:31:34PM] [metro:gear:conditiondatabase <GasMask_Gear (1B00F3FE)>]  
[06/09/2020 - 07:31:34PM] [metro:gear:conditiondatabase <GasMask_Gear (1B00F3FE)>] Mask: None
[06/09/2020 - 07:31:34PM] [metro:gear:conditiondatabase <GasMask_Gear (1B00F3FE)>] DamageStage: -1
[06/09/2020 - 07:31:34PM] [metro:gear:conditiondatabase <GasMask_Gear (1B00F3FE)>] DamageStageName: -1
[06/09/2020 - 07:31:34PM] [metro:gear:conditiondatabase <GasMask_Gear (1B00F3FE)>] Percentage: 92
[06/09/2020 - 07:31:34PM] [metro:gear:conditiondatabase <GasMask_Gear (1B00F3FE)>]  
[06/09/2020 - 07:31:35PM] [metro:gear:conditiondatabase <GasMask_Gear (1B00F3FE)>] Mask: None
[06/09/2020 - 07:31:35PM] [metro:gear:conditiondatabase <GasMask_Gear (1B00F3FE)>] DamageStage: -1
[06/09/2020 - 07:31:35PM] [metro:gear:conditiondatabase <GasMask_Gear (1B00F3FE)>] DamageStageName: -1
[06/09/2020 - 07:31:35PM] [metro:gear:conditiondatabase <GasMask_Gear (1B00F3FE)>] Percentage: 91
[06/09/2020 - 07:31:35PM] [metro:gear:conditiondatabase <GasMask_Gear (1B00F3FE)>]  
[06/09/2020 - 07:31:35PM] [metro:gear:conditiondatabase <GasMask_Gear (1B00F3FE)>] Mask: None
[06/09/2020 - 07:31:35PM] [metro:gear:conditiondatabase <GasMask_Gear (1B00F3FE)>] DamageStage: -1
[06/09/2020 - 07:31:35PM] [metro:gear:conditiondatabase <GasMask_Gear (1B00F3FE)>] DamageStageName: -1
[06/09/2020 - 07:31:35PM] [metro:gear:conditiondatabase <GasMask_Gear (1B00F3FE)>] Percentage: 90
[06/09/2020 - 07:31:35PM] [metro:gear:conditiondatabase <GasMask_Gear (1B00F3FE)>]  
[06/09/2020 - 07:31:35PM] [metro:gear:conditiondatabase <GasMask_Gear (1B00F3FE)>] Mask: None
[06/09/2020 - 07:31:35PM] [metro:gear:conditiondatabase <GasMask_Gear (1B00F3FE)>] DamageStage: -1
[06/09/2020 - 07:31:35PM] [metro:gear:conditiondatabase <GasMask_Gear (1B00F3FE)>] DamageStageName: -1
[06/09/2020 - 07:31:35PM] [metro:gear:conditiondatabase <GasMask_Gear (1B00F3FE)>] Percentage: 89
[06/09/2020 - 07:31:35PM] [metro:gear:conditiondatabase <GasMask_Gear (1B00F3FE)>]  
[06/09/2020 - 07:31:36PM] [metro:gear:conditiondatabase <GasMask_Gear (1B00F3FE)>] Mask: None
[06/09/2020 - 07:31:36PM] [metro:gear:conditiondatabase <GasMask_Gear (1B00F3FE)>] DamageStage: -1
[06/09/2020 - 07:31:36PM] [metro:gear:conditiondatabase <GasMask_Gear (1B00F3FE)>] DamageStageName: -1
[06/09/2020 - 07:31:36PM] [metro:gear:conditiondatabase <GasMask_Gear (1B00F3FE)>] Percentage: 88
[06/09/2020 - 07:31:36PM] [metro:gear:conditiondatabase <GasMask_Gear (1B00F3FE)>]  
[06/09/2020 - 07:31:36PM] [metro:gear:conditiondatabase <GasMask_Gear (1B00F3FE)>] Mask: None
[06/09/2020 - 07:31:36PM] [metro:gear:conditiondatabase <GasMask_Gear (1B00F3FE)>] DamageStage: -1
[06/09/2020 - 07:31:36PM] [metro:gear:conditiondatabase <GasMask_Gear (1B00F3FE)>] DamageStageName: -1
[06/09/2020 - 07:31:36PM] [metro:gear:conditiondatabase <GasMask_Gear (1B00F3FE)>] Percentage: 87
[06/09/2020 - 07:31:36PM] [metro:gear:conditiondatabase <GasMask_Gear (1B00F3FE)>]  
[06/09/2020 - 07:31:36PM] [metro:gear:conditiondatabase <GasMask_Gear (1B00F3FE)>] Mask: None
[06/09/2020 - 07:31:36PM] [metro:gear:conditiondatabase <GasMask_Gear (1B00F3FE)>] DamageStage: -1
[06/09/2020 - 07:31:36PM] [metro:gear:conditiondatabase <GasMask_Gear (1B00F3FE)>] DamageStageName: -1
[06/09/2020 - 07:31:36PM] [metro:gear:conditiondatabase <GasMask_Gear (1B00F3FE)>] Percentage: 86
[06/09/2020 - 07:31:36PM] [metro:gear:conditiondatabase <GasMask_Gear (1B00F3FE)>]  
[06/09/2020 - 07:31:37PM] [metro:gear:conditiondatabase <GasMask_Gear (1B00F3FE)>] Mask: None
[06/09/2020 - 07:31:37PM] [metro:gear:conditiondatabase <GasMask_Gear (1B00F3FE)>] DamageStage: -1
[06/09/2020 - 07:31:37PM] [metro:gear:conditiondatabase <GasMask_Gear (1B00F3FE)>] DamageStageName: -1
[06/09/2020 - 07:31:37PM] [metro:gear:conditiondatabase <GasMask_Gear (1B00F3FE)>] Percentage: 85
[06/09/2020 - 07:31:37PM] [metro:gear:conditiondatabase <GasMask_Gear (1B00F3FE)>]  
[06/09/2020 - 07:31:37PM] [metro:gear:conditiondatabase <GasMask_Gear (1B00F3FE)>] Mask: None
[06/09/2020 - 07:31:37PM] [metro:gear:conditiondatabase <GasMask_Gear (1B00F3FE)>] DamageStage: -1
[06/09/2020 - 07:31:37PM] [metro:gear:conditiondatabase <GasMask_Gear (1B00F3FE)>] DamageStageName: -1
[06/09/2020 - 07:31:37PM] [metro:gear:conditiondatabase <GasMask_Gear (1B00F3FE)>] Percentage: 84
[06/09/2020 - 07:31:37PM] [metro:gear:conditiondatabase <GasMask_Gear (1B00F3FE)>]  
[06/09/2020 - 07:31:53PM] Log closed
