[04/24/2020 - 10:23:16AM] NPC log opened (PC-64)
[04/24/2020 - 10:23:16AM] [Metro:NPC:CloakApply <Active effect 5 on  (3B00EFC0)>] Added the spell '[SPELL < (28006389)>]' to '[workshopnpcscript < (3B00EFC0)>]'.
[04/24/2020 - 10:23:21AM] [Metro:NPC:CloakApply <Active effect 5 on  (3B00EFC0)>] Added the spell '[SPELL < (28006389)>]' to '[workshopnpcscript < (3B00EFC0)>]'.
[04/24/2020 - 10:23:27AM] [Metro:NPC:CloakApply <Active effect 5 on  (0001A4D8)>] Added the spell '[SPELL < (28006389)>]' to '[workshopnpcscript < (0001A4D8)>]'.
[04/24/2020 - 10:23:55AM] [Metro:NPC:CloakApply <Active effect 4 on  (3B01FBCC)>] Added the spell '[SPELL < (28006389)>]' to '[workshopnpcscript < (3B01FBCC)>]'.
[04/24/2020 - 10:23:56AM] [Metro:NPC:CloakApply <Active effect 5 on  (0001A4DA)>] Added the spell '[SPELL < (28006389)>]' to '[workshopnpcscript < (0001A4DA)>]'.
[04/24/2020 - 10:23:58AM] [Metro:NPC:CloakApply <Active effect 5 on  (0001A4DB)>] Added the spell '[SPELL < (28006389)>]' to '[workshopnpcscript < (0001A4DB)>]'.
[04/24/2020 - 10:23:59AM] [Metro:NPC:CloakApply <Active effect 5 on  (000DC939)>] Added the spell '[SPELL < (28006389)>]' to '[Actor < (000DC939)>]'.
[04/24/2020 - 10:24:27AM] [Metro:NPC:CloakApply <Active effect 5 on  (0001A4D7)>] Added the spell '[SPELL < (28006389)>]' to '[CompanionCrimeFactionHostilityScript < (0001A4D7)>]'.
[04/24/2020 - 10:24:39AM] [Metro:NPC:CloakApply <Active effect 5 on  (0001A4D9)>] Added the spell '[SPELL < (28006389)>]' to '[workshopnpcscript < (0001A4D9)>]'.
[04/24/2020 - 10:24:56AM] [Metro:NPC:CloakApply <Active effect 5 on  (3B00EFC0)>] Added the spell '[SPELL < (28006389)>]' to '[workshopnpcscript < (3B00EFC0)>]'.
[04/24/2020 - 10:26:29AM] [Metro:NPC:CloakApply <Active effect 5 on  (0001A4D9)>] Added the spell '[SPELL < (28006389)>]' to '[workshopnpcscript < (0001A4D9)>]'.
[04/24/2020 - 10:32:31AM] [Metro:NPC:CloakApply <Active effect 5 on  (0001A4D9)>] Added the spell '[SPELL < (28006389)>]' to '[workshopnpcscript < (0001A4D9)>]'.
[04/24/2020 - 10:35:28AM] [Metro:NPC:CloakApply <Active effect 5 on  (0001A4D9)>] Added the spell '[SPELL < (28006389)>]' to '[workshopnpcscript < (0001A4D9)>]'.
[04/24/2020 - 10:35:53AM] [Metro:NPC:CloakApply <Active effect 5 on  (0001A4D9)>] Added the spell '[SPELL < (28006389)>]' to '[workshopnpcscript < (0001A4D9)>]'.
[04/24/2020 - 10:40:06AM] [Metro:NPC:CloakApply <Active effect 5 on  (0001A4D8)>] Added the spell '[SPELL < (28006389)>]' to '[workshopnpcscript < (0001A4D8)>]'.
[04/24/2020 - 10:40:16AM] [Metro:NPC:CloakApply <Active effect 5 on  (0001A4DB)>] Added the spell '[SPELL < (28006389)>]' to '[workshopnpcscript < (0001A4DB)>]'.
[04/24/2020 - 10:40:34AM] [Metro:NPC:CloakApply <Active effect 5 on  (0001A4D8)>] Added the spell '[SPELL < (28006389)>]' to '[workshopnpcscript < (0001A4D8)>]'.
[04/24/2020 - 10:40:54AM] [Metro:NPC:CloakApply <Active effect 4 on  (3B01FBCC)>] Added the spell '[SPELL < (28006389)>]' to '[workshopnpcscript < (3B01FBCC)>]'.
[04/24/2020 - 01:18:49PM] [Metro:NPC:CloakApply <Active effect 5 on  (0001A4D9)>] Added the spell '[SPELL < (28006389)>]' to '[workshopnpcscript < (0001A4D9)>]'.
[04/24/2020 - 01:35:22PM] [Metro:NPC:CloakApply <Active effect 4 on  (0001A4D9)>] Added the spell '[SPELL < (28006389)>]' to '[workshopnpcscript < (0001A4D9)>]'.
