[06/10/2020 - 03:51:00PM] NPC log opened (PC-64)
[06/10/2020 - 03:51:00PM] [Metro:NPC:CloakEquip <Active effect 4 on  (48016B36)>] OnDying(akKiller=[Actor < (4800A8FC)>])
[06/10/2020 - 03:51:00PM] [Metro:NPC:CloakEquip <Active effect 4 on  (48016B36)>] Ending the AliveState, new state 
[06/10/2020 - 03:51:15PM] [Metro:NPC:CloakEquip <Active effect 4 on  (480165E9)>] OnDying(akKiller=[Actor < (00000014)>])
[06/10/2020 - 03:51:15PM] [Metro:NPC:CloakEquip <Active effect 4 on  (480165E9)>] Ending the AliveState, new state 
[06/10/2020 - 03:51:15PM] [Metro:NPC:CloakApply <Active effect 2 on  (48013519)>] Added the spell '[SPELL < (1B006389)>]' to '[Actor < (48013519)>]'.
[06/10/2020 - 03:51:17PM] [Metro:NPC:CloakEquip <Active effect 3 on  (47000ACC)>] OnDying(akKiller=[Actor < (00000014)>])
[06/10/2020 - 03:51:17PM] [Metro:NPC:CloakEquip <Active effect 3 on  (47000ACC)>] Ending the AliveState, new state 
[06/10/2020 - 03:51:59PM] [Metro:NPC:CloakEquip <Active effect 3 on  (480165EA)>] OnDying(akKiller=[Actor < (00000014)>])
[06/10/2020 - 03:51:59PM] [Metro:NPC:CloakEquip <Active effect 3 on  (480165EA)>] Ending the AliveState, new state 
[06/10/2020 - 03:52:02PM] [Metro:NPC:CloakApply <Active effect 2 on  (FF00BA5A)>] Added the spell '[SPELL < (1B006389)>]' to '[workshopnpcscript < (FF00BA5A)>]'.
[06/10/2020 - 03:52:04PM] [Metro:NPC:CloakApply <Active effect 3 on  (48016B38)>] Added the spell '[SPELL < (1B006389)>]' to '[Actor < (48016B38)>]'.
[06/10/2020 - 03:52:04PM] [Metro:NPC:CloakEquip <Active effect 4 on  (48016B38)>] OnEffectStart(akTarget=[Actor < (48016B38)>], akCaster=[Actor < (48016B38)>])
[06/10/2020 - 03:52:04PM] [Metro:NPC:CloakApply <Active effect 2 on  (48013519)>] Added the spell '[SPELL < (1B006389)>]' to '[Actor < (48013519)>]'.
[06/10/2020 - 03:52:04PM] [Metro:NPC:CloakEquip <Active effect 4 on  (48016B38)>] Entering the AliveState state from 
[06/10/2020 - 03:52:04PM] [Metro:NPC:CloakEquip <Active effect 4 on  (48016B38)>] OnTimer(aiTimerID=0)
[06/10/2020 - 03:54:15PM] [Metro:NPC:CloakApply <Active effect 3 on  (FF034CB1)>] Added the spell '[SPELL < (1B006389)>]' to '[Actor < (FF034CB1)>]'.
[06/10/2020 - 03:54:58PM] [Metro:NPC:CloakEquip <Active effect 3 on  (000BD599)>] OnDying(akKiller=[Actor < (00000014)>])
[06/10/2020 - 03:54:58PM] [Metro:NPC:CloakEquip <Active effect 3 on  (000BD599)>] Ending the AliveState, new state 
[06/10/2020 - 03:55:17PM] Log closed
