[04/24/2020 - 07:57:50PM] NPC log opened (PC-64)
[04/24/2020 - 07:57:50PM] [Metro:NPC:CloakApply <Active effect 5 on  (0001A4D9)>] Added the spell '[SPELL < (28006389)>]' to '[workshopnpcscript < (0001A4D9)>]'.
[04/24/2020 - 07:58:08PM] [Metro:NPC:CloakApply <Active effect 5 on  (3B00EFC0)>] Added the spell '[SPELL < (28006389)>]' to '[workshopnpcscript < (3B00EFC0)>]'.
[04/24/2020 - 08:00:10PM] [Metro:NPC:CloakApply <Active effect 5 on  (0001A4D7)>] Added the spell '[SPELL < (28006389)>]' to '[companionactorscript < (0001A4D7)>]'.
[04/24/2020 - 08:00:17PM] [Metro:NPC:CloakApply <Active effect 5 on  (0001A4DA)>] Added the spell '[SPELL < (28006389)>]' to '[workshopnpcscript < (0001A4DA)>]'.
[04/24/2020 - 08:01:17PM] [Metro:NPC:CloakApply <Active effect 5 on  (0001A4DB)>] Added the spell '[SPELL < (28006389)>]' to '[workshopnpcscript < (0001A4DB)>]'.
[04/24/2020 - 08:01:23PM] [Metro:NPC:CloakApply <Active effect 5 on  (0001A4D7)>] Added the spell '[SPELL < (28006389)>]' to '[companionactorscript < (0001A4D7)>]'.
[04/24/2020 - 08:01:32PM] [Metro:NPC:CloakApply <Active effect 5 on  (0001A4DA)>] Added the spell '[SPELL < (28006389)>]' to '[workshopnpcscript < (0001A4DA)>]'.
[04/24/2020 - 08:01:40PM] [Metro:NPC:CloakApply <Active effect 4 on  (000DC939)>] Added the spell '[SPELL < (28006389)>]' to '[Actor < (000DC939)>]'.
[04/24/2020 - 08:01:53PM] [Metro:NPC:CloakApply <Active effect 3 on  (370127E9)>] Added the spell '[SPELL < (28006389)>]' to '[Actor < (370127E9)>]'.
[04/24/2020 - 08:01:53PM] [Metro:NPC:CloakApply <Active effect 4 on  (370127E8)>] Added the spell '[SPELL < (28006389)>]' to '[Actor < (370127E8)>]'.
[04/24/2020 - 08:02:17PM] [Metro:NPC:CloakApply <Active effect 4 on  (3B01FBCC)>] Added the spell '[SPELL < (28006389)>]' to '[workshopnpcscript < (3B01FBCC)>]'.
[04/24/2020 - 08:02:17PM] [Metro:NPC:CloakApply <Active effect 1 on  (3700A9FF)>] Added the spell '[SPELL < (28006389)>]' to '[Actor < (3700A9FF)>]'.
[04/24/2020 - 08:02:19PM] [Metro:NPC:CloakApply <Active effect 5 on  (3B00EFC0)>] Added the spell '[SPELL < (28006389)>]' to '[workshopnpcscript < (3B00EFC0)>]'.
[04/24/2020 - 08:02:36PM] [Metro:NPC:CloakEquip <Active effect 1 on  (0001A4D7)>] CloakEquip: OnWeatherChanged - Re-evaluating WeatherOnly
[04/24/2020 - 08:02:36PM] [Metro:NPC:CloakEquip <Active effect 1 on  (0001A4DB)>] CloakEquip: OnWeatherChanged - Re-evaluating WeatherOnly
[04/24/2020 - 08:02:36PM] [Metro:NPC:CloakEquip <Active effect 1 on  (3A00EFC0)>] CloakEquip: OnWeatherChanged - Re-evaluating WeatherOnly
[04/24/2020 - 08:02:36PM] [Metro:NPC:CloakEquip <Active effect 1 on  (0001A4D8)>] CloakEquip: OnWeatherChanged - Re-evaluating WeatherOnly
[04/24/2020 - 08:02:36PM] [Metro:NPC:CloakEquip <Active effect 1 on  (0001A4DA)>] CloakEquip: OnWeatherChanged - Re-evaluating WeatherOnly
[04/24/2020 - 08:02:36PM] [Metro:NPC:CloakEquip <Active effect 1 on  (0001A4D9)>] CloakEquip: OnWeatherChanged - Re-evaluating WeatherOnly
[04/24/2020 - 08:02:37PM] [Metro:NPC:CloakEquip <Active effect 1 on  (0001A4D7)>] CloakEquip: Player OnLocationChanged
[04/24/2020 - 08:02:37PM] [Metro:NPC:CloakEquip <Active effect 1 on  (0001A4DB)>] CloakEquip: Player OnLocationChanged
[04/24/2020 - 08:02:37PM] [Metro:NPC:CloakEquip <Active effect 1 on  (3A00EFC0)>] CloakEquip: Player OnLocationChanged
[04/24/2020 - 08:02:37PM] [Metro:NPC:CloakEquip <Active effect 1 on  (0001A4D9)>] CloakEquip: Player OnLocationChanged
[04/24/2020 - 08:02:37PM] [Metro:NPC:CloakEquip <Active effect 1 on  (0001A4DA)>] CloakEquip: Player OnLocationChanged
[04/24/2020 - 08:02:37PM] [Metro:NPC:CloakEquip <Active effect 1 on  (0001A4D8)>] CloakEquip: Player OnLocationChanged
[04/24/2020 - 08:02:37PM] [Metro:NPC:CloakEquip <Active effect 1 on  (0001A4D9)>] Equip()...
[04/24/2020 - 08:02:37PM] [Metro:NPC:CloakEquip <Active effect 1 on  (0001A4D8)>] Equip()...
[04/24/2020 - 08:02:37PM] [Metro:NPC:CloakEquip <Active effect 1 on  (3A00EFC0)>] Equip()...
[04/24/2020 - 08:02:37PM] [Metro:NPC:CloakEquip <Active effect 1 on  (0001A4DB)>] Equip()...
[04/24/2020 - 08:02:37PM] [Metro:NPC:CloakEquip <Active effect 1 on  (0001A4DA)>] Equip()...
[04/24/2020 - 08:02:37PM] [Metro:NPC:CloakEquip <Active effect 1 on  (0001A4D7)>] Equip()...
[04/24/2020 - 08:02:41PM] [Metro:NPC:CloakEquip <Active effect 1 on  (0001A4D7)>] OnTimer(aiTimerID=0)
[04/24/2020 - 08:02:41PM] [Metro:NPC:CloakEquip <Active effect 1 on  (0001A4D9)>] OnTimer(aiTimerID=0)
[04/24/2020 - 08:02:41PM] [Metro:NPC:CloakEquip <Active effect 1 on  (0001A4D8)>] OnTimer(aiTimerID=0)
[04/24/2020 - 08:02:42PM] [Metro:NPC:CloakEquip <Active effect 1 on  (0001A4DB)>] OnTimer(aiTimerID=0)
[04/24/2020 - 08:02:42PM] [Metro:NPC:CloakEquip <Active effect 1 on  (0001A4DA)>] OnTimer(aiTimerID=0)
[04/24/2020 - 08:02:42PM] [Metro:NPC:CloakEquip <Active effect 1 on  (3A00EFC0)>] OnTimer(aiTimerID=0)
[04/24/2020 - 08:02:42PM] [Metro:NPC:CloakEquip <Active effect 1 on  (0001A4D7)>] Equip()...
[04/24/2020 - 08:02:42PM] [Metro:NPC:CloakEquip <Active effect 1 on  (0001A4D9)>] Equip()...
[04/24/2020 - 08:02:42PM] [Metro:NPC:CloakEquip <Active effect 1 on  (0001A4D8)>] Equip()...
[04/24/2020 - 08:02:42PM] [Metro:NPC:CloakEquip <Active effect 1 on  (0001A4DB)>] Equip()...
[04/24/2020 - 08:02:42PM] [Metro:NPC:CloakEquip <Active effect 1 on  (0001A4DA)>] Equip()...
[04/24/2020 - 08:02:42PM] [Metro:NPC:CloakEquip <Active effect 1 on  (3A00EFC0)>] Equip()...
[04/24/2020 - 08:02:54PM] [Metro:NPC:CloakApply <Active effect 1 on  (000A1A5A)>] Added the spell '[SPELL < (28006389)>]' to '[Actor < (000A1A5A)>]'.
[04/24/2020 - 08:02:54PM] [Metro:NPC:CloakEquip <Active effect 3 on  (000A1A5A)>] OnEffectStart(akTarget=[Actor < (000A1A5A)>], akCaster=[Actor < (000A1A5A)>])
[04/24/2020 - 08:02:54PM] [Metro:NPC:CloakEquip <Active effect 3 on  (000A1A5A)>] Entering the AliveState state from 
[04/24/2020 - 08:02:54PM] [Metro:NPC:CloakEquip <Active effect 3 on  (000A1A5A)>] OnTimer(aiTimerID=0)
[04/24/2020 - 08:02:55PM] [Metro:NPC:CloakEquip <Active effect 3 on  (000A1A5A)>] Equip()...
[04/24/2020 - 08:02:56PM] [Metro:NPC:CloakEquip <Active effect 3 on  (000A1A5A)>] NPC is Raider
[04/24/2020 - 08:02:56PM] [Metro:NPC:CloakEquip <Active effect 3 on  (000A1A5A)>] OnTimer(aiTimerID=0)
[04/24/2020 - 08:02:56PM] [Metro:NPC:CloakEquip <Active effect 3 on  (000A1A5A)>] Equip()...
[04/24/2020 - 08:02:57PM] [Metro:NPC:CloakEquip <Active effect 3 on  (000A1A5A)>] [Actor < (000A1A5A)>] has the gas mask '[Armor < (2800928E)>]''. IsEquipped==False
[04/24/2020 - 08:07:04PM] [Metro:NPC:CloakApply <Active effect 3 on  (36000B4B)>] Added the spell '[SPELL < (28006389)>]' to '[Actor < (36000B4B)>]'.
[04/24/2020 - 08:09:53PM] [Metro:NPC:CloakEquip <Active effect 1 on  (0001A4D7)>] OnEffectStart(akTarget=[companionactorscript < (0001A4D7)>], akCaster=[companionactorscript < (0001A4D7)>])
[04/24/2020 - 08:09:53PM] [Metro:NPC:CloakEquip <Active effect 1 on  (0001A4D7)>] Entering the AliveState state from 
[04/24/2020 - 08:09:54PM] [Metro:NPC:CloakEquip <Active effect 1 on  (0001A4D7)>] OnTimer(aiTimerID=0)
[04/24/2020 - 08:09:54PM] [Metro:NPC:CloakEquip <Active effect 1 on  (0001A4D7)>] Equip()...
[04/24/2020 - 08:10:08PM] [Metro:NPC:CloakApply <Active effect 3 on  (36000B4B)>] Added the spell '[SPELL < (28006389)>]' to '[Actor < (36000B4B)>]'.
[04/24/2020 - 08:11:03PM] [Metro:NPC:CloakEquip <Active effect 1 on  (0001A4DB)>] CloakEquip: Player OnLocationChanged
[04/24/2020 - 08:11:03PM] [Metro:NPC:CloakEquip <Active effect 1 on  (0001A4D8)>] CloakEquip: Player OnLocationChanged
[04/24/2020 - 08:11:03PM] [Metro:NPC:CloakEquip <Active effect 1 on  (0001A4DA)>] CloakEquip: Player OnLocationChanged
[04/24/2020 - 08:11:03PM] [Metro:NPC:CloakEquip <Active effect 3 on  (000A1A5A)>] CloakEquip: Player OnLocationChanged
[04/24/2020 - 08:11:03PM] [Metro:NPC:CloakEquip <Active effect 1 on  (0001A4D7)>] CloakEquip: Player OnLocationChanged
[04/24/2020 - 08:11:03PM] [Metro:NPC:CloakEquip <Active effect 1 on  (0001A4D9)>] CloakEquip: Player OnLocationChanged
[04/24/2020 - 08:11:03PM] [Metro:NPC:CloakEquip <Active effect 1 on  (3A00EFC0)>] CloakEquip: Player OnLocationChanged
[04/24/2020 - 08:11:03PM] [Metro:NPC:CloakEquip <Active effect 1 on  (0001A4DB)>] Equip()...
[04/24/2020 - 08:11:03PM] [Metro:NPC:CloakEquip <Active effect 1 on  (0001A4D8)>] Equip()...
[04/24/2020 - 08:11:03PM] [Metro:NPC:CloakEquip <Active effect 1 on  (3A00EFC0)>] Equip()...
[04/24/2020 - 08:11:03PM] [Metro:NPC:CloakEquip <Active effect 1 on  (0001A4D9)>] Equip()...
[04/24/2020 - 08:11:03PM] [Metro:NPC:CloakEquip <Active effect 3 on  (000A1A5A)>] Equip()...
[04/24/2020 - 08:11:03PM] [Metro:NPC:CloakEquip <Active effect 1 on  (0001A4DA)>] Equip()...
[04/24/2020 - 08:11:03PM] [Metro:NPC:CloakEquip <Active effect 1 on  (0001A4D7)>] Equip()...
[04/24/2020 - 08:11:06PM] [Metro:NPC:CloakApply <Active effect 4 on  (3B01FBCC)>] Added the spell '[SPELL < (28006389)>]' to '[workshopnpcscript < (3B01FBCC)>]'.
[04/24/2020 - 08:11:24PM] [Metro:NPC:CloakEquip <Active effect 1 on  (0001A4DA)>] CloakEquip: Player OnLocationChanged
[04/24/2020 - 08:11:24PM] [Metro:NPC:CloakEquip <Active effect 1 on  (0001A4D8)>] CloakEquip: Player OnLocationChanged
[04/24/2020 - 08:11:24PM] [Metro:NPC:CloakEquip <Active effect 1 on  (0001A4D7)>] CloakEquip: Player OnLocationChanged
[04/24/2020 - 08:11:24PM] [Metro:NPC:CloakEquip <Active effect 1 on  (0001A4DB)>] CloakEquip: Player OnLocationChanged
[04/24/2020 - 08:11:24PM] [Metro:NPC:CloakEquip <Active effect 1 on  (3A00EFC0)>] CloakEquip: Player OnLocationChanged
[04/24/2020 - 08:11:24PM] [Metro:NPC:CloakEquip <Active effect 1 on  (0001A4D9)>] CloakEquip: Player OnLocationChanged
[04/24/2020 - 08:11:24PM] [Metro:NPC:CloakEquip <Active effect 3 on  (000A1A5A)>] CloakEquip: Player OnLocationChanged
[04/24/2020 - 08:11:25PM] [Metro:NPC:CloakEquip <Active effect 1 on  (0001A4D8)>] Equip()...
[04/24/2020 - 08:11:25PM] [Metro:NPC:CloakEquip <Active effect 3 on  (000A1A5A)>] Equip()...
[04/24/2020 - 08:11:25PM] [Metro:NPC:CloakEquip <Active effect 1 on  (0001A4D9)>] Equip()...
[04/24/2020 - 08:11:25PM] [Metro:NPC:CloakEquip <Active effect 1 on  (0001A4DB)>] Equip()...
[04/24/2020 - 08:11:25PM] [Metro:NPC:CloakEquip <Active effect 1 on  (0001A4D7)>] Equip()...
[04/24/2020 - 08:11:25PM] [Metro:NPC:CloakEquip <Active effect 1 on  (0001A4DA)>] Equip()...
[04/24/2020 - 08:11:25PM] [Metro:NPC:CloakEquip <Active effect 1 on  (3A00EFC0)>] Equip()...
[04/24/2020 - 08:11:59PM] [Metro:NPC:CloakApply <Active effect 3 on  (36000B4B)>] Added the spell '[SPELL < (28006389)>]' to '[Actor < (36000B4B)>]'.
[04/24/2020 - 08:12:07PM] [Metro:NPC:CloakEquip <Active effect 1 on  (0001A4DB)>] CloakEquip: OnWeatherChanged - Re-evaluating WeatherOnly
[04/24/2020 - 08:12:07PM] [Metro:NPC:CloakEquip <Active effect 1 on  (3A00EFC0)>] CloakEquip: OnWeatherChanged - Re-evaluating WeatherOnly
[04/24/2020 - 08:12:07PM] [Metro:NPC:CloakEquip <Active effect 1 on  (0001A4D7)>] CloakEquip: OnWeatherChanged - Re-evaluating WeatherOnly
[04/24/2020 - 08:12:07PM] [Metro:NPC:CloakEquip <Active effect 1 on  (0001A4D8)>] CloakEquip: OnWeatherChanged - Re-evaluating WeatherOnly
[04/24/2020 - 08:12:07PM] [Metro:NPC:CloakEquip <Active effect 1 on  (0001A4DA)>] CloakEquip: OnWeatherChanged - Re-evaluating WeatherOnly
[04/24/2020 - 08:12:07PM] [Metro:NPC:CloakEquip <Active effect 1 on  (0001A4D9)>] CloakEquip: OnWeatherChanged - Re-evaluating WeatherOnly
[04/24/2020 - 08:12:07PM] [Metro:NPC:CloakEquip <Active effect 3 on  (000A1A5A)>] CloakEquip: OnWeatherChanged - Re-evaluating WeatherOnly
[04/24/2020 - 08:12:24PM] [Metro:NPC:CloakApply <Active effect 4 on  (3B01FBCC)>] Added the spell '[SPELL < (28006389)>]' to '[workshopnpcscript < (3B01FBCC)>]'.
[04/24/2020 - 08:12:33PM] [Metro:NPC:CloakApply <Active effect 4 on  (0001A4D7)>] Added the spell '[SPELL < (28006389)>]' to '[companionactorscript < (0001A4D7)>]'.
[04/24/2020 - 08:12:34PM] [Metro:NPC:CloakApply <Active effect 5 on  (3B00EFC0)>] Added the spell '[SPELL < (28006389)>]' to '[workshopnpcscript < (3B00EFC0)>]'.
[04/24/2020 - 08:12:36PM] [Metro:NPC:CloakApply <Active effect 3 on  (370136DB)>] Added the spell '[SPELL < (28006389)>]' to '[MoleratBombFXScript < (370136DB)>]'.
[04/24/2020 - 08:12:42PM] [Metro:NPC:CloakEquip <Active effect 1 on  (0001A4D9)>] CloakEquip: Player OnLocationChanged
[04/24/2020 - 08:12:42PM] [Metro:NPC:CloakEquip <Active effect 1 on  (3A00EFC0)>] CloakEquip: Player OnLocationChanged
[04/24/2020 - 08:12:42PM] [Metro:NPC:CloakEquip <Active effect 1 on  (0001A4DB)>] CloakEquip: Player OnLocationChanged
[04/24/2020 - 08:12:42PM] [Metro:NPC:CloakEquip <Active effect 1 on  (0001A4DA)>] CloakEquip: Player OnLocationChanged
[04/24/2020 - 08:12:42PM] [Metro:NPC:CloakEquip <Active effect 1 on  (0001A4D7)>] CloakEquip: Player OnLocationChanged
[04/24/2020 - 08:12:42PM] [Metro:NPC:CloakEquip <Active effect 1 on  (0001A4D8)>] CloakEquip: Player OnLocationChanged
[04/24/2020 - 08:12:42PM] [Metro:NPC:CloakEquip <Active effect 3 on  (000A1A5A)>] CloakEquip: Player OnLocationChanged
[04/24/2020 - 08:12:42PM] [Metro:NPC:CloakApply <Active effect 5 on  (370136DC)>] Added the spell '[SPELL < (28006389)>]' to '[MoleratBombFXScript < (370136DC)>]'.
[04/24/2020 - 08:12:46PM] [Metro:NPC:CloakApply <Active effect 3 on  (3700AE6C)>] Added the spell '[SPELL < (28006389)>]' to '[Actor < (3700AE6C)>]'.
[04/24/2020 - 08:12:47PM] [Metro:NPC:CloakApply <Active effect 3 on  (3700AE6B)>] Added the spell '[SPELL < (28006389)>]' to '[Actor < (3700AE6B)>]'.
[04/24/2020 - 08:12:51PM] [Metro:NPC:CloakApply <Active effect 3 on  (3700AE68)>] Added the spell '[SPELL < (28006389)>]' to '[SuperMutantBerserkerScript < (3700AE68)>]'.
[04/24/2020 - 08:12:51PM] [Metro:NPC:CloakApply <Active effect 3 on  (3700AE6A)>] Added the spell '[SPELL < (28006389)>]' to '[SuperMutantBerserkerScript < (3700AE6A)>]'.
[04/24/2020 - 08:13:05PM] [Metro:NPC:CloakEquip <Active effect 1 on  (0001A4D7)>] CloakEquip: Player OnLocationChanged
[04/24/2020 - 08:13:05PM] [Metro:NPC:CloakEquip <Active effect 1 on  (3A00EFC0)>] CloakEquip: Player OnLocationChanged
[04/24/2020 - 08:13:05PM] [Metro:NPC:CloakEquip <Active effect 3 on  (000A1A5A)>] CloakEquip: Player OnLocationChanged
[04/24/2020 - 08:13:05PM] [Metro:NPC:CloakEquip <Active effect 1 on  (0001A4DB)>] CloakEquip: Player OnLocationChanged
[04/24/2020 - 08:13:05PM] [Metro:NPC:CloakEquip <Active effect 1 on  (0001A4D8)>] CloakEquip: Player OnLocationChanged
[04/24/2020 - 08:13:05PM] [Metro:NPC:CloakEquip <Active effect 1 on  (0001A4DA)>] CloakEquip: Player OnLocationChanged
[04/24/2020 - 08:13:05PM] [Metro:NPC:CloakEquip <Active effect 1 on  (0001A4D9)>] CloakEquip: Player OnLocationChanged
[04/24/2020 - 08:16:53PM] [Metro:NPC:CloakEquip <Active effect 3 on  (000A1A5A)>] CloakEquip: OnWeatherChanged - Re-evaluating WeatherOnly
[04/24/2020 - 08:16:53PM] [Metro:NPC:CloakEquip <Active effect 1 on  (0001A4D7)>] CloakEquip: OnWeatherChanged - Re-evaluating WeatherOnly
[04/24/2020 - 08:16:53PM] [Metro:NPC:CloakEquip <Active effect 1 on  (0001A4DB)>] CloakEquip: OnWeatherChanged - Re-evaluating WeatherOnly
[04/24/2020 - 08:16:53PM] [Metro:NPC:CloakEquip <Active effect 1 on  (0001A4DA)>] CloakEquip: OnWeatherChanged - Re-evaluating WeatherOnly
[04/24/2020 - 08:16:53PM] [Metro:NPC:CloakEquip <Active effect 1 on  (0001A4D8)>] CloakEquip: OnWeatherChanged - Re-evaluating WeatherOnly
[04/24/2020 - 08:16:53PM] [Metro:NPC:CloakEquip <Active effect 1 on  (3A00EFC0)>] CloakEquip: OnWeatherChanged - Re-evaluating WeatherOnly
[04/24/2020 - 08:16:53PM] [Metro:NPC:CloakEquip <Active effect 1 on  (0001A4D9)>] CloakEquip: OnWeatherChanged - Re-evaluating WeatherOnly
[04/24/2020 - 08:17:01PM] [Metro:NPC:CloakEquip <Active effect 1 on  (3A00EFC0)>] OnTimer(aiTimerID=0)
[04/24/2020 - 08:17:02PM] [Metro:NPC:CloakEquip <Active effect 1 on  (0001A4D7)>] OnTimer(aiTimerID=0)
[04/24/2020 - 08:17:02PM] [Metro:NPC:CloakEquip <Active effect 1 on  (0001A4DB)>] OnTimer(aiTimerID=0)
[04/24/2020 - 08:17:02PM] [Metro:NPC:CloakEquip <Active effect 1 on  (0001A4D8)>] OnTimer(aiTimerID=0)
[04/24/2020 - 08:17:02PM] [Metro:NPC:CloakEquip <Active effect 3 on  (000A1A5A)>] OnTimer(aiTimerID=0)
[04/24/2020 - 08:17:02PM] [Metro:NPC:CloakEquip <Active effect 1 on  (0001A4DA)>] OnTimer(aiTimerID=0)
[04/24/2020 - 08:17:02PM] [Metro:NPC:CloakEquip <Active effect 1 on  (0001A4D9)>] OnTimer(aiTimerID=0)
[04/24/2020 - 08:17:02PM] [Metro:NPC:CloakEquip <Active effect 1 on  (3A00EFC0)>] Equip()...
[04/24/2020 - 08:17:02PM] [Metro:NPC:CloakEquip <Active effect 1 on  (0001A4D7)>] Equip()...
[04/24/2020 - 08:17:02PM] [Metro:NPC:CloakEquip <Active effect 1 on  (0001A4DB)>] Equip()...
[04/24/2020 - 08:17:02PM] [Metro:NPC:CloakEquip <Active effect 1 on  (0001A4D8)>] Equip()...
[04/24/2020 - 08:17:02PM] [Metro:NPC:CloakEquip <Active effect 3 on  (000A1A5A)>] Equip()...
[04/24/2020 - 08:17:02PM] [Metro:NPC:CloakEquip <Active effect 1 on  (0001A4D9)>] Equip()...
[04/24/2020 - 08:17:02PM] [Metro:NPC:CloakEquip <Active effect 1 on  (0001A4DA)>] Equip()...
[04/24/2020 - 08:17:02PM] [Metro:NPC:CloakEquip <Active effect 1 on  (3A00EFC0)>] [workshopnpcscript < (3B00EFC0)>] has the gas mask '[Armor < (28002672)>]''. IsEquipped==False
[04/24/2020 - 08:17:02PM] [Metro:NPC:CloakEquip <Active effect 3 on  (000A1A5A)>] [Actor < (000A1A5A)>] has the gas mask '[Armor < (2800928E)>]''. IsEquipped==False
[04/24/2020 - 08:18:31PM] [Metro:NPC:CloakEquip <Active effect 1 on  (36000AF4)>] OnEffectStart(akTarget=[Actor < (36000AF4)>], akCaster=[Actor < (36000AF4)>])
[04/24/2020 - 08:18:33PM] [Metro:NPC:CloakEquip <Active effect 1 on  (36000AF2)>] OnEffectStart(akTarget=[Actor < (36000AF2)>], akCaster=[Actor < (36000AF2)>])
[04/24/2020 - 08:18:34PM] [Metro:NPC:CloakEquip <Active effect 1 on  (36000AF2)>] Entering the AliveState state from 
[04/24/2020 - 08:18:34PM] [Metro:NPC:CloakEquip <Active effect 1 on  (00246CD3)>] OnEffectStart(akTarget=[Actor < (00246CD3)>], akCaster=[Actor < (00246CD3)>])
[04/24/2020 - 08:18:34PM] [Metro:NPC:CloakEquip <Active effect 1 on  (00246CD3)>] Entering the AliveState state from 
[04/24/2020 - 08:18:34PM] [Metro:NPC:CloakEquip <Active effect 1 on  (36000AF2)>] OnTimer(aiTimerID=0)
[04/24/2020 - 08:18:34PM] [Metro:NPC:CloakEquip <Active effect 1 on  (36000AF2)>] Equip()...
[04/24/2020 - 08:18:35PM] [Metro:NPC:CloakEquip <Active effect 1 on  (00246CD3)>] OnTimer(aiTimerID=0)
[04/24/2020 - 08:18:35PM] [Metro:NPC:CloakEquip <Active effect 1 on  (00246CD3)>] Equip()...
[04/24/2020 - 08:19:21PM] [Metro:NPC:CloakEquip <Active effect 1 on  (0001A4D8)>] CloakEquip: Player OnLocationChanged
[04/24/2020 - 08:19:21PM] [Metro:NPC:CloakEquip <Active effect 1 on  (3A00EFC0)>] CloakEquip: Player OnLocationChanged
[04/24/2020 - 08:19:21PM] [Metro:NPC:CloakEquip <Active effect 1 on  (36000AF2)>] CloakEquip: Player OnLocationChanged
[04/24/2020 - 08:19:21PM] [Metro:NPC:CloakEquip <Active effect 1 on  (00246CD3)>] CloakEquip: Player OnLocationChanged
[04/24/2020 - 08:19:21PM] [Metro:NPC:CloakEquip <Active effect 3 on  (000A1A5A)>] CloakEquip: Player OnLocationChanged
[04/24/2020 - 08:19:21PM] [Metro:NPC:CloakEquip <Active effect 1 on  (0001A4DA)>] CloakEquip: Player OnLocationChanged
[04/24/2020 - 08:19:21PM] [Metro:NPC:CloakEquip <Active effect 1 on  (0001A4D9)>] CloakEquip: Player OnLocationChanged
[04/24/2020 - 08:19:21PM] [Metro:NPC:CloakEquip <Active effect 1 on  (0001A4D7)>] CloakEquip: Player OnLocationChanged
[04/24/2020 - 08:19:21PM] [Metro:NPC:CloakEquip <Active effect 1 on  (0001A4DB)>] CloakEquip: Player OnLocationChanged
[04/24/2020 - 08:19:22PM] [Metro:NPC:CloakEquip <Active effect 1 on  (00246CD3)>] Equip()...
[04/24/2020 - 08:19:22PM] [Metro:NPC:CloakEquip <Active effect 1 on  (36000AF2)>] Equip()...
[04/24/2020 - 08:19:22PM] [Metro:NPC:CloakEquip <Active effect 1 on  (3A00EFC0)>] Equip()...
[04/24/2020 - 08:19:22PM] [Metro:NPC:CloakEquip <Active effect 3 on  (000A1A5A)>] Equip()...
[04/24/2020 - 08:19:22PM] [Metro:NPC:CloakEquip <Active effect 1 on  (0001A4DA)>] Equip()...
[04/24/2020 - 08:19:22PM] [Metro:NPC:CloakEquip <Active effect 1 on  (0001A4DB)>] Equip()...
[04/24/2020 - 08:19:22PM] [Metro:NPC:CloakEquip <Active effect 1 on  (0001A4D9)>] Equip()...
[04/24/2020 - 08:19:22PM] [Metro:NPC:CloakEquip <Active effect 1 on  (0001A4D7)>] Equip()...
[04/24/2020 - 08:19:22PM] [Metro:NPC:CloakEquip <Active effect 1 on  (0001A4D8)>] Equip()...
[04/24/2020 - 08:19:51PM] [Metro:NPC:CloakApply <Active effect 4 on  (3B01FBCC)>] Added the spell '[SPELL < (28006389)>]' to '[workshopnpcscript < (3B01FBCC)>]'.
[04/24/2020 - 08:19:52PM] [Metro:NPC:CloakApply <Active effect 5 on  (3B00EFC0)>] Added the spell '[SPELL < (28006389)>]' to '[workshopnpcscript < (3B00EFC0)>]'.
[04/24/2020 - 08:19:55PM] [Metro:NPC:CloakApply <Active effect 5 on  (0001A4D9)>] Added the spell '[SPELL < (28006389)>]' to '[workshopnpcscript < (0001A4D9)>]'.
[04/24/2020 - 08:19:56PM] [Metro:NPC:CloakApply <Active effect 5 on  (0001A4DB)>] Added the spell '[SPELL < (28006389)>]' to '[workshopnpcscript < (0001A4DB)>]'.
[04/24/2020 - 08:19:57PM] [Metro:NPC:CloakApply <Active effect 5 on  (0001A4D8)>] Added the spell '[SPELL < (28006389)>]' to '[workshopnpcscript < (0001A4D8)>]'.
[04/24/2020 - 08:20:00PM] [Metro:NPC:CloakEquip <Active effect 1 on  (0001A4D7)>] CloakEquip: OnWeatherChanged - Re-evaluating WeatherOnly
[04/24/2020 - 08:20:00PM] [Metro:NPC:CloakEquip <Active effect 3 on  (000A1A5A)>] CloakEquip: OnWeatherChanged - Re-evaluating WeatherOnly
[04/24/2020 - 08:20:00PM] [Metro:NPC:CloakEquip <Active effect 1 on  (0001A4D8)>] CloakEquip: OnWeatherChanged - Re-evaluating WeatherOnly
[04/24/2020 - 08:20:00PM] [Metro:NPC:CloakEquip <Active effect 1 on  (0001A4D9)>] CloakEquip: OnWeatherChanged - Re-evaluating WeatherOnly
[04/24/2020 - 08:20:00PM] [Metro:NPC:CloakEquip <Active effect 1 on  (0001A4DA)>] CloakEquip: OnWeatherChanged - Re-evaluating WeatherOnly
[04/24/2020 - 08:20:00PM] [Metro:NPC:CloakEquip <Active effect 1 on  (0001A4DB)>] CloakEquip: OnWeatherChanged - Re-evaluating WeatherOnly
[04/24/2020 - 08:20:00PM] [Metro:NPC:CloakEquip <Active effect 1 on  (3A00EFC0)>] CloakEquip: OnWeatherChanged - Re-evaluating WeatherOnly
[04/24/2020 - 08:20:01PM] [Metro:NPC:CloakApply <Active effect 5 on  (0001A4DA)>] Added the spell '[SPELL < (28006389)>]' to '[workshopnpcscript < (0001A4DA)>]'.
[04/24/2020 - 08:20:05PM] [Metro:NPC:CloakEquip <Active effect 1 on  (0001A4D7)>] OnTimer(aiTimerID=0)
[04/24/2020 - 08:20:05PM] [Metro:NPC:CloakEquip <Active effect 3 on  (000A1A5A)>] OnTimer(aiTimerID=0)
[04/24/2020 - 08:20:06PM] [Metro:NPC:CloakEquip <Active effect 1 on  (0001A4D9)>] OnTimer(aiTimerID=0)
[04/24/2020 - 08:20:06PM] [Metro:NPC:CloakEquip <Active effect 1 on  (0001A4D8)>] OnTimer(aiTimerID=0)
[04/24/2020 - 08:20:06PM] [Metro:NPC:CloakEquip <Active effect 1 on  (0001A4DA)>] OnTimer(aiTimerID=0)
[04/24/2020 - 08:20:06PM] [Metro:NPC:CloakEquip <Active effect 1 on  (3A00EFC0)>] OnTimer(aiTimerID=0)
[04/24/2020 - 08:20:06PM] [Metro:NPC:CloakEquip <Active effect 1 on  (0001A4DB)>] OnTimer(aiTimerID=0)
[04/24/2020 - 08:20:06PM] [Metro:NPC:CloakEquip <Active effect 1 on  (0001A4D7)>] Equip()...
[04/24/2020 - 08:20:06PM] [Metro:NPC:CloakEquip <Active effect 3 on  (000A1A5A)>] Equip()...
[04/24/2020 - 08:20:06PM] [Metro:NPC:CloakEquip <Active effect 1 on  (0001A4D9)>] Equip()...
[04/24/2020 - 08:20:06PM] [Metro:NPC:CloakEquip <Active effect 1 on  (0001A4D8)>] Equip()...
[04/24/2020 - 08:20:06PM] [Metro:NPC:CloakEquip <Active effect 1 on  (0001A4DA)>] Equip()...
[04/24/2020 - 08:20:06PM] [Metro:NPC:CloakEquip <Active effect 1 on  (0001A4DB)>] Equip()...
[04/24/2020 - 08:20:06PM] [Metro:NPC:CloakEquip <Active effect 1 on  (3A00EFC0)>] Equip()...
[04/24/2020 - 08:20:09PM] [Metro:NPC:CloakApply <Active effect 4 on  (000DC939)>] Added the spell '[SPELL < (28006389)>]' to '[Actor < (000DC939)>]'.
[04/24/2020 - 08:20:09PM] [Metro:NPC:CloakEquip <Active effect 1 on  (0001A4D7)>] CloakEquip: NPC OnLocationChange
[04/24/2020 - 08:20:09PM] [Metro:NPC:CloakEquip <Active effect 1 on  (0001A4D7)>] Equip()...
[04/24/2020 - 08:20:19PM] [Metro:NPC:CloakApply <Active effect 5 on  (0001A4D7)>] Added the spell '[SPELL < (28006389)>]' to '[companionactorscript < (0001A4D7)>]'.
[04/24/2020 - 08:20:20PM] [Metro:NPC:CloakEquip <Active effect 1 on  (0001A4D7)>] CloakEquip: NPC OnLocationChange
[04/24/2020 - 08:20:21PM] [Metro:NPC:CloakEquip <Active effect 1 on  (0001A4D7)>] Equip()...
[04/24/2020 - 08:20:36PM] [Metro:NPC:CloakEquip <Active effect 1 on  (0001A4D7)>] CloakEquip: NPC OnLocationChange
[04/24/2020 - 08:20:37PM] [Metro:NPC:CloakEquip <Active effect 1 on  (0001A4D7)>] Equip()...
[04/24/2020 - 08:20:50PM] [Metro:NPC:CloakEquip <Active effect 1 on  (0001A4D7)>] CloakEquip: NPC OnLocationChange
[04/24/2020 - 08:20:50PM] [Metro:NPC:CloakEquip <Active effect 1 on  (0001A4D7)>] Equip()...
[04/24/2020 - 08:20:55PM] [Metro:NPC:CloakEquip <Active effect 1 on  (0001A4D7)>] CloakEquip: NPC OnLocationChange
[04/24/2020 - 08:20:56PM] [Metro:NPC:CloakEquip <Active effect 1 on  (0001A4D7)>] Equip()...
[04/24/2020 - 08:21:08PM] [Metro:NPC:CloakEquip <Active effect 1 on  (0001A4D7)>] CloakEquip: NPC OnLocationChange
[04/24/2020 - 08:21:08PM] [Metro:NPC:CloakEquip <Active effect 1 on  (0001A4D7)>] Equip()...
[04/24/2020 - 08:21:19PM] [Metro:NPC:CloakApply <Active effect 4 on  (3B01FBCC)>] Added the spell '[SPELL < (28006389)>]' to '[workshopnpcscript < (3B01FBCC)>]'.
