[06/10/2020 - 03:56:53PM] NPCDistance log opened (PC-64)
[06/10/2020 - 03:56:53PM] [Metro:NPC:CloakDistance <Active effect 3 on  (48016654)>] OnTimer(aiTimerID=1)
[06/10/2020 - 03:56:53PM] [Metro:NPC:CloakDistance <Active effect 3 on  (48016656)>] OnTimer(aiTimerID=1)
[06/10/2020 - 03:56:54PM] [Metro:NPC:CloakDistance <None>] OnEffectStart(akTarget=[Actor < (48016652)>], akCaster=[Actor < (48016652)>])
[06/10/2020 - 03:56:54PM] [Metro:NPC:CloakDistance <None>] OnEffectStart(akTarget=[Actor < (480164FF)>], akCaster=[Actor < (480164FF)>])
[06/10/2020 - 03:56:54PM] [Metro:NPC:CloakDistance <None>] Entering the AliveState state from 
[06/10/2020 - 03:56:54PM] [Metro:NPC:CloakDistance <None>] Entering the AliveState state from 
[06/10/2020 - 03:56:55PM] [Metro:NPC:CloakDistance <Active effect 4 on  (480165EA)>] OnDying(akKiller=[Actor < (00000014)>])
[06/10/2020 - 03:56:55PM] [Metro:NPC:CloakDistance <Active effect 4 on  (480165EA)>] Ending the AliveState, new state 
[06/10/2020 - 03:56:55PM] [Metro:NPC:CloakDistance <Active effect 4 on  (000BD595)>] OnTimer(aiTimerID=1)
[06/10/2020 - 03:56:55PM] [Metro:NPC:CloakDistance <Active effect 4 on  (000BD598)>] OnTimer(aiTimerID=1)
[06/10/2020 - 03:56:55PM] [Metro:NPC:CloakDistance <Active effect 4 on  (4800A8FB)>] OnTimer(aiTimerID=1)
[06/10/2020 - 03:56:55PM] [Metro:NPC:CloakDistance <Active effect 4 on  (48016651)>] OnTimer(aiTimerID=1)
[06/10/2020 - 03:56:56PM] [Metro:NPC:CloakDistance <Active effect 4 on  (000BD599)>] OnTimer(aiTimerID=1)
[06/10/2020 - 03:56:56PM] [Metro:NPC:CloakDistance <Active effect 4 on  (000BD57A)>] OnTimer(aiTimerID=1)
[06/10/2020 - 03:57:00PM] [Metro:NPC:CloakDistance <None>] OnEffectStart(akTarget=[Actor < (48013519)>], akCaster=[Actor < (48013519)>])
[06/10/2020 - 03:57:00PM] [Metro:NPC:CloakDistance <None>] Entering the AliveState state from 
[06/10/2020 - 03:57:00PM] [Metro:NPC:CloakDistance <Active effect 2 on  (0001A4D7)>] OnTimer(aiTimerID=1)
[06/10/2020 - 03:57:00PM] [Metro:NPC:CloakDistance <Active effect 5 on  (48016B38)>] OnEffectStart(akTarget=[Actor < (48016B38)>], akCaster=[Actor < (48016B38)>])
[06/10/2020 - 03:57:00PM] [Metro:NPC:CloakDistance <Active effect 5 on  (48016B38)>] Entering the AliveState state from 
[06/10/2020 - 03:57:01PM] [Metro:NPC:CloakDistance <Active effect 5 on  (FF034CB1)>] OnTimer(aiTimerID=1)
[06/10/2020 - 03:57:03PM] [Metro:NPC:CloakDistance <None>] OnEffectStart(akTarget=[Actor < (48016B34)>], akCaster=[Actor < (48016B34)>])
[06/10/2020 - 03:57:03PM] [Metro:NPC:CloakDistance <None>] Entering the AliveState state from 
[06/10/2020 - 03:57:03PM] [Metro:NPC:CloakDistance <None>] OnEffectStart(akTarget=[Actor < (48016B37)>], akCaster=[Actor < (48016B37)>])
[06/10/2020 - 03:57:03PM] [Metro:NPC:CloakDistance <None>] Entering the AliveState state from 
[06/10/2020 - 03:57:04PM] [Metro:NPC:CloakDistance <Active effect 3 on  (48016654)>] OnTimer(aiTimerID=1)
[06/10/2020 - 03:57:04PM] [Metro:NPC:CloakDistance <Active effect 3 on  (48016656)>] OnTimer(aiTimerID=1)
[06/10/2020 - 03:57:07PM] [Metro:NPC:CloakDistance <Active effect 4 on  (000BD598)>] OnTimer(aiTimerID=1)
[06/10/2020 - 03:57:07PM] [Metro:NPC:CloakDistance <Active effect 4 on  (000BD595)>] OnTimer(aiTimerID=1)
[06/10/2020 - 03:57:07PM] [Metro:NPC:CloakDistance <Active effect 4 on  (48016651)>] OnTimer(aiTimerID=1)
[06/10/2020 - 03:57:07PM] [Metro:NPC:CloakDistance <Active effect 4 on  (4800A8FB)>] OnTimer(aiTimerID=1)
[06/10/2020 - 03:57:07PM] [Metro:NPC:CloakDistance <Active effect 4 on  (000BD599)>] OnTimer(aiTimerID=1)
[06/10/2020 - 03:57:07PM] [Metro:NPC:CloakDistance <Active effect 4 on  (000BD57A)>] OnTimer(aiTimerID=1)
[06/10/2020 - 03:57:12PM] [Metro:NPC:CloakDistance <Active effect 2 on  (0001A4D7)>] OnTimer(aiTimerID=1)
[06/10/2020 - 03:57:12PM] [Metro:NPC:CloakDistance <Active effect 5 on  (48016B38)>] OnTimer(aiTimerID=1)
[06/10/2020 - 03:57:12PM] [Metro:NPC:CloakDistance <Active effect 5 on  (FF034CB1)>] OnTimer(aiTimerID=1)
[06/10/2020 - 03:57:13PM] [Metro:NPC:CloakDistance <None>] OnEffectStart(akTarget=[workshopnpcscript < (FF00BA5A)>], akCaster=[workshopnpcscript < (FF00BA5A)>])
[06/10/2020 - 03:57:13PM] [Metro:NPC:CloakDistance <None>] Entering the AliveState state from 
[06/10/2020 - 03:57:14PM] [Metro:NPC:CloakDistance <Active effect 2 on  (0001A4D7)>] Player in range of...[workshopnpcscript < (0001A4D7)>]
[06/10/2020 - 03:57:15PM] [Metro:NPC:CloakDistance <Active effect 2 on  (0001A4D7)>] Player out of range of...[workshopnpcscript < (0001A4D7)>]
[06/10/2020 - 03:57:15PM] [Metro:NPC:CloakDistance <Active effect 3 on  (48016654)>] OnTimer(aiTimerID=1)
[06/10/2020 - 03:57:15PM] [Metro:NPC:CloakDistance <Active effect 3 on  (48016656)>] OnTimer(aiTimerID=1)
[06/10/2020 - 03:57:17PM] [Metro:NPC:CloakDistance <Active effect 4 on  (000BD598)>] OnTimer(aiTimerID=1)
[06/10/2020 - 03:57:17PM] [Metro:NPC:CloakDistance <Active effect 4 on  (000BD595)>] OnTimer(aiTimerID=1)
[06/10/2020 - 03:57:17PM] [Metro:NPC:CloakDistance <Active effect 4 on  (4800A8FB)>] OnTimer(aiTimerID=1)
[06/10/2020 - 03:57:17PM] [Metro:NPC:CloakDistance <Active effect 4 on  (48016651)>] OnTimer(aiTimerID=1)
[06/10/2020 - 03:57:17PM] [Metro:NPC:CloakDistance <Active effect 4 on  (000BD599)>] OnTimer(aiTimerID=1)
[06/10/2020 - 03:57:17PM] [Metro:NPC:CloakDistance <Active effect 4 on  (000BD57A)>] OnTimer(aiTimerID=1)
[06/10/2020 - 03:57:20PM] [Metro:NPC:CloakDistance <Active effect 4 on  (4800A8FB)>] OnDying(akKiller=[Actor < (48016B31)>])
[06/10/2020 - 03:57:20PM] [Metro:NPC:CloakDistance <Active effect 4 on  (4800A8FB)>] Ending the AliveState, new state 
[06/10/2020 - 03:57:22PM] [Metro:NPC:CloakDistance <Active effect 2 on  (0001A4D7)>] OnTimer(aiTimerID=1)
[06/10/2020 - 03:57:22PM] [Metro:NPC:CloakDistance <Active effect 5 on  (48016B38)>] OnTimer(aiTimerID=1)
[06/10/2020 - 03:57:22PM] [Metro:NPC:CloakDistance <Active effect 5 on  (FF034CB1)>] OnTimer(aiTimerID=1)
[06/10/2020 - 03:57:24PM] [Metro:NPC:CloakDistance <None>] OnEffectStart(akTarget=[Actor < (4800A8FC)>], akCaster=[Actor < (4800A8FC)>])
[06/10/2020 - 03:57:24PM] [Metro:NPC:CloakDistance <None>] Entering the AliveState state from 
[06/10/2020 - 03:57:25PM] [Metro:NPC:CloakDistance <Active effect 3 on  (48016654)>] OnTimer(aiTimerID=1)
[06/10/2020 - 03:57:25PM] [Metro:NPC:CloakDistance <Active effect 3 on  (48016656)>] OnTimer(aiTimerID=1)
[06/10/2020 - 03:57:27PM] [Metro:NPC:CloakDistance <Active effect 4 on  (000BD595)>] OnTimer(aiTimerID=1)
[06/10/2020 - 03:57:27PM] [Metro:NPC:CloakDistance <Active effect 4 on  (000BD598)>] OnTimer(aiTimerID=1)
[06/10/2020 - 03:57:27PM] [Metro:NPC:CloakDistance <Active effect 4 on  (48016651)>] OnTimer(aiTimerID=1)
[06/10/2020 - 03:57:27PM] [Metro:NPC:CloakDistance <Active effect 4 on  (000BD57A)>] OnTimer(aiTimerID=1)
[06/10/2020 - 03:57:27PM] [Metro:NPC:CloakDistance <Active effect 4 on  (000BD599)>] OnTimer(aiTimerID=1)
[06/10/2020 - 03:57:32PM] [Metro:NPC:CloakDistance <Active effect 2 on  (0001A4D7)>] OnTimer(aiTimerID=1)
[06/10/2020 - 03:57:32PM] [Metro:NPC:CloakDistance <Active effect 5 on  (48016B38)>] OnTimer(aiTimerID=1)
[06/10/2020 - 03:57:32PM] [Metro:NPC:CloakDistance <Active effect 5 on  (FF034CB1)>] OnTimer(aiTimerID=1)
[06/10/2020 - 03:57:35PM] [Metro:NPC:CloakDistance <Active effect 3 on  (48016654)>] OnTimer(aiTimerID=1)
[06/10/2020 - 03:57:35PM] [Metro:NPC:CloakDistance <Active effect 4 on  (000BD599)>] OnDying(akKiller=[Actor < (00000014)>])
[06/10/2020 - 03:57:35PM] [Metro:NPC:CloakDistance <Active effect 4 on  (000BD599)>] Ending the AliveState, new state 
[06/10/2020 - 03:57:35PM] [Metro:NPC:CloakDistance <Active effect 3 on  (48016656)>] OnTimer(aiTimerID=1)
[06/10/2020 - 03:57:37PM] [Metro:NPC:CloakDistance <Active effect 4 on  (000BD595)>] OnTimer(aiTimerID=1)
[06/10/2020 - 03:57:37PM] [Metro:NPC:CloakDistance <Active effect 4 on  (000BD598)>] OnTimer(aiTimerID=1)
[06/10/2020 - 03:57:37PM] [Metro:NPC:CloakDistance <Active effect 4 on  (48016651)>] OnTimer(aiTimerID=1)
[06/10/2020 - 03:57:37PM] [Metro:NPC:CloakDistance <Active effect 4 on  (000BD57A)>] OnTimer(aiTimerID=1)
[06/10/2020 - 03:57:42PM] [Metro:NPC:CloakDistance <Active effect 2 on  (0001A4D7)>] OnTimer(aiTimerID=1)
[06/10/2020 - 03:57:42PM] [Metro:NPC:CloakDistance <Active effect 5 on  (48016B38)>] OnTimer(aiTimerID=1)
[06/10/2020 - 03:57:42PM] [Metro:NPC:CloakDistance <Active effect 5 on  (FF034CB1)>] OnTimer(aiTimerID=1)
[06/10/2020 - 03:57:44PM] [Metro:NPC:CloakDistance <None>] OnEffectStart(akTarget=[workshopnpcscript < (FF00BA5A)>], akCaster=[workshopnpcscript < (FF00BA5A)>])
[06/10/2020 - 03:57:44PM] [Metro:NPC:CloakDistance <None>] Entering the AliveState state from 
[06/10/2020 - 03:57:45PM] [Metro:NPC:CloakDistance <Active effect 3 on  (48016654)>] OnTimer(aiTimerID=1)
[06/10/2020 - 03:57:45PM] [Metro:NPC:CloakDistance <Active effect 3 on  (48016656)>] OnTimer(aiTimerID=1)
[06/10/2020 - 03:57:47PM] [Metro:NPC:CloakDistance <Active effect 4 on  (000BD598)>] OnTimer(aiTimerID=1)
[06/10/2020 - 03:57:47PM] [Metro:NPC:CloakDistance <Active effect 4 on  (000BD595)>] OnTimer(aiTimerID=1)
[06/10/2020 - 03:57:47PM] [Metro:NPC:CloakDistance <Active effect 4 on  (48016651)>] OnTimer(aiTimerID=1)
[06/10/2020 - 03:57:47PM] [Metro:NPC:CloakDistance <Active effect 4 on  (000BD57A)>] OnTimer(aiTimerID=1)
[06/10/2020 - 03:57:58PM] [Metro:NPC:CloakDistance <Active effect 2 on  (0001A4D7)>] OnTimer(aiTimerID=1)
[06/10/2020 - 03:57:58PM] [Metro:NPC:CloakDistance <Active effect 5 on  (48016B38)>] OnTimer(aiTimerID=1)
[06/10/2020 - 03:57:58PM] [Metro:NPC:CloakDistance <Active effect 5 on  (FF034CB1)>] OnTimer(aiTimerID=1)
[06/10/2020 - 03:58:01PM] [Metro:NPC:CloakDistance <Active effect 3 on  (48016654)>] OnTimer(aiTimerID=1)
[06/10/2020 - 03:58:01PM] [Metro:NPC:CloakDistance <Active effect 3 on  (48016656)>] OnTimer(aiTimerID=1)
[06/10/2020 - 03:58:03PM] [Metro:NPC:CloakDistance <Active effect 4 on  (000BD598)>] OnTimer(aiTimerID=1)
[06/10/2020 - 03:58:03PM] [Metro:NPC:CloakDistance <Active effect 4 on  (000BD595)>] OnTimer(aiTimerID=1)
[06/10/2020 - 03:58:03PM] [Metro:NPC:CloakDistance <Active effect 4 on  (48016651)>] OnTimer(aiTimerID=1)
[06/10/2020 - 03:58:03PM] [Metro:NPC:CloakDistance <Active effect 4 on  (000BD57A)>] OnTimer(aiTimerID=1)
[06/10/2020 - 03:58:04PM] [Metro:NPC:CloakDistance <Active effect 4 on  (48016651)>] OnDying(akKiller=[Actor < (00000014)>])
[06/10/2020 - 03:58:04PM] [Metro:NPC:CloakDistance <Active effect 4 on  (48016651)>] Ending the AliveState, new state 
[06/10/2020 - 03:58:07PM] [Metro:NPC:CloakDistance <None>] OnEffectStart(akTarget=[Actor < (4800A8FC)>], akCaster=[Actor < (4800A8FC)>])
[06/10/2020 - 03:58:07PM] [Metro:NPC:CloakDistance <None>] Entering the AliveState state from 
[06/10/2020 - 03:58:08PM] [Metro:NPC:CloakDistance <Active effect 2 on  (0001A4D7)>] OnTimer(aiTimerID=1)
[06/10/2020 - 03:58:08PM] [Metro:NPC:CloakDistance <Active effect 5 on  (48016B38)>] OnTimer(aiTimerID=1)
[06/10/2020 - 03:58:08PM] [Metro:NPC:CloakDistance <Active effect 5 on  (FF034CB1)>] OnTimer(aiTimerID=1)
[06/10/2020 - 03:58:09PM] [Metro:NPC:CloakDistance <None>] OnEffectStart(akTarget=[Actor < (48016B36)>], akCaster=[Actor < (48016B36)>])
[06/10/2020 - 03:58:09PM] [Metro:NPC:CloakDistance <None>] Entering the AliveState state from 
[06/10/2020 - 03:58:18PM] [Metro:NPC:CloakDistance <Active effect 3 on  (48016654)>] OnTimer(aiTimerID=1)
[06/10/2020 - 03:58:18PM] [Metro:NPC:CloakDistance <Active effect 3 on  (48016656)>] OnTimer(aiTimerID=1)
[06/10/2020 - 03:58:18PM] [Metro:NPC:CloakDistance <None>] OnEffectStart(akTarget=[Actor < (48013519)>], akCaster=[Actor < (48013519)>])
[06/10/2020 - 03:58:18PM] [Metro:NPC:CloakDistance <None>] Entering the AliveState state from 
[06/10/2020 - 03:58:20PM] [Metro:NPC:CloakDistance <Active effect 4 on  (000BD598)>] OnTimer(aiTimerID=1)
[06/10/2020 - 03:58:20PM] [Metro:NPC:CloakDistance <Active effect 4 on  (000BD595)>] OnTimer(aiTimerID=1)
[06/10/2020 - 03:58:20PM] [Metro:NPC:CloakDistance <Active effect 4 on  (000BD57A)>] OnTimer(aiTimerID=1)
[06/10/2020 - 03:58:26PM] [Metro:NPC:CloakDistance <Active effect 2 on  (0001A4D7)>] OnTimer(aiTimerID=1)
[06/10/2020 - 03:58:26PM] [Metro:NPC:CloakDistance <Active effect 5 on  (48016B38)>] OnTimer(aiTimerID=1)
[06/10/2020 - 03:58:28PM] [Metro:NPC:CloakDistance <Active effect 5 on  (FF034CB1)>] OnTimer(aiTimerID=1)
[06/10/2020 - 03:58:31PM] [Metro:NPC:CloakDistance <Active effect 3 on  (48016654)>] OnTimer(aiTimerID=1)
[06/10/2020 - 03:58:31PM] [Metro:NPC:CloakDistance <Active effect 3 on  (48016656)>] OnTimer(aiTimerID=1)
[06/10/2020 - 03:58:33PM] [Metro:NPC:CloakDistance <Active effect 4 on  (000BD598)>] OnTimer(aiTimerID=1)
[06/10/2020 - 03:58:33PM] [Metro:NPC:CloakDistance <Active effect 4 on  (000BD595)>] OnTimer(aiTimerID=1)
[06/10/2020 - 03:58:33PM] [Metro:NPC:CloakDistance <Active effect 4 on  (000BD57A)>] OnTimer(aiTimerID=1)
[06/10/2020 - 03:58:38PM] [Metro:NPC:CloakDistance <Active effect 2 on  (0001A4D7)>] OnTimer(aiTimerID=1)
[06/10/2020 - 03:58:38PM] [Metro:NPC:CloakDistance <Active effect 5 on  (48016B38)>] OnTimer(aiTimerID=1)
[06/10/2020 - 03:58:38PM] [Metro:NPC:CloakDistance <Active effect 5 on  (48016B38)>] OnDying(akKiller=[Actor < (00000014)>])
[06/10/2020 - 03:58:38PM] [Metro:NPC:CloakDistance <Active effect 5 on  (48016B38)>] Ending the AliveState, new state 
[06/10/2020 - 03:58:39PM] [Metro:NPC:CloakDistance <Active effect 5 on  (FF034CB1)>] OnTimer(aiTimerID=1)
[06/10/2020 - 03:58:41PM] [Metro:NPC:CloakDistance <Active effect 3 on  (48016654)>] OnTimer(aiTimerID=1)
[06/10/2020 - 03:58:41PM] [Metro:NPC:CloakDistance <Active effect 3 on  (48016656)>] OnTimer(aiTimerID=1)
[06/10/2020 - 03:58:43PM] [Metro:NPC:CloakDistance <Active effect 4 on  (000BD598)>] OnTimer(aiTimerID=1)
[06/10/2020 - 03:58:43PM] [Metro:NPC:CloakDistance <Active effect 4 on  (000BD595)>] OnTimer(aiTimerID=1)
[06/10/2020 - 03:58:43PM] [Metro:NPC:CloakDistance <Active effect 4 on  (000BD57A)>] OnTimer(aiTimerID=1)
[06/10/2020 - 03:58:50PM] [Metro:NPC:CloakDistance <None>] OnEffectStart(akTarget=[Actor < (4800A8FC)>], akCaster=[Actor < (4800A8FC)>])
[06/10/2020 - 03:58:50PM] [Metro:NPC:CloakDistance <None>] Entering the AliveState state from 
[06/10/2020 - 03:59:02PM] [Metro:NPC:CloakDistance <Active effect 2 on  (0001A4D7)>] OnTimer(aiTimerID=1)
[06/10/2020 - 03:59:06PM] [Metro:NPC:CloakDistance <Active effect 5 on  (FF034CB1)>] OnTimer(aiTimerID=1)
[06/10/2020 - 03:59:08PM] [Metro:NPC:CloakDistance <Active effect 3 on  (48016654)>] OnTimer(aiTimerID=1)
[06/10/2020 - 03:59:08PM] [Metro:NPC:CloakDistance <Active effect 3 on  (48016656)>] OnTimer(aiTimerID=1)
[06/10/2020 - 03:59:10PM] [Metro:NPC:CloakDistance <Active effect 4 on  (000BD595)>] OnTimer(aiTimerID=1)
[06/10/2020 - 03:59:10PM] [Metro:NPC:CloakDistance <Active effect 4 on  (000BD598)>] OnTimer(aiTimerID=1)
[06/10/2020 - 03:59:11PM] [Metro:NPC:CloakDistance <Active effect 4 on  (000BD57A)>] OnTimer(aiTimerID=1)
[06/10/2020 - 03:59:25PM] [Metro:NPC:CloakDistance <Active effect 2 on  (0001A4D7)>] OnTimer(aiTimerID=1)
[06/10/2020 - 03:59:26PM] [Metro:NPC:CloakDistance <Active effect 5 on  (FF034CB1)>] OnTimer(aiTimerID=1)
[06/10/2020 - 03:59:28PM] [Metro:NPC:CloakDistance <Active effect 3 on  (48016654)>] OnTimer(aiTimerID=1)
[06/10/2020 - 03:59:29PM] [Metro:NPC:CloakDistance <Active effect 3 on  (48016656)>] OnTimer(aiTimerID=1)
[06/10/2020 - 03:59:32PM] [Metro:NPC:CloakDistance <Active effect 4 on  (000BD595)>] OnTimer(aiTimerID=1)
[06/10/2020 - 03:59:32PM] [Metro:NPC:CloakDistance <Active effect 4 on  (000BD598)>] OnTimer(aiTimerID=1)
[06/10/2020 - 03:59:32PM] [Metro:NPC:CloakDistance <Active effect 4 on  (000BD57A)>] OnTimer(aiTimerID=1)
[06/10/2020 - 03:59:37PM] [Metro:NPC:CloakDistance <Active effect 2 on  (0001A4D7)>] OnTimer(aiTimerID=1)
[06/10/2020 - 03:59:38PM] [Metro:NPC:CloakDistance <Active effect 5 on  (FF034CB1)>] OnTimer(aiTimerID=1)
[06/10/2020 - 03:59:38PM] [Metro:NPC:CloakDistance <None>] OnEffectStart(akTarget=[workshopnpcscript < (FF00BA5A)>], akCaster=[workshopnpcscript < (FF00BA5A)>])
[06/10/2020 - 03:59:38PM] [Metro:NPC:CloakDistance <None>] Entering the AliveState state from 
[06/10/2020 - 03:59:38PM] [Metro:NPC:CloakDistance <None>] OnEffectStart(akTarget=[Actor < (48016B36)>], akCaster=[Actor < (48016B36)>])
[06/10/2020 - 03:59:38PM] [Metro:NPC:CloakDistance <None>] Entering the AliveState state from 
[06/10/2020 - 03:59:40PM] [Metro:NPC:CloakDistance <Active effect 3 on  (48016654)>] OnTimer(aiTimerID=1)
[06/10/2020 - 03:59:40PM] [Metro:NPC:CloakDistance <Active effect 3 on  (48016656)>] OnTimer(aiTimerID=1)
[06/10/2020 - 03:59:42PM] [Metro:NPC:CloakDistance <Active effect 4 on  (000BD595)>] OnTimer(aiTimerID=1)
[06/10/2020 - 03:59:42PM] [Metro:NPC:CloakDistance <Active effect 4 on  (000BD598)>] OnTimer(aiTimerID=1)
[06/10/2020 - 03:59:42PM] [Metro:NPC:CloakDistance <Active effect 4 on  (000BD57A)>] OnTimer(aiTimerID=1)
[06/10/2020 - 03:59:48PM] [Metro:NPC:CloakDistance <Active effect 2 on  (0001A4D7)>] OnTimer(aiTimerID=1)
[06/10/2020 - 03:59:48PM] [Metro:NPC:CloakDistance <Active effect 5 on  (FF034CB1)>] OnTimer(aiTimerID=1)
[06/10/2020 - 03:59:50PM] [Metro:NPC:CloakDistance <Active effect 3 on  (48016654)>] OnTimer(aiTimerID=1)
[06/10/2020 - 03:59:51PM] [Metro:NPC:CloakDistance <Active effect 3 on  (48016656)>] OnTimer(aiTimerID=1)
[06/10/2020 - 03:59:52PM] [Metro:NPC:CloakDistance <Active effect 4 on  (000BD598)>] OnTimer(aiTimerID=1)
[06/10/2020 - 03:59:52PM] [Metro:NPC:CloakDistance <Active effect 4 on  (000BD595)>] OnTimer(aiTimerID=1)
[06/10/2020 - 03:59:52PM] [Metro:NPC:CloakDistance <Active effect 5 on  (FF034CB1)>] OnDying(akKiller=[Actor < (00000014)>])
[06/10/2020 - 03:59:52PM] [Metro:NPC:CloakDistance <Active effect 5 on  (FF034CB1)>] Ending the AliveState, new state 
[06/10/2020 - 03:59:53PM] [Metro:NPC:CloakDistance <Active effect 4 on  (000BD57A)>] OnTimer(aiTimerID=1)
[06/10/2020 - 03:59:58PM] [Metro:NPC:CloakDistance <Active effect 2 on  (0001A4D7)>] OnTimer(aiTimerID=1)
[06/10/2020 - 04:00:00PM] [Metro:NPC:CloakDistance <Active effect 3 on  (48016654)>] OnTimer(aiTimerID=1)
[06/10/2020 - 04:00:01PM] [Metro:NPC:CloakDistance <Active effect 3 on  (48016656)>] OnTimer(aiTimerID=1)
[06/10/2020 - 04:00:09PM] [Metro:NPC:CloakDistance <Active effect 4 on  (000BD595)>] OnTimer(aiTimerID=1)
[06/10/2020 - 04:00:09PM] [Metro:NPC:CloakDistance <Active effect 4 on  (000BD598)>] OnTimer(aiTimerID=1)
[06/10/2020 - 04:00:09PM] [Metro:NPC:CloakDistance <Active effect 4 on  (000BD57A)>] OnTimer(aiTimerID=1)
[06/10/2020 - 04:00:52PM] [Metro:NPC:CloakDistance <Active effect 2 on  (0001A4D7)>] OnTimer(aiTimerID=1)
[06/10/2020 - 04:00:54PM] [Metro:NPC:CloakDistance <None>] OnEffectStart(akTarget=[workshopnpcscript < (FF00BA5A)>], akCaster=[workshopnpcscript < (FF00BA5A)>])
[06/10/2020 - 04:00:54PM] [Metro:NPC:CloakDistance <None>] Entering the AliveState state from 
[06/10/2020 - 04:01:47PM] [Metro:NPC:CloakDistance <Active effect 3 on  (48016654)>] OnTimer(aiTimerID=1)
[06/10/2020 - 04:01:49PM] [Metro:NPC:CloakDistance <Active effect 3 on  (48016656)>] OnTimer(aiTimerID=1)
[06/10/2020 - 04:01:55PM] [Metro:NPC:CloakDistance <Active effect 4 on  (000BD595)>] OnTimer(aiTimerID=1)
[06/10/2020 - 04:01:55PM] [Metro:NPC:CloakDistance <Active effect 4 on  (000BD598)>] OnTimer(aiTimerID=1)
[06/10/2020 - 04:01:55PM] [Metro:NPC:CloakDistance <Active effect 4 on  (000BD57A)>] OnTimer(aiTimerID=1)
[06/10/2020 - 04:01:55PM] [Metro:NPC:CloakDistance <Active effect 4 on  (4800A8FF)>] OnEffectStart(akTarget=[Actor < (4800A8FF)>], akCaster=[Actor < (4800A8FF)>])
[06/10/2020 - 04:01:55PM] [Metro:NPC:CloakDistance <Active effect 4 on  (4800A8FF)>] Entering the AliveState state from 
[06/10/2020 - 04:02:00PM] [Metro:NPC:CloakDistance <Active effect 2 on  (0001A4D7)>] OnTimer(aiTimerID=1)
[06/10/2020 - 04:02:03PM] [Metro:NPC:CloakDistance <Active effect 3 on  (48016654)>] OnTimer(aiTimerID=1)
[06/10/2020 - 04:02:03PM] [Metro:NPC:CloakDistance <Active effect 3 on  (48016656)>] OnTimer(aiTimerID=1)
[06/10/2020 - 04:02:05PM] [Metro:NPC:CloakDistance <Active effect 4 on  (000BD598)>] OnTimer(aiTimerID=1)
[06/10/2020 - 04:02:05PM] [Metro:NPC:CloakDistance <Active effect 4 on  (000BD595)>] OnTimer(aiTimerID=1)
[06/10/2020 - 04:02:05PM] [Metro:NPC:CloakDistance <Active effect 4 on  (000BD57A)>] OnTimer(aiTimerID=1)
[06/10/2020 - 04:02:05PM] [Metro:NPC:CloakDistance <Active effect 4 on  (4800A8FF)>] OnTimer(aiTimerID=1)
[06/10/2020 - 04:02:11PM] [Metro:NPC:CloakDistance <Active effect 2 on  (0001A4D7)>] OnTimer(aiTimerID=1)
[06/10/2020 - 04:02:14PM] [Metro:NPC:CloakDistance <Active effect 3 on  (48016654)>] OnTimer(aiTimerID=1)
[06/10/2020 - 04:02:14PM] [Metro:NPC:CloakDistance <Active effect 3 on  (48016656)>] OnTimer(aiTimerID=1)
[06/10/2020 - 04:02:16PM] [Metro:NPC:CloakDistance <Active effect 4 on  (000BD598)>] OnTimer(aiTimerID=1)
[06/10/2020 - 04:02:16PM] [Metro:NPC:CloakDistance <Active effect 4 on  (000BD595)>] OnTimer(aiTimerID=1)
[06/10/2020 - 04:02:16PM] [Metro:NPC:CloakDistance <Active effect 4 on  (000BD57A)>] OnTimer(aiTimerID=1)
[06/10/2020 - 04:02:16PM] [Metro:NPC:CloakDistance <Active effect 4 on  (4800A8FF)>] OnTimer(aiTimerID=1)
