[06/10/2020 - 03:50:58PM] NPCDistance log opened (PC-64)
[06/10/2020 - 03:50:58PM] [Metro:NPC:CloakDistance <Active effect 5 on  (480165E9)>] OnTimer(aiTimerID=1)
[06/10/2020 - 03:50:58PM] [Metro:NPC:CloakDistance <Active effect 4 on  (000BD595)>] OnTimer(aiTimerID=1)
[06/10/2020 - 03:50:58PM] [Metro:NPC:CloakDistance <Active effect 4 on  (47000ACC)>] OnTimer(aiTimerID=1)
[06/10/2020 - 03:50:58PM] [Metro:NPC:CloakDistance <Active effect 3 on  (000BD59C)>] OnTimer(aiTimerID=1)
[06/10/2020 - 03:50:58PM] [Metro:NPC:CloakDistance <Active effect 4 on  (000BD598)>] OnTimer(aiTimerID=1)
[06/10/2020 - 03:50:59PM] [Metro:NPC:CloakDistance <Active effect 4 on  (48016651)>] OnTimer(aiTimerID=1)
[06/10/2020 - 03:50:59PM] [Metro:NPC:CloakDistance <Active effect 4 on  (4800A8FB)>] OnTimer(aiTimerID=1)
[06/10/2020 - 03:50:59PM] [Metro:NPC:CloakDistance <Active effect 4 on  (000BD599)>] OnTimer(aiTimerID=1)
[06/10/2020 - 03:50:59PM] [Metro:NPC:CloakDistance <Active effect 4 on  (000BD57A)>] OnTimer(aiTimerID=1)
[06/10/2020 - 03:51:00PM] [Metro:NPC:CloakDistance <Active effect 5 on  (48016B36)>] OnDying(akKiller=[Actor < (4800A8FC)>])
[06/10/2020 - 03:51:00PM] [Metro:NPC:CloakDistance <Active effect 5 on  (48016B36)>] Ending the AliveState, new state 
[06/10/2020 - 03:51:01PM] [Metro:NPC:CloakDistance <Active effect 4 on  (4800A8FC)>] OnDying(akKiller=[Actor < (48016B31)>])
[06/10/2020 - 03:51:01PM] [Metro:NPC:CloakDistance <Active effect 4 on  (4800A8FC)>] Ending the AliveState, new state 
[06/10/2020 - 03:51:04PM] [Metro:NPC:CloakDistance <Active effect 2 on  (0001A4D7)>] OnTimer(aiTimerID=1)
[06/10/2020 - 03:51:04PM] [Metro:NPC:CloakDistance <Active effect 4 on  (480165EA)>] OnTimer(aiTimerID=1)
[06/10/2020 - 03:51:04PM] [Metro:NPC:CloakDistance <Active effect 5 on  (FF034CB1)>] OnTimer(aiTimerID=1)
[06/10/2020 - 03:51:06PM] [Metro:NPC:CloakDistance <Active effect 3 on  (48016654)>] OnTimer(aiTimerID=1)
[06/10/2020 - 03:51:07PM] [Metro:NPC:CloakDistance <Active effect 3 on  (48016656)>] OnTimer(aiTimerID=1)
[06/10/2020 - 03:51:09PM] [Metro:NPC:CloakDistance <Active effect 5 on  (480165E9)>] OnTimer(aiTimerID=1)
[06/10/2020 - 03:51:09PM] [Metro:NPC:CloakDistance <Active effect 4 on  (47000ACC)>] OnTimer(aiTimerID=1)
[06/10/2020 - 03:51:09PM] [Metro:NPC:CloakDistance <Active effect 3 on  (000BD59C)>] OnTimer(aiTimerID=1)
[06/10/2020 - 03:51:09PM] [Metro:NPC:CloakDistance <Active effect 4 on  (000BD598)>] OnTimer(aiTimerID=1)
[06/10/2020 - 03:51:09PM] [Metro:NPC:CloakDistance <Active effect 4 on  (000BD595)>] OnTimer(aiTimerID=1)
[06/10/2020 - 03:51:09PM] [Metro:NPC:CloakDistance <Active effect 4 on  (4800A8FB)>] OnTimer(aiTimerID=1)
[06/10/2020 - 03:51:09PM] [Metro:NPC:CloakDistance <Active effect 4 on  (48016651)>] OnTimer(aiTimerID=1)
[06/10/2020 - 03:51:09PM] [Metro:NPC:CloakDistance <Active effect 4 on  (000BD599)>] OnTimer(aiTimerID=1)
[06/10/2020 - 03:51:09PM] [Metro:NPC:CloakDistance <Active effect 4 on  (000BD57A)>] OnTimer(aiTimerID=1)
[06/10/2020 - 03:51:15PM] [Metro:NPC:CloakDistance <Active effect 5 on  (480165E9)>] OnDying(akKiller=[Actor < (00000014)>])
[06/10/2020 - 03:51:15PM] [Metro:NPC:CloakDistance <Active effect 5 on  (480165E9)>] Ending the AliveState, new state 
[06/10/2020 - 03:51:15PM] [Metro:NPC:CloakDistance <None>] OnEffectStart(akTarget=[Actor < (48013519)>], akCaster=[Actor < (48013519)>])
[06/10/2020 - 03:51:15PM] [Metro:NPC:CloakDistance <None>] Entering the AliveState state from 
[06/10/2020 - 03:51:15PM] [Metro:NPC:CloakDistance <Active effect 3 on  (000BD59C)>] OnDying(akKiller=[Actor < (00000014)>])
[06/10/2020 - 03:51:15PM] [Metro:NPC:CloakDistance <Active effect 3 on  (000BD59C)>] Ending the AliveState, new state 
[06/10/2020 - 03:51:16PM] [Metro:NPC:CloakDistance <Active effect 4 on  (480165EA)>] OnTimer(aiTimerID=1)
[06/10/2020 - 03:51:16PM] [Metro:NPC:CloakDistance <Active effect 2 on  (0001A4D7)>] OnTimer(aiTimerID=1)
[06/10/2020 - 03:51:17PM] [Metro:NPC:CloakDistance <Active effect 4 on  (47000ACC)>] OnDying(akKiller=[Actor < (00000014)>])
[06/10/2020 - 03:51:17PM] [Metro:NPC:CloakDistance <Active effect 4 on  (47000ACC)>] Ending the AliveState, new state 
[06/10/2020 - 03:51:17PM] [Metro:NPC:CloakDistance <Active effect 5 on  (FF034CB1)>] OnTimer(aiTimerID=1)
[06/10/2020 - 03:51:59PM] [Metro:NPC:CloakDistance <Active effect 3 on  (48016654)>] OnTimer(aiTimerID=1)
[06/10/2020 - 03:51:59PM] [Metro:NPC:CloakDistance <Active effect 3 on  (48016656)>] OnTimer(aiTimerID=1)
[06/10/2020 - 03:51:59PM] [Metro:NPC:CloakDistance <Active effect 4 on  (480165EA)>] OnDying(akKiller=[Actor < (00000014)>])
[06/10/2020 - 03:51:59PM] [Metro:NPC:CloakDistance <Active effect 4 on  (480165EA)>] Ending the AliveState, new state 
[06/10/2020 - 03:52:01PM] [Metro:NPC:CloakDistance <Active effect 4 on  (000BD598)>] OnTimer(aiTimerID=1)
[06/10/2020 - 03:52:01PM] [Metro:NPC:CloakDistance <Active effect 4 on  (000BD595)>] OnTimer(aiTimerID=1)
[06/10/2020 - 03:52:01PM] [Metro:NPC:CloakDistance <Active effect 4 on  (4800A8FB)>] OnTimer(aiTimerID=1)
[06/10/2020 - 03:52:01PM] [Metro:NPC:CloakDistance <Active effect 4 on  (48016651)>] OnTimer(aiTimerID=1)
[06/10/2020 - 03:52:01PM] [Metro:NPC:CloakDistance <Active effect 4 on  (000BD57A)>] OnTimer(aiTimerID=1)
[06/10/2020 - 03:52:01PM] [Metro:NPC:CloakDistance <Active effect 4 on  (000BD599)>] OnTimer(aiTimerID=1)
[06/10/2020 - 03:52:02PM] [Metro:NPC:CloakDistance <None>] OnEffectStart(akTarget=[workshopnpcscript < (FF00BA5A)>], akCaster=[workshopnpcscript < (FF00BA5A)>])
[06/10/2020 - 03:52:02PM] [Metro:NPC:CloakDistance <None>] Entering the AliveState state from 
[06/10/2020 - 03:52:04PM] [Metro:NPC:CloakDistance <Active effect 5 on  (48016B38)>] OnEffectStart(akTarget=[Actor < (48016B38)>], akCaster=[Actor < (48016B38)>])
[06/10/2020 - 03:52:04PM] [Metro:NPC:CloakDistance <Active effect 5 on  (48016B38)>] Entering the AliveState state from 
[06/10/2020 - 03:52:04PM] [Metro:NPC:CloakDistance <None>] OnEffectStart(akTarget=[Actor < (48013519)>], akCaster=[Actor < (48013519)>])
[06/10/2020 - 03:52:04PM] [Metro:NPC:CloakDistance <None>] Entering the AliveState state from 
[06/10/2020 - 03:52:06PM] [Metro:NPC:CloakDistance <Active effect 2 on  (0001A4D7)>] OnTimer(aiTimerID=1)
[06/10/2020 - 03:52:07PM] [Metro:NPC:CloakDistance <Active effect 5 on  (FF034CB1)>] OnTimer(aiTimerID=1)
[06/10/2020 - 03:54:09PM] [Metro:NPC:CloakDistance <Active effect 4 on  (4800A8FB)>] OnDying(akKiller=[Actor < (48016B31)>])
[06/10/2020 - 03:54:09PM] [Metro:NPC:CloakDistance <Active effect 4 on  (4800A8FB)>] Ending the AliveState, new state 
[06/10/2020 - 03:54:10PM] [Metro:NPC:CloakDistance <Active effect 3 on  (48016654)>] OnTimer(aiTimerID=1)
[06/10/2020 - 03:54:10PM] [Metro:NPC:CloakDistance <Active effect 3 on  (48016656)>] OnTimer(aiTimerID=1)
[06/10/2020 - 03:54:13PM] [Metro:NPC:CloakDistance <Active effect 4 on  (000BD595)>] OnTimer(aiTimerID=1)
[06/10/2020 - 03:54:13PM] [Metro:NPC:CloakDistance <Active effect 4 on  (000BD598)>] OnTimer(aiTimerID=1)
[06/10/2020 - 03:54:13PM] [Metro:NPC:CloakDistance <Active effect 4 on  (48016651)>] OnTimer(aiTimerID=1)
[06/10/2020 - 03:54:13PM] [Metro:NPC:CloakDistance <Active effect 4 on  (000BD599)>] OnTimer(aiTimerID=1)
[06/10/2020 - 03:54:13PM] [Metro:NPC:CloakDistance <Active effect 4 on  (000BD57A)>] OnTimer(aiTimerID=1)
[06/10/2020 - 03:54:17PM] [Metro:NPC:CloakDistance <Active effect 5 on  (48016B38)>] OnTimer(aiTimerID=1)
[06/10/2020 - 03:54:21PM] [Metro:NPC:CloakDistance <Active effect 2 on  (0001A4D7)>] OnTimer(aiTimerID=1)
[06/10/2020 - 03:54:21PM] [Metro:NPC:CloakDistance <Active effect 5 on  (FF034CB1)>] OnTimer(aiTimerID=1)
[06/10/2020 - 03:54:23PM] [Metro:NPC:CloakDistance <Active effect 3 on  (48016654)>] OnTimer(aiTimerID=1)
[06/10/2020 - 03:54:24PM] [Metro:NPC:CloakDistance <Active effect 3 on  (48016656)>] OnTimer(aiTimerID=1)
[06/10/2020 - 03:54:26PM] [Metro:NPC:CloakDistance <Active effect 4 on  (000BD595)>] OnTimer(aiTimerID=1)
[06/10/2020 - 03:54:26PM] [Metro:NPC:CloakDistance <Active effect 4 on  (000BD598)>] OnTimer(aiTimerID=1)
[06/10/2020 - 03:54:26PM] [Metro:NPC:CloakDistance <Active effect 4 on  (48016651)>] OnTimer(aiTimerID=1)
[06/10/2020 - 03:54:26PM] [Metro:NPC:CloakDistance <Active effect 4 on  (000BD57A)>] OnTimer(aiTimerID=1)
[06/10/2020 - 03:54:26PM] [Metro:NPC:CloakDistance <Active effect 4 on  (000BD599)>] OnTimer(aiTimerID=1)
[06/10/2020 - 03:54:29PM] [Metro:NPC:CloakDistance <Active effect 5 on  (48016B38)>] OnTimer(aiTimerID=1)
[06/10/2020 - 03:54:34PM] [Metro:NPC:CloakDistance <Active effect 2 on  (0001A4D7)>] OnTimer(aiTimerID=1)
[06/10/2020 - 03:54:35PM] [Metro:NPC:CloakDistance <Active effect 5 on  (FF034CB1)>] OnTimer(aiTimerID=1)
[06/10/2020 - 03:54:48PM] [Metro:NPC:CloakDistance <Active effect 3 on  (48016654)>] OnTimer(aiTimerID=1)
[06/10/2020 - 03:54:54PM] [Metro:NPC:CloakDistance <Active effect 3 on  (48016656)>] OnTimer(aiTimerID=1)
[06/10/2020 - 03:54:56PM] [Metro:NPC:CloakDistance <Active effect 4 on  (000BD595)>] OnTimer(aiTimerID=1)
[06/10/2020 - 03:54:56PM] [Metro:NPC:CloakDistance <Active effect 4 on  (000BD598)>] OnTimer(aiTimerID=1)
[06/10/2020 - 03:54:57PM] [Metro:NPC:CloakDistance <Active effect 4 on  (48016651)>] OnTimer(aiTimerID=1)
[06/10/2020 - 03:54:57PM] [Metro:NPC:CloakDistance <Active effect 4 on  (000BD57A)>] OnTimer(aiTimerID=1)
[06/10/2020 - 03:54:57PM] [Metro:NPC:CloakDistance <Active effect 4 on  (000BD599)>] OnTimer(aiTimerID=1)
[06/10/2020 - 03:54:58PM] [Metro:NPC:CloakDistance <Active effect 4 on  (000BD599)>] OnDying(akKiller=[Actor < (00000014)>])
[06/10/2020 - 03:54:58PM] [Metro:NPC:CloakDistance <Active effect 4 on  (000BD599)>] Ending the AliveState, new state 
[06/10/2020 - 03:55:13PM] [Metro:NPC:CloakDistance <Active effect 5 on  (48016B38)>] OnTimer(aiTimerID=1)
[06/10/2020 - 03:55:16PM] [Metro:NPC:CloakDistance <Active effect 2 on  (0001A4D7)>] OnTimer(aiTimerID=1)
[06/10/2020 - 03:55:18PM] Log closed
