[03/13/2022 - 05:36:24PM] PANPC log opened (PC-64)
[03/13/2022 - 05:36:24PM] PANPC Version 1.99 (05/21/21) started.
[03/13/2022 - 05:36:24PM] Pipboy identified in inventory.  PANPC fully operational.
[03/13/2022 - 05:36:24PM] Gotpipboy = 1.000000
[03/13/2022 - 05:41:27PM] [REG] Attempting to register Glowing One
[03/13/2022 - 05:41:27PM] [REG] Glowing One is actorbase [ActorBase < (000D39EF)>]
[03/13/2022 - 05:41:29PM] [REG] Glowing One - PANPC unidentified
[03/13/2022 - 05:41:29PM] [REG] Glowing One unidentified, unable to register
[03/13/2022 - 05:41:36PM] [REG] Attempting to register Feral Ghoul Reaver
[03/13/2022 - 05:41:36PM] [REG] Feral Ghoul Reaver is actorbase [ActorBase < (000D911B)>]
[03/13/2022 - 05:41:37PM] [REG] Feral Ghoul Reaver found - base game actor
[03/13/2022 - 05:41:37PM] [REG] Feral Ghoul Reaver identified, now attempting to register
[03/13/2022 - 05:42:15PM] [REG] Attempting to register Withered Feral Ghoul
[03/13/2022 - 05:42:15PM] [REG] Withered Feral Ghoul is actorbase [ActorBase < (000A13C5)>]
[03/13/2022 - 05:42:15PM] [REG] Attempting to register Withered Feral Ghoul
[03/13/2022 - 05:42:15PM] [REG] Withered Feral Ghoul is actorbase [ActorBase < (00075343)>]
[03/13/2022 - 05:42:16PM] [REG] Withered Feral Ghoul found - delayed enable actor
[03/13/2022 - 05:42:16PM] [REG] Withered Feral Ghoul unidentified, unable to register
[03/13/2022 - 05:42:16PM] [REG] Attempting to register Legendary Withered Feral Ghoul
[03/13/2022 - 05:42:16PM] [REG] Legendary Withered Feral Ghoul is actorbase [ActorBase < (0016556A)>]
[03/13/2022 - 05:42:17PM] [REG] Withered Feral Ghoul found - base game actor
[03/13/2022 - 05:42:17PM] [REG] Withered Feral Ghoul identified, now attempting to register
[03/13/2022 - 05:42:17PM] [REG] Attempting to register Feral Ghoul
[03/13/2022 - 05:42:17PM] [REG] Feral Ghoul is actorbase [ActorBase < (00075337)>]
[03/13/2022 - 05:42:18PM] [REG] Legendary Withered Feral Ghoul found - base game actor
[03/13/2022 - 05:42:18PM] [REG] Legendary Withered Feral Ghoul identified, now attempting to register
[03/13/2022 - 05:42:18PM] [REG] Feral Ghoul found - base game actor
[03/13/2022 - 05:42:18PM] [REG] Feral Ghoul identified, now attempting to register
[03/13/2022 - 05:42:24PM] [REG] Attempting to register Feral Ghoul Reaver
[03/13/2022 - 05:42:24PM] [REG] Feral Ghoul Reaver is actorbase [ActorBase < (00075343)>]
[03/13/2022 - 05:42:25PM] [REG] Feral Ghoul Reaver found - base game actor
[03/13/2022 - 05:42:25PM] [REG] Feral Ghoul Reaver identified, now attempting to register
[03/13/2022 - 05:42:26PM] [REG] Attempting to register Glowing One
[03/13/2022 - 05:42:26PM] [REG] Glowing One is actorbase [ActorBase < (000D39EF)>]
[03/13/2022 - 05:42:28PM] [REG] Glowing One - PANPC unidentified
[03/13/2022 - 05:42:28PM] [REG] Glowing One unidentified, unable to register
[03/13/2022 - 05:46:08PM] [REG] Attempting to register Settlement patrol
[03/13/2022 - 05:46:08PM] [REG] Attempting to register Settlement patrol
[03/13/2022 - 05:46:08PM] [REG] Settlement patrol is actorbase [ActorBase < (000BB874)>]
[03/13/2022 - 05:46:08PM] [REG] Settlement patrol is actorbase [ActorBase < (000BB874)>]
[03/13/2022 - 05:46:08PM] [REG] Settlement patrol found - workshop NPC
[03/13/2022 - 05:46:08PM] [REG] Settlement patrol identified, now attempting to register
[03/13/2022 - 05:46:08PM] [REG] Settlement patrol found - workshop NPC
[03/13/2022 - 05:46:08PM] [REG] Settlement patrol identified, now attempting to register
[03/13/2022 - 05:46:16PM] [REG] Attempting to register Stingwing
[03/13/2022 - 05:46:16PM] [REG] Stingwing is actorbase [ActorBase < (0007BB0E)>]
[03/13/2022 - 05:46:17PM] [REG] Stingwing found - delayed enable actor
[03/13/2022 - 05:46:17PM] [REG] Stingwing unidentified, unable to register
[03/13/2022 - 05:46:20PM] [REG] Attempting to register Attack Dog
[03/13/2022 - 05:46:20PM] [REG] Attack Dog is actorbase [ActorBase < (001AF06C)>]
[03/13/2022 - 05:46:21PM] [REG] Attack Dog found - creature
[03/13/2022 - 05:46:21PM] [REG] Attack Dog identified, now attempting to register
[03/13/2022 - 05:46:22PM] [REG] Attempting to register Raider Psychopath
[03/13/2022 - 05:46:22PM] [REG] Raider Psychopath is actorbase [ActorBase < (000F757E)>]
[03/13/2022 - 05:46:23PM] [REG] Attempting to register Raider Freak
[03/13/2022 - 05:46:23PM] [REG] Raider Freak is actorbase [ActorBase < (001B498C)>]
[03/13/2022 - 05:46:24PM] [REG] Raider Freak found - delayed enable actor
[03/13/2022 - 05:46:24PM] [REG] Raider Freak unidentified, unable to register
[03/13/2022 - 05:46:25PM] [REG] Raider Psychopath - PANPC unidentified
[03/13/2022 - 05:46:25PM] [REG] Raider Psychopath unidentified, unable to register
[03/13/2022 - 05:46:34PM] [REG] Attempting to register Legendary Glowing Radstag
[03/13/2022 - 05:46:34PM] [REG] Legendary Glowing Radstag is actorbase [ActorBase < (00090E57)>]
[03/13/2022 - 05:46:34PM] [REG] Attempting to register Radstag
[03/13/2022 - 05:46:34PM] [REG] Radstag is actorbase [ActorBase < (00090E57)>]
[03/13/2022 - 05:46:35PM] [REG] Legendary Glowing Radstag - PANPC unidentified
[03/13/2022 - 05:46:35PM] [REG] Legendary Glowing Radstag unidentified, unable to register
[03/13/2022 - 05:46:36PM] [REG] Radstag - PANPC unidentified
[03/13/2022 - 05:46:36PM] [REG] Radstag unidentified, unable to register
[03/13/2022 - 05:47:01PM] [REG] Attempting to register Legendary Shaggy Yao Guai
[03/13/2022 - 05:47:01PM] [REG] Legendary Shaggy Yao Guai is actorbase [ActorBase < (000B3D7E)>]
[03/13/2022 - 05:47:03PM] [REG] Legendary Shaggy Yao Guai found - base game actor
[03/13/2022 - 05:47:03PM] [REG] Legendary Shaggy Yao Guai unidentified, unable to register
[03/13/2022 - 05:47:07PM] [REG] Attempting to register Raider Schizo
[03/13/2022 - 05:47:07PM] [REG] Raider Schizo is actorbase [ActorBase < (0007533E)>]
[03/13/2022 - 05:47:07PM] [REG] Attempting to register Raider Freak
[03/13/2022 - 05:47:07PM] [REG] Raider Freak is actorbase [ActorBase < (000FD3AB)>]
[03/13/2022 - 05:47:07PM] [REG] Attempting to register Attack Dog
[03/13/2022 - 05:47:07PM] [REG] Attack Dog is actorbase [ActorBase < (001AF06C)>]
[03/13/2022 - 05:47:08PM] [REG] Raider Freak found - base game actor
[03/13/2022 - 05:47:08PM] [REG] Raider Freak identified, now attempting to register
[03/13/2022 - 05:47:09PM] [REG] Raider Schizo - PANPC unidentified
[03/13/2022 - 05:47:09PM] [REG] Raider Schizo unidentified, unable to register
[03/13/2022 - 05:47:09PM] [REG] Attack Dog found - race match
[03/13/2022 - 05:47:09PM] [REG] Attack Dog identified, now attempting to register
[03/13/2022 - 05:47:12PM] [REG] Attempting to register Forged
[03/13/2022 - 05:47:12PM] [REG] Forged is actorbase [ActorBase < (0002A664)>]
[03/13/2022 - 05:47:14PM] [REG] Forged - PANPC unidentified
[03/13/2022 - 05:47:14PM] [REG] Forged unidentified, unable to register
[03/13/2022 - 05:47:20PM] [REG] Attempting to register Forged
[03/13/2022 - 05:47:20PM] [REG] Forged is actorbase [ActorBase < (0013105B)>]
[03/13/2022 - 05:47:21PM] [REG] Attempting to register Raider Dreadnaught
[03/13/2022 - 05:47:21PM] [REG] Raider Dreadnaught is actorbase [ActorBase < (00184757)>]
[03/13/2022 - 05:47:21PM] [REG] Attempting to register Raider Marauder
[03/13/2022 - 05:47:21PM] [REG] Raider Marauder is actorbase [ActorBase < (000EFB71)>]
[03/13/2022 - 05:47:22PM] [REG] Forged - PANPC unidentified
[03/13/2022 - 05:47:22PM] [REG] Forged unidentified, unable to register
[03/13/2022 - 05:47:22PM] [REG] Raider Dreadnaught found - base game actor
[03/13/2022 - 05:47:22PM] [REG] Raider Dreadnaught identified, now attempting to register
[03/13/2022 - 05:47:23PM] [REG] Raider Marauder - PANPC unidentified
[03/13/2022 - 05:47:23PM] [REG] Raider Marauder unidentified, unable to register
[03/13/2022 - 05:47:54PM] [REG] Attempting to register Raider Hoarder
[03/13/2022 - 05:47:54PM] [REG] Raider Hoarder is actorbase [ActorBase < (000CE988)>]
[03/13/2022 - 05:47:56PM] [REG] Raider Hoarder - PANPC unidentified
[03/13/2022 - 05:47:56PM] [REG] Raider Hoarder unidentified, unable to register
[03/13/2022 - 05:47:59PM] [REG] Attempting to register Forged
[03/13/2022 - 05:47:59PM] [REG] Forged is actorbase [ActorBase < (0013105B)>]
[03/13/2022 - 05:48:01PM] [REG] Attempting to register Festering Bloatfly
[03/13/2022 - 05:48:01PM] [REG] Forged - PANPC unidentified
[03/13/2022 - 05:48:01PM] [REG] Forged unidentified, unable to register
[03/13/2022 - 05:48:01PM] [REG] Festering Bloatfly is actorbase [ActorBase < (0003320A)>]
[03/13/2022 - 05:48:01PM] [REG] Attempting to register Raider Schizo
[03/13/2022 - 05:48:01PM] [REG] Raider Schizo is actorbase [ActorBase < (0019C5A0)>]
[03/13/2022 - 05:48:03PM] [REG] Attempting to register Raider Dreadnaught
[03/13/2022 - 05:48:03PM] [REG] Raider Dreadnaught is actorbase [ActorBase < (00184757)>]
[03/13/2022 - 05:48:03PM] [REG] Festering Bloatfly found - base game actor
[03/13/2022 - 05:48:03PM] [REG] Festering Bloatfly unidentified, unable to register
[03/13/2022 - 05:48:03PM] [REG] Raider Schizo - PANPC unidentified
[03/13/2022 - 05:48:03PM] [REG] Raider Schizo unidentified, unable to register
[03/13/2022 - 05:48:04PM] [REG] Raider Dreadnaught - PANPC unidentified
[03/13/2022 - 05:48:04PM] [REG] Raider Dreadnaught unidentified, unable to register
[03/13/2022 - 05:48:05PM] [REG] Attempting to register Raider Marauder
[03/13/2022 - 05:48:05PM] [REG] Raider Marauder is actorbase [ActorBase < (001236A4)>]
[03/13/2022 - 05:48:05PM] [REG] Attempting to register Glowing Bloatfly
[03/13/2022 - 05:48:06PM] [REG] Attempting to register Raider Schizo
[03/13/2022 - 05:48:06PM] [REG] Glowing Bloatfly is actorbase [ActorBase < (0003320A)>]
[03/13/2022 - 05:48:06PM] [REG] Raider Schizo is actorbase [ActorBase < (0019C5A0)>]
[03/13/2022 - 05:48:06PM] [REG] Attempting to register Raider Psychopath
[03/13/2022 - 05:48:06PM] [REG] Raider Psychopath is actorbase [ActorBase < (000FD3AB)>]
[03/13/2022 - 05:48:07PM] [REG] Raider Marauder - PANPC unidentified
[03/13/2022 - 05:48:07PM] [REG] Raider Marauder unidentified, unable to register
[03/13/2022 - 05:48:07PM] [REG] Raider Psychopath found - base game actor
[03/13/2022 - 05:48:07PM] [REG] Raider Psychopath identified, now attempting to register
[03/13/2022 - 05:48:08PM] [REG] Glowing Bloatfly found - base game actor
[03/13/2022 - 05:48:08PM] [REG] Glowing Bloatfly unidentified, unable to register
[03/13/2022 - 05:48:08PM] [REG] Raider Schizo - PANPC unidentified
[03/13/2022 - 05:48:08PM] [REG] Raider Schizo unidentified, unable to register
[03/13/2022 - 05:48:09PM] [REG] Attempting to register Raider Juggernaut
[03/13/2022 - 05:48:09PM] [REG] Raider Juggernaut is actorbase [ActorBase < (000CE987)>]
[03/13/2022 - 05:48:10PM] [REG] Attempting to register Raider Marauder
[03/13/2022 - 05:48:10PM] [REG] Raider Marauder is actorbase [ActorBase < (000CE987)>]
[03/13/2022 - 05:48:10PM] [REG] Attempting to register Raider Freak
[03/13/2022 - 05:48:10PM] [REG] Attempting to register Raider Marauder
[03/13/2022 - 05:48:10PM] [REG] Raider Freak is actorbase [ActorBase < (00184757)>]
[03/13/2022 - 05:48:10PM] [REG] Raider Juggernaut found - base game actor
[03/13/2022 - 05:48:10PM] [REG] Raider Marauder is actorbase [ActorBase < (000EFB6F)>]
[03/13/2022 - 05:48:10PM] [REG] Raider Juggernaut identified, now attempting to register
[03/13/2022 - 05:48:12PM] [REG] Raider Marauder - PANPC unidentified
[03/13/2022 - 05:48:12PM] [REG] Raider Marauder unidentified, unable to register
[03/13/2022 - 05:48:13PM] [REG] Raider Freak - PANPC unidentified
[03/13/2022 - 05:48:13PM] [REG] Raider Marauder - PANPC unidentified
[03/13/2022 - 05:48:13PM] [REG] Raider Freak unidentified, unable to register
[03/13/2022 - 05:48:13PM] [REG] Raider Marauder unidentified, unable to register
[03/13/2022 - 05:48:17PM] [REG] Attempting to register Raider Marauder
[03/13/2022 - 05:48:17PM] [REG] Raider Marauder is actorbase [ActorBase < (000EFB5E)>]
[03/13/2022 - 05:48:18PM] [REG] Raider Marauder - PANPC unidentified
[03/13/2022 - 05:48:18PM] [REG] Raider Marauder unidentified, unable to register
[03/13/2022 - 05:48:40PM] [REG] Attempting to register Festering Bloatfly
[03/13/2022 - 05:48:40PM] [REG] Festering Bloatfly is actorbase [ActorBase < (0003320A)>]
[03/13/2022 - 05:48:41PM] [REG] Attempting to register bloatfly
[03/13/2022 - 05:48:41PM] [REG] bloatfly is actorbase [ActorBase < (0003320A)>]
[03/13/2022 - 05:48:41PM] [REG] Attempting to register Black Bloatfly
[03/13/2022 - 05:48:41PM] [REG] Black Bloatfly is actorbase [ActorBase < (0003320A)>]
[03/13/2022 - 05:48:42PM] [REG] Attempting to register Black Bloatfly
[03/13/2022 - 05:48:42PM] [REG] Black Bloatfly is actorbase [ActorBase < (0003320A)>]
[03/13/2022 - 05:48:42PM] [REG] Attempting to register Festering Bloatfly
[03/13/2022 - 05:48:42PM] [REG] Attempting to register Black Bloatfly
[03/13/2022 - 05:48:42PM] [REG] Black Bloatfly is actorbase [ActorBase < (0003320A)>]
[03/13/2022 - 05:48:42PM] [REG] Festering Bloatfly is actorbase [ActorBase < (0003320A)>]
[03/13/2022 - 05:48:42PM] [REG] Attempting to register Glowing Bloatfly
[03/13/2022 - 05:48:42PM] [REG] Attempting to register Festering Bloatfly
[03/13/2022 - 05:48:42PM] [REG] Glowing Bloatfly is actorbase [ActorBase < (0003320A)>]
[03/13/2022 - 05:48:42PM] [REG] Festering Bloatfly is actorbase [ActorBase < (0003320A)>]
[03/13/2022 - 05:48:42PM] [REG] Attempting to register bloatfly
[03/13/2022 - 05:48:42PM] [REG] bloatfly is actorbase [ActorBase < (0003320A)>]
[03/13/2022 - 05:48:43PM] [REG] Attempting to register Legendary Glowing Bloatfly
[03/13/2022 - 05:48:43PM] [REG] Legendary Glowing Bloatfly is actorbase [ActorBase < (0003320A)>]
[03/13/2022 - 05:48:43PM] [REG] Attempting to register bloatfly
[03/13/2022 - 05:48:43PM] [REG] bloatfly is actorbase [ActorBase < (0003320A)>]
[03/13/2022 - 05:48:43PM] [REG] Festering Bloatfly found - base game actor
[03/13/2022 - 05:48:43PM] [REG] Festering Bloatfly unidentified, unable to register
[03/13/2022 - 05:48:43PM] [REG] Attempting to register Black Bloatfly
[03/13/2022 - 05:48:43PM] [REG] Black Bloatfly is actorbase [ActorBase < (0003320A)>]
[03/13/2022 - 05:48:43PM] [REG] bloatfly found - base game actor
[03/13/2022 - 05:48:43PM] [REG] bloatfly unidentified, unable to register
[03/13/2022 - 05:48:44PM] [REG] Attempting to register Black Bloatfly
[03/13/2022 - 05:48:44PM] [REG] Black Bloatfly is actorbase [ActorBase < (0003320A)>]
[03/13/2022 - 05:48:44PM] [REG] Black Bloatfly found - base game actor
[03/13/2022 - 05:48:44PM] [REG] Black Bloatfly unidentified, unable to register
[03/13/2022 - 05:48:44PM] [REG] Black Bloatfly found - base game actor
[03/13/2022 - 05:48:44PM] [REG] Attempting to register bloatfly
[03/13/2022 - 05:48:44PM] [REG] Black Bloatfly unidentified, unable to register
[03/13/2022 - 05:48:44PM] [REG] bloatfly is actorbase [ActorBase < (0003320A)>]
[03/13/2022 - 05:48:44PM] [REG] Black Bloatfly found - base game actor
[03/13/2022 - 05:48:44PM] [REG] Black Bloatfly unidentified, unable to register
[03/13/2022 - 05:48:44PM] [REG] Festering Bloatfly found - base game actor
[03/13/2022 - 05:48:44PM] [REG] Festering Bloatfly unidentified, unable to register
[03/13/2022 - 05:48:44PM] [REG] Festering Bloatfly found - base game actor
[03/13/2022 - 05:48:44PM] [REG] Festering Bloatfly unidentified, unable to register
[03/13/2022 - 05:48:45PM] [REG] Glowing Bloatfly found - base game actor
[03/13/2022 - 05:48:45PM] [REG] bloatfly found - base game actor
[03/13/2022 - 05:48:45PM] [REG] Glowing Bloatfly unidentified, unable to register
[03/13/2022 - 05:48:45PM] [REG] bloatfly unidentified, unable to register
[03/13/2022 - 05:48:45PM] [REG] Legendary Glowing Bloatfly found - base game actor
[03/13/2022 - 05:48:45PM] [REG] Legendary Glowing Bloatfly unidentified, unable to register
[03/13/2022 - 05:48:45PM] [REG] Attempting to register Festering Bloatfly
[03/13/2022 - 05:48:45PM] [REG] bloatfly found - base game actor
[03/13/2022 - 05:48:45PM] [REG] Festering Bloatfly is actorbase [ActorBase < (0003320A)>]
[03/13/2022 - 05:48:45PM] [REG] bloatfly unidentified, unable to register
[03/13/2022 - 05:48:46PM] [REG] Attempting to register bloatfly
[03/13/2022 - 05:48:46PM] [REG] Attempting to register Glowing Bloatfly
[03/13/2022 - 05:48:46PM] [REG] Attempting to register Festering Bloatfly
[03/13/2022 - 05:48:46PM] [REG] Attempting to register Festering Bloatfly
[03/13/2022 - 05:48:46PM] [REG] Attempting to register Glowing Bloatfly
[03/13/2022 - 05:48:46PM] [REG] bloatfly is actorbase [ActorBase < (0003320A)>]
[03/13/2022 - 05:48:46PM] [REG] Festering Bloatfly is actorbase [ActorBase < (0003320A)>]
[03/13/2022 - 05:48:46PM] [REG] Festering Bloatfly is actorbase [ActorBase < (0003320A)>]
[03/13/2022 - 05:48:46PM] [REG] Glowing Bloatfly is actorbase [ActorBase < (0003320A)>]
[03/13/2022 - 05:48:46PM] [REG] Attempting to register bloatfly
[03/13/2022 - 05:48:46PM] [REG] Glowing Bloatfly is actorbase [ActorBase < (0003320A)>]
[03/13/2022 - 05:48:46PM] [REG] Attempting to register Black Bloatfly
[03/13/2022 - 05:48:46PM] [REG] bloatfly is actorbase [ActorBase < (0003320A)>]
[03/13/2022 - 05:48:46PM] [REG] Black Bloatfly is actorbase [ActorBase < (0003320A)>]
[03/13/2022 - 05:48:46PM] [REG] Attempting to register Black Bloatfly
[03/13/2022 - 05:48:46PM] [REG] Black Bloatfly is actorbase [ActorBase < (0003320A)>]
[03/13/2022 - 05:48:46PM] [REG] Black Bloatfly found - base game actor
[03/13/2022 - 05:48:46PM] [REG] Black Bloatfly unidentified, unable to register
[03/13/2022 - 05:48:46PM] [REG] Black Bloatfly found - base game actor
[03/13/2022 - 05:48:46PM] [REG] Black Bloatfly unidentified, unable to register
[03/13/2022 - 05:48:47PM] [REG] bloatfly found - base game actor
[03/13/2022 - 05:48:47PM] [REG] bloatfly unidentified, unable to register
[03/13/2022 - 05:48:48PM] [REG] Attempting to register Festering Bloatfly
[03/13/2022 - 05:48:48PM] [REG] Festering Bloatfly is actorbase [ActorBase < (0003320A)>]
[03/13/2022 - 05:48:48PM] [REG] Festering Bloatfly found - base game actor
[03/13/2022 - 05:48:48PM] [REG] Festering Bloatfly unidentified, unable to register
[03/13/2022 - 05:48:48PM] [REG] bloatfly found - base game actor
[03/13/2022 - 05:48:48PM] [REG] bloatfly unidentified, unable to register
[03/13/2022 - 05:48:49PM] [REG] Festering Bloatfly found - base game actor
[03/13/2022 - 05:48:49PM] [REG] Festering Bloatfly unidentified, unable to register
[03/13/2022 - 05:48:49PM] [REG] Glowing Bloatfly found - base game actor
[03/13/2022 - 05:48:49PM] [REG] Glowing Bloatfly unidentified, unable to register
[03/13/2022 - 05:48:49PM] [REG] Glowing Bloatfly found - base game actor
[03/13/2022 - 05:48:49PM] [REG] bloatfly found - base game actor
[03/13/2022 - 05:48:49PM] [REG] Black Bloatfly found - base game actor
[03/13/2022 - 05:48:49PM] [REG] bloatfly unidentified, unable to register
[03/13/2022 - 05:48:49PM] [REG] Glowing Bloatfly unidentified, unable to register
[03/13/2022 - 05:48:49PM] [REG] Black Bloatfly unidentified, unable to register
[03/13/2022 - 05:48:49PM] [REG] Festering Bloatfly found - base game actor
[03/13/2022 - 05:48:49PM] [REG] Festering Bloatfly unidentified, unable to register
[03/13/2022 - 05:48:49PM] [REG] Black Bloatfly found - base game actor
[03/13/2022 - 05:48:49PM] [REG] Black Bloatfly unidentified, unable to register
[03/13/2022 - 05:48:49PM] [REG] Attempting to register Glowing Bloatfly
[03/13/2022 - 05:48:49PM] [REG] Attempting to register Festering Bloatfly
[03/13/2022 - 05:48:49PM] [REG] Glowing Bloatfly is actorbase [ActorBase < (0003320A)>]
[03/13/2022 - 05:48:49PM] [REG] Festering Bloatfly is actorbase [ActorBase < (0003320A)>]
[03/13/2022 - 05:48:49PM] [REG] Attempting to register bloatfly
[03/13/2022 - 05:48:49PM] [REG] bloatfly is actorbase [ActorBase < (0003320A)>]
[03/13/2022 - 05:48:49PM] [REG] Attempting to register Glowing Bloatfly
[03/13/2022 - 05:48:49PM] [REG] Glowing Bloatfly is actorbase [ActorBase < (0003320A)>]
[03/13/2022 - 05:48:50PM] [REG] Attempting to register Legendary Glowing Bloatfly
[03/13/2022 - 05:48:50PM] [REG] Legendary Glowing Bloatfly is actorbase [ActorBase < (0003320A)>]
[03/13/2022 - 05:48:50PM] [REG] Festering Bloatfly found - base game actor
[03/13/2022 - 05:48:50PM] [REG] Festering Bloatfly unidentified, unable to register
[03/13/2022 - 05:48:50PM] [REG] Attempting to register Glowing Bloatfly
[03/13/2022 - 05:48:50PM] [REG] Glowing Bloatfly is actorbase [ActorBase < (0003320A)>]
[03/13/2022 - 05:48:51PM] [REG] Attempting to register Legendary Glowing Bloatfly
[03/13/2022 - 05:48:51PM] [REG] Legendary Glowing Bloatfly is actorbase [ActorBase < (0003320A)>]
[03/13/2022 - 05:48:51PM] [REG] Festering Bloatfly found - base game actor
[03/13/2022 - 05:48:51PM] [REG] Festering Bloatfly unidentified, unable to register
[03/13/2022 - 05:48:51PM] [REG] Glowing Bloatfly found - base game actor
[03/13/2022 - 05:48:51PM] [REG] Glowing Bloatfly unidentified, unable to register
[03/13/2022 - 05:48:51PM] [REG] bloatfly found - base game actor
[03/13/2022 - 05:48:51PM] [REG] bloatfly unidentified, unable to register
[03/13/2022 - 05:48:52PM] [REG] Glowing Bloatfly found - base game actor
[03/13/2022 - 05:48:52PM] [REG] Glowing Bloatfly unidentified, unable to register
[03/13/2022 - 05:48:52PM] [REG] Attempting to register Festering Bloatfly
[03/13/2022 - 05:48:52PM] [REG] Festering Bloatfly is actorbase [ActorBase < (0003320A)>]
[03/13/2022 - 05:48:52PM] [REG] Legendary Glowing Bloatfly found - base game actor
[03/13/2022 - 05:48:52PM] [REG] Legendary Glowing Bloatfly unidentified, unable to register
[03/13/2022 - 05:48:53PM] [REG] Glowing Bloatfly found - base game actor
[03/13/2022 - 05:48:53PM] [REG] Glowing Bloatfly unidentified, unable to register
[03/13/2022 - 05:48:53PM] [REG] Legendary Glowing Bloatfly found - base game actor
[03/13/2022 - 05:48:53PM] [REG] Legendary Glowing Bloatfly unidentified, unable to register
[03/13/2022 - 05:48:54PM] [REG] Festering Bloatfly found - base game actor
[03/13/2022 - 05:48:54PM] [REG] Festering Bloatfly unidentified, unable to register
[03/13/2022 - 05:49:24PM] [REG] Attempting to register Festering Bloatfly
[03/13/2022 - 05:49:24PM] [REG] Attempting to register Black Bloatfly
[03/13/2022 - 05:49:24PM] [REG] Attempting to register Glowing Bloatfly
[03/13/2022 - 05:49:24PM] [REG] Festering Bloatfly is actorbase [ActorBase < (0003320A)>]
[03/13/2022 - 05:49:24PM] [REG] Attempting to register bloatfly
[03/13/2022 - 05:49:24PM] [REG] Glowing Bloatfly is actorbase [ActorBase < (0003320A)>]
[03/13/2022 - 05:49:24PM] [REG] Black Bloatfly is actorbase [ActorBase < (0003320A)>]
[03/13/2022 - 05:49:24PM] [REG] bloatfly is actorbase [ActorBase < (0003320A)>]
[03/13/2022 - 05:49:27PM] [REG] bloatfly found - base game actor
[03/13/2022 - 05:49:27PM] [REG] bloatfly unidentified, unable to register
[03/13/2022 - 05:49:27PM] [REG] Festering Bloatfly found - base game actor
[03/13/2022 - 05:49:27PM] [REG] Festering Bloatfly unidentified, unable to register
[03/13/2022 - 05:49:27PM] [REG] Glowing Bloatfly found - base game actor
[03/13/2022 - 05:49:27PM] [REG] Glowing Bloatfly unidentified, unable to register
[03/13/2022 - 05:49:27PM] [REG] Black Bloatfly found - base game actor
[03/13/2022 - 05:49:27PM] [REG] Black Bloatfly unidentified, unable to register
[03/13/2022 - 05:49:38PM] [REG] Attempting to register Forged Flamewalker
[03/13/2022 - 05:49:38PM] [REG] Forged Flamewalker is actorbase [ActorBase < (0013105B)>]
[03/13/2022 - 05:49:44PM] [REG] Forged Flamewalker - PANPC unidentified
[03/13/2022 - 05:49:44PM] [REG] Forged Flamewalker unidentified, unable to register
[03/13/2022 - 05:51:01PM] [REG] Attempting to register Legendary Glowing Bloatfly
[03/13/2022 - 05:51:01PM] [REG] Attempting to register Festering Bloatfly
[03/13/2022 - 05:51:01PM] [REG] Attempting to register Festering Bloatfly
[03/13/2022 - 05:51:01PM] [REG] Legendary Glowing Bloatfly is actorbase [ActorBase < (0003320A)>]
[03/13/2022 - 05:51:01PM] [REG] Festering Bloatfly is actorbase [ActorBase < (0003320A)>]
[03/13/2022 - 05:51:01PM] [REG] Festering Bloatfly is actorbase [ActorBase < (0003320A)>]
[03/13/2022 - 05:51:04PM] [REG] Festering Bloatfly found - base game actor
[03/13/2022 - 05:51:04PM] [REG] Festering Bloatfly unidentified, unable to register
[03/13/2022 - 05:51:04PM] [REG] Legendary Glowing Bloatfly found - base game actor
[03/13/2022 - 05:51:04PM] [REG] Legendary Glowing Bloatfly unidentified, unable to register
[03/13/2022 - 05:51:04PM] [REG] Festering Bloatfly found - base game actor
[03/13/2022 - 05:51:04PM] [REG] Festering Bloatfly unidentified, unable to register
[03/13/2022 - 05:51:06PM] [REG] Attempting to register Black Bloatfly
[03/13/2022 - 05:51:06PM] [REG] Black Bloatfly is actorbase [ActorBase < (0003320A)>]
[03/13/2022 - 05:51:06PM] [REG] Attempting to register Festering Bloatfly
[03/13/2022 - 05:51:06PM] [REG] Festering Bloatfly is actorbase [ActorBase < (0003320A)>]
[03/13/2022 - 05:51:06PM] [REG] Attempting to register bloatfly
[03/13/2022 - 05:51:06PM] [REG] Attempting to register Glowing Bloatfly
[03/13/2022 - 05:51:06PM] [REG] bloatfly is actorbase [ActorBase < (0003320A)>]
[03/13/2022 - 05:51:06PM] [REG] Glowing Bloatfly is actorbase [ActorBase < (0003320A)>]
[03/13/2022 - 05:51:07PM] [REG] Attempting to register Festering Bloatfly
[03/13/2022 - 05:51:07PM] [REG] Festering Bloatfly is actorbase [ActorBase < (0003320A)>]
[03/13/2022 - 05:51:07PM] [REG] Attempting to register Festering Bloatfly
[03/13/2022 - 05:51:07PM] [REG] Festering Bloatfly is actorbase [ActorBase < (0003320A)>]
[03/13/2022 - 05:51:07PM] [REG] Attempting to register Legendary Glowing Bloatfly
[03/13/2022 - 05:51:07PM] [REG] Legendary Glowing Bloatfly is actorbase [ActorBase < (0003320A)>]
[03/13/2022 - 05:51:10PM] [REG] Black Bloatfly found - base game actor
[03/13/2022 - 05:51:10PM] [REG] Black Bloatfly unidentified, unable to register
[03/13/2022 - 05:51:10PM] [REG] Festering Bloatfly found - base game actor
[03/13/2022 - 05:51:10PM] [REG] Festering Bloatfly unidentified, unable to register
[03/13/2022 - 05:51:10PM] [REG] bloatfly found - base game actor
[03/13/2022 - 05:51:10PM] [REG] bloatfly unidentified, unable to register
[03/13/2022 - 05:51:10PM] [REG] Glowing Bloatfly found - base game actor
[03/13/2022 - 05:51:10PM] [REG] Glowing Bloatfly unidentified, unable to register
[03/13/2022 - 05:51:10PM] [REG] Festering Bloatfly found - base game actor
[03/13/2022 - 05:51:10PM] [REG] Festering Bloatfly unidentified, unable to register
[03/13/2022 - 05:51:10PM] [REG] Festering Bloatfly found - base game actor
[03/13/2022 - 05:51:10PM] [REG] Festering Bloatfly unidentified, unable to register
[03/13/2022 - 05:51:10PM] [REG] Legendary Glowing Bloatfly found - base game actor
[03/13/2022 - 05:51:10PM] [REG] Legendary Glowing Bloatfly unidentified, unable to register
[03/13/2022 - 05:51:57PM] [REG] Attempting to register Festering Bloatfly
[03/13/2022 - 05:51:57PM] [REG] Attempting to register Black Bloatfly
[03/13/2022 - 05:51:57PM] [REG] Attempting to register Glowing Bloatfly
[03/13/2022 - 05:51:57PM] [REG] Festering Bloatfly is actorbase [ActorBase < (0003320A)>]
[03/13/2022 - 05:51:57PM] [REG] Black Bloatfly is actorbase [ActorBase < (0003320A)>]
[03/13/2022 - 05:51:57PM] [REG] Glowing Bloatfly is actorbase [ActorBase < (0003320A)>]
[03/13/2022 - 05:52:00PM] [REG] Glowing Bloatfly found - base game actor
[03/13/2022 - 05:52:00PM] [REG] Glowing Bloatfly unidentified, unable to register
[03/13/2022 - 05:52:00PM] [REG] Festering Bloatfly found - base game actor
[03/13/2022 - 05:52:00PM] [REG] Festering Bloatfly unidentified, unable to register
[03/13/2022 - 05:52:00PM] [REG] Black Bloatfly found - base game actor
[03/13/2022 - 05:52:00PM] [REG] Black Bloatfly unidentified, unable to register
[03/13/2022 - 05:52:03PM] [REG] Attempting to register bloatfly
[03/13/2022 - 05:52:03PM] [REG] bloatfly is actorbase [ActorBase < (0003320A)>]
[03/13/2022 - 05:52:06PM] [REG] bloatfly found - base game actor
[03/13/2022 - 05:52:06PM] [REG] bloatfly unidentified, unable to register
[03/13/2022 - 05:52:07PM] [REG] Attempting to register Black Bloatfly
[03/13/2022 - 05:52:07PM] [REG] Black Bloatfly is actorbase [ActorBase < (0003320A)>]
[03/13/2022 - 05:52:09PM] [REG] Attempting to register Glowing Bloatfly
[03/13/2022 - 05:52:09PM] [REG] Glowing Bloatfly is actorbase [ActorBase < (0003320A)>]
[03/13/2022 - 05:52:09PM] [REG] Black Bloatfly found - base game actor
[03/13/2022 - 05:52:09PM] [REG] Black Bloatfly unidentified, unable to register
[03/13/2022 - 05:52:12PM] [REG] Glowing Bloatfly found - base game actor
[03/13/2022 - 05:52:12PM] [REG] Glowing Bloatfly unidentified, unable to register
[03/13/2022 - 05:52:26PM] [REG] Attempting to register Legendary Glowing Bloatfly
[03/13/2022 - 05:52:26PM] [REG] Attempting to register Festering Bloatfly
[03/13/2022 - 05:52:26PM] [REG] Attempting to register Festering Bloatfly
[03/13/2022 - 05:52:26PM] [REG] Legendary Glowing Bloatfly is actorbase [ActorBase < (0003320A)>]
[03/13/2022 - 05:52:26PM] [REG] Festering Bloatfly is actorbase [ActorBase < (0003320A)>]
[03/13/2022 - 05:52:26PM] [REG] Festering Bloatfly is actorbase [ActorBase < (0003320A)>]
[03/13/2022 - 05:52:29PM] [REG] Festering Bloatfly found - base game actor
[03/13/2022 - 05:52:29PM] [REG] Festering Bloatfly unidentified, unable to register
[03/13/2022 - 05:52:29PM] [REG] Legendary Glowing Bloatfly found - base game actor
[03/13/2022 - 05:52:29PM] [REG] Festering Bloatfly found - base game actor
[03/13/2022 - 05:52:29PM] [REG] Legendary Glowing Bloatfly unidentified, unable to register
[03/13/2022 - 05:52:29PM] [REG] Festering Bloatfly unidentified, unable to register
[03/13/2022 - 05:52:33PM] [REG] Attempting to register Festering Bloatfly
[03/13/2022 - 05:52:33PM] [REG] Festering Bloatfly is actorbase [ActorBase < (0003320A)>]
[03/13/2022 - 05:52:36PM] [REG] Festering Bloatfly found - base game actor
[03/13/2022 - 05:52:36PM] [REG] Festering Bloatfly unidentified, unable to register
[03/13/2022 - 05:53:07PM] Player visibility level now 0.200000.
[03/13/2022 - 05:53:12PM] Player visibility level now 0.000000.
[03/13/2022 - 05:54:16PM] [REG] Attempting to register Glowing Bloatfly
[03/13/2022 - 05:54:16PM] [REG] Attempting to register bloatfly
[03/13/2022 - 05:54:16PM] [REG] Attempting to register Festering Bloatfly
[03/13/2022 - 05:54:16PM] [REG] Glowing Bloatfly is actorbase [ActorBase < (0003320A)>]
[03/13/2022 - 05:54:16PM] [REG] Festering Bloatfly is actorbase [ActorBase < (0003320A)>]
[03/13/2022 - 05:54:16PM] [REG] bloatfly is actorbase [ActorBase < (0003320A)>]
[03/13/2022 - 05:54:19PM] [REG] Festering Bloatfly found - base game actor
[03/13/2022 - 05:54:19PM] [REG] Festering Bloatfly unidentified, unable to register
[03/13/2022 - 05:54:19PM] [REG] Glowing Bloatfly found - base game actor
[03/13/2022 - 05:54:19PM] [REG] Glowing Bloatfly unidentified, unable to register
[03/13/2022 - 05:54:19PM] [REG] bloatfly found - base game actor
[03/13/2022 - 05:54:19PM] [REG] bloatfly unidentified, unable to register
[03/13/2022 - 05:54:22PM] [REG] Attempting to register bloatfly
[03/13/2022 - 05:54:22PM] [REG] Attempting to register Black Bloatfly
[03/13/2022 - 05:54:22PM] [REG] Attempting to register Legendary Glowing Bloatfly
[03/13/2022 - 05:54:22PM] [REG] bloatfly is actorbase [ActorBase < (0003320A)>]
[03/13/2022 - 05:54:22PM] [REG] Attempting to register Glowing Bloatfly
[03/13/2022 - 05:54:22PM] [REG] Attempting to register Glowing Bloatfly
[03/13/2022 - 05:54:22PM] [REG] Legendary Glowing Bloatfly is actorbase [ActorBase < (0003320A)>]
[03/13/2022 - 05:54:22PM] [REG] Black Bloatfly is actorbase [ActorBase < (0003320A)>]
[03/13/2022 - 05:54:22PM] [REG] Glowing Bloatfly is actorbase [ActorBase < (0003320A)>]
[03/13/2022 - 05:54:22PM] [REG] Glowing Bloatfly is actorbase [ActorBase < (0003320A)>]
[03/13/2022 - 05:54:25PM] [REG] bloatfly found - base game actor
[03/13/2022 - 05:54:25PM] [REG] bloatfly unidentified, unable to register
[03/13/2022 - 05:54:25PM] [REG] Glowing Bloatfly found - base game actor
[03/13/2022 - 05:54:25PM] [REG] Black Bloatfly found - base game actor
[03/13/2022 - 05:54:25PM] [REG] Glowing Bloatfly unidentified, unable to register
[03/13/2022 - 05:54:25PM] [REG] Black Bloatfly unidentified, unable to register
[03/13/2022 - 05:54:25PM] [REG] Legendary Glowing Bloatfly found - base game actor
[03/13/2022 - 05:54:25PM] [REG] Legendary Glowing Bloatfly unidentified, unable to register
[03/13/2022 - 05:54:25PM] [REG] Glowing Bloatfly found - base game actor
[03/13/2022 - 05:54:25PM] [REG] Glowing Bloatfly unidentified, unable to register
[03/13/2022 - 05:55:53PM] Player visibility level now 0.200000.
[03/13/2022 - 05:55:58PM] Player visibility level now 0.000000.
[03/13/2022 - 05:56:07PM] [REG] Attempting to register bloatfly
[03/13/2022 - 05:56:07PM] [REG] bloatfly is actorbase [ActorBase < (0003320A)>]
[03/13/2022 - 05:56:08PM] [REG] Attempting to register Black Bloatfly
[03/13/2022 - 05:56:08PM] [REG] Black Bloatfly is actorbase [ActorBase < (0003320A)>]
[03/13/2022 - 05:56:12PM] [REG] bloatfly found - base game actor
[03/13/2022 - 05:56:12PM] [REG] bloatfly unidentified, unable to register
[03/13/2022 - 05:56:12PM] [REG] Black Bloatfly found - base game actor
[03/13/2022 - 05:56:12PM] [REG] Black Bloatfly unidentified, unable to register
[03/13/2022 - 05:56:16PM] [REG] Attempting to register Black Bloatfly
[03/13/2022 - 05:56:16PM] [REG] Black Bloatfly is actorbase [ActorBase < (0003320A)>]
[03/13/2022 - 05:56:19PM] [REG] Black Bloatfly found - base game actor
[03/13/2022 - 05:56:19PM] [REG] Black Bloatfly unidentified, unable to register
[03/13/2022 - 05:56:41PM] [REG] Attempting to register Black Bloatfly
[03/13/2022 - 05:56:41PM] [REG] Attempting to register Festering Bloatfly
[03/13/2022 - 05:56:41PM] [REG] Attempting to register Festering Bloatfly
[03/13/2022 - 05:56:41PM] [REG] Attempting to register Black Bloatfly
[03/13/2022 - 05:56:41PM] [REG] Festering Bloatfly is actorbase [ActorBase < (0003320A)>]
[03/13/2022 - 05:56:41PM] [REG] Black Bloatfly is actorbase [ActorBase < (0003320A)>]
[03/13/2022 - 05:56:41PM] [REG] Festering Bloatfly is actorbase [ActorBase < (0003320A)>]
[03/13/2022 - 05:56:41PM] [REG] Black Bloatfly is actorbase [ActorBase < (0003320A)>]
[03/13/2022 - 05:56:49PM] [REG] Festering Bloatfly found - base game actor
[03/13/2022 - 05:56:49PM] [REG] Festering Bloatfly unidentified, unable to register
[03/13/2022 - 05:56:50PM] [REG] Festering Bloatfly found - base game actor
[03/13/2022 - 05:56:50PM] [REG] Festering Bloatfly unidentified, unable to register
[03/13/2022 - 05:56:50PM] [REG] Black Bloatfly found - base game actor
[03/13/2022 - 05:56:50PM] [REG] Black Bloatfly unidentified, unable to register
[03/13/2022 - 05:56:50PM] [REG] Black Bloatfly found - base game actor
[03/13/2022 - 05:56:50PM] [REG] Black Bloatfly unidentified, unable to register
[03/13/2022 - 06:01:52PM] [REG] Attempting to register Glowing Bloatfly
[03/13/2022 - 06:01:52PM] [REG] Glowing Bloatfly is actorbase [ActorBase < (0003320A)>]
[03/13/2022 - 06:01:56PM] [REG] Glowing Bloatfly found - base game actor
[03/13/2022 - 06:01:56PM] [REG] Glowing Bloatfly unidentified, unable to register
[03/13/2022 - 06:02:11PM] [REG] Attempting to register Black Bloatfly
[03/13/2022 - 06:02:11PM] [REG] Black Bloatfly is actorbase [ActorBase < (0003320A)>]
[03/13/2022 - 06:02:12PM] [REG] Attempting to register Glowing Bloatfly
[03/13/2022 - 06:02:12PM] [REG] Glowing Bloatfly is actorbase [ActorBase < (0003320A)>]
[03/13/2022 - 06:02:15PM] [REG] Black Bloatfly found - base game actor
[03/13/2022 - 06:02:15PM] [REG] Black Bloatfly unidentified, unable to register
[03/13/2022 - 06:02:15PM] [REG] Glowing Bloatfly found - base game actor
[03/13/2022 - 06:02:15PM] [REG] Glowing Bloatfly unidentified, unable to register
[03/13/2022 - 06:02:20PM] [REG] Attempting to register Festering Bloatfly
[03/13/2022 - 06:02:21PM] [REG] Festering Bloatfly is actorbase [ActorBase < (0003320A)>]
[03/13/2022 - 06:02:21PM] [REG] Attempting to register Black Bloatfly
[03/13/2022 - 06:02:21PM] [REG] Black Bloatfly is actorbase [ActorBase < (0003320A)>]
[03/13/2022 - 06:02:23PM] [REG] Festering Bloatfly found - base game actor
[03/13/2022 - 06:02:23PM] [REG] Festering Bloatfly unidentified, unable to register
[03/13/2022 - 06:02:24PM] [REG] Black Bloatfly found - base game actor
[03/13/2022 - 06:02:24PM] [REG] Black Bloatfly unidentified, unable to register
[03/13/2022 - 06:02:24PM] [REG] Attempting to register Black Bloatfly
[03/13/2022 - 06:02:24PM] [REG] Black Bloatfly is actorbase [ActorBase < (0003320A)>]
[03/13/2022 - 06:02:25PM] [REG] Attempting to register bloatfly
[03/13/2022 - 06:02:25PM] [REG] bloatfly is actorbase [ActorBase < (0003320A)>]
[03/13/2022 - 06:02:27PM] [REG] Black Bloatfly found - base game actor
[03/13/2022 - 06:02:27PM] [REG] Black Bloatfly unidentified, unable to register
[03/13/2022 - 06:02:27PM] [REG] bloatfly found - base game actor
[03/13/2022 - 06:02:27PM] [REG] bloatfly unidentified, unable to register
[03/13/2022 - 06:02:27PM] [REG] Attempting to register Festering Bloatfly
[03/13/2022 - 06:02:27PM] [REG] Festering Bloatfly is actorbase [ActorBase < (0003320A)>]
[03/13/2022 - 06:02:28PM] [REG] Attempting to register Glowing Bloatfly
[03/13/2022 - 06:02:28PM] [REG] Attempting to register Black Bloatfly
[03/13/2022 - 06:02:28PM] [REG] Glowing Bloatfly is actorbase [ActorBase < (0003320A)>]
[03/13/2022 - 06:02:28PM] [REG] Black Bloatfly is actorbase [ActorBase < (0003320A)>]
[03/13/2022 - 06:02:28PM] [REG] Attempting to register Festering Bloatfly
[03/13/2022 - 06:02:28PM] [REG] Festering Bloatfly is actorbase [ActorBase < (0003320A)>]
[03/13/2022 - 06:02:28PM] [REG] Attempting to register Festering Bloatfly
[03/13/2022 - 06:02:28PM] [REG] Festering Bloatfly is actorbase [ActorBase < (0003320A)>]
[03/13/2022 - 06:02:28PM] [REG] Attempting to register bloatfly
[03/13/2022 - 06:02:28PM] [REG] bloatfly is actorbase [ActorBase < (0003320A)>]
[03/13/2022 - 06:02:29PM] [REG] Attempting to register Black Bloatfly
[03/13/2022 - 06:02:29PM] [REG] Black Bloatfly is actorbase [ActorBase < (0003320A)>]
[03/13/2022 - 06:02:29PM] [REG] Attempting to register Legendary Glowing Bloatfly
[03/13/2022 - 06:02:29PM] [REG] Legendary Glowing Bloatfly is actorbase [ActorBase < (0003320A)>]
[03/13/2022 - 06:02:30PM] [REG] Attempting to register bloatfly
[03/13/2022 - 06:02:30PM] [REG] bloatfly is actorbase [ActorBase < (0003320A)>]
[03/13/2022 - 06:02:30PM] [REG] Festering Bloatfly found - base game actor
[03/13/2022 - 06:02:30PM] [REG] Festering Bloatfly unidentified, unable to register
[03/13/2022 - 06:02:30PM] [REG] Glowing Bloatfly found - base game actor
[03/13/2022 - 06:02:30PM] [REG] Glowing Bloatfly unidentified, unable to register
[03/13/2022 - 06:02:30PM] [REG] Festering Bloatfly found - base game actor
[03/13/2022 - 06:02:30PM] [REG] Festering Bloatfly unidentified, unable to register
[03/13/2022 - 06:02:30PM] [REG] Black Bloatfly found - base game actor
[03/13/2022 - 06:02:30PM] [REG] Black Bloatfly unidentified, unable to register
[03/13/2022 - 06:02:30PM] [REG] Festering Bloatfly found - base game actor
[03/13/2022 - 06:02:30PM] [REG] Festering Bloatfly unidentified, unable to register
[03/13/2022 - 06:02:31PM] [REG] bloatfly found - base game actor
[03/13/2022 - 06:02:31PM] [REG] bloatfly unidentified, unable to register
[03/13/2022 - 06:02:31PM] [REG] Black Bloatfly found - base game actor
[03/13/2022 - 06:02:31PM] [REG] Black Bloatfly unidentified, unable to register
[03/13/2022 - 06:02:31PM] [REG] Legendary Glowing Bloatfly found - base game actor
[03/13/2022 - 06:02:31PM] [REG] Legendary Glowing Bloatfly unidentified, unable to register
[03/13/2022 - 06:02:32PM] [REG] bloatfly found - base game actor
[03/13/2022 - 06:02:32PM] [REG] bloatfly unidentified, unable to register
[03/13/2022 - 06:09:47PM] [REG] Attempting to register bloatfly
[03/13/2022 - 06:09:47PM] [REG] bloatfly is actorbase [ActorBase < (0003320A)>]
[03/13/2022 - 06:09:47PM] [REG] Attempting to register Black Bloatfly
[03/13/2022 - 06:09:47PM] [REG] Black Bloatfly is actorbase [ActorBase < (0003320A)>]
[03/13/2022 - 06:09:47PM] [REG] Attempting to register Glowing Bloatfly
[03/13/2022 - 06:09:48PM] [REG] Glowing Bloatfly is actorbase [ActorBase < (0003320A)>]
[03/13/2022 - 06:09:49PM] [REG] bloatfly found - base game actor
[03/13/2022 - 06:09:49PM] [REG] bloatfly unidentified, unable to register
[03/13/2022 - 06:09:50PM] [REG] Black Bloatfly found - base game actor
[03/13/2022 - 06:09:50PM] [REG] Black Bloatfly unidentified, unable to register
[03/13/2022 - 06:09:50PM] [REG] Glowing Bloatfly found - base game actor
[03/13/2022 - 06:09:50PM] [REG] Glowing Bloatfly unidentified, unable to register
[03/13/2022 - 06:09:53PM] [REG] Attempting to register Festering Bloatfly
[03/13/2022 - 06:09:53PM] [REG] Festering Bloatfly is actorbase [ActorBase < (0003320A)>]
[03/13/2022 - 06:09:53PM] [REG] Attempting to register Glowing Bloatfly
[03/13/2022 - 06:09:53PM] [REG] Glowing Bloatfly is actorbase [ActorBase < (0003320A)>]
[03/13/2022 - 06:09:54PM] [REG] Attempting to register Festering Bloatfly
[03/13/2022 - 06:09:54PM] [REG] Festering Bloatfly is actorbase [ActorBase < (0003320A)>]
[03/13/2022 - 06:09:54PM] [REG] Attempting to register Black Bloatfly
[03/13/2022 - 06:09:54PM] [REG] Black Bloatfly is actorbase [ActorBase < (0003320A)>]
[03/13/2022 - 06:09:55PM] [REG] Attempting to register Festering Bloatfly
[03/13/2022 - 06:09:55PM] [REG] Festering Bloatfly is actorbase [ActorBase < (0003320A)>]
[03/13/2022 - 06:09:55PM] [REG] Attempting to register Black Bloatfly
[03/13/2022 - 06:09:55PM] [REG] Black Bloatfly is actorbase [ActorBase < (0003320A)>]
[03/13/2022 - 06:09:55PM] [REG] Festering Bloatfly found - base game actor
[03/13/2022 - 06:09:55PM] [REG] Festering Bloatfly unidentified, unable to register
[03/13/2022 - 06:09:55PM] [REG] Glowing Bloatfly found - base game actor
[03/13/2022 - 06:09:55PM] [REG] Glowing Bloatfly unidentified, unable to register
[03/13/2022 - 06:09:56PM] [REG] Attempting to register Festering Bloatfly
[03/13/2022 - 06:09:56PM] [REG] Festering Bloatfly is actorbase [ActorBase < (0003320A)>]
[03/13/2022 - 06:09:57PM] [REG] Attempting to register Festering Bloatfly
[03/13/2022 - 06:09:57PM] [REG] Attempting to register Black Bloatfly
[03/13/2022 - 06:09:57PM] [REG] Festering Bloatfly is actorbase [ActorBase < (0003320A)>]
[03/13/2022 - 06:09:57PM] [REG] Black Bloatfly is actorbase [ActorBase < (0003320A)>]
[03/13/2022 - 06:09:57PM] [REG] Attempting to register Legendary Glowing Bloatfly
[03/13/2022 - 06:09:57PM] [REG] Legendary Glowing Bloatfly is actorbase [ActorBase < (0003320A)>]
[03/13/2022 - 06:09:57PM] [REG] Attempting to register Black Bloatfly
[03/13/2022 - 06:09:57PM] [REG] Festering Bloatfly found - base game actor
[03/13/2022 - 06:09:57PM] [REG] Black Bloatfly is actorbase [ActorBase < (0003320A)>]
[03/13/2022 - 06:09:57PM] [REG] Festering Bloatfly unidentified, unable to register
[03/13/2022 - 06:09:57PM] [REG] Attempting to register bloatfly
[03/13/2022 - 06:09:57PM] [REG] Black Bloatfly found - base game actor
[03/13/2022 - 06:09:57PM] [REG] Black Bloatfly unidentified, unable to register
[03/13/2022 - 06:09:57PM] [REG] bloatfly is actorbase [ActorBase < (0003320A)>]
[03/13/2022 - 06:09:57PM] [REG] Festering Bloatfly found - base game actor
[03/13/2022 - 06:09:57PM] [REG] Festering Bloatfly unidentified, unable to register
[03/13/2022 - 06:09:58PM] [REG] Black Bloatfly found - base game actor
[03/13/2022 - 06:09:58PM] [REG] Black Bloatfly unidentified, unable to register
[03/13/2022 - 06:09:59PM] [REG] Festering Bloatfly found - base game actor
[03/13/2022 - 06:09:59PM] [REG] Festering Bloatfly unidentified, unable to register
[03/13/2022 - 06:09:59PM] [REG] Attempting to register bloatfly
[03/13/2022 - 06:09:59PM] [REG] Festering Bloatfly found - base game actor
[03/13/2022 - 06:09:59PM] [REG] bloatfly is actorbase [ActorBase < (0003320A)>]
[03/13/2022 - 06:09:59PM] [REG] Festering Bloatfly unidentified, unable to register
[03/13/2022 - 06:09:59PM] [REG] Legendary Glowing Bloatfly found - base game actor
[03/13/2022 - 06:09:59PM] [REG] Legendary Glowing Bloatfly unidentified, unable to register
[03/13/2022 - 06:10:00PM] [REG] Black Bloatfly found - base game actor
[03/13/2022 - 06:10:00PM] [REG] Black Bloatfly unidentified, unable to register
[03/13/2022 - 06:10:00PM] [REG] Attempting to register Glowing Bloatfly
[03/13/2022 - 06:10:00PM] [REG] Attempting to register Festering Bloatfly
[03/13/2022 - 06:10:00PM] [REG] Glowing Bloatfly is actorbase [ActorBase < (0003320A)>]
[03/13/2022 - 06:10:00PM] [REG] Festering Bloatfly is actorbase [ActorBase < (0003320A)>]
[03/13/2022 - 06:10:00PM] [REG] Black Bloatfly found - base game actor
[03/13/2022 - 06:10:00PM] [REG] Black Bloatfly unidentified, unable to register
[03/13/2022 - 06:10:00PM] [REG] bloatfly found - base game actor
[03/13/2022 - 06:10:00PM] [REG] bloatfly unidentified, unable to register
[03/13/2022 - 06:10:00PM] [REG] Attempting to register Glowing Bloatfly
[03/13/2022 - 06:10:00PM] [REG] Glowing Bloatfly is actorbase [ActorBase < (0003320A)>]
[03/13/2022 - 06:10:00PM] [REG] Attempting to register bloatfly
[03/13/2022 - 06:10:00PM] [REG] Attempting to register bloatfly
[03/13/2022 - 06:10:00PM] [REG] Attempting to register Festering Bloatfly
[03/13/2022 - 06:10:00PM] [REG] bloatfly is actorbase [ActorBase < (0003320A)>]
[03/13/2022 - 06:10:00PM] [REG] bloatfly is actorbase [ActorBase < (0003320A)>]
[03/13/2022 - 06:10:00PM] [REG] Festering Bloatfly is actorbase [ActorBase < (0003320A)>]
[03/13/2022 - 06:10:00PM] [REG] Attempting to register Festering Bloatfly
[03/13/2022 - 06:10:00PM] [REG] Attempting to register Festering Bloatfly
[03/13/2022 - 06:10:00PM] [REG] Festering Bloatfly is actorbase [ActorBase < (0003320A)>]
[03/13/2022 - 06:10:00PM] [REG] Attempting to register Black Bloatfly
[03/13/2022 - 06:10:00PM] [REG] Festering Bloatfly is actorbase [ActorBase < (0003320A)>]
[03/13/2022 - 06:10:00PM] [REG] Black Bloatfly is actorbase [ActorBase < (0003320A)>]
[03/13/2022 - 06:10:00PM] [REG] Attempting to register bloatfly
[03/13/2022 - 06:10:00PM] [REG] Attempting to register Black Bloatfly
[03/13/2022 - 06:10:00PM] [REG] Black Bloatfly is actorbase [ActorBase < (0003320A)>]
[03/13/2022 - 06:10:00PM] [REG] bloatfly is actorbase [ActorBase < (0003320A)>]
[03/13/2022 - 06:10:00PM] [REG] Attempting to register bloatfly
[03/13/2022 - 06:10:00PM] [REG] bloatfly is actorbase [ActorBase < (0003320A)>]
[03/13/2022 - 06:10:00PM] [REG] Attempting to register Legendary Glowing Bloatfly
[03/13/2022 - 06:10:00PM] [REG] Legendary Glowing Bloatfly is actorbase [ActorBase < (0003320A)>]
[03/13/2022 - 06:10:02PM] [REG] bloatfly found - base game actor
[03/13/2022 - 06:10:02PM] [REG] bloatfly unidentified, unable to register
[03/13/2022 - 06:10:02PM] [REG] Glowing Bloatfly found - base game actor
[03/13/2022 - 06:10:02PM] [REG] Glowing Bloatfly unidentified, unable to register
[03/13/2022 - 06:10:02PM] [REG] Festering Bloatfly found - base game actor
[03/13/2022 - 06:10:02PM] [REG] Festering Bloatfly unidentified, unable to register
[03/13/2022 - 06:10:02PM] [REG] Glowing Bloatfly found - base game actor
[03/13/2022 - 06:10:02PM] [REG] Glowing Bloatfly unidentified, unable to register
[03/13/2022 - 06:10:02PM] [REG] bloatfly found - base game actor
[03/13/2022 - 06:10:02PM] [REG] bloatfly unidentified, unable to register
[03/13/2022 - 06:10:02PM] [REG] Festering Bloatfly found - base game actor
[03/13/2022 - 06:10:02PM] [REG] Festering Bloatfly unidentified, unable to register
[03/13/2022 - 06:10:02PM] [REG] Festering Bloatfly found - base game actor
[03/13/2022 - 06:10:02PM] [REG] Festering Bloatfly unidentified, unable to register
[03/13/2022 - 06:10:02PM] [REG] bloatfly found - base game actor
[03/13/2022 - 06:10:02PM] [REG] bloatfly unidentified, unable to register
[03/13/2022 - 06:10:02PM] [REG] Festering Bloatfly found - base game actor
[03/13/2022 - 06:10:02PM] [REG] Festering Bloatfly unidentified, unable to register
[03/13/2022 - 06:10:02PM] [REG] Black Bloatfly found - base game actor
[03/13/2022 - 06:10:02PM] [REG] Black Bloatfly unidentified, unable to register
[03/13/2022 - 06:10:02PM] [REG] bloatfly found - base game actor
[03/13/2022 - 06:10:02PM] [REG] bloatfly unidentified, unable to register
[03/13/2022 - 06:10:02PM] [REG] Black Bloatfly found - base game actor
[03/13/2022 - 06:10:02PM] [REG] Black Bloatfly unidentified, unable to register
[03/13/2022 - 06:10:02PM] [REG] bloatfly found - base game actor
[03/13/2022 - 06:10:02PM] [REG] bloatfly unidentified, unable to register
[03/13/2022 - 06:10:02PM] [REG] Legendary Glowing Bloatfly found - base game actor
[03/13/2022 - 06:10:02PM] [REG] Legendary Glowing Bloatfly unidentified, unable to register
[03/13/2022 - 06:10:05PM] [REG] Attempting to register Legendary Glowing Bloatfly
[03/13/2022 - 06:10:05PM] [REG] Legendary Glowing Bloatfly is actorbase [ActorBase < (0003320A)>]
[03/13/2022 - 06:10:05PM] [REG] Attempting to register Black Bloatfly
[03/13/2022 - 06:10:05PM] [REG] Black Bloatfly is actorbase [ActorBase < (0003320A)>]
[03/13/2022 - 06:10:05PM] [REG] Attempting to register Legendary Glowing Bloatfly
[03/13/2022 - 06:10:05PM] [REG] Legendary Glowing Bloatfly is actorbase [ActorBase < (0003320A)>]
[03/13/2022 - 06:10:07PM] [REG] Black Bloatfly found - base game actor
[03/13/2022 - 06:10:07PM] [REG] Black Bloatfly unidentified, unable to register
[03/13/2022 - 06:10:08PM] [REG] Legendary Glowing Bloatfly found - base game actor
[03/13/2022 - 06:10:08PM] [REG] Legendary Glowing Bloatfly unidentified, unable to register
[03/13/2022 - 06:10:08PM] [REG] Legendary Glowing Bloatfly found - base game actor
[03/13/2022 - 06:10:08PM] [REG] Legendary Glowing Bloatfly unidentified, unable to register
[03/13/2022 - 06:10:21PM] [REG] Attempting to register Glowing Bloatfly
[03/13/2022 - 06:10:21PM] [REG] Glowing Bloatfly is actorbase [ActorBase < (0003320A)>]
[03/13/2022 - 06:10:23PM] [REG] Glowing Bloatfly found - base game actor
[03/13/2022 - 06:10:23PM] [REG] Glowing Bloatfly unidentified, unable to register
[03/13/2022 - 06:11:31PM] [REG] Attempting to register Black Bloatfly
[03/13/2022 - 06:11:31PM] [REG] Black Bloatfly is actorbase [ActorBase < (0003320A)>]
[03/13/2022 - 06:11:31PM] [REG] Attempting to register Legendary Glowing Bloatfly
[03/13/2022 - 06:11:31PM] [REG] Legendary Glowing Bloatfly is actorbase [ActorBase < (0003320A)>]
[03/13/2022 - 06:11:34PM] [REG] Black Bloatfly found - base game actor
[03/13/2022 - 06:11:34PM] [REG] Black Bloatfly unidentified, unable to register
[03/13/2022 - 06:11:34PM] [REG] Legendary Glowing Bloatfly found - base game actor
[03/13/2022 - 06:11:34PM] [REG] Legendary Glowing Bloatfly unidentified, unable to register
[03/13/2022 - 06:11:34PM] [REG] Attempting to register Festering Bloatfly
[03/13/2022 - 06:11:34PM] [REG] Festering Bloatfly is actorbase [ActorBase < (0003320A)>]
[03/13/2022 - 06:11:34PM] [REG] Attempting to register Black Bloatfly
[03/13/2022 - 06:11:34PM] [REG] Black Bloatfly is actorbase [ActorBase < (0003320A)>]
[03/13/2022 - 06:11:35PM] [REG] Attempting to register Glowing Bloatfly
[03/13/2022 - 06:11:35PM] [REG] Glowing Bloatfly is actorbase [ActorBase < (0003320A)>]
[03/13/2022 - 06:11:35PM] [REG] Attempting to register Festering Bloatfly
[03/13/2022 - 06:11:35PM] [REG] Festering Bloatfly is actorbase [ActorBase < (0003320A)>]
[03/13/2022 - 06:11:36PM] [REG] Attempting to register Glowing Bloatfly
[03/13/2022 - 06:11:36PM] [REG] Glowing Bloatfly is actorbase [ActorBase < (0003320A)>]
[03/13/2022 - 06:11:37PM] [REG] Festering Bloatfly found - base game actor
[03/13/2022 - 06:11:37PM] [REG] Festering Bloatfly unidentified, unable to register
[03/13/2022 - 06:11:37PM] [REG] Black Bloatfly found - base game actor
[03/13/2022 - 06:11:37PM] [REG] Black Bloatfly unidentified, unable to register
[03/13/2022 - 06:11:38PM] [REG] Attempting to register Glowing Bloatfly
[03/13/2022 - 06:11:38PM] [REG] Glowing Bloatfly is actorbase [ActorBase < (0003320A)>]
[03/13/2022 - 06:11:38PM] [REG] Glowing Bloatfly found - base game actor
[03/13/2022 - 06:11:38PM] [REG] Glowing Bloatfly unidentified, unable to register
[03/13/2022 - 06:11:38PM] [REG] Attempting to register Black Bloatfly
[03/13/2022 - 06:11:38PM] [REG] Festering Bloatfly found - base game actor
[03/13/2022 - 06:11:38PM] [REG] Festering Bloatfly unidentified, unable to register
[03/13/2022 - 06:11:38PM] [REG] Black Bloatfly is actorbase [ActorBase < (0003320A)>]
[03/13/2022 - 06:11:38PM] [REG] Glowing Bloatfly found - base game actor
[03/13/2022 - 06:11:38PM] [REG] Glowing Bloatfly unidentified, unable to register
[03/13/2022 - 06:11:39PM] [REG] Attempting to register Black Bloatfly
[03/13/2022 - 06:11:39PM] [REG] Black Bloatfly is actorbase [ActorBase < (0003320A)>]
[03/13/2022 - 06:11:40PM] [REG] Attempting to register Festering Bloatfly
[03/13/2022 - 06:11:40PM] [REG] Festering Bloatfly is actorbase [ActorBase < (0003320A)>]
[03/13/2022 - 06:11:40PM] [REG] Glowing Bloatfly found - base game actor
[03/13/2022 - 06:11:40PM] [REG] Glowing Bloatfly unidentified, unable to register
[03/13/2022 - 06:11:41PM] [REG] Black Bloatfly found - base game actor
[03/13/2022 - 06:11:41PM] [REG] Black Bloatfly unidentified, unable to register
[03/13/2022 - 06:11:41PM] [REG] Attempting to register bloatfly
[03/13/2022 - 06:11:41PM] [REG] bloatfly is actorbase [ActorBase < (0003320A)>]
[03/13/2022 - 06:11:42PM] [REG] Black Bloatfly found - base game actor
[03/13/2022 - 06:11:42PM] [REG] Black Bloatfly unidentified, unable to register
[03/13/2022 - 06:11:43PM] [REG] Festering Bloatfly found - base game actor
[03/13/2022 - 06:11:43PM] [REG] Festering Bloatfly unidentified, unable to register
[03/13/2022 - 06:11:43PM] [REG] Attempting to register Festering Bloatfly
[03/13/2022 - 06:11:43PM] [REG] Festering Bloatfly is actorbase [ActorBase < (0003320A)>]
[03/13/2022 - 06:11:44PM] [REG] Attempting to register Legendary Glowing Bloatfly
[03/13/2022 - 06:11:44PM] [REG] Legendary Glowing Bloatfly is actorbase [ActorBase < (0003320A)>]
[03/13/2022 - 06:11:44PM] [REG] Attempting to register Black Bloatfly
[03/13/2022 - 06:11:44PM] [REG] Black Bloatfly is actorbase [ActorBase < (0003320A)>]
[03/13/2022 - 06:11:44PM] [REG] bloatfly found - base game actor
[03/13/2022 - 06:11:44PM] [REG] bloatfly unidentified, unable to register
[03/13/2022 - 06:11:44PM] [REG] Attempting to register Festering Bloatfly
[03/13/2022 - 06:11:44PM] [REG] Attempting to register Festering Bloatfly
[03/13/2022 - 06:11:44PM] [REG] Festering Bloatfly is actorbase [ActorBase < (0003320A)>]
[03/13/2022 - 06:11:44PM] [REG] Festering Bloatfly is actorbase [ActorBase < (0003320A)>]
[03/13/2022 - 06:11:44PM] [REG] Attempting to register bloatfly
[03/13/2022 - 06:11:44PM] [REG] bloatfly is actorbase [ActorBase < (0003320A)>]
[03/13/2022 - 06:11:45PM] [REG] Attempting to register Glowing Bloatfly
[03/13/2022 - 06:11:45PM] [REG] Glowing Bloatfly is actorbase [ActorBase < (0003320A)>]
[03/13/2022 - 06:11:45PM] [REG] Attempting to register Glowing Bloatfly
[03/13/2022 - 06:11:45PM] [REG] Glowing Bloatfly is actorbase [ActorBase < (0003320A)>]
[03/13/2022 - 06:11:45PM] [REG] Attempting to register bloatfly
[03/13/2022 - 06:11:45PM] [REG] bloatfly is actorbase [ActorBase < (0003320A)>]
[03/13/2022 - 06:11:45PM] [REG] Attempting to register Festering Bloatfly
[03/13/2022 - 06:11:45PM] [REG] Festering Bloatfly is actorbase [ActorBase < (0003320A)>]
[03/13/2022 - 06:11:46PM] [REG] Festering Bloatfly found - base game actor
[03/13/2022 - 06:11:46PM] [REG] Festering Bloatfly unidentified, unable to register
[03/13/2022 - 06:11:46PM] [REG] Legendary Glowing Bloatfly found - base game actor
[03/13/2022 - 06:11:46PM] [REG] Black Bloatfly found - base game actor
[03/13/2022 - 06:11:46PM] [REG] Legendary Glowing Bloatfly unidentified, unable to register
[03/13/2022 - 06:11:46PM] [REG] Black Bloatfly unidentified, unable to register
[03/13/2022 - 06:11:47PM] [REG] Festering Bloatfly found - base game actor
[03/13/2022 - 06:11:47PM] [REG] Festering Bloatfly unidentified, unable to register
[03/13/2022 - 06:11:47PM] [REG] Festering Bloatfly found - base game actor
[03/13/2022 - 06:11:47PM] [REG] Festering Bloatfly unidentified, unable to register
[03/13/2022 - 06:11:47PM] [REG] bloatfly found - base game actor
[03/13/2022 - 06:11:47PM] [REG] bloatfly unidentified, unable to register
[03/13/2022 - 06:11:47PM] [REG] Glowing Bloatfly found - base game actor
[03/13/2022 - 06:11:47PM] [REG] Glowing Bloatfly unidentified, unable to register
[03/13/2022 - 06:11:48PM] [REG] Glowing Bloatfly found - base game actor
[03/13/2022 - 06:11:48PM] [REG] Glowing Bloatfly unidentified, unable to register
[03/13/2022 - 06:11:48PM] [REG] bloatfly found - base game actor
[03/13/2022 - 06:11:48PM] [REG] bloatfly unidentified, unable to register
[03/13/2022 - 06:11:48PM] [REG] Festering Bloatfly found - base game actor
[03/13/2022 - 06:11:48PM] [REG] Festering Bloatfly unidentified, unable to register
[03/13/2022 - 06:12:05PM] [REG] Attempting to register Glowing Bloatfly
[03/13/2022 - 06:12:05PM] [REG] Glowing Bloatfly is actorbase [ActorBase < (0003320A)>]
[03/13/2022 - 06:12:07PM] [REG] Glowing Bloatfly found - base game actor
[03/13/2022 - 06:12:07PM] [REG] Glowing Bloatfly unidentified, unable to register
[03/13/2022 - 06:12:12PM] [REG] Attempting to register Festering Bloatfly
[03/13/2022 - 06:12:12PM] [REG] Festering Bloatfly is actorbase [ActorBase < (0003320A)>]
[03/13/2022 - 06:12:14PM] [REG] Attempting to register Black Bloatfly
[03/13/2022 - 06:12:14PM] [REG] Black Bloatfly is actorbase [ActorBase < (0003320A)>]
[03/13/2022 - 06:12:15PM] [REG] Festering Bloatfly found - base game actor
[03/13/2022 - 06:12:15PM] [REG] Festering Bloatfly unidentified, unable to register
[03/13/2022 - 06:12:17PM] [REG] Black Bloatfly found - base game actor
[03/13/2022 - 06:12:17PM] [REG] Black Bloatfly unidentified, unable to register
[03/13/2022 - 06:14:19PM] [REG] Attempting to register Glowing Bloatfly
[03/13/2022 - 06:14:19PM] [REG] Glowing Bloatfly is actorbase [ActorBase < (0003320A)>]
[03/13/2022 - 06:14:19PM] [REG] Attempting to register Glowing Bloatfly
[03/13/2022 - 06:14:19PM] [REG] Glowing Bloatfly is actorbase [ActorBase < (0003320A)>]
[03/13/2022 - 06:14:20PM] [REG] Attempting to register bloatfly
[03/13/2022 - 06:14:20PM] [REG] Attempting to register Glowing Bloatfly
[03/13/2022 - 06:14:20PM] [REG] bloatfly is actorbase [ActorBase < (0003320A)>]
[03/13/2022 - 06:14:20PM] [REG] Glowing Bloatfly is actorbase [ActorBase < (0003320A)>]
[03/13/2022 - 06:14:20PM] [REG] Attempting to register Festering Bloatfly
[03/13/2022 - 06:14:20PM] [REG] Festering Bloatfly is actorbase [ActorBase < (0003320A)>]
[03/13/2022 - 06:14:20PM] [REG] Attempting to register Black Bloatfly
[03/13/2022 - 06:14:20PM] [REG] Attempting to register Festering Bloatfly
[03/13/2022 - 06:14:20PM] [REG] Black Bloatfly is actorbase [ActorBase < (0003320A)>]
[03/13/2022 - 06:14:20PM] [REG] Festering Bloatfly is actorbase [ActorBase < (0003320A)>]
[03/13/2022 - 06:14:20PM] [REG] Attempting to register Festering Bloatfly
[03/13/2022 - 06:14:20PM] [REG] Attempting to register Black Bloatfly
[03/13/2022 - 06:14:20PM] [REG] Festering Bloatfly is actorbase [ActorBase < (0003320A)>]
[03/13/2022 - 06:14:20PM] [REG] Attempting to register Festering Bloatfly
[03/13/2022 - 06:14:20PM] [REG] Black Bloatfly is actorbase [ActorBase < (0003320A)>]
[03/13/2022 - 06:14:20PM] [REG] Attempting to register Glowing Bloatfly
[03/13/2022 - 06:14:20PM] [REG] Attempting to register Black Bloatfly
[03/13/2022 - 06:14:20PM] [REG] Festering Bloatfly is actorbase [ActorBase < (0003320A)>]
[03/13/2022 - 06:14:20PM] [REG] Attempting to register Festering Bloatfly
[03/13/2022 - 06:14:20PM] [REG] Black Bloatfly is actorbase [ActorBase < (0003320A)>]
[03/13/2022 - 06:14:20PM] [REG] Glowing Bloatfly is actorbase [ActorBase < (0003320A)>]
[03/13/2022 - 06:14:20PM] [REG] Attempting to register Festering Bloatfly
[03/13/2022 - 06:14:20PM] [REG] Festering Bloatfly is actorbase [ActorBase < (0003320A)>]
[03/13/2022 - 06:14:20PM] [REG] Attempting to register Festering Bloatfly
[03/13/2022 - 06:14:20PM] [REG] Festering Bloatfly is actorbase [ActorBase < (0003320A)>]
[03/13/2022 - 06:14:20PM] [REG] Attempting to register Festering Bloatfly
[03/13/2022 - 06:14:20PM] [REG] Festering Bloatfly is actorbase [ActorBase < (0003320A)>]
[03/13/2022 - 06:14:20PM] [REG] Festering Bloatfly is actorbase [ActorBase < (0003320A)>]
[03/13/2022 - 06:14:20PM] [REG] Attempting to register Black Bloatfly
[03/13/2022 - 06:14:20PM] [REG] Attempting to register Black Bloatfly
[03/13/2022 - 06:14:20PM] [REG] Attempting to register bloatfly
[03/13/2022 - 06:14:20PM] [REG] bloatfly is actorbase [ActorBase < (0003320A)>]
[03/13/2022 - 06:14:20PM] [REG] Black Bloatfly is actorbase [ActorBase < (0003320A)>]
[03/13/2022 - 06:14:20PM] [REG] Black Bloatfly is actorbase [ActorBase < (0003320A)>]
[03/13/2022 - 06:14:20PM] [REG] Attempting to register Glowing Bloatfly
[03/13/2022 - 06:14:20PM] [REG] Glowing Bloatfly is actorbase [ActorBase < (0003320A)>]
[03/13/2022 - 06:14:21PM] [REG] Glowing Bloatfly found - base game actor
[03/13/2022 - 06:14:21PM] [REG] Glowing Bloatfly unidentified, unable to register
[03/13/2022 - 06:14:22PM] [REG] Glowing Bloatfly found - base game actor
[03/13/2022 - 06:14:22PM] [REG] Glowing Bloatfly unidentified, unable to register
[03/13/2022 - 06:14:22PM] [REG] bloatfly found - base game actor
[03/13/2022 - 06:14:22PM] [REG] bloatfly unidentified, unable to register
[03/13/2022 - 06:14:22PM] [REG] Glowing Bloatfly found - base game actor
[03/13/2022 - 06:14:22PM] [REG] Glowing Bloatfly unidentified, unable to register
[03/13/2022 - 06:14:22PM] [REG] Festering Bloatfly found - base game actor
[03/13/2022 - 06:14:22PM] [REG] Festering Bloatfly unidentified, unable to register
[03/13/2022 - 06:14:22PM] [REG] Black Bloatfly found - base game actor
[03/13/2022 - 06:14:22PM] [REG] Black Bloatfly unidentified, unable to register
[03/13/2022 - 06:14:22PM] [REG] Festering Bloatfly found - base game actor
[03/13/2022 - 06:14:22PM] [REG] Festering Bloatfly unidentified, unable to register
[03/13/2022 - 06:14:22PM] [REG] Festering Bloatfly found - base game actor
[03/13/2022 - 06:14:22PM] [REG] Festering Bloatfly unidentified, unable to register
[03/13/2022 - 06:14:22PM] [REG] Festering Bloatfly found - base game actor
[03/13/2022 - 06:14:22PM] [REG] Festering Bloatfly unidentified, unable to register
[03/13/2022 - 06:14:22PM] [REG] Black Bloatfly found - base game actor
[03/13/2022 - 06:14:22PM] [REG] Black Bloatfly unidentified, unable to register
[03/13/2022 - 06:14:22PM] [REG] Glowing Bloatfly found - base game actor
[03/13/2022 - 06:14:22PM] [REG] Glowing Bloatfly unidentified, unable to register
[03/13/2022 - 06:14:22PM] [REG] Festering Bloatfly found - base game actor
[03/13/2022 - 06:14:22PM] [REG] Festering Bloatfly unidentified, unable to register
[03/13/2022 - 06:14:22PM] [REG] Black Bloatfly found - base game actor
[03/13/2022 - 06:14:22PM] [REG] Black Bloatfly unidentified, unable to register
[03/13/2022 - 06:14:22PM] [REG] Festering Bloatfly found - base game actor
[03/13/2022 - 06:14:22PM] [REG] Festering Bloatfly found - base game actor
[03/13/2022 - 06:14:22PM] [REG] Festering Bloatfly unidentified, unable to register
[03/13/2022 - 06:14:22PM] [REG] Festering Bloatfly unidentified, unable to register
[03/13/2022 - 06:14:22PM] [REG] Festering Bloatfly found - base game actor
[03/13/2022 - 06:14:22PM] [REG] Black Bloatfly found - base game actor
[03/13/2022 - 06:14:22PM] [REG] Festering Bloatfly unidentified, unable to register
[03/13/2022 - 06:14:22PM] [REG] Black Bloatfly unidentified, unable to register
[03/13/2022 - 06:14:22PM] [REG] bloatfly found - base game actor
[03/13/2022 - 06:14:22PM] [REG] bloatfly unidentified, unable to register
[03/13/2022 - 06:14:22PM] [REG] Attempting to register Legendary Glowing Bloatfly
[03/13/2022 - 06:14:22PM] [REG] Black Bloatfly found - base game actor
[03/13/2022 - 06:14:22PM] [REG] Black Bloatfly unidentified, unable to register
[03/13/2022 - 06:14:22PM] [REG] Legendary Glowing Bloatfly is actorbase [ActorBase < (0003320A)>]
[03/13/2022 - 06:14:23PM] [REG] Glowing Bloatfly found - base game actor
[03/13/2022 - 06:14:23PM] [REG] Glowing Bloatfly unidentified, unable to register
[03/13/2022 - 06:14:25PM] [REG] Legendary Glowing Bloatfly found - base game actor
[03/13/2022 - 06:14:25PM] [REG] Legendary Glowing Bloatfly unidentified, unable to register
[03/13/2022 - 06:14:58PM] [REG] Attempting to register bloatfly
[03/13/2022 - 06:14:58PM] [REG] bloatfly is actorbase [ActorBase < (0003320A)>]
[03/13/2022 - 06:14:59PM] [REG] Attempting to register Black Bloatfly
[03/13/2022 - 06:14:59PM] [REG] Black Bloatfly is actorbase [ActorBase < (0003320A)>]
[03/13/2022 - 06:14:59PM] [REG] Attempting to register Glowing Bloatfly
[03/13/2022 - 06:14:59PM] [REG] Glowing Bloatfly is actorbase [ActorBase < (0003320A)>]
[03/13/2022 - 06:14:59PM] [REG] Attempting to register bloatfly
[03/13/2022 - 06:15:00PM] [REG] bloatfly is actorbase [ActorBase < (0003320A)>]
[03/13/2022 - 06:15:00PM] [REG] Attempting to register Festering Bloatfly
[03/13/2022 - 06:15:00PM] [REG] Festering Bloatfly is actorbase [ActorBase < (0003320A)>]
[03/13/2022 - 06:15:01PM] [REG] Attempting to register Black Bloatfly
[03/13/2022 - 06:15:01PM] [REG] Black Bloatfly is actorbase [ActorBase < (0003320A)>]
[03/13/2022 - 06:15:01PM] [REG] Attempting to register Black Bloatfly
[03/13/2022 - 06:15:01PM] [REG] Black Bloatfly is actorbase [ActorBase < (0003320A)>]
[03/13/2022 - 06:15:01PM] [REG] bloatfly found - base game actor
[03/13/2022 - 06:15:01PM] [REG] bloatfly unidentified, unable to register
[03/13/2022 - 06:15:01PM] [REG] Attempting to register Glowing Bloatfly
[03/13/2022 - 06:15:01PM] [REG] Glowing Bloatfly is actorbase [ActorBase < (0003320A)>]
[03/13/2022 - 06:15:02PM] [REG] Black Bloatfly found - base game actor
[03/13/2022 - 06:15:02PM] [REG] Black Bloatfly unidentified, unable to register
[03/13/2022 - 06:15:02PM] [REG] bloatfly found - base game actor
[03/13/2022 - 06:15:02PM] [REG] bloatfly unidentified, unable to register
[03/13/2022 - 06:15:02PM] [REG] Glowing Bloatfly found - base game actor
[03/13/2022 - 06:15:02PM] [REG] Glowing Bloatfly unidentified, unable to register
[03/13/2022 - 06:15:03PM] [REG] Festering Bloatfly found - base game actor
[03/13/2022 - 06:15:03PM] [REG] Festering Bloatfly unidentified, unable to register
[03/13/2022 - 06:15:04PM] [REG] Black Bloatfly found - base game actor
[03/13/2022 - 06:15:04PM] [REG] Black Bloatfly unidentified, unable to register
[03/13/2022 - 06:15:04PM] [REG] Black Bloatfly found - base game actor
[03/13/2022 - 06:15:04PM] [REG] Black Bloatfly unidentified, unable to register
[03/13/2022 - 06:15:04PM] [REG] Glowing Bloatfly found - base game actor
[03/13/2022 - 06:15:04PM] [REG] Glowing Bloatfly unidentified, unable to register
[03/13/2022 - 06:15:05PM] [REG] Attempting to register Black Bloatfly
[03/13/2022 - 06:15:05PM] [REG] Black Bloatfly is actorbase [ActorBase < (0003320A)>]
[03/13/2022 - 06:15:10PM] [REG] Attempting to register Black Bloatfly
[03/13/2022 - 06:15:11PM] [REG] Black Bloatfly is actorbase [ActorBase < (0003320A)>]
[03/13/2022 - 06:15:11PM] [REG] Attempting to register bloatfly
[03/13/2022 - 06:15:11PM] [REG] bloatfly is actorbase [ActorBase < (0003320A)>]
[03/13/2022 - 06:15:12PM] [REG] Black Bloatfly found - base game actor
[03/13/2022 - 06:15:12PM] [REG] Black Bloatfly unidentified, unable to register
[03/13/2022 - 06:15:13PM] [REG] Black Bloatfly found - base game actor
[03/13/2022 - 06:15:13PM] [REG] Black Bloatfly unidentified, unable to register
[03/13/2022 - 06:15:13PM] [REG] Attempting to register bloatfly
[03/13/2022 - 06:15:13PM] [REG] bloatfly is actorbase [ActorBase < (0003320A)>]
[03/13/2022 - 06:15:14PM] [REG] bloatfly found - base game actor
[03/13/2022 - 06:15:14PM] [REG] bloatfly unidentified, unable to register
[03/13/2022 - 06:15:14PM] [REG] Attempting to register Glowing Bloatfly
[03/13/2022 - 06:15:14PM] [REG] Glowing Bloatfly is actorbase [ActorBase < (0003320A)>]
[03/13/2022 - 06:15:16PM] [REG] bloatfly found - base game actor
[03/13/2022 - 06:15:16PM] [REG] bloatfly unidentified, unable to register
[03/13/2022 - 06:15:16PM] [REG] Attempting to register Glowing Bloatfly
[03/13/2022 - 06:15:16PM] [REG] Glowing Bloatfly is actorbase [ActorBase < (0003320A)>]
[03/13/2022 - 06:15:16PM] [REG] Attempting to register bloatfly
[03/13/2022 - 06:15:16PM] [REG] bloatfly is actorbase [ActorBase < (0003320A)>]
[03/13/2022 - 06:15:16PM] [REG] Attempting to register Festering Bloatfly
[03/13/2022 - 06:15:16PM] [REG] Festering Bloatfly is actorbase [ActorBase < (0003320A)>]
[03/13/2022 - 06:15:17PM] [REG] Glowing Bloatfly found - base game actor
[03/13/2022 - 06:15:17PM] [REG] Glowing Bloatfly unidentified, unable to register
[03/13/2022 - 06:15:19PM] [REG] Glowing Bloatfly found - base game actor
[03/13/2022 - 06:15:19PM] [REG] Glowing Bloatfly unidentified, unable to register
[03/13/2022 - 06:15:19PM] [REG] bloatfly found - base game actor
[03/13/2022 - 06:15:19PM] [REG] bloatfly unidentified, unable to register
[03/13/2022 - 06:15:19PM] [REG] Festering Bloatfly found - base game actor
[03/13/2022 - 06:15:19PM] [REG] Festering Bloatfly unidentified, unable to register
[03/13/2022 - 06:15:34PM] [REG] Attempting to register Festering Bloatfly
[03/13/2022 - 06:15:34PM] [REG] Festering Bloatfly is actorbase [ActorBase < (0003320A)>]
[03/13/2022 - 06:15:37PM] [REG] Festering Bloatfly found - base game actor
[03/13/2022 - 06:15:37PM] [REG] Festering Bloatfly unidentified, unable to register
[03/13/2022 - 06:15:37PM] [REG] Attempting to register bloatfly
[03/13/2022 - 06:15:37PM] [REG] bloatfly is actorbase [ActorBase < (0003320A)>]
[03/13/2022 - 06:15:37PM] [REG] Attempting to register Festering Bloatfly
[03/13/2022 - 06:15:37PM] [REG] Festering Bloatfly is actorbase [ActorBase < (0003320A)>]
[03/13/2022 - 06:15:39PM] [REG] bloatfly found - base game actor
[03/13/2022 - 06:15:39PM] [REG] bloatfly unidentified, unable to register
[03/13/2022 - 06:15:40PM] [REG] Attempting to register Glowing Bloatfly
[03/13/2022 - 06:15:40PM] [REG] Glowing Bloatfly is actorbase [ActorBase < (0003320A)>]
[03/13/2022 - 06:15:40PM] [REG] Festering Bloatfly found - base game actor
[03/13/2022 - 06:15:40PM] [REG] Festering Bloatfly unidentified, unable to register
[03/13/2022 - 06:15:43PM] [REG] Glowing Bloatfly found - base game actor
[03/13/2022 - 06:15:43PM] [REG] Glowing Bloatfly unidentified, unable to register
[03/13/2022 - 06:16:13PM] [REG] Attempting to register Black Bloatfly
[03/13/2022 - 06:16:13PM] [REG] Black Bloatfly is actorbase [ActorBase < (0003320A)>]
[03/13/2022 - 06:16:15PM] [REG] Attempting to register Glowing Bloatfly
[03/13/2022 - 06:16:15PM] [REG] Glowing Bloatfly is actorbase [ActorBase < (0003320A)>]
[03/13/2022 - 06:16:16PM] [REG] Black Bloatfly found - base game actor
[03/13/2022 - 06:16:16PM] [REG] Black Bloatfly unidentified, unable to register
[03/13/2022 - 06:16:18PM] [REG] Attempting to register bloatfly
[03/13/2022 - 06:16:18PM] [REG] bloatfly is actorbase [ActorBase < (0003320A)>]
[03/13/2022 - 06:16:18PM] [REG] Glowing Bloatfly found - base game actor
[03/13/2022 - 06:16:18PM] [REG] Glowing Bloatfly unidentified, unable to register
[03/13/2022 - 06:16:19PM] [REG] bloatfly found - base game actor
[03/13/2022 - 06:16:19PM] [REG] bloatfly unidentified, unable to register
[03/13/2022 - 06:17:55PM] Log closed
