[06/09/2020 - 07:35:12PM] Radiation log opened (PC-64)
[06/09/2020 - 07:35:12PM] [metro:world:radiation <GasMask_Context (1B006381)>] Radiation: OnLocationChanged
[06/09/2020 - 07:35:12PM] [metro:world:radiation <GasMask_Context (1B006381)>] CheckRadiation()
[06/09/2020 - 07:35:12PM] [metro:world:radiation <GasMask_Context (1B006381)>] CheckRadiation() failed the conditions for radiation
[06/09/2020 - 11:17:31PM] [metro:world:radiation <GasMask_Context (1B006381)>] Radiation: OnWeatherChanged
[06/09/2020 - 11:17:31PM] [metro:world:radiation <GasMask_Context (1B006381)>] The current weather is bad.
[06/09/2020 - 11:17:31PM] [metro:world:radiation <GasMask_Context (1B006381)>] CheckRadiation()
[06/09/2020 - 11:17:31PM] [metro:world:radiation <GasMask_Context (1B006381)>] CheckRadiation() failed the conditions for radiation
[06/09/2020 - 11:20:41PM] [metro:world:radiation <GasMask_Context (1B006381)>] Radiation: OnLocationChanged
[06/09/2020 - 11:20:41PM] [metro:world:radiation <GasMask_Context (1B006381)>] CheckRadiation()
[06/09/2020 - 11:20:41PM] [metro:world:radiation <GasMask_Context (1B006381)>] CheckRadiation() failed the conditions for radiation
[06/09/2020 - 11:23:01PM] [metro:world:radiation <GasMask_Context (1B006381)>] Radiation: OnLocationChanged
[06/09/2020 - 11:23:01PM] [metro:world:radiation <GasMask_Context (1B006381)>] CheckRadiation()
[06/09/2020 - 11:23:01PM] [metro:world:radiation <GasMask_Context (1B006381)>] CheckRadiation() failed the conditions for radiation
[06/09/2020 - 11:23:12PM] [metro:world:radiation <GasMask_Context (1B006381)>] Radiation: OnLocationChanged
[06/09/2020 - 11:23:12PM] [metro:world:radiation <GasMask_Context (1B006381)>] CheckRadiation()
[06/09/2020 - 11:23:13PM] [metro:world:radiation <GasMask_Context (1B006381)>] CheckRadiation() failed the conditions for radiation
[06/09/2020 - 11:37:07PM] [metro:world:radiation <GasMask_Context (1B006381)>] Radiation: OnLocationChanged
[06/09/2020 - 11:37:07PM] [metro:world:radiation <GasMask_Context (1B006381)>] CheckRadiation()
[06/09/2020 - 11:37:07PM] [metro:world:radiation <GasMask_Context (1B006381)>] Radiation: OnWeatherChanged
[06/09/2020 - 11:37:08PM] [metro:world:radiation <GasMask_Context (1B006381)>] The current weather is not bad.
[06/09/2020 - 11:37:08PM] [metro:world:radiation <GasMask_Context (1B006381)>] Dispel_Rad()
[06/09/2020 - 11:37:08PM] [metro:world:radiation <GasMask_Context (1B006381)>] Radiation: OnChanged | Dispel_Rad | Threshold = False
[06/09/2020 - 11:37:08PM] [metro:world:radiation <GasMask_Context (1B006381)>] Beginning the ActiveState from the 'activestate'.
[06/09/2020 - 11:37:08PM] [metro:world:radiation <GasMask_Context (1B006381)>] CheckRadiation() failed the conditions for radiation
[06/09/2020 - 11:38:51PM] Log closed
