[06/10/2020 - 03:56:53PM] Shared log opened (PC-64)
[06/10/2020 - 03:56:53PM]  Breathing Volume: 1.000000
[06/10/2020 - 03:56:54PM]  Breathing Volume: 1.000000
[06/10/2020 - 03:57:02PM]  Sprinting Started...
[06/10/2020 - 03:57:02PM]  Sprinting Volume: 0.200000
[06/10/2020 - 03:57:02PM]  Sprinting Volume: 0.400000
[06/10/2020 - 03:57:02PM]  Sprinting Volume: 0.200000
[06/10/2020 - 03:57:03PM]  Sprinting Volume: 0.200000
[06/10/2020 - 03:57:03PM]  Sprinting Volume: 0.200000
[06/10/2020 - 03:57:03PM]  Sprinting Volume: 0.200000
[06/10/2020 - 03:57:04PM]  Sprinting Volume: 0.000000
[06/10/2020 - 03:57:04PM]  Sprinting Stopped...
[06/10/2020 - 03:57:04PM]  Sprinting Volume: 0.200000
[06/10/2020 - 03:57:05PM]  Breathing Started...
[06/10/2020 - 03:57:05PM]  Breathing Volume: 0.200000
[06/10/2020 - 03:57:05PM]  Breathing Volume: 0.400000
[06/10/2020 - 03:57:06PM]  Breathing Volume: 0.600000
[06/10/2020 - 03:57:07PM]  Breathing Volume: 0.800000
[06/10/2020 - 03:57:08PM]  Breathing Volume: 1.000000
[06/10/2020 - 03:57:08PM]  Breathing Volume: 1.000000
[06/10/2020 - 03:57:12PM]  Sprinting Started...
[06/10/2020 - 03:57:13PM]  Sprinting Volume: 0.200000
[06/10/2020 - 03:57:13PM]  Sprinting Volume: 0.400000
[06/10/2020 - 03:57:14PM]  Sprinting Volume: 0.600000
[06/10/2020 - 03:57:14PM]  Sprinting Volume: 0.800000
[06/10/2020 - 03:57:15PM]  Sprinting Volume: 1.000000
[06/10/2020 - 03:57:15PM]  Sprinting Volume: 1.000000
[06/10/2020 - 03:57:15PM]  Sprinting Volume: 1.000000
[06/10/2020 - 03:57:16PM]  Sprinting Volume: 0.800000
[06/10/2020 - 03:57:16PM]  Sprinting Volume: 0.600000
[06/10/2020 - 03:57:16PM]  Sprinting Volume: 0.400000
[06/10/2020 - 03:57:17PM]  Sprinting Volume: 0.200000
[06/10/2020 - 03:57:17PM]  Sprinting Volume: 0.000000
[06/10/2020 - 03:57:17PM]  Sprinting Stopped...
[06/10/2020 - 03:57:18PM]  Breathing Started...
[06/10/2020 - 03:57:18PM]  Breathing Volume: 0.200000
[06/10/2020 - 03:57:19PM]  Breathing Volume: 0.400000
[06/10/2020 - 03:57:19PM]  Breathing Volume: 0.600000
[06/10/2020 - 03:57:20PM]  Breathing Volume: 0.800000
[06/10/2020 - 03:57:20PM]  Breathing Volume: 1.000000
[06/10/2020 - 03:57:21PM]  Breathing Volume: 1.000000
[06/10/2020 - 03:59:42PM]  Breathing Started...
[06/10/2020 - 03:59:42PM]  Breathing Volume: 0.200000
[06/10/2020 - 03:59:43PM]  Breathing Volume: 0.400000
[06/10/2020 - 03:59:47PM]  Breathing Started...
[06/10/2020 - 03:59:48PM]  Breathing Volume: 0.200000
[06/10/2020 - 03:59:48PM]  Breathing Volume: 0.400000
[06/10/2020 - 03:59:49PM]  Breathing Volume: 0.600000
[06/10/2020 - 03:59:49PM]  Breathing Volume: 0.800000
[06/10/2020 - 03:59:50PM]  Breathing Volume: 1.000000
[06/10/2020 - 03:59:50PM]  Breathing Volume: 1.000000
