[04/24/2020 - 10:22:52AM] Shared log opened (PC-64)
[04/24/2020 - 10:22:52AM]  Added the entry 'Gas Masks of the Wasteland.esp:[Weather < (2800638A)>]' to Collection.
[04/24/2020 - 10:22:52AM]  Added the entry 'Gas Masks of the Wasteland.esp:[Weather < (2800638C)>]' to Collection.
[04/24/2020 - 10:22:52AM]  Breathing Volume: 0.600000
[04/24/2020 - 10:22:52AM]  Added the entry 'Fallout4.esm:[Weather < (001F61A1)>]' to Collection.
[04/24/2020 - 10:22:52AM]  The plugin for entry 'NAC.esm:2095' is not installed.
[04/24/2020 - 10:22:52AM]  The plugin for entry 'NAC.esm:2095' is not installed.
[04/24/2020 - 10:22:52AM]  The plugin for entry 'NAC.esm:556934' is not installed.
[04/24/2020 - 10:22:52AM]  The plugin for entry 'NAC.esm:556935' is not installed.
[04/24/2020 - 10:22:52AM]  The plugin for entry 'NAC.esm:2250' is not installed.
[04/24/2020 - 10:22:52AM]  The plugin for entry 'NAC.esm:347101' is not installed.
[04/24/2020 - 10:22:53AM]  The plugin for entry 'NAC.esm:319832' is not installed.
[04/24/2020 - 10:22:53AM]  The plugin for entry 'NAC.esm:352940' is not installed.
[04/24/2020 - 10:22:53AM]  The plugin for entry 'NAC.esm:347102' is not installed.
[04/24/2020 - 10:22:53AM]  Added the entry 'Vivid Weathers - FO4.esp:[Weather < (4301C15E)>]' to Collection.
[04/24/2020 - 10:22:53AM]  Added the entry 'Vivid Weathers - FO4.esp:[Weather < (4301C160)>]' to Collection.
[04/24/2020 - 10:22:53AM]  Added the entry 'Vivid Weathers - FO4.esp:[Weather < (4301C15F)>]' to Collection.
[04/24/2020 - 10:22:53AM]  Added the entry 'Vivid Weathers - FO4.esp:[Weather < (43028702)>]' to Collection.
[04/24/2020 - 10:22:53AM]  Added the entry 'Vivid Weathers - FO4.esp:[Weather < (43028705)>]' to Collection.
[04/24/2020 - 10:22:53AM]  Added the entry 'Vivid Weathers - FO4.esp:[Weather < (43028708)>]' to Collection.
[04/24/2020 - 10:22:53AM]  Added the entry 'Vivid Weathers - FO4.esp:[Weather < (4302B4B3)>]' to Collection.
[04/24/2020 - 10:22:53AM]  Added the entry 'Vivid Weathers - FO4.esp:[Weather < (4301B9BC)>]' to Collection.
[04/24/2020 - 10:22:53AM]  Added the entry 'Vivid Weathers - FO4.esp:[Weather < (4301C157)>]' to Collection.
[04/24/2020 - 10:22:53AM]  Added the entry 'Vivid Weathers - FO4.esp:[Weather < (4301C15A)>]' to Collection.
[04/24/2020 - 10:22:53AM]  Added the entry 'Vivid Weathers - FO4.esp:[Weather < (4302870A)>]' to Collection.
[04/24/2020 - 10:22:53AM]  Sending the OnRefreshed event for collection..
[04/24/2020 - 10:22:53AM]  Breathing Volume: 0.800000
[04/24/2020 - 10:22:54AM]  Breathing Volume: 1.000000
[04/24/2020 - 10:22:55AM]  Breathing Volume: 1.000000
[04/24/2020 - 10:23:13AM]  Breathing Started...
[04/24/2020 - 10:23:13AM]  Breathing Volume: 0.200000
[04/24/2020 - 10:23:13AM]  Ignoring, no changes to the current location.
[04/24/2020 - 10:23:14AM]  Ignoring, no changes to the current weather.
[04/24/2020 - 10:23:14AM]  Breathing Volume: 0.400000
[04/24/2020 - 10:23:14AM]  Breathing Volume: 0.600000
[04/24/2020 - 10:23:15AM]  Breathing Volume: 0.800000
[04/24/2020 - 10:23:16AM]  Breathing Volume: 1.000000
[04/24/2020 - 10:23:16AM]  Breathing Volume: 1.000000
[04/24/2020 - 10:23:44AM]  Ignoring, no changes to the current location.
[04/24/2020 - 10:23:44AM]  Ignoring, no changes to the current weather.
[04/24/2020 - 10:23:53AM]  Breathing Started...
[04/24/2020 - 10:23:53AM]  Breathing Volume: 0.200000
[04/24/2020 - 10:23:54AM]  Breathing Volume: 0.400000
[04/24/2020 - 10:23:54AM]  Breathing Volume: 0.600000
[04/24/2020 - 10:23:55AM]  Breathing Volume: 0.800000
[04/24/2020 - 10:23:55AM]  Breathing Volume: 1.000000
[04/24/2020 - 10:23:56AM]  Breathing Volume: 1.000000
[04/24/2020 - 10:24:35AM]  Breathing Started...
[04/24/2020 - 10:24:35AM]  Breathing Volume: 0.200000
[04/24/2020 - 10:24:35AM]  Breathing Volume: 0.400000
[04/24/2020 - 10:24:36AM]  Breathing Volume: 0.600000
[04/24/2020 - 10:24:36AM]  Breathing Volume: 0.800000
[04/24/2020 - 10:24:37AM]  Ignoring, no changes to the current location.
[04/24/2020 - 10:24:37AM]  Ignoring, no changes to the current weather.
[04/24/2020 - 10:24:37AM]  Breathing Volume: 1.000000
[04/24/2020 - 10:24:37AM]  Breathing Volume: 1.000000
[04/24/2020 - 10:25:09AM]  Ignoring, no changes to the current location.
[04/24/2020 - 10:25:09AM]  Ignoring, no changes to the current weather.
[04/24/2020 - 10:25:51AM]  Ignoring, no changes to the current location.
[04/24/2020 - 10:25:51AM]  Ignoring, no changes to the current weather.
[04/24/2020 - 10:26:21AM]  Ignoring, no changes to the current location.
[04/24/2020 - 10:26:21AM]  Ignoring, no changes to the current weather.
[04/24/2020 - 10:27:21AM]  Ignoring, no changes to the current location.
[04/24/2020 - 10:27:21AM]  Ignoring, no changes to the current weather.
[04/24/2020 - 10:27:51AM]  Ignoring, no changes to the current location.
[04/24/2020 - 10:27:51AM]  Ignoring, no changes to the current weather.
[04/24/2020 - 10:28:24AM]  Ignoring, no changes to the current location.
[04/24/2020 - 10:28:24AM]  Ignoring, no changes to the current weather.
[04/24/2020 - 10:28:54AM]  Ignoring, no changes to the current location.
[04/24/2020 - 10:28:54AM]  Ignoring, no changes to the current weather.
[04/24/2020 - 10:29:27AM]  Ignoring, no changes to the current location.
[04/24/2020 - 10:29:27AM]  Ignoring, no changes to the current weather.
[04/24/2020 - 10:29:57AM]  Ignoring, no changes to the current location.
[04/24/2020 - 10:29:57AM]  Ignoring, no changes to the current weather.
[04/24/2020 - 10:31:17AM]  Ignoring, no changes to the current location.
[04/24/2020 - 10:31:17AM]  Ignoring, no changes to the current weather.
[04/24/2020 - 10:31:47AM]  Ignoring, no changes to the current location.
[04/24/2020 - 10:31:47AM]  Ignoring, no changes to the current weather.
[04/24/2020 - 10:32:10AM]  Adding Snow VFX | SnowStage: 4
[04/24/2020 - 10:32:20AM]  Ignoring, no changes to the current location.
[04/24/2020 - 10:32:20AM]  Ignoring, no changes to the current weather.
[04/24/2020 - 10:32:50AM]  Ignoring, no changes to the current location.
[04/24/2020 - 10:32:50AM]  Ignoring, no changes to the current weather.
[04/24/2020 - 10:33:22AM]  Ignoring, no changes to the current location.
[04/24/2020 - 10:33:22AM]  Ignoring, no changes to the current weather.
[04/24/2020 - 10:33:52AM]  Ignoring, no changes to the current location.
[04/24/2020 - 10:33:52AM]  Ignoring, no changes to the current weather.
[04/24/2020 - 10:34:24AM]  Ignoring, no changes to the current location.
[04/24/2020 - 10:34:24AM]  Ignoring, no changes to the current weather.
[04/24/2020 - 10:34:55AM]  Ignoring, no changes to the current location.
[04/24/2020 - 10:34:55AM]  Ignoring, no changes to the current weather.
[04/24/2020 - 10:35:30AM]  Ignoring, no changes to the current location.
[04/24/2020 - 10:35:30AM]  Ignoring, no changes to the current weather.
[04/24/2020 - 10:36:00AM]  Ignoring, no changes to the current location.
[04/24/2020 - 10:36:01AM]  Ignoring, no changes to the current weather.
[04/24/2020 - 10:36:33AM]  Ignoring, no changes to the current location.
[04/24/2020 - 10:36:33AM]  Ignoring, no changes to the current weather.
[04/24/2020 - 10:37:03AM]  Ignoring, no changes to the current location.
[04/24/2020 - 10:37:03AM]  Ignoring, no changes to the current weather.
[04/24/2020 - 10:37:36AM]  Ignoring, no changes to the current location.
[04/24/2020 - 10:37:36AM]  Ignoring, no changes to the current weather.
[04/24/2020 - 10:38:06AM]  Ignoring, no changes to the current location.
[04/24/2020 - 10:38:06AM]  Ignoring, no changes to the current weather.
[04/24/2020 - 10:38:40AM]  Ignoring, no changes to the current location.
[04/24/2020 - 10:38:40AM]  Ignoring, no changes to the current weather.
[04/24/2020 - 10:39:10AM]  Ignoring, no changes to the current location.
[04/24/2020 - 10:39:10AM]  Ignoring, no changes to the current weather.
[04/24/2020 - 10:39:43AM]  Ignoring, no changes to the current location.
[04/24/2020 - 10:39:43AM]  Ignoring, no changes to the current weather.
[04/24/2020 - 10:40:13AM]  Ignoring, no changes to the current location.
[04/24/2020 - 10:40:14AM]  Ignoring, no changes to the current weather.
[04/24/2020 - 10:40:47AM]  Ignoring, no changes to the current location.
[04/24/2020 - 10:40:47AM]  Ignoring, no changes to the current weather.
[04/24/2020 - 10:41:17AM]  Ignoring, no changes to the current location.
[04/24/2020 - 10:41:17AM]  Ignoring, no changes to the current weather.
[04/24/2020 - 01:18:50PM]  Breathing Started...
[04/24/2020 - 01:18:50PM]  Breathing Volume: 0.200000
[04/24/2020 - 01:18:50PM]  Breathing Volume: 0.400000
[04/24/2020 - 01:18:51PM]  Breathing Volume: 0.600000
[04/24/2020 - 01:18:51PM]  Breathing Volume: 0.800000
[04/24/2020 - 01:18:52PM]  Breathing Volume: 1.000000
[04/24/2020 - 01:18:52PM]  Breathing Volume: 1.000000
[04/24/2020 - 01:19:02PM]  Ignoring, no changes to the current location.
[04/24/2020 - 01:19:02PM]  Ignoring, no changes to the current weather.
[04/24/2020 - 01:19:12PM]  Third Person, End Snow VFX
[04/24/2020 - 01:19:12PM]  Third Person, End VFX | MudStage: 0
[04/24/2020 - 01:19:12PM]  Removing Snow VFX
[04/24/2020 - 01:19:12PM]  Third Person, End VFX | DustStage: 0
[04/24/2020 - 01:19:12PM]  Third Person, End VFX | BloodStage: 0
[04/24/2020 - 01:19:12PM]  Removing Blood Smear VFX | No Blood Smear to be removed.
[04/24/2020 - 01:19:12PM]  Removed the mask overlay.
[04/24/2020 - 01:19:12PM]  Removed overlay for third person camera.
[04/24/2020 - 01:19:14PM]  Breathing Started...
[04/24/2020 - 01:19:14PM]  Breathing Volume: 0.200000
[04/24/2020 - 01:19:14PM]  Breathing Volume: 0.400000
[04/24/2020 - 01:19:15PM]  Breathing Volume: 0.600000
[04/24/2020 - 01:19:52PM]  Breathing Volume: 0.800000
[04/24/2020 - 01:19:52PM]  Applied the mask overlay.
[04/24/2020 - 01:19:52PM]  mask overlay toggled off.
[04/24/2020 - 01:19:52PM]  Applied overlay for first person camera.
[04/24/2020 - 01:19:52PM]  Reapplying Snow VFX | SnowStage: 4
[04/24/2020 - 01:19:52PM]  Breathing Volume: 1.000000
[04/24/2020 - 01:19:53PM]  Breathing Volume: 1.000000
[04/24/2020 - 01:35:24PM]  Breathing Started...
[04/24/2020 - 01:35:24PM]  Breathing Volume: 0.200000
[04/24/2020 - 01:35:25PM]  Breathing Volume: 0.400000
[04/24/2020 - 01:37:08PM]  Breathing Volume: 0.600000
[04/24/2020 - 01:37:08PM]  Breathing Volume: 0.800000
[04/24/2020 - 01:37:09PM]  Breathing Volume: 1.000000
[04/24/2020 - 01:37:09PM]  Breathing Volume: 1.000000
[04/24/2020 - 01:37:09PM]  Dust Mask Wipe...
[04/24/2020 - 01:37:09PM]  Blood Mask Wipe...
[04/24/2020 - 01:37:09PM]  Mud Mask Wipe...
[04/24/2020 - 01:37:09PM]  Removing Snow VFX
[04/24/2020 - 01:37:10PM]  Refunding the mask wipe item.
[04/24/2020 - 01:37:10PM]  Adding Snow VFX | SnowStage: 1
[04/24/2020 - 01:37:10PM]  Played the '[Idle <GasMaskwithGoggles_1stPUseMaskWipeOnSelf (2800549C)>]' idle animation on the '[Actor < (00000014)>]' actor.
[04/24/2020 - 01:37:10PM]  Blood Mask Wipe...
[04/24/2020 - 01:37:10PM]  Dust Mask Wipe...
[04/24/2020 - 01:37:10PM]  Mud Mask Wipe...
[04/24/2020 - 01:37:10PM]  Removing Snow VFX
[04/24/2020 - 01:37:10PM]  Refunding the mask wipe item.
[04/24/2020 - 01:37:10PM]  Adding Snow VFX | SnowStage: 1
[04/24/2020 - 01:37:11PM]  Played the '[Idle <GasMaskwithGoggles_1stPUseMaskWipeOnSelf (2800549C)>]' idle animation on the '[Actor < (00000014)>]' actor.
