[06/10/2020 - 03:56:42PM] Weather log opened (PC-64)
[06/10/2020 - 03:56:42PM] [metro:world:weatherdatabase <GasMask_Context (1B006381)>] Added the entry 'Gas Masks of the Wasteland.esp:[Weather < (1B00638A)>]' to Collection.
[06/10/2020 - 03:56:52PM] [metro:world:weatherdatabase <GasMask_Context (1B006381)>] Added the entry 'Gas Masks of the Wasteland.esp:[Weather < (1B00638C)>]' to Collection.
[06/10/2020 - 03:56:52PM] [metro:world:weatherdatabase <GasMask_Context (1B006381)>] Added the entry 'Fallout4.esm:[Weather < (001F61A1)>]' to Collection.
[06/10/2020 - 03:56:52PM] [metro:world:weatherdatabase <GasMask_Context (1B006381)>] The plugin for entry 'NAC.esm:2095' is not installed.
[06/10/2020 - 03:56:52PM] [metro:world:weatherdatabase <GasMask_Context (1B006381)>] The plugin for entry 'NAC.esm:2095' is not installed.
[06/10/2020 - 03:56:52PM] [metro:world:weatherdatabase <GasMask_Context (1B006381)>] The plugin for entry 'NAC.esm:556934' is not installed.
[06/10/2020 - 03:56:52PM] [metro:world:weatherdatabase <GasMask_Context (1B006381)>] The plugin for entry 'NAC.esm:556935' is not installed.
[06/10/2020 - 03:56:52PM] [metro:world:weatherdatabase <GasMask_Context (1B006381)>] The plugin for entry 'NAC.esm:2250' is not installed.
[06/10/2020 - 03:56:52PM] [metro:world:weatherdatabase <GasMask_Context (1B006381)>] The plugin for entry 'NAC.esm:347101' is not installed.
[06/10/2020 - 03:56:52PM] [metro:world:weatherdatabase <GasMask_Context (1B006381)>] The plugin for entry 'NAC.esm:319832' is not installed.
[06/10/2020 - 03:56:52PM] [metro:world:weatherdatabase <GasMask_Context (1B006381)>] The plugin for entry 'NAC.esm:352940' is not installed.
[06/10/2020 - 03:56:53PM] [metro:world:weatherdatabase <GasMask_Context (1B006381)>] The plugin for entry 'NAC.esm:347102' is not installed.
[06/10/2020 - 03:56:53PM] [metro:world:weatherdatabase <GasMask_Context (1B006381)>] Added the entry 'Vivid Weathers - FO4.esp:[Weather < (4501C15E)>]' to Collection.
[06/10/2020 - 03:56:53PM] [metro:world:weatherdatabase <GasMask_Context (1B006381)>] Added the entry 'Vivid Weathers - FO4.esp:[Weather < (4501C160)>]' to Collection.
[06/10/2020 - 03:56:53PM] [metro:world:weatherdatabase <GasMask_Context (1B006381)>] Added the entry 'Vivid Weathers - FO4.esp:[Weather < (4501C15F)>]' to Collection.
[06/10/2020 - 03:56:53PM] [metro:world:weatherdatabase <GasMask_Context (1B006381)>] Added the entry 'Vivid Weathers - FO4.esp:[Weather < (45028702)>]' to Collection.
[06/10/2020 - 03:56:53PM] [metro:world:weatherdatabase <GasMask_Context (1B006381)>] Added the entry 'Vivid Weathers - FO4.esp:[Weather < (45028705)>]' to Collection.
[06/10/2020 - 03:56:53PM] [metro:world:weatherdatabase <GasMask_Context (1B006381)>] Added the entry 'Vivid Weathers - FO4.esp:[Weather < (45028708)>]' to Collection.
[06/10/2020 - 03:56:53PM] [metro:world:weatherdatabase <GasMask_Context (1B006381)>] Added the entry 'Vivid Weathers - FO4.esp:[Weather < (4502B4B3)>]' to Collection.
[06/10/2020 - 03:56:53PM] [metro:world:weatherdatabase <GasMask_Context (1B006381)>] Added the entry 'Vivid Weathers - FO4.esp:[Weather < (4501B9BC)>]' to Collection.
[06/10/2020 - 03:56:53PM] [metro:world:weatherdatabase <GasMask_Context (1B006381)>] Added the entry 'Vivid Weathers - FO4.esp:[Weather < (4501C157)>]' to Collection.
[06/10/2020 - 03:56:53PM] [metro:world:weatherdatabase <GasMask_Context (1B006381)>] Added the entry 'Vivid Weathers - FO4.esp:[Weather < (4501C15A)>]' to Collection.
[06/10/2020 - 03:56:53PM] [metro:world:weatherdatabase <GasMask_Context (1B006381)>] Added the entry 'Vivid Weathers - FO4.esp:[Weather < (4502870A)>]' to Collection.
[06/10/2020 - 03:56:53PM] [metro:world:weatherdatabase <GasMask_Context (1B006381)>] Sending the OnRefreshed event for collection..
