[04/24/2020 - 07:58:48PM] Workshop log opened (PC-64)
[04/24/2020 - 07:58:48PM]  ------------------------------------------------------------------------------ 
[04/24/2020 - 07:58:48PM]   RemoveObject: [workshopobjectscript < (FF003409)>] from [workshopscript < (000250FE)>]
[04/24/2020 - 07:58:48PM]     UnassignObject: REMOVING [workshopobjectscript < (FF003409)>]
[04/24/2020 - 07:58:48PM]   baseActor=None
[04/24/2020 - 07:58:48PM]   GetAssignedActor: None
[04/24/2020 - 07:58:48PM]  	UnassignObject: [workshopobjectscript < (FF003409)>] is not assigned to any actor.
[04/24/2020 - 07:58:53PM]  	UpdateWorkshopRatingsForObject [workshopobjectscript < (FF003409)>]: DONE
[04/24/2020 - 07:58:53PM]  	UnassignObject: DONE
[04/24/2020 - 07:58:54PM]  ------------------------------------------------------------------------------ 
[04/24/2020 - 07:58:54PM]   RemoveObject: [workshopobjectscript < (FF0172E2)>] from [workshopscript < (000250FE)>]
[04/24/2020 - 07:58:54PM]     UnassignObject: REMOVING [workshopobjectscript < (FF0172E2)>]
[04/24/2020 - 07:58:54PM]   baseActor=None
[04/24/2020 - 07:58:54PM]   GetAssignedActor: None
[04/24/2020 - 07:58:54PM]  	UnassignObject: [workshopobjectscript < (FF0172E2)>] is not assigned to any actor.
[04/24/2020 - 07:58:55PM]  ------------------------------------------------------------------------------ 
[04/24/2020 - 07:58:55PM]   RemoveObject: [workshopobjectscript < (FF017D4D)>] from [workshopscript < (000250FE)>]
[04/24/2020 - 07:58:58PM]  ------------------------------------------------------------------------------ 
[04/24/2020 - 07:58:58PM]   RemoveObject: [workshopobjectscript < (FF01953C)>] from [workshopscript < (000250FE)>]
[04/24/2020 - 07:58:58PM]  	UpdateWorkshopRatingsForObject [workshopobjectscript < (FF0172E2)>]: DONE
[04/24/2020 - 07:58:58PM]  	UnassignObject: DONE
[04/24/2020 - 07:59:00PM]     UnassignObject: REMOVING [workshopobjectscript < (FF017D4D)>]
[04/24/2020 - 07:59:00PM]   baseActor=[ActorBase < (00000007)>]
[04/24/2020 - 07:59:00PM]   GetAssignedActor: None
[04/24/2020 - 07:59:00PM]  	UnassignObject: [workshopobjectscript < (FF017D4D)>] is not assigned to any actor.
[04/24/2020 - 07:59:03PM]  ------------------------------------------------------------------------------ 
[04/24/2020 - 07:59:03PM]   RemoveObject: [workshopobjectscript < (FF01A1B0)>] from [workshopscript < (000250FE)>]
[04/24/2020 - 07:59:04PM]  	UpdateWorkshopRatingsForObject [workshopobjectscript < (FF017D4D)>]: DONE
[04/24/2020 - 07:59:04PM]  	UnassignObject: DONE
[04/24/2020 - 07:59:04PM]     UnassignObject: REMOVING [workshopobjectscript < (FF01953C)>]
[04/24/2020 - 07:59:04PM]   baseActor=None
[04/24/2020 - 07:59:04PM]   GetAssignedActor: None
[04/24/2020 - 07:59:04PM]  	UnassignObject: [workshopobjectscript < (FF01953C)>] is not assigned to any actor.
[04/24/2020 - 07:59:08PM]  	UpdateWorkshopRatingsForObject [workshopobjectscript < (FF01953C)>]: DONE
[04/24/2020 - 07:59:08PM]  	UnassignObject: DONE
[04/24/2020 - 07:59:08PM]     UnassignObject: REMOVING [workshopobjectscript < (FF01A1B0)>]
[04/24/2020 - 07:59:08PM]   baseActor=None
[04/24/2020 - 07:59:08PM]   GetAssignedActor: None
[04/24/2020 - 07:59:08PM]  	UnassignObject: [workshopobjectscript < (FF01A1B0)>] is not assigned to any actor.
[04/24/2020 - 07:59:09PM]  ------------------------------------------------------------------------------ 
[04/24/2020 - 07:59:09PM]   RemoveObject: [workshopobjectscript < (FF01AD1B)>] from [workshopscript < (000250FE)>]
[04/24/2020 - 07:59:19PM]  	UpdateWorkshopRatingsForObject [workshopobjectscript < (FF01A1B0)>]: DONE
[04/24/2020 - 07:59:19PM]  	UnassignObject: DONE
[04/24/2020 - 07:59:19PM]     UnassignObject: REMOVING [workshopobjectscript < (FF01AD1B)>]
[04/24/2020 - 07:59:19PM]   baseActor=None
[04/24/2020 - 07:59:19PM]   GetAssignedActor: None
[04/24/2020 - 07:59:19PM]  	UnassignObject: [workshopobjectscript < (FF01AD1B)>] is not assigned to any actor.
[04/24/2020 - 07:59:22PM]  ------------------------------------------------------------------------------ 
[04/24/2020 - 07:59:22PM]   RemoveObject: [workshopobjectscript < (FF01AA1D)>] from [workshopscript < (000250FE)>]
[04/24/2020 - 07:59:22PM]  ------------------------------------------------------------------------------ 
[04/24/2020 - 07:59:22PM]   RemoveObject: [workshopobjectscript < (FF01C182)>] from [workshopscript < (000250FE)>]
[04/24/2020 - 07:59:23PM]  	UpdateWorkshopRatingsForObject [workshopobjectscript < (FF01AD1B)>]: DONE
[04/24/2020 - 07:59:23PM]  	UnassignObject: DONE
[04/24/2020 - 07:59:24PM]     UnassignObject: REMOVING [workshopobjectscript < (FF01C182)>]
[04/24/2020 - 07:59:24PM]   baseActor=[ActorBase < (00000007)>]
[04/24/2020 - 07:59:24PM]   GetAssignedActor: None
[04/24/2020 - 07:59:24PM]  	UnassignObject: [workshopobjectscript < (FF01C182)>] is not assigned to any actor.
[04/24/2020 - 07:59:25PM]  ------------------------------------------------------------------------------ 
[04/24/2020 - 07:59:25PM]   RemoveObject: [workshopobjectscript < (FF01C28F)>] from [workshopscript < (000250FE)>]
[04/24/2020 - 07:59:27PM]  ---------------------------------------------------------------------------------
[04/24/2020 - 07:59:27PM]  	SetCurrentWorkshop: new value = 20
[04/24/2020 - 07:59:27PM]  ---------------------------------------------------------------------------------
[04/24/2020 - 07:59:28PM]  ------------------------------------------------------------------------------ 
[04/24/2020 - 07:59:28PM]   RemoveObject: [workshopobjectscript < (FF01A4C9)>] from [workshopscript < (000250FE)>]
[04/24/2020 - 07:59:29PM]  ---------------------------------------------------------------------------------
[04/24/2020 - 07:59:29PM]  	SetCurrentWorkshop: new value = 20
[04/24/2020 - 07:59:29PM]  ---------------------------------------------------------------------------------
[04/24/2020 - 07:59:29PM]  ------------------------------------------------------------------------------ 
[04/24/2020 - 07:59:29PM]   RemoveObject: [workshopobjectscript < (FF01BC11)>] from [workshopscript < (000250FE)>]
[04/24/2020 - 07:59:32PM]  ------------------------------------------------------------------------------ 
[04/24/2020 - 07:59:32PM]   RemoveObject: [DLC06:WorkshopBarberChairScript < (FF01CB41)>] from [workshopscript < (000250FE)>]
[04/24/2020 - 07:59:32PM]  [workshopscript < (000250FE)>]		  WARNING - Invalid actor found: obj ref = [workshopobjectscript < (FF0260B5)>]
[04/24/2020 - 07:59:32PM]  [workshopscript < (000250FE)>]		  WARNING - Invalid actor found: obj ref = [workshopobjectscript < (FF025A52)>]
[04/24/2020 - 07:59:34PM]  	UpdateWorkshopRatingsForObject [workshopobjectscript < (FF01C182)>]: DONE
[04/24/2020 - 07:59:34PM]  	UnassignObject: DONE
[04/24/2020 - 07:59:34PM]     UnassignObject: REMOVING [DLC06:WorkshopBarberChairScript < (FF01CB41)>]
[04/24/2020 - 07:59:34PM]   baseActor=None
[04/24/2020 - 07:59:34PM]   GetAssignedActor: None
[04/24/2020 - 07:59:34PM]  	UnassignObject: [DLC06:WorkshopBarberChairScript < (FF01CB41)>] is not assigned to any actor.
[04/24/2020 - 07:59:38PM]   GetAssignedActor: [workshopnpcscript < (0001A4DA)>]
[04/24/2020 - 07:59:38PM]  ------------------------------------------------------------------------------ 
[04/24/2020 - 07:59:38PM]   RemoveObject: [SB_commdesk < (FF01CA8F)>] from [workshopscript < (000250FE)>]
[04/24/2020 - 07:59:38PM]  	UpdateWorkshopRatingsForObject [DLC06:WorkshopBarberChairScript < (FF01CB41)>]: DONE
[04/24/2020 - 07:59:38PM]  	UnassignObject: DONE
[04/24/2020 - 07:59:38PM]  [workshopparentscript <WorkshopParent (0002058E)>] UpdateActorsWorkObjects_Private: Actor = [workshopnpcscript < (3B01FBCC)>], Workshop = [workshopscript < (000250FE)>]
[04/24/2020 - 07:59:38PM]  [workshopparentscript <WorkshopParent (0002058E)>] UpdateActorsWorkObjects_Private: DONE
[04/24/2020 - 07:59:39PM]  [workshopparentscript <WorkshopParent (0002058E)>] UpdateActorsWorkObjects_Private: Actor = [workshopnpcscript < (3B00EFC0)>], Workshop = [workshopscript < (000250FE)>]
[04/24/2020 - 07:59:39PM]  [workshopparentscript <WorkshopParent (0002058E)>] UpdateActorsWorkObjects_Private: DONE
[04/24/2020 - 07:59:39PM]  [workshopparentscript <WorkshopParent (0002058E)>] UpdateActorsWorkObjects_Private: Actor = [workshopnpcscript < (0001A4DB)>], Workshop = [workshopscript < (000250FE)>]
[04/24/2020 - 07:59:39PM]  	UpdateWorkshopRatingsForObject [workshopobjectscript < (FF01BE12)>]: DONE
[04/24/2020 - 07:59:39PM]  [workshopparentscript <WorkshopParent (0002058E)>] UpdateActorsWorkObjects_Private: DONE
[04/24/2020 - 07:59:39PM]  [workshopparentscript <WorkshopParent (0002058E)>] UpdateActorsWorkObjects_Private: Actor = [workshopnpcscript < (0001A4D8)>], Workshop = [workshopscript < (000250FE)>]
[04/24/2020 - 07:59:39PM]  	UpdateWorkshopRatingsForObject [workshopobjectscript < (FF01BC44)>]: DONE
[04/24/2020 - 07:59:39PM]  [workshopparentscript <WorkshopParent (0002058E)>] UpdateActorsWorkObjects_Private: DONE
[04/24/2020 - 07:59:39PM]  [workshopscript < (000250FE)>]		  WARNING - Invalid actor found: obj ref = [workshopobjectscript < (FF02AD2C)>]
[04/24/2020 - 07:59:39PM]  [workshopparentscript <WorkshopParent (0002058E)>] UpdateActorsWorkObjects_Private: Actor = [workshopnpcscript < (0001A4DA)>], Workshop = [workshopscript < (000250FE)>]
[04/24/2020 - 07:59:39PM]  	UpdateWorkshopRatingsForObject [SB_commdesk < (FF01CA8F)>]: DONE
[04/24/2020 - 07:59:39PM]  [workshopparentscript <WorkshopParent (0002058E)>] UpdateActorsWorkObjects_Private: DONE
[04/24/2020 - 07:59:39PM]  ------------------------------------------------------------------------------ 
[04/24/2020 - 07:59:39PM]   RemoveObject: [workshopobjectscript < (FF01D0F6)>] from [workshopscript < (000250FE)>]
[04/24/2020 - 07:59:39PM]  [workshopparentscript <WorkshopParent (0002058E)>] UpdateActorsWorkObjects_Private: Actor = [workshopnpcscript < (0001A4D9)>], Workshop = [workshopscript < (000250FE)>]
[04/24/2020 - 07:59:39PM]  	UpdateWorkshopRatingsForObject [workshopobjectscript < (FF01D29A)>]: DONE
[04/24/2020 - 07:59:39PM]  	UpdateWorkshopRatingsForObject [workshopobjectscript < (FF01DB7D)>]: DONE
[04/24/2020 - 07:59:39PM]  [workshopparentscript <WorkshopParent (0002058E)>] UpdateActorsWorkObjects_Private: DONE
[04/24/2020 - 07:59:39PM]  [workshopparentscript <WorkshopParent (0002058E)>] UpdateActorsWorkObjects_Private: Actor = [workshopnpcscript < (0001A4D7)>], Workshop = [workshopscript < (000250FE)>]
[04/24/2020 - 07:59:39PM]  [workshopparentscript <WorkshopParent (0002058E)>] UpdateActorsWorkObjects_Private: DONE
[04/24/2020 - 07:59:39PM]  [workshopscript < (000250FE)>]		  WARNING - Invalid actor found: obj ref = [workshopobjectscript < (FF0159A7)>]
[04/24/2020 - 07:59:39PM]  [workshopscript < (000250FE)>]		  WARNING - Invalid actor found: obj ref = [workshopobjectscript < (FF01759B)>]
[04/24/2020 - 07:59:39PM]  [workshopscript < (000250FE)>]		  WARNING - Invalid actor found: obj ref = [workshopobjectscript < (FF017E16)>]
[04/24/2020 - 07:59:39PM]  [workshopscript < (000250FE)>]		  WARNING - Invalid actor found: obj ref = [FaceGenFullSurgeryScript < (FF018C77)>]
[04/24/2020 - 07:59:39PM]  [workshopscript < (000250FE)>]		  WARNING - Invalid actor found: obj ref = [workshopobjectscript < (FF018F25)>]
[04/24/2020 - 07:59:39PM]  [workshopscript < (000250FE)>]		  WARNING - Invalid actor found: obj ref = [workshopobjectscript < (FF01917B)>]
[04/24/2020 - 07:59:39PM]  [workshopscript < (000250FE)>]		  WARNING - Invalid actor found: obj ref = [workshopobjectscript < (FF02B0F2)>]
[04/24/2020 - 07:59:39PM]  [workshopscript < (000250FE)>]		  WARNING - Invalid actor found: obj ref = [workshopobjectscript < (FF01980D)>]
[04/24/2020 - 07:59:39PM]  [workshopscript < (000250FE)>]		  WARNING - Invalid actor found: obj ref = [workshopobjectscript < (FF0198EB)>]
[04/24/2020 - 07:59:39PM]  [workshopscript < (000250FE)>]		  WARNING - Invalid actor found: obj ref = [workshopobjectscript < (FF019BE2)>]
[04/24/2020 - 07:59:39PM]  [workshopscript < (000250FE)>]		  WARNING - Invalid actor found: obj ref = [workshopobjectscript < (FF019DD7)>]
[04/24/2020 - 07:59:39PM]  [workshopscript < (000250FE)>]		  WARNING - Invalid actor found: obj ref = [workshopobjectscript < (FF01A108)>]
[04/24/2020 - 07:59:39PM]  [workshopscript < (000250FE)>]		  WARNING - Invalid actor found: obj ref = [workshopobjectscript < (FF01A23E)>]
[04/24/2020 - 07:59:39PM]  [workshopscript < (000250FE)>]		  WARNING - Invalid actor found: obj ref = [workshopobjectscript < (FF01A4C9)>]
[04/24/2020 - 07:59:39PM]  [workshopscript < (000250FE)>]		  WARNING - Invalid actor found: obj ref = [workshopobjectscript < (FF01AA1D)>]
[04/24/2020 - 07:59:39PM]  [workshopscript < (000250FE)>]		  WARNING - Invalid actor found: obj ref = [workshopobjectscript < (FF01AB42)>]
[04/24/2020 - 07:59:39PM]  [workshopscript < (000250FE)>]		  WARNING - Invalid actor found: obj ref = [workshopobjectscript < (FF01AD0B)>]
[04/24/2020 - 07:59:39PM]  [workshopscript < (000250FE)>]		  WARNING - Invalid actor found: obj ref = [workshopobjectscript < (FF01B123)>]
[04/24/2020 - 07:59:39PM]  [workshopscript < (000250FE)>]		  WARNING - Invalid actor found: obj ref = [workshopobjectscript < (FF01BC11)>]
[04/24/2020 - 07:59:39PM]     UnassignObject: REMOVING [workshopobjectscript < (FF01BC11)>]
[04/24/2020 - 07:59:39PM]  [workshopscript < (000250FE)>]		  WARNING - Invalid actor found: obj ref = [workshopobjectscript < (FF01BC44)>]
[04/24/2020 - 07:59:39PM]  [workshopscript < (000250FE)>]		  WARNING - Invalid actor found: obj ref = [workshopobjectscript < (FF01BE12)>]
[04/24/2020 - 07:59:39PM]  [workshopscript < (000250FE)>]		  WARNING - Invalid actor found: obj ref = [workshopobjectscript < (FF01BE4D)>]
[04/24/2020 - 07:59:39PM]  [workshopscript < (000250FE)>]		  WARNING - Invalid actor found: obj ref = [workshopobjectscript < (FF01C182)>]
[04/24/2020 - 07:59:39PM]  [workshopscript < (000250FE)>]		  WARNING - Invalid actor found: obj ref = [workshopobjectscript < (FF01C28F)>]
[04/24/2020 - 07:59:39PM]  [workshopscript < (000250FE)>]		  WARNING - Invalid actor found: obj ref = [workshopobjectscript < (FF01C61D)>]
[04/24/2020 - 07:59:39PM]  [workshopscript < (000250FE)>]		  WARNING - Invalid actor found: obj ref = [ObjectReference < (FF01C7B5)>]
[04/24/2020 - 07:59:39PM]  [workshopscript < (000250FE)>]		  WARNING - Invalid actor found: obj ref = [workshopobjectscript < (FF01CADB)>]
[04/24/2020 - 07:59:39PM]  [workshopscript < (000250FE)>]		  WARNING - Invalid actor found: obj ref = [FaceGenBarberChairScript < (FF01CB41)>]
[04/24/2020 - 07:59:39PM]  [workshopscript < (000250FE)>]		  WARNING - Invalid actor found: obj ref = [workshopobjectscript < (FF01D000)>]
[04/24/2020 - 07:59:39PM]  [workshopscript < (000250FE)>]		  WARNING - Invalid actor found: obj ref = [workshopobjectscript < (FF01D0F6)>]
[04/24/2020 - 07:59:39PM]  [workshopscript < (000250FE)>]		  WARNING - Invalid actor found: obj ref = [workshopobjectscript < (FF01D12D)>]
[04/24/2020 - 07:59:39PM]  [workshopscript < (000250FE)>]		  WARNING - Invalid actor found: obj ref = [workshopobjectscript < (FF01D134)>]
[04/24/2020 - 07:59:39PM]  [workshopscript < (000250FE)>]		  WARNING - Invalid actor found: obj ref = [workshopobjectscript < (FF01D29A)>]
[04/24/2020 - 07:59:39PM]  [workshopscript < (000250FE)>]		  WARNING - Invalid actor found: obj ref = [drinkfromfountainscript < (FF01D2BB)>]
[04/24/2020 - 07:59:39PM]  [workshopscript < (000250FE)>]		  WARNING - Invalid actor found: obj ref = [workshopobjectscript < (FF01D36C)>]
[04/24/2020 - 07:59:39PM]  [workshopscript < (000250FE)>]		  WARNING - Invalid actor found: obj ref = [workshopobjectscript < (FF01DB7D)>]
[04/24/2020 - 07:59:39PM]  [workshopscript < (000250FE)>]		  WARNING - Invalid actor found: obj ref = [workshopobjectscript < (FF01E268)>]
[04/24/2020 - 07:59:39PM]  [workshopscript < (000250FE)>]		  WARNING - Invalid actor found: obj ref = [ObjectReference < (FF01E699)>]
[04/24/2020 - 07:59:39PM]  [workshopscript < (000250FE)>]		  WARNING - Invalid actor found: obj ref = [workshopobjectscript < (FF0208CF)>]
[04/24/2020 - 07:59:39PM]  [workshopscript < (000250FE)>]		  WARNING - Invalid actor found: obj ref = [workshopobjectscript < (FF021BF8)>]
[04/24/2020 - 07:59:39PM]  [workshopscript < (000250FE)>]		  WARNING - Invalid actor found: obj ref = [ObjectReference < (FF021E31)>]
[04/24/2020 - 07:59:39PM]  [workshopscript < (000250FE)>]		  WARNING - Invalid actor found: obj ref = [workshopobjectscript < (FF025FD9)>]
[04/24/2020 - 07:59:39PM]  [workshopscript < (000250FE)>]		  WARNING - Invalid actor found: obj ref = [workshopobjectscript < (FF027AC9)>]
[04/24/2020 - 07:59:39PM]  [workshopscript < (000250FE)>]		  WARNING - Invalid actor found: obj ref = [workshopobjectscript < (FF027FB9)>]
[04/24/2020 - 07:59:39PM]   baseActor=None
[04/24/2020 - 07:59:39PM]   GetAssignedActor: None
[04/24/2020 - 07:59:39PM]  	UnassignObject: [workshopobjectscript < (FF01BC11)>] is not assigned to any actor.
[04/24/2020 - 07:59:40PM]  ------------------------------------------------------------------------------ 
[04/24/2020 - 07:59:40PM]   RemoveObject: [workshopobjectscript < (FF01E268)>] from [workshopscript < (000250FE)>]
[04/24/2020 - 07:59:43PM]  	UpdateWorkshopRatingsForObject [workshopobjectscript < (FF01BC11)>]: DONE
[04/24/2020 - 07:59:43PM]  	UnassignObject: DONE
[04/24/2020 - 07:59:43PM]     UnassignObject: REMOVING [workshopobjectscript < (FF01AA1D)>]
[04/24/2020 - 07:59:43PM]   baseActor=None
[04/24/2020 - 07:59:43PM]   GetAssignedActor: None
[04/24/2020 - 07:59:43PM]  	UnassignObject: [workshopobjectscript < (FF01AA1D)>] is not assigned to any actor.
[04/24/2020 - 07:59:47PM]  	UpdateWorkshopRatingsForObject [workshopobjectscript < (FF01AA1D)>]: DONE
[04/24/2020 - 07:59:47PM]  	UnassignObject: DONE
[04/24/2020 - 07:59:47PM]     UnassignObject: REMOVING [workshopobjectscript < (FF01C28F)>]
[04/24/2020 - 07:59:47PM]   baseActor=None
[04/24/2020 - 07:59:47PM]   GetAssignedActor: None
[04/24/2020 - 07:59:47PM]  	UnassignObject: [workshopobjectscript < (FF01C28F)>] is not assigned to any actor.
[04/24/2020 - 07:59:51PM]  	UpdateWorkshopRatingsForObject [workshopobjectscript < (FF01C28F)>]: DONE
[04/24/2020 - 07:59:51PM]  	UnassignObject: DONE
[04/24/2020 - 07:59:51PM]     UnassignObject: REMOVING [workshopobjectscript < (FF01E268)>]
[04/24/2020 - 07:59:51PM]   baseActor=None
[04/24/2020 - 07:59:51PM]   GetAssignedActor: None
[04/24/2020 - 07:59:51PM]  	UnassignObject: [workshopobjectscript < (FF01E268)>] is not assigned to any actor.
[04/24/2020 - 07:59:54PM]  ------------------------------------------------------------------------------ 
[04/24/2020 - 07:59:54PM]   RemoveObject: [workshopobjectscript < (FF01D2BB)>] from [workshopscript < (000250FE)>]
[04/24/2020 - 07:59:55PM]  	UpdateWorkshopRatingsForObject [workshopobjectscript < (FF01E268)>]: DONE
[04/24/2020 - 07:59:55PM]  	UnassignObject: DONE
[04/24/2020 - 07:59:55PM]     UnassignObject: REMOVING [SB_commdesk < (FF01CA8F)>]
[04/24/2020 - 07:59:55PM]   GetAssignedActor: [workshopnpcscript < (0001A4DA)>]
[04/24/2020 - 07:59:55PM]  ------------------------------------------------------------------------------ 
[04/24/2020 - 07:59:55PM]   RemoveObject: [workshopobjectscript < (FF01D134)>] from [workshopscript < (000250FE)>]
[04/24/2020 - 07:59:59PM]  	UpdateWorkshopRatingsForObject [SB_commdesk < (FF01CA8F)>]: DONE
[04/24/2020 - 07:59:59PM]  	UnassignObject: DONE
[04/24/2020 - 07:59:59PM]     UnassignObject: REMOVING [workshopobjectscript < (FF01D134)>]
[04/24/2020 - 07:59:59PM]   baseActor=None
[04/24/2020 - 07:59:59PM]   GetAssignedActor: None
[04/24/2020 - 07:59:59PM]  	UnassignObject: [workshopobjectscript < (FF01D134)>] is not assigned to any actor.
[04/24/2020 - 08:00:04PM]  	UpdateWorkshopRatingsForObject [workshopobjectscript < (FF01D134)>]: DONE
[04/24/2020 - 08:00:04PM]  	UnassignObject: DONE
[04/24/2020 - 08:00:04PM]     UnassignObject: REMOVING [workshopobjectscript < (FF01D2BB)>]
[04/24/2020 - 08:00:04PM]   baseActor=None
[04/24/2020 - 08:00:04PM]   GetAssignedActor: None
[04/24/2020 - 08:00:04PM]  	UnassignObject: [workshopobjectscript < (FF01D2BB)>] is not assigned to any actor.
[04/24/2020 - 08:00:06PM]  ------------------------------------------------------------------------------ 
[04/24/2020 - 08:00:06PM]   RemoveObject: [workshopobjectscript < (FF0208CF)>] from [workshopscript < (000250FE)>]
[04/24/2020 - 08:00:08PM]  	UpdateWorkshopRatingsForObject [workshopobjectscript < (FF01D2BB)>]: DONE
[04/24/2020 - 08:00:08PM]  	UnassignObject: DONE
[04/24/2020 - 08:00:09PM]     UnassignObject: REMOVING [workshopobjectscript < (FF0208CF)>]
[04/24/2020 - 08:00:09PM]   baseActor=None
[04/24/2020 - 08:00:09PM]   GetAssignedActor: None
[04/24/2020 - 08:00:09PM]  	UnassignObject: [workshopobjectscript < (FF0208CF)>] is not assigned to any actor.
[04/24/2020 - 08:00:13PM]  	UpdateWorkshopRatingsForObject [workshopobjectscript < (FF0208CF)>]: DONE
[04/24/2020 - 08:00:13PM]  	UnassignObject: DONE
[04/24/2020 - 08:00:13PM]     UnassignObject: REMOVING [workshopobjectscript < (FF01D0F6)>]
[04/24/2020 - 08:00:13PM]   baseActor=None
[04/24/2020 - 08:00:13PM]   GetAssignedActor: None
[04/24/2020 - 08:00:13PM]  	UnassignObject: [workshopobjectscript < (FF01D0F6)>] is not assigned to any actor.
[04/24/2020 - 08:00:17PM]  	UpdateWorkshopRatingsForObject [workshopobjectscript < (FF01D0F6)>]: DONE
[04/24/2020 - 08:00:17PM]  	UnassignObject: DONE
[04/24/2020 - 08:00:17PM]     UnassignObject: REMOVING [workshopobjectscript < (FF01A4C9)>]
[04/24/2020 - 08:00:17PM]   baseActor=None
[04/24/2020 - 08:00:17PM]   GetAssignedActor: None
[04/24/2020 - 08:00:17PM]  	UnassignObject: [workshopobjectscript < (FF01A4C9)>] is not assigned to any actor.
[04/24/2020 - 08:00:20PM]  ------------------------------------------------------------------------------ 
[04/24/2020 - 08:00:20PM]   RemoveObject: [workshopobjectscript < (FF01DB7D)>] from [workshopscript < (000250FE)>]
[04/24/2020 - 08:00:21PM]  	UpdateWorkshopRatingsForObject [workshopobjectscript < (FF01A4C9)>]: DONE
[04/24/2020 - 08:00:21PM]  	UnassignObject: DONE
[04/24/2020 - 08:00:21PM]     UnassignObject: REMOVING [workshopobjectscript < (FF01DB7D)>]
[04/24/2020 - 08:00:21PM]   GetAssignedActor: [workshopnpcscript < (0001A4D9)>]
[04/24/2020 - 08:00:25PM]  	UpdateWorkshopRatingsForObject [workshopobjectscript < (FF01DB7D)>]: DONE
[04/24/2020 - 08:00:25PM]  	UnassignObject: DONE
[04/24/2020 - 08:00:38PM]  ------------------------------------------------------------------------------ 
[04/24/2020 - 08:00:38PM]   RemoveObject: [workshopobjectscript < (FF0198EB)>] from [workshopscript < (000250FE)>]
[04/24/2020 - 08:00:38PM]     UnassignObject: REMOVING [workshopobjectscript < (FF0198EB)>]
[04/24/2020 - 08:00:38PM]   baseActor=[ActorBase < (00000007)>]
[04/24/2020 - 08:00:38PM]   GetAssignedActor: None
[04/24/2020 - 08:00:38PM]  	UnassignObject: [workshopobjectscript < (FF0198EB)>] is not assigned to any actor.
[04/24/2020 - 08:00:40PM]  ------------------------------------------------------------------------------ 
[04/24/2020 - 08:00:40PM]   RemoveObject: [workshopobjectscript < (FF02AD2C)>] from [workshopscript < (000250FE)>]
[04/24/2020 - 08:00:42PM]  	UpdateWorkshopRatingsForObject [workshopobjectscript < (FF0198EB)>]: DONE
[04/24/2020 - 08:00:42PM]  	UnassignObject: DONE
[04/24/2020 - 08:00:42PM]     UnassignObject: REMOVING [workshopobjectscript < (FF02AD2C)>]
[04/24/2020 - 08:00:42PM]   baseActor=None
[04/24/2020 - 08:00:42PM]   GetAssignedActor: None
[04/24/2020 - 08:00:42PM]  	UnassignObject: [workshopobjectscript < (FF02AD2C)>] is not assigned to any actor.
[04/24/2020 - 08:00:42PM]  ------------------------------------------------------------------------------ 
[04/24/2020 - 08:00:42PM]   RemoveObject: [DLC06:WorkshopSurgeryChairScript < (FF018C77)>] from [workshopscript < (000250FE)>]
[04/24/2020 - 08:00:46PM]  ------------------------------------------------------------------------------ 
[04/24/2020 - 08:00:46PM]   RemoveObject: [workshopobjectscript < (FF0260B5)>] from [workshopscript < (000250FE)>]
[04/24/2020 - 08:00:46PM]  	UpdateWorkshopRatingsForObject [workshopobjectscript < (FF02AD2C)>]: DONE
[04/24/2020 - 08:00:46PM]  	UnassignObject: DONE
[04/24/2020 - 08:00:46PM]     UnassignObject: REMOVING [DLC06:WorkshopSurgeryChairScript < (FF018C77)>]
[04/24/2020 - 08:00:46PM]   baseActor=None
[04/24/2020 - 08:00:46PM]   GetAssignedActor: None
[04/24/2020 - 08:00:46PM]  	UnassignObject: [DLC06:WorkshopSurgeryChairScript < (FF018C77)>] is not assigned to any actor.
[04/24/2020 - 08:00:48PM]  ------------------------------------------------------------------------------ 
[04/24/2020 - 08:00:48PM]   RemoveObject: [workshopobjectscript < (FF01D29A)>] from [workshopscript < (000250FE)>]
[04/24/2020 - 08:00:49PM]  ------------------------------------------------------------------------------ 
[04/24/2020 - 08:00:49PM]   RemoveObject: [workshopobjectscript < (FF01D000)>] from [workshopscript < (000250FE)>]
[04/24/2020 - 08:00:50PM]  	UpdateWorkshopRatingsForObject [DLC06:WorkshopSurgeryChairScript < (FF018C77)>]: DONE
[04/24/2020 - 08:00:50PM]  	UnassignObject: DONE
[04/24/2020 - 08:00:50PM]     UnassignObject: REMOVING [workshopobjectscript < (FF01D000)>]
[04/24/2020 - 08:00:50PM]   baseActor=None
[04/24/2020 - 08:00:50PM]   GetAssignedActor: None
[04/24/2020 - 08:00:50PM]  	UnassignObject: [workshopobjectscript < (FF01D000)>] is not assigned to any actor.
[04/24/2020 - 08:00:54PM]  	UpdateWorkshopRatingsForObject [workshopobjectscript < (FF01D000)>]: DONE
[04/24/2020 - 08:00:54PM]  	UnassignObject: DONE
[04/24/2020 - 08:00:55PM]     UnassignObject: REMOVING [workshopobjectscript < (FF01D29A)>]
[04/24/2020 - 08:00:55PM]   GetAssignedActor: [workshopnpcscript < (0001A4D9)>]
[04/24/2020 - 08:00:58PM]  	UpdateWorkshopRatingsForObject [workshopobjectscript < (FF01D29A)>]: DONE
[04/24/2020 - 08:00:58PM]  	UnassignObject: DONE
[04/24/2020 - 08:00:58PM]     UnassignObject: REMOVING [workshopobjectscript < (FF0260B5)>]
[04/24/2020 - 08:00:58PM]   baseActor=None
[04/24/2020 - 08:00:58PM]   GetAssignedActor: None
[04/24/2020 - 08:00:58PM]  	UnassignObject: [workshopobjectscript < (FF0260B5)>] is not assigned to any actor.
[04/24/2020 - 08:00:58PM]  ------------------------------------------------------------------------------ 
[04/24/2020 - 08:00:58PM]   RemoveObject: [workshopobjectscript < (FF01BC44)>] from [workshopscript < (000250FE)>]
[04/24/2020 - 08:01:00PM]  ------------------------------------------------------------------------------ 
[04/24/2020 - 08:01:00PM]   RemoveObject: [workshopobjectscript < (FF017E16)>] from [workshopscript < (000250FE)>]
[04/24/2020 - 08:01:02PM]  	UpdateWorkshopRatingsForObject [workshopobjectscript < (FF0260B5)>]: DONE
[04/24/2020 - 08:01:02PM]  	UnassignObject: DONE
[04/24/2020 - 08:01:02PM]     UnassignObject: REMOVING [workshopobjectscript < (FF017E16)>]
[04/24/2020 - 08:01:02PM]   baseActor=None
[04/24/2020 - 08:01:02PM]   GetAssignedActor: None
[04/24/2020 - 08:01:02PM]  	UnassignObject: [workshopobjectscript < (FF017E16)>] is not assigned to any actor.
[04/24/2020 - 08:01:05PM]  	UpdateWorkshopRatingsForObject [workshopobjectscript < (FF017E16)>]: DONE
[04/24/2020 - 08:01:05PM]  	UnassignObject: DONE
[04/24/2020 - 08:01:05PM]     UnassignObject: REMOVING [workshopobjectscript < (FF01BC44)>]
[04/24/2020 - 08:01:05PM]   GetAssignedActor: [workshopnpcscript < (0001A4D8)>]
[04/24/2020 - 08:01:08PM]  ------------------------------------------------------------------------------ 
[04/24/2020 - 08:01:08PM]   RemoveObject: [workshopobjectscript < (FF019BE2)>] from [workshopscript < (000250FE)>]
[04/24/2020 - 08:01:09PM]  	UpdateWorkshopRatingsForObject [workshopobjectscript < (FF01BC44)>]: DONE
[04/24/2020 - 08:01:09PM]  	UnassignObject: DONE
[04/24/2020 - 08:01:09PM]     UnassignObject: REMOVING [workshopobjectscript < (FF019BE2)>]
[04/24/2020 - 08:01:09PM]   baseActor=None
[04/24/2020 - 08:01:09PM]   GetAssignedActor: None
[04/24/2020 - 08:01:09PM]  	UnassignObject: [workshopobjectscript < (FF019BE2)>] is not assigned to any actor.
[04/24/2020 - 08:01:09PM]  ------------------------------------------------------------------------------ 
[04/24/2020 - 08:01:09PM]   RemoveObject: [workshopobjectscript < (FF01759B)>] from [workshopscript < (000250FE)>]
[04/24/2020 - 08:01:12PM]  	UpdateWorkshopRatingsForObject [workshopobjectscript < (FF019BE2)>]: DONE
[04/24/2020 - 08:01:12PM]  	UnassignObject: DONE
[04/24/2020 - 08:01:12PM]     UnassignObject: REMOVING [workshopobjectscript < (FF01759B)>]
[04/24/2020 - 08:01:12PM]   baseActor=None
[04/24/2020 - 08:01:12PM]   GetAssignedActor: None
[04/24/2020 - 08:01:12PM]  	UnassignObject: [workshopobjectscript < (FF01759B)>] is not assigned to any actor.
[04/24/2020 - 08:01:16PM]  	UpdateWorkshopRatingsForObject [workshopobjectscript < (FF01759B)>]: DONE
[04/24/2020 - 08:01:16PM]  	UnassignObject: DONE
[04/24/2020 - 08:01:19PM]  ------------------------------------------------------------------------------ 
[04/24/2020 - 08:01:19PM]   RemoveObject: [workshopobjectscript < (FF019DD7)>] from [workshopscript < (000250FE)>]
[04/24/2020 - 08:01:19PM]     UnassignObject: REMOVING [workshopobjectscript < (FF019DD7)>]
[04/24/2020 - 08:01:19PM]   baseActor=None
[04/24/2020 - 08:01:19PM]   GetAssignedActor: None
[04/24/2020 - 08:01:19PM]  	UnassignObject: [workshopobjectscript < (FF019DD7)>] is not assigned to any actor.
[04/24/2020 - 08:01:23PM]  ------------------------------------------------------------------------------ 
[04/24/2020 - 08:01:23PM]   RemoveObject: [workshopobjectscript < (FF01AD0B)>] from [workshopscript < (000250FE)>]
[04/24/2020 - 08:01:23PM]  ------------------------------------------------------------------------------ 
[04/24/2020 - 08:01:23PM]   RemoveObject: [workshopobjectscript < (FF01BE12)>] from [workshopscript < (000250FE)>]
[04/24/2020 - 08:01:23PM]  	UpdateWorkshopRatingsForObject [workshopobjectscript < (FF019DD7)>]: DONE
[04/24/2020 - 08:01:23PM]  	UnassignObject: DONE
[04/24/2020 - 08:01:23PM]     UnassignObject: REMOVING [workshopobjectscript < (FF01AD0B)>]
[04/24/2020 - 08:01:23PM]   baseActor=None
[04/24/2020 - 08:01:23PM]   GetAssignedActor: None
[04/24/2020 - 08:01:23PM]  	UnassignObject: [workshopobjectscript < (FF01AD0B)>] is not assigned to any actor.
[04/24/2020 - 08:01:26PM]  ------------------------------------------------------------------------------ 
[04/24/2020 - 08:01:26PM]   RemoveObject: [workshopobjectscript < (FF01CADB)>] from [workshopscript < (000250FE)>]
[04/24/2020 - 08:01:26PM]  	UpdateWorkshopRatingsForObject [workshopobjectscript < (FF01AD0B)>]: DONE
[04/24/2020 - 08:01:26PM]  	UnassignObject: DONE
[04/24/2020 - 08:01:26PM]     UnassignObject: REMOVING [workshopobjectscript < (FF01BE12)>]
[04/24/2020 - 08:01:26PM]   GetAssignedActor: [workshopnpcscript < (0001A4DB)>]
[04/24/2020 - 08:01:27PM]  ------------------------------------------------------------------------------ 
[04/24/2020 - 08:01:27PM]   RemoveObject: [workshopobjectscript < (FF01A23E)>] from [workshopscript < (000250FE)>]
[04/24/2020 - 08:01:29PM]  	UpdateWorkshopRatingsForObject [workshopobjectscript < (FF01BE12)>]: DONE
[04/24/2020 - 08:01:29PM]  	UnassignObject: DONE
[04/24/2020 - 08:01:30PM]     UnassignObject: REMOVING [workshopobjectscript < (FF01A23E)>]
[04/24/2020 - 08:01:30PM]   baseActor=[ActorBase < (00000007)>]
[04/24/2020 - 08:01:30PM]   GetAssignedActor: None
[04/24/2020 - 08:01:30PM]  	UnassignObject: [workshopobjectscript < (FF01A23E)>] is not assigned to any actor.
[04/24/2020 - 08:01:33PM]  ------------------------------------------------------------------------------ 
[04/24/2020 - 08:01:33PM]   RemoveObject: [workshopobjectscript < (FF01D36C)>] from [workshopscript < (000250FE)>]
[04/24/2020 - 08:01:33PM]  	UpdateWorkshopRatingsForObject [workshopobjectscript < (FF01A23E)>]: DONE
[04/24/2020 - 08:01:33PM]  	UnassignObject: DONE
[04/24/2020 - 08:01:33PM]     UnassignObject: REMOVING [workshopobjectscript < (FF01CADB)>]
[04/24/2020 - 08:01:33PM]   baseActor=None
[04/24/2020 - 08:01:33PM]   GetAssignedActor: None
[04/24/2020 - 08:01:33PM]  	UnassignObject: [workshopobjectscript < (FF01CADB)>] is not assigned to any actor.
[04/24/2020 - 08:01:35PM]  ------------------------------------------------------------------------------ 
[04/24/2020 - 08:01:35PM]   RemoveObject: [workshopobjectscript < (FF01D12D)>] from [workshopscript < (000250FE)>]
[04/24/2020 - 08:01:36PM]  ------------------------------------------------------------------------------ 
[04/24/2020 - 08:01:36PM]   RemoveObject: [workshopobjectscript < (FF01BE4D)>] from [workshopscript < (000250FE)>]
[04/24/2020 - 08:01:36PM]  	UpdateWorkshopRatingsForObject [workshopobjectscript < (FF01CADB)>]: DONE
[04/24/2020 - 08:01:36PM]  	UnassignObject: DONE
[04/24/2020 - 08:01:36PM]     UnassignObject: REMOVING [workshopobjectscript < (FF01D12D)>]
[04/24/2020 - 08:01:36PM]   baseActor=None
[04/24/2020 - 08:01:36PM]   GetAssignedActor: None
[04/24/2020 - 08:01:36PM]  	UnassignObject: [workshopobjectscript < (FF01D12D)>] is not assigned to any actor.
[04/24/2020 - 08:01:39PM]  	UpdateWorkshopRatingsForObject [workshopobjectscript < (FF01D12D)>]: DONE
[04/24/2020 - 08:01:39PM]  	UnassignObject: DONE
[04/24/2020 - 08:01:39PM]     UnassignObject: REMOVING [workshopobjectscript < (FF01BE4D)>]
[04/24/2020 - 08:01:39PM]   baseActor=[ActorBase < (00000007)>]
[04/24/2020 - 08:01:39PM]   GetAssignedActor: None
[04/24/2020 - 08:01:39PM]  	UnassignObject: [workshopobjectscript < (FF01BE4D)>] is not assigned to any actor.
[04/24/2020 - 08:01:42PM]  	UpdateWorkshopRatingsForObject [workshopobjectscript < (FF01BE4D)>]: DONE
[04/24/2020 - 08:01:42PM]  	UnassignObject: DONE
[04/24/2020 - 08:01:42PM]     UnassignObject: REMOVING [workshopobjectscript < (FF01D36C)>]
[04/24/2020 - 08:01:42PM]   baseActor=None
[04/24/2020 - 08:01:42PM]   GetAssignedActor: None
[04/24/2020 - 08:01:42PM]  	UnassignObject: [workshopobjectscript < (FF01D36C)>] is not assigned to any actor.
[04/24/2020 - 08:01:46PM]  	UpdateWorkshopRatingsForObject [workshopobjectscript < (FF01D36C)>]: DONE
[04/24/2020 - 08:01:46PM]  	UnassignObject: DONE
[04/24/2020 - 08:01:55PM]  ------------------------------------------------------------------------------ 
[04/24/2020 - 08:01:55PM]   RemoveObject: [workshopobjectscript < (FF0159A7)>] from [workshopscript < (000250FE)>]
[04/24/2020 - 08:01:55PM]     UnassignObject: REMOVING [workshopobjectscript < (FF0159A7)>]
[04/24/2020 - 08:01:55PM]   baseActor=None
[04/24/2020 - 08:01:55PM]   GetAssignedActor: None
[04/24/2020 - 08:01:55PM]  	UnassignObject: [workshopobjectscript < (FF0159A7)>] is not assigned to any actor.
[04/24/2020 - 08:01:56PM]  ------------------------------------------------------------------------------ 
[04/24/2020 - 08:01:56PM]   RemoveObject: [workshopobjectscript < (FF01C61D)>] from [workshopscript < (000250FE)>]
[04/24/2020 - 08:01:58PM]  	UpdateWorkshopRatingsForObject [workshopobjectscript < (FF0159A7)>]: DONE
[04/24/2020 - 08:01:58PM]  	UnassignObject: DONE
[04/24/2020 - 08:01:58PM]     UnassignObject: REMOVING [workshopobjectscript < (FF01C61D)>]
[04/24/2020 - 08:01:58PM]   baseActor=None
[04/24/2020 - 08:01:58PM]   GetAssignedActor: None
[04/24/2020 - 08:01:58PM]  	UnassignObject: [workshopobjectscript < (FF01C61D)>] is not assigned to any actor.
[04/24/2020 - 08:01:59PM]  ------------------------------------------------------------------------------ 
[04/24/2020 - 08:01:59PM]   RemoveObject: [workshopobjectscript < (FF025A52)>] from [workshopscript < (000250FE)>]
[04/24/2020 - 08:02:01PM]  	UpdateWorkshopRatingsForObject [workshopobjectscript < (FF01C61D)>]: DONE
[04/24/2020 - 08:02:01PM]  	UnassignObject: DONE
[04/24/2020 - 08:02:01PM]     UnassignObject: REMOVING [workshopobjectscript < (FF025A52)>]
[04/24/2020 - 08:02:01PM]   baseActor=None
[04/24/2020 - 08:02:01PM]   GetAssignedActor: None
[04/24/2020 - 08:02:01PM]  	UnassignObject: [workshopobjectscript < (FF025A52)>] is not assigned to any actor.
[04/24/2020 - 08:02:03PM]  ------------------------------------------------------------------------------ 
[04/24/2020 - 08:02:03PM]   RemoveObject: [workshopobjectscript < (FF027AC9)>] from [workshopscript < (000250FE)>]
[04/24/2020 - 08:02:04PM]  	UpdateWorkshopRatingsForObject [workshopobjectscript < (FF025A52)>]: DONE
[04/24/2020 - 08:02:04PM]  	UnassignObject: DONE
[04/24/2020 - 08:02:04PM]     UnassignObject: REMOVING [workshopobjectscript < (FF027AC9)>]
[04/24/2020 - 08:02:04PM]   baseActor=None
[04/24/2020 - 08:02:04PM]   GetAssignedActor: None
[04/24/2020 - 08:02:04PM]  	UnassignObject: [workshopobjectscript < (FF027AC9)>] is not assigned to any actor.
[04/24/2020 - 08:02:07PM]  	UpdateWorkshopRatingsForObject [workshopobjectscript < (FF027AC9)>]: DONE
[04/24/2020 - 08:02:07PM]  	UnassignObject: DONE
[04/24/2020 - 08:02:36PM]   ERROR - GetWorkshopFromLocation: workshop location [Location < (00002CF0)>] not found in WorkshopLocations array
[04/24/2020 - 08:02:37PM]  ------------------------------------------------------------------------------ 
[04/24/2020 - 08:02:37PM]   RemoveObject: [workshopobjectscript < (FF01A108)>] from [workshopscript < (000250FE)>]
[04/24/2020 - 08:02:37PM]     UnassignObject: REMOVING [workshopobjectscript < (FF01A108)>]
[04/24/2020 - 08:02:37PM]   baseActor=None
[04/24/2020 - 08:02:37PM]   GetAssignedActor: None
[04/24/2020 - 08:02:37PM]  	UnassignObject: [workshopobjectscript < (FF01A108)>] is not assigned to any actor.
[04/24/2020 - 08:02:37PM]  	UpdateWorkshopRatingsForObject [workshopobjectscript < (FF01A108)>]: DONE
[04/24/2020 - 08:02:37PM]  	UnassignObject: DONE
[04/24/2020 - 08:02:37PM]  ------------------------------------------------------------------------------ 
[04/24/2020 - 08:02:37PM]   RemoveObject: [workshopobjectscript < (FF01917B)>] from [workshopscript < (000250FE)>]
[04/24/2020 - 08:02:37PM]     UnassignObject: REMOVING [workshopobjectscript < (FF01917B)>]
[04/24/2020 - 08:02:37PM]   baseActor=None
[04/24/2020 - 08:02:37PM]   GetAssignedActor: None
[04/24/2020 - 08:02:37PM]  	UnassignObject: [workshopobjectscript < (FF01917B)>] is not assigned to any actor.
[04/24/2020 - 08:02:37PM]  	UpdateWorkshopRatingsForObject [workshopobjectscript < (FF01917B)>]: DONE
[04/24/2020 - 08:02:37PM]  	UnassignObject: DONE
[04/24/2020 - 08:02:37PM]   ERROR - GetWorkshopFromLocation: workshop location [Location < (00002CF0)>] not found in WorkshopLocations array
[04/24/2020 - 08:02:38PM]   ERROR - GetWorkshopFromLocation: workshop location [Location < (00002CF0)>] not found in WorkshopLocations array
[04/24/2020 - 08:02:38PM]   ERROR - GetWorkshopFromLocation: workshop location [Location < (00002CF0)>] not found in WorkshopLocations array
[04/24/2020 - 08:02:43PM]  ------------------------------------------------------------------------------ 
[04/24/2020 - 08:02:43PM]   RemoveObject: [workshopobjectscript < (FF018F25)>] from [workshopscript < (000250FE)>]
[04/24/2020 - 08:02:43PM]     UnassignObject: REMOVING [workshopobjectscript < (FF018F25)>]
[04/24/2020 - 08:02:43PM]   baseActor=None
[04/24/2020 - 08:02:43PM]   GetAssignedActor: None
[04/24/2020 - 08:02:43PM]  	UnassignObject: [workshopobjectscript < (FF018F25)>] is not assigned to any actor.
[04/24/2020 - 08:02:43PM]  	UpdateWorkshopRatingsForObject [workshopobjectscript < (FF018F25)>]: DONE
[04/24/2020 - 08:02:43PM]  	UnassignObject: DONE
[04/24/2020 - 08:02:44PM]   ERROR - GetWorkshopFromLocation: workshop location [Location < (00002CF0)>] not found in WorkshopLocations array
[04/24/2020 - 08:02:44PM]   ERROR - GetWorkshopFromLocation: workshop location [Location < (00002CF0)>] not found in WorkshopLocations array
[04/24/2020 - 08:02:44PM]   ERROR - GetWorkshopFromLocation: workshop location [Location < (00002CF0)>] not found in WorkshopLocations array
[04/24/2020 - 08:02:44PM]   ERROR - GetWorkshopFromLocation: workshop location [Location < (00002CF0)>] not found in WorkshopLocations array
[04/24/2020 - 08:02:44PM]   ERROR - GetWorkshopFromLocation: workshop location [Location < (00002CF0)>] not found in WorkshopLocations array
[04/24/2020 - 08:02:44PM]  ------------------------------------------------------------------------------ 
[04/24/2020 - 08:02:44PM]   RemoveObject: [workshopobjectscript < (FF01B123)>] from [workshopscript < (000250FE)>]
[04/24/2020 - 08:02:44PM]     UnassignObject: REMOVING [workshopobjectscript < (FF01B123)>]
[04/24/2020 - 08:02:44PM]   baseActor=None
[04/24/2020 - 08:02:44PM]   GetAssignedActor: None
[04/24/2020 - 08:02:44PM]  	UnassignObject: [workshopobjectscript < (FF01B123)>] is not assigned to any actor.
[04/24/2020 - 08:02:44PM]  	UpdateWorkshopRatingsForObject [workshopobjectscript < (FF01B123)>]: DONE
[04/24/2020 - 08:02:44PM]  	UnassignObject: DONE
[04/24/2020 - 08:02:46PM]  ---------------------------------------------------------------------------------
[04/24/2020 - 08:02:46PM]  	UFO4P_ResetCurrentWorkshop: previous currentWorkshopID = 20; new value = -1
[04/24/2020 - 08:02:46PM]  ---------------------------------------------------------------------------------
[04/24/2020 - 08:02:49PM]  ------------------------------------------------------------------------------ 
[04/24/2020 - 08:02:49PM]   RemoveObject: [workshopobjectscript < (FF025FD9)>] from [workshopscript < (000250FE)>]
[04/24/2020 - 08:02:49PM]     UnassignObject: REMOVING [workshopobjectscript < (FF025FD9)>]
[04/24/2020 - 08:02:49PM]   baseActor=None
[04/24/2020 - 08:02:49PM]   GetAssignedActor: None
[04/24/2020 - 08:02:49PM]  	UnassignObject: [workshopobjectscript < (FF025FD9)>] is not assigned to any actor.
[04/24/2020 - 08:02:49PM]  	UpdateWorkshopRatingsForObject [workshopobjectscript < (FF025FD9)>]: DONE
[04/24/2020 - 08:02:49PM]  	UnassignObject: DONE
[04/24/2020 - 08:02:58PM]  ------------------------------------------------------------------------------ 
[04/24/2020 - 08:02:58PM]   RemoveObject: [workshopobjectscript < (FF02B0F2)>] from [workshopscript < (000250FE)>]
[04/24/2020 - 08:02:58PM]     UnassignObject: REMOVING [workshopobjectscript < (FF02B0F2)>]
[04/24/2020 - 08:02:58PM]   baseActor=None
[04/24/2020 - 08:02:58PM]   GetAssignedActor: None
[04/24/2020 - 08:02:58PM]  	UnassignObject: [workshopobjectscript < (FF02B0F2)>] is not assigned to any actor.
[04/24/2020 - 08:02:58PM]  	UpdateWorkshopRatingsForObject [workshopobjectscript < (FF02B0F2)>]: DONE
[04/24/2020 - 08:02:58PM]  	UnassignObject: DONE
[04/24/2020 - 08:02:58PM]  ------------------------------------------------------------------------------ 
[04/24/2020 - 08:02:58PM]   RemoveObject: [workshopobjectscript < (FF01B878)>] from [workshopscript < (000250FE)>]
[04/24/2020 - 08:02:58PM]     UnassignObject: REMOVING [workshopobjectscript < (FF01B878)>]
[04/24/2020 - 08:02:58PM]   baseActor=None
[04/24/2020 - 08:02:58PM]   GetAssignedActor: None
[04/24/2020 - 08:02:58PM]  	UnassignObject: [workshopobjectscript < (FF01B878)>] is not assigned to any actor.
[04/24/2020 - 08:02:58PM]  	UpdateWorkshopRatingsForObject [workshopobjectscript < (FF01B878)>]: DONE
[04/24/2020 - 08:02:58PM]  	UnassignObject: DONE
[04/24/2020 - 08:03:00PM]  ------------------------------------------------------------------------------ 
[04/24/2020 - 08:03:00PM]   RemoveObject: [workshopobjectscript < (FF01980D)>] from [workshopscript < (000250FE)>]
[04/24/2020 - 08:03:00PM]     UnassignObject: REMOVING [workshopobjectscript < (FF01980D)>]
[04/24/2020 - 08:03:00PM]   baseActor=None
[04/24/2020 - 08:03:00PM]   GetAssignedActor: None
[04/24/2020 - 08:03:00PM]  	UnassignObject: [workshopobjectscript < (FF01980D)>] is not assigned to any actor.
[04/24/2020 - 08:03:00PM]  	UpdateWorkshopRatingsForObject [workshopobjectscript < (FF01980D)>]: DONE
[04/24/2020 - 08:03:00PM]  	UnassignObject: DONE
[04/24/2020 - 08:03:01PM]  ------------------------------------------------------------------------------ 
[04/24/2020 - 08:03:01PM]   RemoveObject: [workshopobjectscript < (FF01AB42)>] from [workshopscript < (000250FE)>]
[04/24/2020 - 08:03:01PM]     UnassignObject: REMOVING [workshopobjectscript < (FF01AB42)>]
[04/24/2020 - 08:03:01PM]   baseActor=None
[04/24/2020 - 08:03:01PM]   GetAssignedActor: None
[04/24/2020 - 08:03:01PM]  	UnassignObject: [workshopobjectscript < (FF01AB42)>] is not assigned to any actor.
[04/24/2020 - 08:03:01PM]  	UpdateWorkshopRatingsForObject [workshopobjectscript < (FF01AB42)>]: DONE
[04/24/2020 - 08:03:01PM]  	UnassignObject: DONE
[04/24/2020 - 08:03:05PM]  ------------------------------------------------------------------------------ 
[04/24/2020 - 08:03:05PM]   RemoveObject: [workshopobjectscript < (FF021BF8)>] from [workshopscript < (000250FE)>]
[04/24/2020 - 08:03:05PM]     UnassignObject: REMOVING [workshopobjectscript < (FF021BF8)>]
[04/24/2020 - 08:03:05PM]   baseActor=None
[04/24/2020 - 08:03:05PM]   GetAssignedActor: None
[04/24/2020 - 08:03:05PM]  	UnassignObject: [workshopobjectscript < (FF021BF8)>] is not assigned to any actor.
[04/24/2020 - 08:03:05PM]  	UpdateWorkshopRatingsForObject [workshopobjectscript < (FF021BF8)>]: DONE
[04/24/2020 - 08:03:05PM]  	UnassignObject: DONE
[04/24/2020 - 08:03:08PM]  ------------------------------------------------------------------------------ 
[04/24/2020 - 08:03:08PM]   RemoveObject: [workshopobjectscript < (FF020417)>] from [workshopscript < (000250FE)>]
[04/24/2020 - 08:03:08PM]     UnassignObject: REMOVING [workshopobjectscript < (FF020417)>]
[04/24/2020 - 08:03:08PM]   baseActor=None
[04/24/2020 - 08:03:08PM]   GetAssignedActor: None
[04/24/2020 - 08:03:08PM]  	UnassignObject: [workshopobjectscript < (FF020417)>] is not assigned to any actor.
[04/24/2020 - 08:03:08PM]  	UpdateWorkshopRatingsForObject [workshopobjectscript < (FF020417)>]: DONE
[04/24/2020 - 08:03:08PM]  	UnassignObject: DONE
[04/24/2020 - 08:03:11PM]  ------------------------------------------------------------------------------ 
[04/24/2020 - 08:03:11PM]   RemoveObject: [workshopobjectscript < (FF027FB9)>] from [workshopscript < (000250FE)>]
[04/24/2020 - 08:03:11PM]     UnassignObject: REMOVING [workshopobjectscript < (FF027FB9)>]
[04/24/2020 - 08:03:11PM]   baseActor=None
[04/24/2020 - 08:03:11PM]   GetAssignedActor: None
[04/24/2020 - 08:03:11PM]  	UnassignObject: [workshopobjectscript < (FF027FB9)>] is not assigned to any actor.
[04/24/2020 - 08:03:11PM]  	UpdateWorkshopRatingsForObject [workshopobjectscript < (FF027FB9)>]: DONE
[04/24/2020 - 08:03:11PM]  	UnassignObject: DONE
[04/24/2020 - 08:09:41PM]   ERROR - workshop [workshopscript < (2B00E0B1)>] not found in workshop array
[04/24/2020 - 08:09:41PM]  ---------------------------------------------------------------------------------
[04/24/2020 - 08:09:41PM]  	SetCurrentWorkshop: new value = -1
[04/24/2020 - 08:09:41PM]  ---------------------------------------------------------------------------------
[04/24/2020 - 08:09:41PM]   ERROR - GetWorkshopFromLocation: workshop location [Location < (00002CF0)>] not found in WorkshopLocations array
[04/24/2020 - 08:09:44PM]   ERROR - workshop [workshopscript < (2B00E0B1)>] not found in workshop array
[04/24/2020 - 08:09:44PM]   ERROR - workshop [workshopscript < (2B00E0B1)>] not found in workshop array
[04/24/2020 - 08:09:48PM]  ------------------------------------------------------------------------------ 
[04/24/2020 - 08:09:48PM]   BuildObject: 5930 [_Camp_WorkshopProxy < (FF029135)>] from [workshopscript < (2B00E0B1)>]
[04/24/2020 - 08:09:48PM]   BuildObject DONE: 5930 (editLockCount=1) [_Camp_WorkshopProxy < (FF029135)>]
[04/24/2020 - 08:09:48PM]  ------------------------------------------------------------------------------ 
[04/24/2020 - 08:09:48PM]   ERROR - GetWorkshopFromLocation: workshop location [Location < (00002CF0)>] not found in WorkshopLocations array
[04/24/2020 - 08:09:48PM]  ---------------------------------------------------------------------------------
[04/24/2020 - 08:09:48PM]  	UFO4P_ResetCurrentWorkshop: previous currentWorkshopID = -1; new value = -1
[04/24/2020 - 08:09:48PM]  ---------------------------------------------------------------------------------
[04/24/2020 - 08:09:48PM]   ERROR - workshop [workshopscript < (2B00E0B1)>] not found in workshop array
[04/24/2020 - 08:09:53PM]   SendPlayerOwnershipChangedEvent [_camp_workshopscriptex < (2B00E04C)>]
[04/24/2020 - 08:09:54PM]  	UpdateWorkshopRatingsForObject [workshopobjectscript < (FF018794)>]: DONE
[04/24/2020 - 08:09:54PM]  ------------------------------------------------------------------------------ 
[04/24/2020 - 08:09:54PM]   RESET WORKSHOP
[04/24/2020 - 08:09:54PM]      Begin reset for [_camp_workshopscriptex < (2B00E04C)>]
[04/24/2020 - 08:09:54PM]  ------------------------------------------------------------------------------ 
[04/24/2020 - 08:09:54PM]  	ResetWorkshop: workshop [_camp_workshopscriptex < (2B00E04C)>] is not the current workshop. Returning ... 
[04/24/2020 - 08:09:58PM]  ---------------------------------------------------------------------------------
[04/24/2020 - 08:09:58PM]  	SetCurrentWorkshop: new value = 40
[04/24/2020 - 08:09:58PM]  ---------------------------------------------------------------------------------
[04/24/2020 - 08:09:58PM]   ERROR - GetWorkshopFromLocation: workshop location [Location < (00002CF0)>] not found in WorkshopLocations array
[04/24/2020 - 08:09:59PM]   ERROR - GetWorkshopFromLocation: workshop location [Location < (00002CF0)>] not found in WorkshopLocations array
[04/24/2020 - 08:10:00PM]   ERROR - GetWorkshopFromLocation: workshop location [Location < (00002CF0)>] not found in WorkshopLocations array
[04/24/2020 - 08:10:02PM]  ------------------------------------------------------------------------------ 
[04/24/2020 - 08:10:02PM]   RemoveObject: [ObjectReference < (001E38A0)>] from [_camp_workshopscriptex < (2B00E04C)>]
[04/24/2020 - 08:10:05PM]  ------------------------------------------------------------------------------ 
[04/24/2020 - 08:10:05PM]   RemoveObject: [ObjectReference < (000915BB)>] from [_camp_workshopscriptex < (2B00E04C)>]
[04/24/2020 - 08:10:20PM]  ------------------------------------------------------------------------------ 
[04/24/2020 - 08:10:20PM]   RemoveObject: [ObjectReference < (001E389F)>] from [_camp_workshopscriptex < (2B00E04C)>]
[04/24/2020 - 08:10:23PM]  ------------------------------------------------------------------------------ 
[04/24/2020 - 08:10:23PM]   RemoveObject: [ObjectReference < (0018EFBD)>] from [_camp_workshopscriptex < (2B00E04C)>]
[04/24/2020 - 08:10:27PM]  ------------------------------------------------------------------------------ 
[04/24/2020 - 08:10:27PM]   RemoveObject: [ObjectReference < (001E38A1)>] from [_camp_workshopscriptex < (2B00E04C)>]
[04/24/2020 - 08:11:02PM]  ---------------------------------------------------------------------------------
[04/24/2020 - 08:11:02PM]  	SetCurrentWorkshop: new value = 20
[04/24/2020 - 08:11:02PM]  ---------------------------------------------------------------------------------
[04/24/2020 - 08:11:02PM]  ------------------------------------------------------------------------------ 
[04/24/2020 - 08:11:02PM]   RESET WORKSHOP
[04/24/2020 - 08:11:02PM]      Begin reset for [workshopscript < (000250FE)>]
[04/24/2020 - 08:11:02PM]  ------------------------------------------------------------------------------ 
[04/24/2020 - 08:11:02PM]  	ResetWorkshop: [workshopscript < (000250FE)>] Total population: 0.000000
[04/24/2020 - 08:11:02PM]  	ResetWorkshop: [workshopscript < (000250FE)>]   Current damage % = 0.000000
[04/24/2020 - 08:11:02PM]  	 Food to damage = 0.000000
[04/24/2020 - 08:11:02PM]  	 Water to damage = 0.000000
[04/24/2020 - 08:11:02PM]  	 Safety to damage = 0.000000
[04/24/2020 - 08:11:02PM]  	 Power to damage = 0.000000
[04/24/2020 - 08:11:04PM]  ------------------------------------------------------------------------------ 
[04/24/2020 - 08:11:04PM]  	ResetWorkshop: [workshopscript < (000250FE)>]  ACTORS: 7 in area
[04/24/2020 - 08:11:04PM]     ------------------------------------------------------------------------------ 
[04/24/2020 - 08:11:04PM]      0: [workshopnpcscript < (0001A4DA)>]
[04/24/2020 - 08:11:04PM]     ------------------------------------------------------------------------------ 
[04/24/2020 - 08:11:04PM]  	UFO4P_AddToActorsWithoutBedsArray: added [workshopnpcscript < (0001A4DA)>]
[04/24/2020 - 08:11:04PM]  	AddActorToWorkshop: actor = [workshopnpcscript < (0001A4DA)>], Workshop = [workshopscript < (000250FE)>], resetMode = True
[04/24/2020 - 08:11:04PM]  	AddActorToWorkshop: step 1
[04/24/2020 - 08:11:04PM]  	AddActorToWorkshop: actor [workshopnpcscript < (0001A4DA)>] already assigned to this workshop
[04/24/2020 - 08:11:04PM]  	AddActorToWorkshop: clearing multiResourceProduction
[04/24/2020 - 08:11:05PM]  	AddActorToWorkshop: DONE
[04/24/2020 - 08:11:05PM]     ------------------------------------------------------------------------------ 
[04/24/2020 - 08:11:05PM]      1: [workshopnpcscript < (0001A4D8)>]
[04/24/2020 - 08:11:05PM]     ------------------------------------------------------------------------------ 
[04/24/2020 - 08:11:05PM]  	UFO4P_AddToActorsWithoutBedsArray: added [workshopnpcscript < (0001A4D8)>]
[04/24/2020 - 08:11:05PM]  	AddActorToWorkshop: actor = [workshopnpcscript < (0001A4D8)>], Workshop = [workshopscript < (000250FE)>], resetMode = True
[04/24/2020 - 08:11:05PM]  	AddActorToWorkshop: step 1
[04/24/2020 - 08:11:05PM]  	AddActorToWorkshop: actor [workshopnpcscript < (0001A4D8)>] already assigned to this workshop
[04/24/2020 - 08:11:05PM]  	AddActorToWorkshop: clearing multiResourceProduction
[04/24/2020 - 08:11:06PM]  	AddActorToWorkshop: DONE
[04/24/2020 - 08:11:06PM]     ------------------------------------------------------------------------------ 
[04/24/2020 - 08:11:06PM]      2: [workshopnpcscript < (3B01FBCC)>]
[04/24/2020 - 08:11:06PM]     ------------------------------------------------------------------------------ 
[04/24/2020 - 08:11:06PM]  	UFO4P_AddToActorsWithoutBedsArray: added [workshopnpcscript < (3B01FBCC)>]
[04/24/2020 - 08:11:06PM]  	AddActorToWorkshop: actor = [workshopnpcscript < (3B01FBCC)>], Workshop = [workshopscript < (000250FE)>], resetMode = True
[04/24/2020 - 08:11:06PM]  	AddActorToWorkshop: step 1
[04/24/2020 - 08:11:06PM]  	AddActorToWorkshop: actor [workshopnpcscript < (3B01FBCC)>] already assigned to this workshop
[04/24/2020 - 08:11:06PM]  	AddActorToWorkshop: clearing multiResourceProduction
[04/24/2020 - 08:11:07PM]  	AddActorToWorkshop: DONE
[04/24/2020 - 08:11:07PM]     ------------------------------------------------------------------------------ 
[04/24/2020 - 08:11:07PM]      3: [workshopnpcscript < (3B00EFC0)>]
[04/24/2020 - 08:11:07PM]     ------------------------------------------------------------------------------ 
[04/24/2020 - 08:11:07PM]  	UFO4P_AddToActorsWithoutBedsArray: added [workshopnpcscript < (3B00EFC0)>]
[04/24/2020 - 08:11:07PM]  	AddActorToWorkshop: actor = [workshopnpcscript < (3B00EFC0)>], Workshop = [workshopscript < (000250FE)>], resetMode = True
[04/24/2020 - 08:11:07PM]  	AddActorToWorkshop: step 1
[04/24/2020 - 08:11:07PM]  	AddActorToWorkshop: actor [workshopnpcscript < (3B00EFC0)>] already assigned to this workshop
[04/24/2020 - 08:11:07PM]  	AddActorToWorkshop: clearing multiResourceProduction
[04/24/2020 - 08:11:08PM]  	AddActorToWorkshop: DONE
[04/24/2020 - 08:11:08PM]     ------------------------------------------------------------------------------ 
[04/24/2020 - 08:11:08PM]      4: [workshopnpcscript < (0001A4D9)>]
[04/24/2020 - 08:11:08PM]     ------------------------------------------------------------------------------ 
[04/24/2020 - 08:11:08PM]  	UFO4P_AddToActorsWithoutBedsArray: added [workshopnpcscript < (0001A4D9)>]
[04/24/2020 - 08:11:08PM]  	AddActorToWorkshop: actor = [workshopnpcscript < (0001A4D9)>], Workshop = [workshopscript < (000250FE)>], resetMode = True
[04/24/2020 - 08:11:08PM]  	AddActorToWorkshop: step 1
[04/24/2020 - 08:11:08PM]  	AddActorToWorkshop: actor [workshopnpcscript < (0001A4D9)>] already assigned to this workshop
[04/24/2020 - 08:11:08PM]  	AddActorToWorkshop: clearing multiResourceProduction
[04/24/2020 - 08:11:09PM]  	AddActorToWorkshop: DONE
[04/24/2020 - 08:11:09PM]     ------------------------------------------------------------------------------ 
[04/24/2020 - 08:11:09PM]      5: [workshopnpcscript < (0001A4DB)>]
[04/24/2020 - 08:11:09PM]     ------------------------------------------------------------------------------ 
[04/24/2020 - 08:11:09PM]  	UFO4P_AddToActorsWithoutBedsArray: added [workshopnpcscript < (0001A4DB)>]
[04/24/2020 - 08:11:09PM]  	AddActorToWorkshop: actor = [workshopnpcscript < (0001A4DB)>], Workshop = [workshopscript < (000250FE)>], resetMode = True
[04/24/2020 - 08:11:09PM]  	AddActorToWorkshop: step 1
[04/24/2020 - 08:11:09PM]  	AddActorToWorkshop: actor [workshopnpcscript < (0001A4DB)>] already assigned to this workshop
[04/24/2020 - 08:11:09PM]  	AddActorToWorkshop: clearing multiResourceProduction
[04/24/2020 - 08:11:10PM]  	AddActorToWorkshop: DONE
[04/24/2020 - 08:11:10PM]     ------------------------------------------------------------------------------ 
[04/24/2020 - 08:11:10PM]      6: [workshopnpcscript < (0001A4D7)>]
[04/24/2020 - 08:11:10PM]     ------------------------------------------------------------------------------ 
[04/24/2020 - 08:11:10PM]  	UFO4P_AddToActorsWithoutBedsArray: added [workshopnpcscript < (0001A4D7)>]
[04/24/2020 - 08:11:10PM]  	AddActorToWorkshop: actor = [workshopnpcscript < (0001A4D7)>], Workshop = [workshopscript < (000250FE)>], resetMode = True
[04/24/2020 - 08:11:10PM]  	AddActorToWorkshop: step 1
[04/24/2020 - 08:11:10PM]  	AddActorToWorkshop: actor [workshopnpcscript < (0001A4D7)>] already assigned to this workshop
[04/24/2020 - 08:11:10PM]  	AddActorToWorkshop: clearing multiResourceProduction
[04/24/2020 - 08:11:11PM]  	AddActorToWorkshop: DONE
[04/24/2020 - 08:11:11PM]  	UFO4P_UpdateActorsWithoutBedsArray: found 7 actors without beds.
[04/24/2020 - 08:11:11PM]  ------------------------------------------------------------------------------ 
[04/24/2020 - 08:11:11PM]  	ResetWorkshop: [workshopscript < (000250FE)>]  RESOURCE OBJECTS: 9 in area
[04/24/2020 - 08:11:11PM]  ------------------------------------------------------------------------------ 
[04/24/2020 - 08:11:11PM]  	Check 0 damaged objects:
[04/24/2020 - 08:11:12PM]  ------------------------------------------------------------------------------ 
[04/24/2020 - 08:11:12PM]  	Check 9 undamaged objects: 
[04/24/2020 - 08:11:13PM]  ------------------------------------------------------------------------------
[04/24/2020 - 08:11:13PM]  	Damage pass done.
[04/24/2020 - 08:11:13PM]  		Removing 0.000000 extraneous food damage
[04/24/2020 - 08:11:13PM]  		Removing 0.000000 extraneous water damage
[04/24/2020 - 08:11:13PM]  		Removing 0.000000 extraneous safety damage
[04/24/2020 - 08:11:13PM]  		Removing 0.000000 extraneous power damage
[04/24/2020 - 08:11:13PM]  ------------------------------------------------------------------------------
[04/24/2020 - 08:11:13PM]  	UFO4P_InitObjectArrays: filling arrays ... 
[04/24/2020 - 08:11:13PM]  	  UFO4P_BuildObjectArray: Resource object [workshopnpcscript < (0001A4DA)>] has no WorkshopObjectScript
[04/24/2020 - 08:11:13PM]  	  UFO4P_BuildObjectArray: Resource object [workshopnpcscript < (0001A4D8)>] has no WorkshopObjectScript
[04/24/2020 - 08:11:13PM]  	  UFO4P_BuildObjectArray: Resource object [workshopnpcscript < (3B01FBCC)>] has no WorkshopObjectScript
[04/24/2020 - 08:11:13PM]  	  UFO4P_BuildObjectArray: Resource object [workshopnpcscript < (3B00EFC0)>] has no WorkshopObjectScript
[04/24/2020 - 08:11:13PM]  	  UFO4P_BuildObjectArray: Resource object [dogmeatactorscript < (0001D162)>] has no WorkshopObjectScript
[04/24/2020 - 08:11:13PM]  	  UFO4P_BuildObjectArray: Resource object [companionactorscript < (0001CA7D)>] has no WorkshopObjectScript
[04/24/2020 - 08:11:13PM]  	  UFO4P_BuildObjectArray: Resource object [workshopnpcscript < (0001A4D9)>] has no WorkshopObjectScript
[04/24/2020 - 08:11:13PM]  	  UFO4P_BuildObjectArray: Resource object [workshopnpcscript < (0001A4DB)>] has no WorkshopObjectScript
[04/24/2020 - 08:11:13PM]  	  UFO4P_BuildObjectArray: Resource object [companionactorscript < (0001A4D7)>] has no WorkshopObjectScript
[04/24/2020 - 08:11:13PM]  	UFO4P_InitObjectArrays: unassigned food objects array contains 0 items
[04/24/2020 - 08:11:13PM]  	  UFO4P_BuildObjectArray: Resource object [workshopnpcscript < (0001A4DA)>] has no WorkshopObjectScript
[04/24/2020 - 08:11:13PM]  	  UFO4P_BuildObjectArray: Resource object [workshopnpcscript < (0001A4D8)>] has no WorkshopObjectScript
[04/24/2020 - 08:11:13PM]  	  UFO4P_BuildObjectArray: Resource object [workshopnpcscript < (3B01FBCC)>] has no WorkshopObjectScript
[04/24/2020 - 08:11:13PM]  	  UFO4P_BuildObjectArray: Resource object [workshopnpcscript < (3B00EFC0)>] has no WorkshopObjectScript
[04/24/2020 - 08:11:13PM]  	  UFO4P_BuildObjectArray: Resource object [dogmeatactorscript < (0001D162)>] has no WorkshopObjectScript
[04/24/2020 - 08:11:13PM]  	  UFO4P_BuildObjectArray: Resource object [companionactorscript < (0001CA7D)>] has no WorkshopObjectScript
[04/24/2020 - 08:11:13PM]  	  UFO4P_BuildObjectArray: Resource object [workshopnpcscript < (0001A4D9)>] has no WorkshopObjectScript
[04/24/2020 - 08:11:13PM]  	  UFO4P_BuildObjectArray: Resource object [workshopnpcscript < (0001A4DB)>] has no WorkshopObjectScript
[04/24/2020 - 08:11:13PM]  	  UFO4P_BuildObjectArray: Resource object [companionactorscript < (0001A4D7)>] has no WorkshopObjectScript
[04/24/2020 - 08:11:13PM]  	UFO4P_InitObjectArrays: unassigned safety objects array contains 0 items
[04/24/2020 - 08:11:13PM]  ------------------------------------------------------------------------------ 
[04/24/2020 - 08:11:13PM]  	ResetWorkshop: [workshopscript < (000250FE)>]  ASSIGNING RESOURCES:
[04/24/2020 - 08:11:13PM]  ------------------------------------------------------------------------------ 
[04/24/2020 - 08:11:13PM]  No resource type sent to assign. ResourceValue: None
[04/24/2020 - 08:11:13PM]  No resource type sent to assign. ResourceValue: None
[04/24/2020 - 08:11:13PM]  TryToAssignBeds for [workshopscript < (000250FE)>]
[04/24/2020 - 08:11:13PM]  	Found 7 actors without beds
[04/24/2020 - 08:11:13PM]  	Found 0 unassigned beds
[04/24/2020 - 08:11:13PM]   SetUnassignedPopulationRating for workshop [workshopscript < (000250FE)>]; unassigned population count = 7
[04/24/2020 - 08:11:13PM]  	ResetWorkshop: [workshopscript < (000250FE)>] Total population: 0.000000
[04/24/2020 - 08:11:13PM]  ------------------------------------------------------------------------------ 
[04/24/2020 - 08:11:13PM]   RESET WORKSHOP for [workshopscript < (000250FE)>]   - DONE
[04/24/2020 - 08:11:13PM]  ------------------------------------------------------------------------------ 
[04/24/2020 - 08:11:24PM]   ERROR - GetWorkshopFromLocation: workshop location [Location < (00002CF0)>] not found in WorkshopLocations array
[04/24/2020 - 08:11:25PM]   ERROR - GetWorkshopFromLocation: workshop location [Location < (00002CF0)>] not found in WorkshopLocations array
[04/24/2020 - 08:11:25PM]   ERROR - GetWorkshopFromLocation: workshop location [Location < (00002CF0)>] not found in WorkshopLocations array
[04/24/2020 - 08:11:25PM]   ERROR - GetWorkshopFromLocation: workshop location [Location < (00002CF0)>] not found in WorkshopLocations array
[04/24/2020 - 08:11:30PM]   ERROR - GetWorkshopFromLocation: workshop location [Location < (00002CF0)>] not found in WorkshopLocations array
[04/24/2020 - 08:11:32PM]   ERROR - GetWorkshopFromLocation: workshop location [Location < (00002CF0)>] not found in WorkshopLocations array
[04/24/2020 - 08:11:32PM]   ERROR - GetWorkshopFromLocation: workshop location [Location < (00002CF0)>] not found in WorkshopLocations array
[04/24/2020 - 08:11:32PM]   ERROR - GetWorkshopFromLocation: workshop location [Location < (00002CF0)>] not found in WorkshopLocations array
[04/24/2020 - 08:11:32PM]   ERROR - GetWorkshopFromLocation: workshop location [Location < (00002CF0)>] not found in WorkshopLocations array
[04/24/2020 - 08:11:32PM]   ERROR - GetWorkshopFromLocation: workshop location [Location < (00002CF0)>] not found in WorkshopLocations array
[04/24/2020 - 08:11:37PM]  ---------------------------------------------------------------------------------
[04/24/2020 - 08:11:37PM]  	UFO4P_ResetCurrentWorkshop: previous currentWorkshopID = 20; new value = -1
[04/24/2020 - 08:11:37PM]  ---------------------------------------------------------------------------------
[04/24/2020 - 08:12:41PM]  ---------------------------------------------------------------------------------
[04/24/2020 - 08:12:41PM]  	SetCurrentWorkshop: new value = 20
[04/24/2020 - 08:12:41PM]  ---------------------------------------------------------------------------------
[04/24/2020 - 08:12:41PM]  ------------------------------------------------------------------------------ 
[04/24/2020 - 08:12:41PM]   RESET WORKSHOP
[04/24/2020 - 08:12:41PM]      Begin reset for [workshopscript < (000250FE)>]
[04/24/2020 - 08:12:41PM]  ------------------------------------------------------------------------------ 
[04/24/2020 - 08:12:41PM]  	ResetWorkshop: [workshopscript < (000250FE)>] Total population: 0.000000
[04/24/2020 - 08:12:41PM]  	ResetWorkshop: [workshopscript < (000250FE)>]   Current damage % = 0.000000
[04/24/2020 - 08:12:41PM]  	 Food to damage = 0.000000
[04/24/2020 - 08:12:41PM]  	 Water to damage = 0.000000
[04/24/2020 - 08:12:41PM]  	 Safety to damage = 0.000000
[04/24/2020 - 08:12:41PM]  	 Power to damage = 0.000000
[04/24/2020 - 08:12:43PM]  ------------------------------------------------------------------------------ 
[04/24/2020 - 08:12:43PM]  	ResetWorkshop: [workshopscript < (000250FE)>]  ACTORS: 7 in area
[04/24/2020 - 08:12:43PM]     ------------------------------------------------------------------------------ 
[04/24/2020 - 08:12:43PM]      0: [workshopnpcscript < (0001A4DA)>]
[04/24/2020 - 08:12:43PM]     ------------------------------------------------------------------------------ 
[04/24/2020 - 08:12:43PM]  	UFO4P_AddToActorsWithoutBedsArray: added [workshopnpcscript < (0001A4DA)>]
[04/24/2020 - 08:12:43PM]  	AddActorToWorkshop: actor = [workshopnpcscript < (0001A4DA)>], Workshop = [workshopscript < (000250FE)>], resetMode = True
[04/24/2020 - 08:12:43PM]  	AddActorToWorkshop: step 1
[04/24/2020 - 08:12:43PM]  	AddActorToWorkshop: actor [workshopnpcscript < (0001A4DA)>] already assigned to this workshop
[04/24/2020 - 08:12:43PM]  	AddActorToWorkshop: clearing multiResourceProduction
[04/24/2020 - 08:12:44PM]  	AddActorToWorkshop: DONE
[04/24/2020 - 08:12:44PM]     ------------------------------------------------------------------------------ 
[04/24/2020 - 08:12:44PM]      1: [workshopnpcscript < (0001A4D8)>]
[04/24/2020 - 08:12:44PM]     ------------------------------------------------------------------------------ 
[04/24/2020 - 08:12:44PM]  	UFO4P_AddToActorsWithoutBedsArray: added [workshopnpcscript < (0001A4D8)>]
[04/24/2020 - 08:12:44PM]  	AddActorToWorkshop: actor = [workshopnpcscript < (0001A4D8)>], Workshop = [workshopscript < (000250FE)>], resetMode = True
[04/24/2020 - 08:12:44PM]  	AddActorToWorkshop: step 1
[04/24/2020 - 08:12:44PM]  	AddActorToWorkshop: actor [workshopnpcscript < (0001A4D8)>] already assigned to this workshop
[04/24/2020 - 08:12:44PM]  	AddActorToWorkshop: clearing multiResourceProduction
[04/24/2020 - 08:12:45PM]  	AddActorToWorkshop: DONE
[04/24/2020 - 08:12:45PM]     ------------------------------------------------------------------------------ 
[04/24/2020 - 08:12:45PM]      2: [workshopnpcscript < (3B01FBCC)>]
[04/24/2020 - 08:12:45PM]     ------------------------------------------------------------------------------ 
[04/24/2020 - 08:12:45PM]  	UFO4P_AddToActorsWithoutBedsArray: added [workshopnpcscript < (3B01FBCC)>]
[04/24/2020 - 08:12:45PM]  	AddActorToWorkshop: actor = [workshopnpcscript < (3B01FBCC)>], Workshop = [workshopscript < (000250FE)>], resetMode = True
[04/24/2020 - 08:12:45PM]  	AddActorToWorkshop: step 1
[04/24/2020 - 08:12:45PM]  	AddActorToWorkshop: actor [workshopnpcscript < (3B01FBCC)>] already assigned to this workshop
[04/24/2020 - 08:12:45PM]  	AddActorToWorkshop: clearing multiResourceProduction
[04/24/2020 - 08:12:46PM]  	AddActorToWorkshop: DONE
[04/24/2020 - 08:12:46PM]     ------------------------------------------------------------------------------ 
[04/24/2020 - 08:12:46PM]      3: [workshopnpcscript < (3B00EFC0)>]
[04/24/2020 - 08:12:46PM]     ------------------------------------------------------------------------------ 
[04/24/2020 - 08:12:46PM]  	UFO4P_AddToActorsWithoutBedsArray: added [workshopnpcscript < (3B00EFC0)>]
[04/24/2020 - 08:12:46PM]  	AddActorToWorkshop: actor = [workshopnpcscript < (3B00EFC0)>], Workshop = [workshopscript < (000250FE)>], resetMode = True
[04/24/2020 - 08:12:46PM]  	AddActorToWorkshop: step 1
[04/24/2020 - 08:12:46PM]  	AddActorToWorkshop: actor [workshopnpcscript < (3B00EFC0)>] already assigned to this workshop
[04/24/2020 - 08:12:46PM]  	AddActorToWorkshop: clearing multiResourceProduction
[04/24/2020 - 08:12:48PM]  	AddActorToWorkshop: DONE
[04/24/2020 - 08:12:48PM]     ------------------------------------------------------------------------------ 
[04/24/2020 - 08:12:48PM]      4: [workshopnpcscript < (0001A4D9)>]
[04/24/2020 - 08:12:48PM]     ------------------------------------------------------------------------------ 
[04/24/2020 - 08:12:48PM]  	UFO4P_AddToActorsWithoutBedsArray: added [workshopnpcscript < (0001A4D9)>]
[04/24/2020 - 08:12:48PM]  	AddActorToWorkshop: actor = [workshopnpcscript < (0001A4D9)>], Workshop = [workshopscript < (000250FE)>], resetMode = True
[04/24/2020 - 08:12:48PM]  	AddActorToWorkshop: step 1
[04/24/2020 - 08:12:48PM]  	AddActorToWorkshop: actor [workshopnpcscript < (0001A4D9)>] already assigned to this workshop
[04/24/2020 - 08:12:48PM]  	AddActorToWorkshop: clearing multiResourceProduction
[04/24/2020 - 08:12:51PM]  	AddActorToWorkshop: DONE
[04/24/2020 - 08:12:51PM]     ------------------------------------------------------------------------------ 
[04/24/2020 - 08:12:51PM]      5: [workshopnpcscript < (0001A4DB)>]
[04/24/2020 - 08:12:51PM]     ------------------------------------------------------------------------------ 
[04/24/2020 - 08:12:51PM]  	UFO4P_AddToActorsWithoutBedsArray: added [workshopnpcscript < (0001A4DB)>]
[04/24/2020 - 08:12:51PM]  	AddActorToWorkshop: actor = [workshopnpcscript < (0001A4DB)>], Workshop = [workshopscript < (000250FE)>], resetMode = True
[04/24/2020 - 08:12:51PM]  	AddActorToWorkshop: step 1
[04/24/2020 - 08:12:51PM]  	AddActorToWorkshop: actor [workshopnpcscript < (0001A4DB)>] already assigned to this workshop
[04/24/2020 - 08:12:51PM]  	AddActorToWorkshop: clearing multiResourceProduction
[04/24/2020 - 08:12:52PM]  	AddActorToWorkshop: DONE
[04/24/2020 - 08:12:52PM]     ------------------------------------------------------------------------------ 
[04/24/2020 - 08:12:52PM]      6: [workshopnpcscript < (0001A4D7)>]
[04/24/2020 - 08:12:52PM]     ------------------------------------------------------------------------------ 
[04/24/2020 - 08:12:52PM]  	UFO4P_AddToActorsWithoutBedsArray: added [workshopnpcscript < (0001A4D7)>]
[04/24/2020 - 08:12:52PM]  	AddActorToWorkshop: actor = [workshopnpcscript < (0001A4D7)>], Workshop = [workshopscript < (000250FE)>], resetMode = True
[04/24/2020 - 08:12:52PM]  	AddActorToWorkshop: step 1
[04/24/2020 - 08:12:52PM]  	AddActorToWorkshop: actor [workshopnpcscript < (0001A4D7)>] already assigned to this workshop
[04/24/2020 - 08:12:52PM]  	AddActorToWorkshop: clearing multiResourceProduction
[04/24/2020 - 08:12:53PM]  	AddActorToWorkshop: DONE
[04/24/2020 - 08:12:53PM]  	UFO4P_UpdateActorsWithoutBedsArray: found 7 actors without beds.
[04/24/2020 - 08:12:53PM]  ------------------------------------------------------------------------------ 
[04/24/2020 - 08:12:53PM]  	ResetWorkshop: [workshopscript < (000250FE)>]  RESOURCE OBJECTS: 9 in area
[04/24/2020 - 08:12:53PM]  ------------------------------------------------------------------------------ 
[04/24/2020 - 08:12:53PM]  	Check 0 damaged objects:
[04/24/2020 - 08:12:54PM]  ------------------------------------------------------------------------------ 
[04/24/2020 - 08:12:54PM]  	Check 9 undamaged objects: 
[04/24/2020 - 08:12:55PM]  ------------------------------------------------------------------------------
[04/24/2020 - 08:12:55PM]  	Damage pass done.
[04/24/2020 - 08:12:55PM]  		Removing 0.000000 extraneous food damage
[04/24/2020 - 08:12:55PM]  		Removing 0.000000 extraneous water damage
[04/24/2020 - 08:12:55PM]  		Removing 0.000000 extraneous safety damage
[04/24/2020 - 08:12:55PM]  		Removing 0.000000 extraneous power damage
[04/24/2020 - 08:12:55PM]  ------------------------------------------------------------------------------
[04/24/2020 - 08:12:55PM]  	UFO4P_InitObjectArrays: filling arrays ... 
[04/24/2020 - 08:12:55PM]  	  UFO4P_BuildObjectArray: Resource object [workshopnpcscript < (0001A4DA)>] has no WorkshopObjectScript
[04/24/2020 - 08:12:55PM]  	  UFO4P_BuildObjectArray: Resource object [workshopnpcscript < (0001A4D8)>] has no WorkshopObjectScript
[04/24/2020 - 08:12:55PM]  	  UFO4P_BuildObjectArray: Resource object [workshopnpcscript < (3B01FBCC)>] has no WorkshopObjectScript
[04/24/2020 - 08:12:55PM]  	  UFO4P_BuildObjectArray: Resource object [workshopnpcscript < (3B00EFC0)>] has no WorkshopObjectScript
[04/24/2020 - 08:12:55PM]  	  UFO4P_BuildObjectArray: Resource object [dogmeatactorscript < (0001D162)>] has no WorkshopObjectScript
[04/24/2020 - 08:12:55PM]  	  UFO4P_BuildObjectArray: Resource object [companionactorscript < (0001CA7D)>] has no WorkshopObjectScript
[04/24/2020 - 08:12:55PM]  	  UFO4P_BuildObjectArray: Resource object [workshopnpcscript < (0001A4D9)>] has no WorkshopObjectScript
[04/24/2020 - 08:12:55PM]  	  UFO4P_BuildObjectArray: Resource object [workshopnpcscript < (0001A4DB)>] has no WorkshopObjectScript
[04/24/2020 - 08:12:55PM]  	  UFO4P_BuildObjectArray: Resource object [companionactorscript < (0001A4D7)>] has no WorkshopObjectScript
[04/24/2020 - 08:12:55PM]  	UFO4P_InitObjectArrays: unassigned food objects array contains 0 items
[04/24/2020 - 08:12:55PM]  	  UFO4P_BuildObjectArray: Resource object [workshopnpcscript < (0001A4DA)>] has no WorkshopObjectScript
[04/24/2020 - 08:12:55PM]  	  UFO4P_BuildObjectArray: Resource object [workshopnpcscript < (0001A4D8)>] has no WorkshopObjectScript
[04/24/2020 - 08:12:55PM]  	  UFO4P_BuildObjectArray: Resource object [workshopnpcscript < (3B01FBCC)>] has no WorkshopObjectScript
[04/24/2020 - 08:12:55PM]  	  UFO4P_BuildObjectArray: Resource object [workshopnpcscript < (3B00EFC0)>] has no WorkshopObjectScript
[04/24/2020 - 08:12:55PM]  	  UFO4P_BuildObjectArray: Resource object [dogmeatactorscript < (0001D162)>] has no WorkshopObjectScript
[04/24/2020 - 08:12:55PM]  	  UFO4P_BuildObjectArray: Resource object [companionactorscript < (0001CA7D)>] has no WorkshopObjectScript
[04/24/2020 - 08:12:55PM]  	  UFO4P_BuildObjectArray: Resource object [workshopnpcscript < (0001A4D9)>] has no WorkshopObjectScript
[04/24/2020 - 08:12:55PM]  	  UFO4P_BuildObjectArray: Resource object [workshopnpcscript < (0001A4DB)>] has no WorkshopObjectScript
[04/24/2020 - 08:12:55PM]  	  UFO4P_BuildObjectArray: Resource object [companionactorscript < (0001A4D7)>] has no WorkshopObjectScript
[04/24/2020 - 08:12:55PM]  	UFO4P_InitObjectArrays: unassigned safety objects array contains 0 items
[04/24/2020 - 08:12:55PM]  ------------------------------------------------------------------------------ 
[04/24/2020 - 08:12:55PM]  	ResetWorkshop: [workshopscript < (000250FE)>]  ASSIGNING RESOURCES:
[04/24/2020 - 08:12:55PM]  ------------------------------------------------------------------------------ 
[04/24/2020 - 08:12:55PM]  No resource type sent to assign. ResourceValue: None
[04/24/2020 - 08:12:55PM]  No resource type sent to assign. ResourceValue: None
[04/24/2020 - 08:12:55PM]  TryToAssignBeds for [workshopscript < (000250FE)>]
[04/24/2020 - 08:12:55PM]  	Found 7 actors without beds
[04/24/2020 - 08:12:55PM]  	Found 0 unassigned beds
[04/24/2020 - 08:12:55PM]   SetUnassignedPopulationRating for workshop [workshopscript < (000250FE)>]; unassigned population count = 7
[04/24/2020 - 08:12:55PM]  	ResetWorkshop: [workshopscript < (000250FE)>] Total population: 0.000000
[04/24/2020 - 08:12:55PM]  ------------------------------------------------------------------------------ 
[04/24/2020 - 08:12:55PM]   RESET WORKSHOP for [workshopscript < (000250FE)>]   - DONE
[04/24/2020 - 08:12:55PM]  ------------------------------------------------------------------------------ 
[04/24/2020 - 08:13:04PM]   ERROR - GetWorkshopFromLocation: workshop location [Location < (00002CF0)>] not found in WorkshopLocations array
[04/24/2020 - 08:13:06PM]   ERROR - GetWorkshopFromLocation: workshop location [Location < (00002CF0)>] not found in WorkshopLocations array
[04/24/2020 - 08:13:06PM]   ERROR - GetWorkshopFromLocation: workshop location [Location < (00002CF0)>] not found in WorkshopLocations array
[04/24/2020 - 08:13:06PM]   ERROR - GetWorkshopFromLocation: workshop location [Location < (00002CF0)>] not found in WorkshopLocations array
[04/24/2020 - 08:13:12PM]   ERROR - GetWorkshopFromLocation: workshop location [Location < (00002CF0)>] not found in WorkshopLocations array
[04/24/2020 - 08:13:12PM]   ERROR - GetWorkshopFromLocation: workshop location [Location < (00002CF0)>] not found in WorkshopLocations array
[04/24/2020 - 08:13:12PM]   ERROR - GetWorkshopFromLocation: workshop location [Location < (00002CF0)>] not found in WorkshopLocations array
[04/24/2020 - 08:13:12PM]   ERROR - GetWorkshopFromLocation: workshop location [Location < (00002CF0)>] not found in WorkshopLocations array
[04/24/2020 - 08:13:13PM]   ERROR - GetWorkshopFromLocation: workshop location [Location < (00002CF0)>] not found in WorkshopLocations array
[04/24/2020 - 08:17:01PM]  	UnassignActor_Private: Unassigning None; bRemoveFromWorkshop = True
[04/24/2020 - 08:17:01PM]     UnassignActor_Private: Removing None from workshop [workshopscript < (00161F4B)>]
[04/24/2020 - 08:17:01PM]  	UnassignActor_Private: DONE
[04/24/2020 - 08:17:02PM]  ------------------------------------------------------------------------------ 
[04/24/2020 - 08:17:02PM]  	ClearCaravansFromWorkshopPUBLIC workshop=[_camp_workshopscriptex < (2B00E04C)>]
[04/24/2020 - 08:17:02PM]   SendPlayerOwnershipChangedEvent [_camp_workshopscriptex < (2B00E04C)>]
[04/24/2020 - 08:17:02PM]  	UpdateWorkshopRatingsForObject [workshopobjectscript < (FF018794)>]: DONE
[04/24/2020 - 08:17:03PM]   ERROR - GetWorkshopFromLocation: workshop location [Location < (00002CF0)>] not found in WorkshopLocations array
[04/24/2020 - 08:17:03PM]   ERROR - GetWorkshopFromLocation: workshop location [Location < (00002CF0)>] not found in WorkshopLocations array
[04/24/2020 - 08:17:03PM]   ERROR - GetWorkshopFromLocation: workshop location [Location < (00002CF0)>] not found in WorkshopLocations array
[04/24/2020 - 08:17:04PM]   ERROR - GetWorkshopFromLocation: workshop location [Location < (00002CF0)>] not found in WorkshopLocations array
[04/24/2020 - 08:17:04PM]   ERROR - GetWorkshopFromLocation: workshop location [Location < (00002CF0)>] not found in WorkshopLocations array
[04/24/2020 - 08:18:59PM]   OnTimerGameTime: timerID=0
[04/24/2020 - 08:18:59PM]  ------------------------------------------------------------------------------ 
[04/24/2020 - 08:18:59PM]   DAILY WORKSHOP UPDATE
[04/24/2020 - 08:18:59PM]  ------------------------------------------------------------------------------ 
[04/24/2020 - 08:18:59PM]   OnTimerGameTime: restarting workshop daily timer: updateIntervalGameHours=24.000000, dailyUpdateTimerID=0
[04/24/2020 - 08:19:21PM]  ---------------------------------------------------------------------------------
[04/24/2020 - 08:19:21PM]  	SetCurrentWorkshop: new value = 20
[04/24/2020 - 08:19:21PM]  ---------------------------------------------------------------------------------
[04/24/2020 - 08:21:04PM]  ---------------------------------------------------------------------------------
[04/24/2020 - 08:21:04PM]  	SetCurrentWorkshop: new value = 20
[04/24/2020 - 08:21:04PM]  ---------------------------------------------------------------------------------
[04/24/2020 - 08:21:05PM]  ---------------------------------------------------------------------------------
[04/24/2020 - 08:21:05PM]  	SetCurrentWorkshop: new value = 20
[04/24/2020 - 08:21:05PM]  ---------------------------------------------------------------------------------
[04/24/2020 - 08:21:26PM]  ------------------------------------------------------------------------------ 
[04/24/2020 - 08:21:26PM]   BuildObject: 5931 [ObjectReference < (FF02B8A2)>] from [workshopscript < (000250FE)>]
[04/24/2020 - 08:21:26PM]   BuildObject DONE: 5931 (editLockCount=1) [ObjectReference < (FF02B8A2)>]
[04/24/2020 - 08:21:26PM]  ------------------------------------------------------------------------------ 
