[03/13/2022 - 05:28:11PM] WorkshopFrameworkLog log opened (PC-64)
[03/13/2022 - 05:28:11PM]  [WSFW] >>>>>>>>>>>>>>>>> HandleGameLoaded called on WSFW MainQuest
[03/13/2022 - 05:28:11PM]  [WSFW] >>>>>>>>>>>>>>>>> GameLoaded called on MasterQuest [workshopplus:mainquest <WSPlus_MainQuest (34001ED5)>]
[03/13/2022 - 05:28:11PM]  [WSFW] >>>>>>>>>>>>>>>>> Attempting to run StartQuests
[03/13/2022 - 05:28:11PM]  [WSFW] >>>>>>>>>>>>>>>>>>> Quest startup already complete.
[03/13/2022 - 05:28:12PM]  [MasterQuest] [workshopframework:mainquest <WSFW_Main (0A000F99)>] TriggerLocationChange called. Sending event to 18 quests.
[03/13/2022 - 05:28:12PM]  [WSFW] >>>>>>>>>>>>>>>>> WSFW MainQuest.StartQuests called.
[03/13/2022 - 05:28:12PM]  [WSFW] >>>>>>>>>>>>>>>>>>> Quest startup already complete.
[03/13/2022 - 05:28:12PM]  [WSFW] >>>>>>>>>>>>>>>>> GameLoaded called on MasterQuest [workshopframework:mainquest <WSFW_Main (0A000F99)>]
[03/13/2022 - 05:28:12PM]  [WSFW] >>>>>>>>>>>>>>>>> Attempting to run StartQuests
[03/13/2022 - 05:28:12PM]  [WSFW] >>>>>>>>>>>>>>>>> WSFW MainQuest.StartQuests called.
[03/13/2022 - 05:28:12PM]  [WSFW] >>>>>>>>>>>>>>>>>>> Quest startup already complete.
[03/13/2022 - 05:28:12PM]  [[workshopplus:mainquest <WSPlus_MainQuest (34001ED5)>]] TriggerGameLoaded called on [workshopplus:actionmanager <WSPlus_ActionManager (34000F99)>]
[03/13/2022 - 05:28:12PM]  [[workshopplus:mainquest <WSPlus_MainQuest (34001ED5)>]] TriggerGameLoaded called on [workshopplus:layermanager <WSPlus_LayerManager (34001ED7)>]
[03/13/2022 - 05:28:12PM]  [[workshopplus:mainquest <WSPlus_MainQuest (34001ED5)>]] TriggerGameLoaded called on [workshopplus:blueprintmanager <WSPlus_BlueprintManager (3400FBCD)>]
[03/13/2022 - 05:28:12PM]  WSPlus_Layers.swf already in RegisteredWidgets array.
[03/13/2022 - 05:28:12PM]  [[workshopframework:mainquest <WSFW_Main (0A000F99)>]] TriggerGameLoaded called on [workshopframework:hudframeworkmanager <WSFW_HUDFrameworkManager (0A00269E)>]
[03/13/2022 - 05:28:12PM]  [[workshopframework:mainquest <WSFW_Main (0A000F99)>]] TriggerGameLoaded called on [workshopframework:f4semanager <WSFW_F4SE (0A00269C)>]
[03/13/2022 - 05:28:12PM]  WorkshopFramework_HUDFramework.swf already in RegisteredWidgets array.
[03/13/2022 - 05:28:12PM]  [[workshopframework:mainquest <WSFW_Main (0A000F99)>]] TriggerGameLoaded called on [workshopframework:mainthreadmanager <WSFW_ThreadManager (0A001736)>]
[03/13/2022 - 05:28:13PM]  [[workshopframework:mainquest <WSFW_Main (0A000F99)>]] TriggerGameLoaded called on [WorkshopFramework:Quests:TaskManager <WSFW_TaskManager (0A026BBF)>]
[03/13/2022 - 05:28:13PM]  [[workshopframework:mainquest <WSFW_Main (0A000F99)>]] TriggerGameLoaded called on [workshopframework:quests:storyeventmanager <WSFW_StoryEventManager (0A026BC1)>]
[03/13/2022 - 05:28:13PM]  [[workshopframework:mainquest <WSFW_Main (0A000F99)>]] TriggerGameLoaded called on [workshopframework:messagemanager <WSFW_MessageManager (0A0092C5)>]
[03/13/2022 - 05:28:13PM]  [[workshopframework:mainquest <WSFW_Main (0A000F99)>]] TriggerGameLoaded called on [WorkshopFramework:UIManager <WSFW_UIManager (0A01CAE3)>]
[03/13/2022 - 05:28:13PM]  [[workshopframework:mainquest <WSFW_Main (0A000F99)>]] TriggerGameLoaded called on [workshopframework:placeobjectmanager <WSFW_PlacementManager (0A004CA4)>]
[03/13/2022 - 05:28:13PM]  [[workshopframework:mainquest <WSFW_Main (0A000F99)>]] TriggerGameLoaded called on [workshopframework:workshopresourcemanager <WSFW_ResourceManager (0A005C1F)>]
[03/13/2022 - 05:28:13PM]  [[workshopframework:mainquest <WSFW_Main (0A000F99)>]] TriggerGameLoaded called on [workshopframework:injectionmanager <WSFW_InjectionManager (0A0091E3)>]
[03/13/2022 - 05:28:13PM]  [[workshopframework:mainquest <WSFW_Main (0A000F99)>]] TriggerGameLoaded called on [workshopframework:npcmanager <WSFW_NPCManager (0A0091E2)>]
[03/13/2022 - 05:28:13PM]  [[workshopframework:mainquest <WSFW_Main (0A000F99)>]] TriggerGameLoaded called on [workshopframework:workshopproductionmanager <WSFW_ProductionManager (0A007AFB)>]
[03/13/2022 - 05:28:13PM]  [[workshopframework:mainquest <WSFW_Main (0A000F99)>]] TriggerGameLoaded called on [workshopframework:workshopobjectmanager <WSFW_WorkshopObjectManager (0A006B5C)>]
[03/13/2022 - 05:28:13PM]  [[workshopframework:mainquest <WSFW_Main (0A000F99)>]] TriggerGameLoaded called on [workshopframework:workshopcontrolmanager <WSFW_ControlManager (0A00B137)>]
[03/13/2022 - 05:28:13PM]  [[workshopframework:mainquest <WSFW_Main (0A000F99)>]] TriggerGameLoaded called on [WorkshopFramework:AssaultManager <WSFW_AssaultManager (0A001F03)>]
[03/13/2022 - 05:28:13PM]  [[workshopframework:mainquest <WSFW_Main (0A000F99)>]] TriggerGameLoaded called on [WorkshopFramework:WorkshopMenuManager <WSFW_WorkshopMenuManager (0A01143E)>]
[03/13/2022 - 05:28:13PM]  [[workshopframework:mainquest <WSFW_Main (0A000F99)>]] TriggerGameLoaded called on [workshopframework:settlementlayoutmanager <WSFW_SettlementLayoutManager (0A012B0D)>]
[03/13/2022 - 05:28:13PM]  [[workshopframework:mainquest <WSFW_Main (0A000F99)>]] TriggerGameLoaded called on [WorkshopFramework:WSFW_APIQuest <WSFW_API (0A004CA3)>]
[03/13/2022 - 05:28:17PM]  [MasterQuest] [workshopplus:mainquest <WSPlus_MainQuest (34001ED5)>] TriggerLocationChange called. Sending event to 3 quests.
[03/13/2022 - 05:28:24PM]  [MasterQuest] [workshopframework:mainquest <WSFW_Main (0A000F99)>] TriggerLocationChange called. Sending event to 18 quests.
[03/13/2022 - 05:30:45PM]  [MasterQuest] [workshopplus:mainquest <WSPlus_MainQuest (34001ED5)>] TriggerLocationChange called. Sending event to 3 quests.
[03/13/2022 - 05:36:09PM] Log closed
