[03/13/2022 - 05:36:24PM] WorkshopFrameworkLog log opened (PC-64)
[03/13/2022 - 05:36:24PM]  [WSFW] >>>>>>>>>>>>>>>>> HandleGameLoaded called on WSFW MainQuest
[03/13/2022 - 05:36:24PM]  [WSFW] >>>>>>>>>>>>>>>>> GameLoaded called on MasterQuest [workshopplus:mainquest <WSPlus_MainQuest (34001ED5)>]
[03/13/2022 - 05:36:24PM]  [WSFW] >>>>>>>>>>>>>>>>> Attempting to run StartQuests
[03/13/2022 - 05:36:24PM]  [WSFW] >>>>>>>>>>>>>>>>>>> Quest startup already complete.
[03/13/2022 - 05:36:24PM]  [WSFW] >>>>>>>>>>>>>>>>> WSFW MainQuest.StartQuests called.
[03/13/2022 - 05:36:24PM]  [WSFW] >>>>>>>>>>>>>>>>>>> Quest startup already complete.
[03/13/2022 - 05:36:24PM]  [WSFW] >>>>>>>>>>>>>>>>> GameLoaded called on MasterQuest [workshopframework:mainquest <WSFW_Main (0A000F99)>]
[03/13/2022 - 05:36:24PM]  [WSFW] >>>>>>>>>>>>>>>>> Attempting to run StartQuests
[03/13/2022 - 05:36:24PM]  [WSFW] >>>>>>>>>>>>>>>>> WSFW MainQuest.StartQuests called.
[03/13/2022 - 05:36:24PM]  [WSFW] >>>>>>>>>>>>>>>>>>> Quest startup already complete.
[03/13/2022 - 05:36:24PM]  [[workshopplus:mainquest <WSPlus_MainQuest (34001ED5)>]] TriggerGameLoaded called on [workshopplus:actionmanager <WSPlus_ActionManager (34000F99)>]
[03/13/2022 - 05:36:25PM]  [[workshopplus:mainquest <WSPlus_MainQuest (34001ED5)>]] TriggerGameLoaded called on [workshopplus:layermanager <WSPlus_LayerManager (34001ED7)>]
[03/13/2022 - 05:36:25PM]  [[workshopplus:mainquest <WSPlus_MainQuest (34001ED5)>]] TriggerGameLoaded called on [workshopplus:blueprintmanager <WSPlus_BlueprintManager (3400FBCD)>]
[03/13/2022 - 05:36:25PM]  WSPlus_Layers.swf already in RegisteredWidgets array.
[03/13/2022 - 05:36:25PM]  [[workshopframework:mainquest <WSFW_Main (0A000F99)>]] TriggerGameLoaded called on [workshopframework:hudframeworkmanager <WSFW_HUDFrameworkManager (0A00269E)>]
[03/13/2022 - 05:36:25PM]  [[workshopframework:mainquest <WSFW_Main (0A000F99)>]] TriggerGameLoaded called on [workshopframework:f4semanager <WSFW_F4SE (0A00269C)>]
[03/13/2022 - 05:36:26PM]  [[workshopframework:mainquest <WSFW_Main (0A000F99)>]] TriggerGameLoaded called on [workshopframework:mainthreadmanager <WSFW_ThreadManager (0A001736)>]
[03/13/2022 - 05:36:26PM]  [[workshopframework:mainquest <WSFW_Main (0A000F99)>]] TriggerGameLoaded called on [WorkshopFramework:Quests:TaskManager <WSFW_TaskManager (0A026BBF)>]
[03/13/2022 - 05:36:26PM]  WorkshopFramework_HUDFramework.swf already in RegisteredWidgets array.
[03/13/2022 - 05:36:26PM]  [[workshopframework:mainquest <WSFW_Main (0A000F99)>]] TriggerGameLoaded called on [workshopframework:quests:storyeventmanager <WSFW_StoryEventManager (0A026BC1)>]
[03/13/2022 - 05:36:26PM]  [[workshopframework:mainquest <WSFW_Main (0A000F99)>]] TriggerGameLoaded called on [workshopframework:messagemanager <WSFW_MessageManager (0A0092C5)>]
[03/13/2022 - 05:36:26PM]  [[workshopframework:mainquest <WSFW_Main (0A000F99)>]] TriggerGameLoaded called on [WorkshopFramework:UIManager <WSFW_UIManager (0A01CAE3)>]
[03/13/2022 - 05:36:26PM]  [[workshopframework:mainquest <WSFW_Main (0A000F99)>]] TriggerGameLoaded called on [workshopframework:placeobjectmanager <WSFW_PlacementManager (0A004CA4)>]
[03/13/2022 - 05:36:26PM]  [[workshopframework:mainquest <WSFW_Main (0A000F99)>]] TriggerGameLoaded called on [workshopframework:workshopresourcemanager <WSFW_ResourceManager (0A005C1F)>]
[03/13/2022 - 05:36:26PM]  [[workshopframework:mainquest <WSFW_Main (0A000F99)>]] TriggerGameLoaded called on [workshopframework:injectionmanager <WSFW_InjectionManager (0A0091E3)>]
[03/13/2022 - 05:36:26PM]  [[workshopframework:mainquest <WSFW_Main (0A000F99)>]] TriggerGameLoaded called on [workshopframework:npcmanager <WSFW_NPCManager (0A0091E2)>]
[03/13/2022 - 05:36:26PM]  [[workshopframework:mainquest <WSFW_Main (0A000F99)>]] TriggerGameLoaded called on [workshopframework:workshopproductionmanager <WSFW_ProductionManager (0A007AFB)>]
[03/13/2022 - 05:36:26PM]  [[workshopframework:mainquest <WSFW_Main (0A000F99)>]] TriggerGameLoaded called on [workshopframework:workshopobjectmanager <WSFW_WorkshopObjectManager (0A006B5C)>]
[03/13/2022 - 05:36:26PM]  [[workshopframework:mainquest <WSFW_Main (0A000F99)>]] TriggerGameLoaded called on [workshopframework:workshopcontrolmanager <WSFW_ControlManager (0A00B137)>]
[03/13/2022 - 05:36:27PM]  [[workshopframework:mainquest <WSFW_Main (0A000F99)>]] TriggerGameLoaded called on [WorkshopFramework:AssaultManager <WSFW_AssaultManager (0A001F03)>]
[03/13/2022 - 05:36:27PM]  [[workshopframework:mainquest <WSFW_Main (0A000F99)>]] TriggerGameLoaded called on [WorkshopFramework:WorkshopMenuManager <WSFW_WorkshopMenuManager (0A01143E)>]
[03/13/2022 - 05:36:27PM]  [[workshopframework:mainquest <WSFW_Main (0A000F99)>]] TriggerGameLoaded called on [workshopframework:settlementlayoutmanager <WSFW_SettlementLayoutManager (0A012B0D)>]
[03/13/2022 - 05:36:27PM]  [[workshopframework:mainquest <WSFW_Main (0A000F99)>]] TriggerGameLoaded called on [WorkshopFramework:WSFW_APIQuest <WSFW_API (0A004CA3)>]
[03/13/2022 - 05:39:31PM]  [MasterQuest] [workshopframework:mainquest <WSFW_Main (0A000F99)>] TriggerLocationChange called. Sending event to 18 quests.
[03/13/2022 - 05:39:39PM]  [MasterQuest] [workshopplus:mainquest <WSPlus_MainQuest (34001ED5)>] TriggerLocationChange called. Sending event to 3 quests.
[03/13/2022 - 05:40:05PM]  [MasterQuest] [workshopframework:mainquest <WSFW_Main (0A000F99)>] TriggerLocationChange called. Sending event to 18 quests.
[03/13/2022 - 05:40:58PM]  [MasterQuest] [workshopframework:mainquest <WSFW_Main (0A000F99)>] TriggerLocationChange called. Sending event to 18 quests.
[03/13/2022 - 05:41:20PM]  [MasterQuest] [workshopframework:mainquest <WSFW_Main (0A000F99)>] TriggerLocationChange called. Sending event to 18 quests.
[03/13/2022 - 05:41:23PM]  [MasterQuest] [workshopframework:mainquest <WSFW_Main (0A000F99)>] TriggerLocationChange called. Sending event to 18 quests.
[03/13/2022 - 05:41:28PM]  [MasterQuest] [workshopplus:mainquest <WSPlus_MainQuest (34001ED5)>] TriggerLocationChange called. Sending event to 3 quests.
[03/13/2022 - 05:41:44PM]  [MasterQuest] [workshopframework:mainquest <WSFW_Main (0A000F99)>] TriggerLocationChange called. Sending event to 18 quests.
[03/13/2022 - 05:41:46PM]  [MasterQuest] [workshopframework:mainquest <WSFW_Main (0A000F99)>] TriggerLocationChange called. Sending event to 18 quests.
[03/13/2022 - 05:41:51PM]  [MasterQuest] [workshopplus:mainquest <WSPlus_MainQuest (34001ED5)>] TriggerLocationChange called. Sending event to 3 quests.
[03/13/2022 - 05:42:11PM]  [MasterQuest] [workshopframework:mainquest <WSFW_Main (0A000F99)>] TriggerLocationChange called. Sending event to 18 quests.
[03/13/2022 - 05:42:16PM]  [MasterQuest] [workshopplus:mainquest <WSPlus_MainQuest (34001ED5)>] TriggerLocationChange called. Sending event to 3 quests.
[03/13/2022 - 05:43:38PM]  [MasterQuest] [workshopframework:mainquest <WSFW_Main (0A000F99)>] TriggerLocationChange called. Sending event to 18 quests.
[03/13/2022 - 05:43:42PM]  [MasterQuest] [workshopframework:mainquest <WSFW_Main (0A000F99)>] TriggerLocationChange called. Sending event to 18 quests.
[03/13/2022 - 05:43:52PM]  [MasterQuest] [workshopplus:mainquest <WSPlus_MainQuest (34001ED5)>] TriggerLocationChange called. Sending event to 3 quests.
[03/13/2022 - 05:43:56PM]  [MasterQuest] [workshopframework:mainquest <WSFW_Main (0A000F99)>] TriggerLocationChange called. Sending event to 18 quests.
[03/13/2022 - 05:44:04PM]  [MasterQuest] [workshopplus:mainquest <WSPlus_MainQuest (34001ED5)>] TriggerLocationChange called. Sending event to 3 quests.
[03/13/2022 - 05:44:12PM]  [MasterQuest] [workshopframework:mainquest <WSFW_Main (0A000F99)>] TriggerLocationChange called. Sending event to 18 quests.
[03/13/2022 - 05:44:21PM]  [MasterQuest] [workshopframework:mainquest <WSFW_Main (0A000F99)>] TriggerLocationChange called. Sending event to 18 quests.
[03/13/2022 - 05:44:39PM]  [MasterQuest] [workshopplus:mainquest <WSPlus_MainQuest (34001ED5)>] TriggerLocationChange called. Sending event to 3 quests.
[03/13/2022 - 05:46:09PM]  [MasterQuest] [workshopframework:mainquest <WSFW_Main (0A000F99)>] TriggerLocationChange called. Sending event to 18 quests.
[03/13/2022 - 05:46:11PM]  [WS Plus] Left far enough from last settlement that it unloaded.
[03/13/2022 - 05:46:11PM]  [WS Plus] Entered new settlement (or returned after a long time away), clearing Undo/Redo history.
[03/13/2022 - 05:46:14PM]  [MasterQuest] [workshopplus:mainquest <WSPlus_MainQuest (34001ED5)>] TriggerLocationChange called. Sending event to 3 quests.
[03/13/2022 - 05:47:02PM]  [MasterQuest] [workshopframework:mainquest <WSFW_Main (0A000F99)>] TriggerLocationChange called. Sending event to 18 quests.
[03/13/2022 - 05:47:08PM]  [MasterQuest] [workshopframework:mainquest <WSFW_Main (0A000F99)>] TriggerLocationChange called. Sending event to 18 quests.
[03/13/2022 - 05:47:13PM]  [MasterQuest] [workshopplus:mainquest <WSPlus_MainQuest (34001ED5)>] TriggerLocationChange called. Sending event to 3 quests.
[03/13/2022 - 05:48:23PM]  [MasterQuest] [workshopframework:mainquest <WSFW_Main (0A000F99)>] TriggerLocationChange called. Sending event to 18 quests.
[03/13/2022 - 05:48:28PM]  [MasterQuest] [workshopplus:mainquest <WSPlus_MainQuest (34001ED5)>] TriggerLocationChange called. Sending event to 3 quests.
[03/13/2022 - 05:48:32PM]  [MasterQuest] [workshopframework:mainquest <WSFW_Main (0A000F99)>] TriggerLocationChange called. Sending event to 18 quests.
[03/13/2022 - 05:48:37PM]  [MasterQuest] [workshopplus:mainquest <WSPlus_MainQuest (34001ED5)>] TriggerLocationChange called. Sending event to 3 quests.
[03/13/2022 - 05:49:44PM]  [MasterQuest] [workshopframework:mainquest <WSFW_Main (0A000F99)>] TriggerLocationChange called. Sending event to 18 quests.
[03/13/2022 - 05:49:47PM]  [MasterQuest] [workshopframework:mainquest <WSFW_Main (0A000F99)>] TriggerLocationChange called. Sending event to 18 quests.
[03/13/2022 - 05:49:52PM]  [MasterQuest] [workshopplus:mainquest <WSPlus_MainQuest (34001ED5)>] TriggerLocationChange called. Sending event to 3 quests.
[03/13/2022 - 06:05:23PM]  [MasterQuest] [workshopframework:mainquest <WSFW_Main (0A000F99)>] TriggerLocationChange called. Sending event to 18 quests.
[03/13/2022 - 06:05:31PM]  [MasterQuest] [workshopframework:mainquest <WSFW_Main (0A000F99)>] TriggerLocationChange called. Sending event to 18 quests.
[03/13/2022 - 06:05:39PM]  [MasterQuest] [workshopplus:mainquest <WSPlus_MainQuest (34001ED5)>] TriggerLocationChange called. Sending event to 3 quests.
[03/13/2022 - 06:09:21PM]  [MasterQuest] [workshopframework:mainquest <WSFW_Main (0A000F99)>] TriggerLocationChange called. Sending event to 18 quests.
[03/13/2022 - 06:09:22PM]  [MasterQuest] [workshopframework:mainquest <WSFW_Main (0A000F99)>] TriggerLocationChange called. Sending event to 18 quests.
[03/13/2022 - 06:09:27PM]  [MasterQuest] [workshopplus:mainquest <WSPlus_MainQuest (34001ED5)>] TriggerLocationChange called. Sending event to 3 quests.
[03/13/2022 - 06:09:45PM]  [MasterQuest] [workshopframework:mainquest <WSFW_Main (0A000F99)>] TriggerLocationChange called. Sending event to 18 quests.
[03/13/2022 - 06:09:50PM]  [MasterQuest] [workshopplus:mainquest <WSPlus_MainQuest (34001ED5)>] TriggerLocationChange called. Sending event to 3 quests.
[03/13/2022 - 06:13:56PM]  [MasterQuest] [workshopframework:mainquest <WSFW_Main (0A000F99)>] TriggerLocationChange called. Sending event to 18 quests.
[03/13/2022 - 06:14:01PM]  [MasterQuest] [workshopplus:mainquest <WSPlus_MainQuest (34001ED5)>] TriggerLocationChange called. Sending event to 3 quests.
[03/13/2022 - 06:15:47PM]  ==============================================
[03/13/2022 - 06:15:47PM]  [WSFW] 			Starting WSFW_DailyUpdate_AdjustResourceValues  [workshopscript < (0009B18F)>]
[03/13/2022 - 06:15:47PM]  ==============================================
[03/13/2022 - 06:15:47PM]  [WSFW] 				Available Beds: 6
[03/13/2022 - 06:15:47PM]  [WSFW] 				Sheltered Beds: 4
[03/13/2022 - 06:15:47PM]  [WSFW] 				Hungry Settlers: 0
[03/13/2022 - 06:15:47PM]  [WSFW] 				Thirsty Settlers: 0
[03/13/2022 - 06:15:47PM]  [WSFW] 				Happiness For Proper Defenses Applied: 20.000000
[03/13/2022 - 06:15:47PM]  [WSFW] 				Settlers with All Needs Mets (80.000000 happiness): 4
[03/13/2022 - 06:15:47PM]  [WSFW] 				Robot Happiness: 6 Robots, With Base Happiness of: 50
[03/13/2022 - 06:15:47PM]  [WSFW] 				Total Bonus Happiness: 0.000000
[03/13/2022 - 06:15:47PM]  [WSFW] 				Current Happiness: 56.000000
[03/13/2022 - 06:15:47PM]  [WSFW] 				Target Happiness Long Term: 62.000000
[03/13/2022 - 06:15:47PM]  [WSFW] 				Predicted Happiness Change Tomorrow: 2
[03/13/2022 - 06:15:47PM]  [WSFW] 			Completed WSFW_DailyUpdate_AdjustResourceValues  [workshopscript < (0009B18F)>]
[03/13/2022 - 06:15:48PM]  ==============================================
[03/13/2022 - 06:15:48PM]  [WSFW] 			Starting WSFW_DailyUpdate_AdjustResourceValues  [workshopscript < (001654CF)>]
[03/13/2022 - 06:15:48PM]  ==============================================
[03/13/2022 - 06:15:48PM]  [WSFW] 			Settlement has no population, skipping happiness checks.
[03/13/2022 - 06:15:49PM]  ==============================================
[03/13/2022 - 06:15:49PM]  [WSFW] 			Starting WSFW_DailyUpdate_AdjustResourceValues  [workshopscript < (00024A26)>]
[03/13/2022 - 06:15:49PM]  ==============================================
[03/13/2022 - 06:15:49PM]  [WSFW] 				Available Beds: 2
[03/13/2022 - 06:15:49PM]  [WSFW] 				Sheltered Beds: 2
[03/13/2022 - 06:15:49PM]  [WSFW] 				Hungry Settlers: 0
[03/13/2022 - 06:15:49PM]  [WSFW] 				Thirsty Settlers: 0
[03/13/2022 - 06:15:49PM]  [WSFW] 				Happiness For Proper Defenses Applied: 20.000000
[03/13/2022 - 06:15:49PM]  [WSFW] 				Settlers with All Needs Mets (80.000000 happiness): 2
[03/13/2022 - 06:15:49PM]  [WSFW] 				Settlers with Partial Happiness of 60.000000: 0
[03/13/2022 - 06:15:49PM]  [WSFW] 				Settlers with Partial Happiness of 60.000000: 1
[03/13/2022 - 06:15:49PM]  [WSFW] 				Robot Happiness: 0 Robots, With Base Happiness of: 50
[03/13/2022 - 06:15:49PM]  [WSFW] 				Total Bonus Happiness: 0.000000
[03/13/2022 - 06:15:49PM]  [WSFW] 				Current Happiness: 69.000000
[03/13/2022 - 06:15:49PM]  [WSFW] 				Target Happiness Long Term: 73.333336
[03/13/2022 - 06:15:49PM]  [WSFW] 				Predicted Happiness Change Tomorrow: 2
[03/13/2022 - 06:15:49PM]  [WSFW] 			Completed WSFW_DailyUpdate_AdjustResourceValues  [workshopscript < (00024A26)>]
[03/13/2022 - 06:15:50PM]  ==============================================
[03/13/2022 - 06:15:50PM]  [WSFW] 			Starting WSFW_DailyUpdate_AdjustResourceValues  [workshopscript < (0009B1AC)>]
[03/13/2022 - 06:15:50PM]  ==============================================
[03/13/2022 - 06:15:50PM]  [WSFW] 				Available Beds: 5
[03/13/2022 - 06:15:50PM]  [WSFW] 				Sheltered Beds: 2
[03/13/2022 - 06:15:50PM]  [WSFW] 				Hungry Settlers: 0
[03/13/2022 - 06:15:50PM]  [WSFW] 				Thirsty Settlers: 0
[03/13/2022 - 06:15:50PM]  [WSFW] 				Happiness For Proper Defenses Applied: 20.000000
[03/13/2022 - 06:15:50PM]  [WSFW] 				Settlers with All Needs Mets (80.000000 happiness): 2
[03/13/2022 - 06:15:50PM]  [WSFW] 				Settlers with Partial Happiness of 60.000000: 2
[03/13/2022 - 06:15:50PM]  [WSFW] 				Robot Happiness: 1 Robots, With Base Happiness of: 50
[03/13/2022 - 06:15:50PM]  [WSFW] 				Total Bonus Happiness: 0.000000
[03/13/2022 - 06:15:50PM]  [WSFW] 				Current Happiness: 63.000000
[03/13/2022 - 06:15:50PM]  [WSFW] 				Target Happiness Long Term: 66.000000
[03/13/2022 - 06:15:50PM]  [WSFW] 				Predicted Happiness Change Tomorrow: 1
[03/13/2022 - 06:15:50PM]  [WSFW] 			Completed WSFW_DailyUpdate_AdjustResourceValues  [workshopscript < (0009B1AC)>]
[03/13/2022 - 06:15:51PM]  ==============================================
[03/13/2022 - 06:15:51PM]  [WSFW] 			Starting WSFW_DailyUpdate_AdjustResourceValues  [workshopscript < (0009B1DB)>]
[03/13/2022 - 06:15:51PM]  ==============================================
[03/13/2022 - 06:15:51PM]  [WSFW] 				Available Beds: 2
[03/13/2022 - 06:15:51PM]  [WSFW] 				Sheltered Beds: 2
[03/13/2022 - 06:15:51PM]  [WSFW] 				Hungry Settlers: 0
[03/13/2022 - 06:15:51PM]  [WSFW] 				Thirsty Settlers: 1
[03/13/2022 - 06:15:51PM]  [WSFW] 				Happiness Penalty for Poor Defenses: -20.000000
[03/13/2022 - 06:15:51PM]  [WSFW] 				Settlers with All Needs Mets (60.000000 happiness): 1
[03/13/2022 - 06:15:51PM]  [WSFW] 				Settlers with Partial Happiness of 50.000000: 1
[03/13/2022 - 06:15:51PM]  [WSFW] 				Robot Happiness: 0 Robots, With Base Happiness of: 50
[03/13/2022 - 06:15:51PM]  [WSFW] 				Total Bonus Happiness: 0.000000
[03/13/2022 - 06:15:51PM]  [WSFW] 				Current Happiness: 41.000000
[03/13/2022 - 06:15:51PM]  [WSFW] 				Target Happiness Long Term: 55.000000
[03/13/2022 - 06:15:51PM]  [WSFW] 				Predicted Happiness Change Tomorrow: 4
[03/13/2022 - 06:15:51PM]  [WSFW] 			Completed WSFW_DailyUpdate_AdjustResourceValues  [workshopscript < (0009B1DB)>]
[03/13/2022 - 06:15:51PM]  [WSFW NPCManager]: Daily recruitment - START
[03/13/2022 - 06:15:51PM]  [WSFW NPCManager]: Daily recruitment check for settlement [workshopscript < (0009B18F)>]
[03/13/2022 - 06:15:51PM]  [WSFW NPCManager]: [workshopscript < (0009B18F)>] rolled a 18.949083 versus a chance of 10.000000.
[03/13/2022 - 06:15:51PM]  [WSFW NPCManager]: Daily recruitment check for settlement [workshopscript < (001654CF)>]
[03/13/2022 - 06:15:51PM]  [WSFW NPCManager]: [workshopscript < (001654CF)>] lacks a recruitment beacon.
[03/13/2022 - 06:15:51PM]  [WSFW NPCManager]: Daily recruitment check for settlement [workshopscript < (00024A26)>]
[03/13/2022 - 06:15:51PM]  [WSFW NPCManager]: [workshopscript < (00024A26)>] won the die roll, creating settler...
[03/13/2022 - 06:15:52PM]  ==============================================
[03/13/2022 - 06:15:52PM]  [WSFW] 			Starting WSFW_DailyUpdate_AdjustResourceValues  [workshopscript < (00168945)>]
[03/13/2022 - 06:15:52PM]  ==============================================
[03/13/2022 - 06:15:52PM]  [WSFW] 			Settlement has no population, skipping happiness checks.
[03/13/2022 - 06:15:52PM]  [WSFW NPCManager]: Daily recruitment check for settlement [workshopscript < (0009B1AC)>]
[03/13/2022 - 06:15:52PM]  [WSFW NPCManager]: [workshopscript < (0009B1AC)>] rolled a 34.885353 versus a chance of 10.000000.
[03/13/2022 - 06:15:52PM]  [WSFW NPCManager]: Daily recruitment check for settlement [workshopscript < (0009B1DB)>]
[03/13/2022 - 06:15:52PM]  [WSFW NPCManager]: [workshopscript < (0009B1DB)>] lacks a recruitment beacon.
[03/13/2022 - 06:15:52PM]  [WSFW NPCManager]: Daily recruitment check for settlement [workshopscript < (00168945)>]
[03/13/2022 - 06:15:52PM]  [WSFW NPCManager]: [workshopscript < (00168945)>] lacks a recruitment beacon.
[03/13/2022 - 06:15:52PM]  [WSFW NPCManager]: Daily recruitment check for settlement [workshopscript < (0300AB20)>]
[03/13/2022 - 06:15:52PM]  [WSFW NPCManager]: [workshopscript < (0300AB20)>] lacks a recruitment beacon.
[03/13/2022 - 06:15:52PM]  [WSFW NPCManager]: Daily recruitment check for settlement [workshopscript < (0009B197)>]
[03/13/2022 - 06:15:52PM]  [WSFW NPCManager]: [workshopscript < (0009B197)>] lacks a recruitment beacon.
[03/13/2022 - 06:15:52PM]  [WSFW NPCManager]: Daily recruitment check for settlement [workshopscript < (001654B8)>]
[03/13/2022 - 06:15:52PM]  [WSFW NPCManager]: [workshopscript < (001654B8)>] lacks a recruitment beacon.
[03/13/2022 - 06:15:52PM]  [WSFW NPCManager]: Daily recruitment check for settlement [workshopscript < (001F0711)>]
[03/13/2022 - 06:15:53PM]  [WSFW NPCManager]: [workshopscript < (001F0711)>] lacks a recruitment beacon.
[03/13/2022 - 06:15:53PM]  [WSFW NPCManager]: Daily recruitment check for settlement [workshopscript < (0009B19D)>]
[03/13/2022 - 06:15:53PM]  [WSFW NPCManager]: [workshopscript < (0009B19D)>] lacks a recruitment beacon.
[03/13/2022 - 06:15:53PM]  [WSFW NPCManager]: Daily recruitment check for settlement [workshopscript < (000E0505)>]
[03/13/2022 - 06:15:53PM]  [WSFW NPCManager]: [workshopscript < (000E0505)>] lacks a recruitment beacon.
[03/13/2022 - 06:15:53PM]  [WSFW NPCManager]: Daily recruitment check for settlement [workshopscript < (01000E4C)>]
[03/13/2022 - 06:15:53PM]  [WSFW NPCManager]: [workshopscript < (01000E4C)>] lacks a recruitment beacon.
[03/13/2022 - 06:15:53PM]  [WSFW NPCManager]: Daily recruitment check for settlement [workshopscript < (0009B1F1)>]
[03/13/2022 - 06:15:53PM]  [WSFW NPCManager]: [workshopscript < (0009B1F1)>] rolled a 87.689011 versus a chance of 10.000000.
[03/13/2022 - 06:15:53PM]  [WSFW NPCManager]: Daily recruitment check for settlement [workshopscript < (001654BD)>]
[03/13/2022 - 06:15:53PM]  [WSFW NPCManager]: [workshopscript < (001654BD)>] lacks a recruitment beacon.
[03/13/2022 - 06:15:53PM]  [WSFW NPCManager]: Daily recruitment check for settlement [workshopscript < (0009B1D1)>]
[03/13/2022 - 06:15:53PM]  [WSFW NPCManager]: [workshopscript < (0009B1D1)>] lacks a recruitment beacon.
[03/13/2022 - 06:15:53PM]  [WSFW NPCManager]: Daily recruitment check for settlement [workshopscript < (000250FE)>]
[03/13/2022 - 06:15:53PM]  ==============================================
[03/13/2022 - 06:15:53PM]  [WSFW] 			Starting WSFW_DailyUpdate_AdjustResourceValues  [workshopscript < (0300AB20)>]
[03/13/2022 - 06:15:53PM]  ==============================================
[03/13/2022 - 06:15:53PM]  [WSFW NPCManager]: [workshopscript < (000250FE)>] rolled a 57.906784 versus a chance of 10.000000.
[03/13/2022 - 06:15:53PM]  [WSFW NPCManager]: Daily recruitment check for settlement [workshopscript < (0009B1BE)>]
[03/13/2022 - 06:15:53PM]  [WSFW NPCManager]: [workshopscript < (0009B1BE)>] lacks a recruitment beacon.
[03/13/2022 - 06:15:53PM]  [WSFW NPCManager]: Daily recruitment check for settlement [DLC04:DLC04RedRocketWorkshopScript < (0600BCE7)>]
[03/13/2022 - 06:15:53PM]  [WSFW NPCManager]: [DLC04:DLC04RedRocketWorkshopScript < (0600BCE7)>] lacks a recruitment beacon.
[03/13/2022 - 06:15:53PM]  [WSFW NPCManager]: [DLC04:DLC04RedRocketWorkshopScript < (0600BCE7)>] is a raider settlement.
[03/13/2022 - 06:15:53PM]  [WSFW NPCManager]: Daily recruitment check for settlement [workshopscript < (00161F4B)>]
[03/13/2022 - 06:15:53PM]  [WSFW] 			Settlement has no population, skipping happiness checks.
[03/13/2022 - 06:15:53PM]  [WSFW NPCManager]: [workshopscript < (00161F4B)>] lacks a recruitment beacon.
[03/13/2022 - 06:15:53PM]  [WSFW NPCManager]: Daily recruitment check for settlement [workshopscript < (00164321)>]
[03/13/2022 - 06:15:53PM]  [WSFW NPCManager]: [workshopscript < (00164321)>] lacks a recruitment beacon.
[03/13/2022 - 06:15:53PM]  [WSFW NPCManager]: Daily recruitment check for settlement [workshopscript < (0009B1A5)>]
[03/13/2022 - 06:15:53PM]  [WSFW NPCManager]: [workshopscript < (0009B1A5)>] lacks a recruitment beacon.
[03/13/2022 - 06:15:53PM]  [WSFW NPCManager]: Daily recruitment check for settlement [workshopscript < (00054BAE)>]
[03/13/2022 - 06:15:53PM]  [WSFW NPCManager]: [workshopscript < (00054BAE)>] lacks a recruitment beacon.
[03/13/2022 - 06:15:53PM]  [WSFW NPCManager]: Daily recruitment check for settlement [workshopscript < (00019956)>]
[03/13/2022 - 06:15:53PM]  [WSFW NPCManager]: [workshopscript < (00019956)>] lacks a recruitment beacon.
[03/13/2022 - 06:15:53PM]  [WSFW NPCManager]: Daily recruitment check for settlement [workshopscript < (0006F5C5)>]
[03/13/2022 - 06:15:53PM]  [WSFW NPCManager]: [workshopscript < (0006F5C5)>] rolled a 18.336418 versus a chance of 10.000000.
[03/13/2022 - 06:15:53PM]  [WSFW NPCManager]: Daily recruitment check for settlement [workshopscript < (03038EA8)>]
[03/13/2022 - 06:15:53PM]  [WSFW NPCManager]: [workshopscript < (03038EA8)>] lacks a recruitment beacon.
[03/13/2022 - 06:15:53PM]  [WSFW NPCManager]: Daily recruitment check for settlement [workshopscript < (0016D28E)>]
[03/13/2022 - 06:15:53PM]  [WSFW NPCManager]: [workshopscript < (0016D28E)>] lacks a recruitment beacon.
[03/13/2022 - 06:15:53PM]  [WSFW NPCManager]: Daily recruitment check for settlement [workshopscript < (06047DFB)>]
[03/13/2022 - 06:15:53PM]  [WSFW NPCManager]: [workshopscript < (06047DFB)>] lacks a recruitment beacon.
[03/13/2022 - 06:15:53PM]  [WSFW NPCManager]: [workshopscript < (06047DFB)>] is a raider settlement.
[03/13/2022 - 06:15:53PM]  [WSFW NPCManager]: Daily recruitment check for settlement [workshopscript < (0001D0E2)>]
[03/13/2022 - 06:15:53PM]  [WSFW NPCManager]: [workshopscript < (0001D0E2)>] rolled a 27.145613 versus a chance of 10.000000.
[03/13/2022 - 06:15:53PM]  [WSFW NPCManager]: Daily recruitment check for settlement [workshopscript < (001E81EA)>]
[03/13/2022 - 06:15:53PM]  [WSFW NPCManager]: [workshopscript < (001E81EA)>] lacks a recruitment beacon.
[03/13/2022 - 06:15:53PM]  [WSFW NPCManager]: Daily recruitment check for settlement [workshopscript < (0301C6AA)>]
[03/13/2022 - 06:15:53PM]  [WSFW NPCManager]: [workshopscript < (0301C6AA)>] lacks a recruitment beacon.
[03/13/2022 - 06:15:53PM]  [WSFW NPCManager]: Daily recruitment check for settlement [workshopscript < (00135A90)>]
[03/13/2022 - 06:15:53PM]  [WSFW NPCManager]: [workshopscript < (00135A90)>] lacks a recruitment beacon.
[03/13/2022 - 06:15:53PM]  [WSFW NPCManager]: Daily recruitment check for settlement [workshopscript < (000B3506)>]
[03/13/2022 - 06:15:53PM]  [WSFW NPCManager]: [workshopscript < (000B3506)>] lacks a recruitment beacon.
[03/13/2022 - 06:15:53PM]  [WSFW NPCManager]: Daily recruitment check for settlement [workshopscript < (0302064C)>]
[03/13/2022 - 06:15:53PM]  [WSFW NPCManager]: [workshopscript < (0302064C)>] lacks a recruitment beacon.
[03/13/2022 - 06:15:53PM]  [WSFW NPCManager]: Daily recruitment check for settlement [workshopscript < (001654D5)>]
[03/13/2022 - 06:15:53PM]  [WSFW NPCManager]: [workshopscript < (001654D5)>] rolled a 83.179077 versus a chance of 10.000000.
[03/13/2022 - 06:15:53PM]  [WSFW NPCManager]: Daily recruitment check for settlement [workshopscript < (00066EB6)>]
[03/13/2022 - 06:15:54PM]  [WSFW NPCManager]: [workshopscript < (00066EB6)>] lacks a recruitment beacon.
[03/13/2022 - 06:15:54PM]  [WSFW NPCManager]: Daily recruitment check for settlement [DLC06:VaultWorkshopScript < (05000FEF)>]
[03/13/2022 - 06:15:54PM]  [WSFW NPCManager]: [DLC06:VaultWorkshopScript < (05000FEF)>] lacks a recruitment beacon.
[03/13/2022 - 06:15:54PM]  [WSFW NPCManager]: [DLC06:VaultWorkshopScript < (05000FEF)>] has 0 settlers, which is at or over the max settlers allowed (which is 0).
[03/13/2022 - 06:15:54PM]  [WSFW NPCManager]: Daily recruitment check for settlement [workshopscript < (FE03AFA4)>]
[03/13/2022 - 06:15:54PM]  [WSFW NPCManager]: [workshopscript < (FE03AFA4)>] rolled a 97.146698 versus a chance of 10.000000.
[03/13/2022 - 06:15:54PM]  [WSFW NPCManager]: Daily recruitment check for settlement [workshopscript < (FE03BFA0)>]
[03/13/2022 - 06:15:54PM]  [WSFW NPCManager]: [workshopscript < (FE03BFA0)>] rolled a 65.788307 versus a chance of 40.000000.
[03/13/2022 - 06:15:54PM]  ==============================================
[03/13/2022 - 06:15:54PM]  [WSFW] 			Starting WSFW_DailyUpdate_AdjustResourceValues  [workshopscript < (0009B197)>]
[03/13/2022 - 06:15:54PM]  ==============================================
[03/13/2022 - 06:15:54PM]  [WSFW] 				Available Beds: 8
[03/13/2022 - 06:15:54PM]  [WSFW] 				Sheltered Beds: 7
[03/13/2022 - 06:15:54PM]  [WSFW] 				Hungry Settlers: 0
[03/13/2022 - 06:15:54PM]  [WSFW] 				Thirsty Settlers: 0
[03/13/2022 - 06:15:54PM]  [WSFW] 				Happiness Penalty for Poor Defenses: -20.000000
[03/13/2022 - 06:15:54PM]  [WSFW] 				Settlers with All Needs Mets (60.000000 happiness): 7
[03/13/2022 - 06:15:54PM]  [WSFW] 				Robot Happiness: 0 Robots, With Base Happiness of: 50
[03/13/2022 - 06:15:54PM]  [WSFW] 				Total Bonus Happiness: 0.000000
[03/13/2022 - 06:15:54PM]  [WSFW] 				Current Happiness: 53.000000
[03/13/2022 - 06:15:54PM]  [WSFW] 				Target Happiness Long Term: 60.000000
[03/13/2022 - 06:15:54PM]  [WSFW] 				Predicted Happiness Change Tomorrow: 2
[03/13/2022 - 06:15:54PM]  [WSFW] 			Completed WSFW_DailyUpdate_AdjustResourceValues  [workshopscript < (0009B197)>]
[03/13/2022 - 06:15:55PM]  ==============================================
[03/13/2022 - 06:15:55PM]  [WSFW] 			Starting WSFW_DailyUpdate_AdjustResourceValues  [workshopscript < (001654B8)>]
[03/13/2022 - 06:15:55PM]  ==============================================
[03/13/2022 - 06:15:55PM]  [WSFW] 			Settlement has no population, skipping happiness checks.
[03/13/2022 - 06:15:56PM]  ==============================================
[03/13/2022 - 06:15:56PM]  [WSFW] 			Starting WSFW_DailyUpdate_AdjustResourceValues  [workshopscript < (001F0711)>]
[03/13/2022 - 06:15:56PM]  ==============================================
[03/13/2022 - 06:15:56PM]  [WSFW] 			Settlement has no population, skipping happiness checks.
[03/13/2022 - 06:15:57PM]  ==============================================
[03/13/2022 - 06:15:57PM]  [WSFW] 			Starting WSFW_DailyUpdate_AdjustResourceValues  [workshopscript < (0009B19D)>]
[03/13/2022 - 06:15:57PM]  ==============================================
[03/13/2022 - 06:15:57PM]  [WSFW] 				Available Beds: 2
[03/13/2022 - 06:15:57PM]  [WSFW] 				Sheltered Beds: 2
[03/13/2022 - 06:15:57PM]  [WSFW] 				Hungry Settlers: 0
[03/13/2022 - 06:15:57PM]  [WSFW] 				Thirsty Settlers: 2
[03/13/2022 - 06:15:57PM]  [WSFW] 				Happiness Penalty for Poor Defenses: -20.000000
[03/13/2022 - 06:15:57PM]  [WSFW] 				Settlers with All Needs Mets (60.000000 happiness): 0
[03/13/2022 - 06:15:57PM]  [WSFW] 				Settlers with Partial Happiness of 50.000000: 2
[03/13/2022 - 06:15:57PM]  [WSFW] 				Robot Happiness: 0 Robots, With Base Happiness of: 50
[03/13/2022 - 06:15:57PM]  [WSFW] 				Total Bonus Happiness: 0.000000
[03/13/2022 - 06:15:57PM]  [WSFW] 				Current Happiness: 40.000000
[03/13/2022 - 06:15:57PM]  [WSFW] 				Target Happiness Long Term: 50.000000
[03/13/2022 - 06:15:57PM]  [WSFW] 				Predicted Happiness Change Tomorrow: 3
[03/13/2022 - 06:15:57PM]  [WSFW] 			Completed WSFW_DailyUpdate_AdjustResourceValues  [workshopscript < (0009B19D)>]
[03/13/2022 - 06:15:58PM]  ==============================================
[03/13/2022 - 06:15:58PM]  [WSFW] 			Starting WSFW_DailyUpdate_AdjustResourceValues  [workshopscript < (000E0505)>]
[03/13/2022 - 06:15:58PM]  ==============================================
[03/13/2022 - 06:15:58PM]  [WSFW] 				Available Beds: 7
[03/13/2022 - 06:15:58PM]  [WSFW] 				Sheltered Beds: 7
[03/13/2022 - 06:15:58PM]  [WSFW] 				Hungry Settlers: 0
[03/13/2022 - 06:15:58PM]  [WSFW] 				Thirsty Settlers: 6
[03/13/2022 - 06:15:58PM]  [WSFW] 				Happiness Penalty for Poor Defenses: -20.000000
[03/13/2022 - 06:15:58PM]  [WSFW] 				Settlers with All Needs Mets (60.000000 happiness): 1
[03/13/2022 - 06:15:58PM]  [WSFW] 				Settlers with Partial Happiness of 50.000000: 6
[03/13/2022 - 06:15:58PM]  [WSFW] 				Robot Happiness: 0 Robots, With Base Happiness of: 50
[03/13/2022 - 06:15:58PM]  [WSFW] 				Total Bonus Happiness: 0.000000
[03/13/2022 - 06:15:58PM]  [WSFW] 				Current Happiness: 47.000000
[03/13/2022 - 06:15:58PM]  [WSFW] 				Target Happiness Long Term: 51.428570
[03/13/2022 - 06:15:58PM]  [WSFW] 				Predicted Happiness Change Tomorrow: 2
[03/13/2022 - 06:15:58PM]  [WSFW] 			Completed WSFW_DailyUpdate_AdjustResourceValues  [workshopscript < (000E0505)>]
[03/13/2022 - 06:16:00PM]  ==============================================
[03/13/2022 - 06:16:00PM]  [WSFW] 			Starting WSFW_DailyUpdate_AdjustResourceValues  [workshopscript < (01000E4C)>]
[03/13/2022 - 06:16:00PM]  ==============================================
[03/13/2022 - 06:16:00PM]  [WSFW] 			Settlement has no population, skipping happiness checks.
[03/13/2022 - 06:16:01PM]  ==============================================
[03/13/2022 - 06:16:01PM]  [WSFW] 			Starting WSFW_DailyUpdate_AdjustResourceValues  [workshopscript < (0009B1F1)>]
[03/13/2022 - 06:16:01PM]  ==============================================
[03/13/2022 - 06:16:01PM]  [WSFW] 				Available Beds: 2
[03/13/2022 - 06:16:01PM]  [WSFW] 				Sheltered Beds: 0
[03/13/2022 - 06:16:01PM]  [WSFW] 				Hungry Settlers: 0
[03/13/2022 - 06:16:01PM]  [WSFW] 				Thirsty Settlers: 0
[03/13/2022 - 06:16:01PM]  [WSFW] 				Happiness Penalty for Poor Defenses: -20.000000
[03/13/2022 - 06:16:01PM]  [WSFW] 				Settlers with All Needs Mets (60.000000 happiness): 0
[03/13/2022 - 06:16:01PM]  [WSFW] 				Settlers with Partial Happiness of 50.000000: 2
[03/13/2022 - 06:16:01PM]  [WSFW] 				Settlers with Partial Happiness of 40.000000: 4
[03/13/2022 - 06:16:01PM]  [WSFW] 				Robot Happiness: 0 Robots, With Base Happiness of: 50
[03/13/2022 - 06:16:01PM]  [WSFW] 				Total Bonus Happiness: 0.000000
[03/13/2022 - 06:16:01PM]  [WSFW] 				Current Happiness: 37.000000
[03/13/2022 - 06:16:01PM]  [WSFW] 				Target Happiness Long Term: 43.333332
[03/13/2022 - 06:16:01PM]  [WSFW] 				Predicted Happiness Change Tomorrow: 2
[03/13/2022 - 06:16:01PM]  [WSFW] 			Completed WSFW_DailyUpdate_AdjustResourceValues  [workshopscript < (0009B1F1)>]
[03/13/2022 - 06:16:02PM]  ==============================================
[03/13/2022 - 06:16:02PM]  [WSFW] 			Starting WSFW_DailyUpdate_AdjustResourceValues  [workshopscript < (001654BD)>]
[03/13/2022 - 06:16:02PM]  ==============================================
[03/13/2022 - 06:16:02PM]  [WSFW] 			Settlement has no population, skipping happiness checks.
[03/13/2022 - 06:16:03PM]  ==============================================
[03/13/2022 - 06:16:03PM]  [WSFW] 			Starting WSFW_DailyUpdate_AdjustResourceValues  [workshopscript < (0009B1D1)>]
[03/13/2022 - 06:16:03PM]  ==============================================
[03/13/2022 - 06:16:03PM]  [WSFW] 				Available Beds: 2
[03/13/2022 - 06:16:03PM]  [WSFW] 				Sheltered Beds: 2
[03/13/2022 - 06:16:03PM]  [WSFW] 				Hungry Settlers: 0
[03/13/2022 - 06:16:03PM]  [WSFW] 				Thirsty Settlers: 1
[03/13/2022 - 06:16:03PM]  [WSFW] 				Happiness Penalty for Poor Defenses: -20.000000
[03/13/2022 - 06:16:03PM]  [WSFW] 				Settlers with All Needs Mets (60.000000 happiness): 1
[03/13/2022 - 06:16:03PM]  [WSFW] 				Settlers with Partial Happiness of 50.000000: 1
[03/13/2022 - 06:16:03PM]  [WSFW] 				Robot Happiness: 0 Robots, With Base Happiness of: 50
[03/13/2022 - 06:16:03PM]  [WSFW] 				Total Bonus Happiness: 0.000000
[03/13/2022 - 06:16:03PM]  [WSFW] 				Current Happiness: 47.000000
[03/13/2022 - 06:16:03PM]  [WSFW] 				Target Happiness Long Term: 55.000000
[03/13/2022 - 06:16:03PM]  [WSFW] 				Predicted Happiness Change Tomorrow: 2
[03/13/2022 - 06:16:03PM]  [WSFW] 			Completed WSFW_DailyUpdate_AdjustResourceValues  [workshopscript < (0009B1D1)>]
[03/13/2022 - 06:16:04PM]  ==============================================
[03/13/2022 - 06:16:04PM]  [WSFW] 			Starting WSFW_DailyUpdate_AdjustResourceValues  [workshopscript < (000250FE)>]
[03/13/2022 - 06:16:04PM]  ==============================================
[03/13/2022 - 06:16:04PM]  [WSFW] 				Available Beds: 6
[03/13/2022 - 06:16:04PM]  [WSFW] 				Sheltered Beds: 6
[03/13/2022 - 06:16:04PM]  [WSFW] 				Hungry Settlers: 0
[03/13/2022 - 06:16:04PM]  [WSFW] 				Thirsty Settlers: 0
[03/13/2022 - 06:16:04PM]  [WSFW] 				Happiness Penalty for Poor Defenses: -20.000000
[03/13/2022 - 06:16:04PM]  [WSFW] 				Settlers with All Needs Mets (60.000000 happiness): 6
[03/13/2022 - 06:16:04PM]  [WSFW] 				Settlers with Partial Happiness of 50.000000: 0
[03/13/2022 - 06:16:04PM]  [WSFW] 				Settlers with Partial Happiness of 40.000000: 2
[03/13/2022 - 06:16:04PM]  [WSFW] 				Robot Happiness: 0 Robots, With Base Happiness of: 50
[03/13/2022 - 06:16:04PM]  [WSFW] 				Total Bonus Happiness: 0.000000
[03/13/2022 - 06:16:04PM]  [WSFW] 				Current Happiness: 59.000000
[03/13/2022 - 06:16:04PM]  [WSFW] 				Target Happiness Long Term: 55.000000
[03/13/2022 - 06:16:04PM]  [WSFW] 				Predicted Happiness Change Tomorrow: -1
[03/13/2022 - 06:16:04PM]  [WSFW] 			Completed WSFW_DailyUpdate_AdjustResourceValues  [workshopscript < (000250FE)>]
[03/13/2022 - 06:16:05PM]  ==============================================
[03/13/2022 - 06:16:05PM]  [WSFW] 			Starting WSFW_DailyUpdate_AdjustResourceValues  [workshopscript < (0009B1BE)>]
[03/13/2022 - 06:16:05PM]  ==============================================
[03/13/2022 - 06:16:05PM]  [WSFW] 				Available Beds: 3
[03/13/2022 - 06:16:05PM]  [WSFW] 				Sheltered Beds: 3
[03/13/2022 - 06:16:05PM]  [WSFW] 				Hungry Settlers: 0
[03/13/2022 - 06:16:05PM]  [WSFW] 				Thirsty Settlers: 3
[03/13/2022 - 06:16:05PM]  [WSFW] 				Happiness Penalty for Poor Defenses: -20.000000
[03/13/2022 - 06:16:05PM]  [WSFW] 				Settlers with All Needs Mets (60.000000 happiness): 0
[03/13/2022 - 06:16:05PM]  [WSFW] 				Settlers with Partial Happiness of 50.000000: 3
[03/13/2022 - 06:16:05PM]  [WSFW] 				Robot Happiness: 0 Robots, With Base Happiness of: 50
[03/13/2022 - 06:16:05PM]  [WSFW] 				Total Bonus Happiness: 0.000000
[03/13/2022 - 06:16:05PM]  [WSFW] 				Current Happiness: 42.000000
[03/13/2022 - 06:16:05PM]  [WSFW] 				Target Happiness Long Term: 50.000000
[03/13/2022 - 06:16:05PM]  [WSFW] 				Predicted Happiness Change Tomorrow: 2
[03/13/2022 - 06:16:05PM]  [WSFW] 			Completed WSFW_DailyUpdate_AdjustResourceValues  [workshopscript < (0009B1BE)>]
[03/13/2022 - 06:16:06PM]  ==============================================
[03/13/2022 - 06:16:06PM]  [WSFW] 			Starting WSFW_DailyUpdate_AdjustResourceValues  [DLC04:DLC04RedRocketWorkshopScript < (0600BCE7)>]
[03/13/2022 - 06:16:06PM]  ==============================================
[03/13/2022 - 06:16:06PM]  [WSFW] 			Settlement has no population, skipping happiness checks.
[03/13/2022 - 06:16:07PM]  ==============================================
[03/13/2022 - 06:16:07PM]  [WSFW] 			Starting WSFW_DailyUpdate_AdjustResourceValues  [workshopscript < (00161F4B)>]
[03/13/2022 - 06:16:07PM]  ==============================================
[03/13/2022 - 06:16:07PM]  [WSFW] 			Settlement has no population, skipping happiness checks.
[03/13/2022 - 06:16:08PM]  ==============================================
[03/13/2022 - 06:16:08PM]  [WSFW] 			Starting WSFW_DailyUpdate_AdjustResourceValues  [workshopscript < (00164321)>]
[03/13/2022 - 06:16:08PM]  ==============================================
[03/13/2022 - 06:16:08PM]  [WSFW] 			Settlement has no population, skipping happiness checks.
[03/13/2022 - 06:16:09PM]  ==============================================
[03/13/2022 - 06:16:09PM]  [WSFW] 			Starting WSFW_DailyUpdate_AdjustResourceValues  [workshopscript < (0009B1A5)>]
[03/13/2022 - 06:16:09PM]  ==============================================
[03/13/2022 - 06:16:09PM]  [WSFW] 				Available Beds: 4
[03/13/2022 - 06:16:09PM]  [WSFW] 				Sheltered Beds: 4
[03/13/2022 - 06:16:09PM]  [WSFW] 				Hungry Settlers: 0
[03/13/2022 - 06:16:09PM]  [WSFW] 				Thirsty Settlers: 2
[03/13/2022 - 06:16:09PM]  [WSFW] 				Happiness Penalty for Poor Defenses: -20.000000
[03/13/2022 - 06:16:09PM]  [WSFW] 				Settlers with All Needs Mets (60.000000 happiness): 2
[03/13/2022 - 06:16:09PM]  [WSFW] 				Settlers with Partial Happiness of 50.000000: 2
[03/13/2022 - 06:16:09PM]  [WSFW] 				Robot Happiness: 0 Robots, With Base Happiness of: 50
[03/13/2022 - 06:16:09PM]  [WSFW] 				Total Bonus Happiness: 0.000000
[03/13/2022 - 06:16:09PM]  [WSFW] 				Current Happiness: 47.000000
[03/13/2022 - 06:16:09PM]  [WSFW] 				Target Happiness Long Term: 55.000000
[03/13/2022 - 06:16:09PM]  [WSFW] 				Predicted Happiness Change Tomorrow: 2
[03/13/2022 - 06:16:09PM]  [WSFW] 			Completed WSFW_DailyUpdate_AdjustResourceValues  [workshopscript < (0009B1A5)>]
[03/13/2022 - 06:16:10PM]  ==============================================
[03/13/2022 - 06:16:10PM]  [WSFW] 			Starting WSFW_DailyUpdate_AdjustResourceValues  [workshopscript < (00054BAE)>]
[03/13/2022 - 06:16:10PM]  ==============================================
[03/13/2022 - 06:16:10PM]  [WSFW] 			Settlement has no population, skipping happiness checks.
[03/13/2022 - 06:16:11PM]  ==============================================
[03/13/2022 - 06:16:11PM]  [WSFW] 			Starting WSFW_DailyUpdate_AdjustResourceValues  [workshopscript < (00019956)>]
[03/13/2022 - 06:16:11PM]  ==============================================
[03/13/2022 - 06:16:11PM]  [WSFW] 				Available Beds: 4
[03/13/2022 - 06:16:11PM]  [WSFW] 				Sheltered Beds: 4
[03/13/2022 - 06:16:11PM]  [WSFW] 				Hungry Settlers: 0
[03/13/2022 - 06:16:11PM]  [WSFW] 				Thirsty Settlers: 2
[03/13/2022 - 06:16:11PM]  [WSFW] 				Happiness Penalty for Poor Defenses: -20.000000
[03/13/2022 - 06:16:11PM]  [WSFW] 				Settlers with All Needs Mets (60.000000 happiness): 2
[03/13/2022 - 06:16:11PM]  [WSFW] 				Settlers with Partial Happiness of 50.000000: 2
[03/13/2022 - 06:16:11PM]  [WSFW] 				Robot Happiness: 0 Robots, With Base Happiness of: 50
[03/13/2022 - 06:16:11PM]  [WSFW] 				Total Bonus Happiness: 0.000000
[03/13/2022 - 06:16:11PM]  [WSFW] 				Current Happiness: 47.000000
[03/13/2022 - 06:16:11PM]  [WSFW] 				Target Happiness Long Term: 55.000000
[03/13/2022 - 06:16:11PM]  [WSFW] 				Predicted Happiness Change Tomorrow: 3
[03/13/2022 - 06:16:11PM]  [WSFW] 			Completed WSFW_DailyUpdate_AdjustResourceValues  [workshopscript < (00019956)>]
[03/13/2022 - 06:16:12PM]  ==============================================
[03/13/2022 - 06:16:12PM]  [WSFW] 			Starting WSFW_DailyUpdate_AdjustResourceValues  [workshopscript < (0006F5C5)>]
[03/13/2022 - 06:16:12PM]  ==============================================
[03/13/2022 - 06:16:12PM]  [WSFW] 				Available Beds: 8
[03/13/2022 - 06:16:12PM]  [WSFW] 				Sheltered Beds: 6
[03/13/2022 - 06:16:12PM]  [WSFW] 				Hungry Settlers: 0
[03/13/2022 - 06:16:12PM]  [WSFW] 				Thirsty Settlers: 0
[03/13/2022 - 06:16:12PM]  [WSFW] 				Happiness Penalty for Poor Defenses: -20.000000
[03/13/2022 - 06:16:12PM]  [WSFW] 				Settlers with All Needs Mets (60.000000 happiness): 6
[03/13/2022 - 06:16:12PM]  [WSFW] 				Settlers with Partial Happiness of 50.000000: 1
[03/13/2022 - 06:16:12PM]  [WSFW] 				Robot Happiness: 0 Robots, With Base Happiness of: 50
[03/13/2022 - 06:16:12PM]  [WSFW] 				Total Bonus Happiness: 10.000000
[03/13/2022 - 06:16:12PM]  [WSFW] 				Current Happiness: 54.000000
[03/13/2022 - 06:16:12PM]  [WSFW] 				Target Happiness Long Term: 60.000000
[03/13/2022 - 06:16:12PM]  [WSFW] 				Predicted Happiness Change Tomorrow: 2
[03/13/2022 - 06:16:12PM]  [WSFW] 			Completed WSFW_DailyUpdate_AdjustResourceValues  [workshopscript < (0006F5C5)>]
[03/13/2022 - 06:16:13PM]  ==============================================
[03/13/2022 - 06:16:13PM]  [WSFW] 			Starting WSFW_DailyUpdate_AdjustResourceValues  [workshopscript < (03038EA8)>]
[03/13/2022 - 06:16:13PM]  ==============================================
[03/13/2022 - 06:16:13PM]  [WSFW] 			Settlement has no population, skipping happiness checks.
[03/13/2022 - 06:16:14PM]  ==============================================
[03/13/2022 - 06:16:14PM]  [WSFW] 			Starting WSFW_DailyUpdate_AdjustResourceValues  [workshopscript < (0016D28E)>]
[03/13/2022 - 06:16:14PM]  ==============================================
[03/13/2022 - 06:16:14PM]  [WSFW] 			Settlement has no population, skipping happiness checks.
[03/13/2022 - 06:16:15PM]  ==============================================
[03/13/2022 - 06:16:15PM]  [WSFW] 			Starting WSFW_DailyUpdate_AdjustResourceValues  [workshopscript < (06047DFB)>]
[03/13/2022 - 06:16:15PM]  ==============================================
[03/13/2022 - 06:16:15PM]  [WSFW] 			Settlement has no population, skipping happiness checks.
[03/13/2022 - 06:16:16PM]  ==============================================
[03/13/2022 - 06:16:16PM]  [WSFW] 			Starting WSFW_DailyUpdate_AdjustResourceValues  [workshopscript < (0001D0E2)>]
[03/13/2022 - 06:16:16PM]  ==============================================
[03/13/2022 - 06:16:16PM]  [WSFW] 				Available Beds: 7
[03/13/2022 - 06:16:16PM]  [WSFW] 				Sheltered Beds: 3
[03/13/2022 - 06:16:16PM]  [WSFW] 				Hungry Settlers: 0
[03/13/2022 - 06:16:16PM]  [WSFW] 				Thirsty Settlers: 0
[03/13/2022 - 06:16:16PM]  [WSFW] 				Happiness For Proper Defenses Applied: 20.000000
[03/13/2022 - 06:16:16PM]  [WSFW] 				Settlers with All Needs Mets (80.000000 happiness): 3
[03/13/2022 - 06:16:16PM]  [WSFW] 				Settlers with Partial Happiness of 60.000000: 1
[03/13/2022 - 06:16:16PM]  [WSFW] 				Robot Happiness: 1 Robots, With Base Happiness of: 50
[03/13/2022 - 06:16:16PM]  [WSFW] 				Total Bonus Happiness: 0.000000
[03/13/2022 - 06:16:16PM]  [WSFW] 				Current Happiness: 64.000000
[03/13/2022 - 06:16:16PM]  [WSFW] 				Target Happiness Long Term: 70.000000
[03/13/2022 - 06:16:16PM]  [WSFW] 				Predicted Happiness Change Tomorrow: 2
[03/13/2022 - 06:16:16PM]  [WSFW] 			Completed WSFW_DailyUpdate_AdjustResourceValues  [workshopscript < (0001D0E2)>]
[03/13/2022 - 06:16:20PM]  ==============================================
[03/13/2022 - 06:16:20PM]  [WSFW] 			Starting WSFW_DailyUpdate_AdjustResourceValues  [workshopscript < (001E81EA)>]
[03/13/2022 - 06:16:20PM]  ==============================================
[03/13/2022 - 06:16:20PM]  [WSFW] 				Available Beds: 2
[03/13/2022 - 06:16:20PM]  [WSFW] 				Sheltered Beds: 2
[03/13/2022 - 06:16:20PM]  [WSFW] 				Hungry Settlers: 0
[03/13/2022 - 06:16:20PM]  [WSFW] 				Thirsty Settlers: 2
[03/13/2022 - 06:16:20PM]  [WSFW] 				Happiness Penalty for Poor Defenses: -20.000000
[03/13/2022 - 06:16:20PM]  [WSFW] 				Settlers with All Needs Mets (60.000000 happiness): 0
[03/13/2022 - 06:16:20PM]  [WSFW] 				Settlers with Partial Happiness of 50.000000: 2
[03/13/2022 - 06:16:20PM]  [WSFW] 				Robot Happiness: 0 Robots, With Base Happiness of: 50
[03/13/2022 - 06:16:20PM]  [WSFW] 				Total Bonus Happiness: 0.000000
[03/13/2022 - 06:16:20PM]  [WSFW] 				Current Happiness: 45.000000
[03/13/2022 - 06:16:20PM]  [WSFW] 				Target Happiness Long Term: 50.000000
[03/13/2022 - 06:16:20PM]  [WSFW] 				Predicted Happiness Change Tomorrow: 2
[03/13/2022 - 06:16:20PM]  [WSFW] 			Completed WSFW_DailyUpdate_AdjustResourceValues  [workshopscript < (001E81EA)>]
[03/13/2022 - 06:16:21PM]  ==============================================
[03/13/2022 - 06:16:21PM]  [WSFW] 			Starting WSFW_DailyUpdate_AdjustResourceValues  [workshopscript < (0301C6AA)>]
[03/13/2022 - 06:16:21PM]  ==============================================
[03/13/2022 - 06:16:21PM]  [WSFW] 			Settlement has no population, skipping happiness checks.
[03/13/2022 - 06:16:22PM]  ==============================================
[03/13/2022 - 06:16:22PM]  [WSFW] 			Starting WSFW_DailyUpdate_AdjustResourceValues  [workshopscript < (00135A90)>]
[03/13/2022 - 06:16:22PM]  ==============================================
[03/13/2022 - 06:16:22PM]  [WSFW] 			Settlement has no population, skipping happiness checks.
[03/13/2022 - 06:16:24PM]  ==============================================
[03/13/2022 - 06:16:24PM]  [WSFW] 			Starting WSFW_DailyUpdate_AdjustResourceValues  [workshopscript < (000B3506)>]
[03/13/2022 - 06:16:24PM]  ==============================================
[03/13/2022 - 06:16:24PM]  [WSFW] 			Settlement has no population, skipping happiness checks.
[03/13/2022 - 06:16:25PM]  ==============================================
[03/13/2022 - 06:16:25PM]  [WSFW] 			Starting WSFW_DailyUpdate_AdjustResourceValues  [workshopscript < (0302064C)>]
[03/13/2022 - 06:16:25PM]  ==============================================
[03/13/2022 - 06:16:25PM]  [WSFW] 			Settlement has no population, skipping happiness checks.
[03/13/2022 - 06:16:26PM]  ==============================================
[03/13/2022 - 06:16:26PM]  [WSFW] 			Starting WSFW_DailyUpdate_AdjustResourceValues  [workshopscript < (001654D5)>]
[03/13/2022 - 06:16:26PM]  ==============================================
[03/13/2022 - 06:16:26PM]  [WSFW] 				Available Beds: 7
[03/13/2022 - 06:16:26PM]  [WSFW] 				Sheltered Beds: 5
[03/13/2022 - 06:16:26PM]  [WSFW] 				Hungry Settlers: 0
[03/13/2022 - 06:16:26PM]  [WSFW] 				Thirsty Settlers: 0
[03/13/2022 - 06:16:26PM]  [WSFW] 				Happiness For Proper Defenses Applied: 20.000000
[03/13/2022 - 06:16:26PM]  [WSFW] 				Settlers with All Needs Mets (80.000000 happiness): 5
[03/13/2022 - 06:16:26PM]  [WSFW] 				Robot Happiness: 0 Robots, With Base Happiness of: 50
[03/13/2022 - 06:16:26PM]  [WSFW] 				Total Bonus Happiness: 0.000000
[03/13/2022 - 06:16:26PM]  [WSFW] 				Current Happiness: 65.000000
[03/13/2022 - 06:16:26PM]  [WSFW] 				Target Happiness Long Term: 80.000000
[03/13/2022 - 06:16:26PM]  [WSFW] 				Predicted Happiness Change Tomorrow: 4
[03/13/2022 - 06:16:26PM]  [WSFW] 			Completed WSFW_DailyUpdate_AdjustResourceValues  [workshopscript < (001654D5)>]
[03/13/2022 - 06:16:27PM]  ==============================================
[03/13/2022 - 06:16:27PM]  [WSFW] 			Starting WSFW_DailyUpdate_AdjustResourceValues  [workshopscript < (00066EB6)>]
[03/13/2022 - 06:16:27PM]  ==============================================
[03/13/2022 - 06:16:27PM]  [WSFW] 			Settlement has no population, skipping happiness checks.
[03/13/2022 - 06:16:28PM]  ==============================================
[03/13/2022 - 06:16:28PM]  [WSFW] 			Starting WSFW_DailyUpdate_AdjustResourceValues  [DLC06:VaultWorkshopScript < (05000FEF)>]
[03/13/2022 - 06:16:28PM]  ==============================================
[03/13/2022 - 06:16:28PM]  [WSFW] 			Settlement has no population, skipping happiness checks.
[03/13/2022 - 06:16:29PM]  ==============================================
[03/13/2022 - 06:16:29PM]  [WSFW] 			Starting WSFW_DailyUpdate_AdjustResourceValues  [workshopscript < (FE03AFA4)>]
[03/13/2022 - 06:16:29PM]  ==============================================
[03/13/2022 - 06:16:29PM]  [WSFW] 				Available Beds: 6
[03/13/2022 - 06:16:29PM]  [WSFW] 				Sheltered Beds: 6
[03/13/2022 - 06:16:29PM]  [WSFW] 				Hungry Settlers: 0
[03/13/2022 - 06:16:29PM]  [WSFW] 				Thirsty Settlers: 0
[03/13/2022 - 06:16:29PM]  [WSFW] 				Happiness For Proper Defenses Applied: 20.000000
[03/13/2022 - 06:16:29PM]  [WSFW] 				Settlers with All Needs Mets (80.000000 happiness): 6
[03/13/2022 - 06:16:29PM]  [WSFW] 				Robot Happiness: 0 Robots, With Base Happiness of: 50
[03/13/2022 - 06:16:29PM]  [WSFW] 				Total Bonus Happiness: 0.000000
[03/13/2022 - 06:16:29PM]  [WSFW] 				Current Happiness: 44.000000
[03/13/2022 - 06:16:29PM]  [WSFW] 				Target Happiness Long Term: 64.000000
[03/13/2022 - 06:16:29PM]  [WSFW] 				Predicted Happiness Change Tomorrow: 5
[03/13/2022 - 06:16:29PM]  [WSFW] 			Completed WSFW_DailyUpdate_AdjustResourceValues  [workshopscript < (FE03AFA4)>]
[03/13/2022 - 06:16:30PM]  ==============================================
[03/13/2022 - 06:16:30PM]  [WSFW] 			Starting WSFW_DailyUpdate_AdjustResourceValues  [workshopscript < (FE03BFA0)>]
[03/13/2022 - 06:16:30PM]  ==============================================
[03/13/2022 - 06:16:30PM]  [WSFW] 				Available Beds: 3
[03/13/2022 - 06:16:30PM]  [WSFW] 				Sheltered Beds: 0
[03/13/2022 - 06:16:30PM]  [WSFW] 				Hungry Settlers: 2
[03/13/2022 - 06:16:30PM]  [WSFW] 				Thirsty Settlers: 0
[03/13/2022 - 06:16:30PM]  [WSFW] 				Happiness Penalty for Poor Defenses: -20.000000
[03/13/2022 - 06:16:30PM]  [WSFW] 				Settlers with All Needs Mets (60.000000 happiness): 0
[03/13/2022 - 06:16:30PM]  [WSFW] 				Settlers with Partial Happiness of 50.000000: 0
[03/13/2022 - 06:16:30PM]  [WSFW] 				Settlers with Partial Happiness of 30.000000: 2
[03/13/2022 - 06:16:30PM]  [WSFW] 				Robot Happiness: 0 Robots, With Base Happiness of: 50
[03/13/2022 - 06:16:30PM]  [WSFW] 				Total Bonus Happiness: 0.000000
[03/13/2022 - 06:16:30PM]  [WSFW] 				Current Happiness: 55.000000
[03/13/2022 - 06:16:30PM]  [WSFW] 				Target Happiness Long Term: 30.000000
[03/13/2022 - 06:16:30PM]  [WSFW] 				Predicted Happiness Change Tomorrow: -7
[03/13/2022 - 06:16:30PM]  [WSFW] 			Completed WSFW_DailyUpdate_AdjustResourceValues  [workshopscript < (FE03BFA0)>]
[03/13/2022 - 06:17:55PM] Log closed
