7zip v21.7 [Approved]
7zip.install v21.7 [Approved]
Bat v0.19.0 [Approved]
chocolatey-core.extension v1.3.5.1 [Approved]
chocolatey-windowsupdate.extension v1.0.4 [Approved]
DotNet4.6.1 v4.6.01055.20170308 [Approved]
Everything v1.4.11015 [Approved]
fzf v0.29.0 [Approved]
git v2.34.1 [Approved]
git.install v2.34.1 [Approved]
gitextensions v3.5.4 [Approved]
GoogleChrome v97.0.4692.99 [Approved]
KB2919355 v1.0.20160915 [Approved]
KB2919442 v1.0.20160915 [Approved]
KB2999226 v1.0.20181019 [Approved] - Possibly broken
KB3033929 v1.0.5 [Approved]
KB3035131 v1.0.3 [Approved]
KB3118401 v1.0.5 [Approved]
lepton v1.10.0 [Approved]
Less v590.0 [Approved]
microsoft-windows-terminal v1.11.3471.0 [Approved]
notepad2 v4.2.25.20160422 [Approved]
powershell-core v7.2.1 [Approved]
procexp v16.43 [Approved]
ripgrep v13.0.0.20210621 [Approved]
sysinternals v2021.12.16 [Approved]
ussf v1.5.0 [Approved]
vcredist140 v14.30.30708 [Approved]
vcredist2015 v14.0.24215.20170201 [Approved]
windirstat v1.1.2.20161210 [Approved]
