Log: Log file open, 07/22/21 17:18:37
Log: WinSock: version 1.1 (2.2), MaxSocks=32767, MaxUdp=65467
Log: Version: 8639
Log: Compiled (32-bit): May 28 2020 15:43:02
Log: Changelist: 2209847
Log: Command line: 
Log: Base directory: E:\SteamLibrary\steamapps\common\Borderlands 2\Binaries\Win32\
[0000.73] Log: BUILD NUMBER: 145
[0000.73] Log: BUILD CHANGELIST: 2209847
[0000.73] Log: BUILD TAG: MAN-TSFB0-145
[0000.73] Log: CPU Page size=4096, Processors=8
[0000.73] Log: High frequency timer resolution =10.000000 MHz
[0000.73] Log: Memory total: Physical=15.9GB Pagefile=33.8GB Virtual=4.0GB
[0000.84] Log: STEAMWORKS initialized 1
[0000.85] Log: Presizing for 0 objects not considered by GC, pre-allocating 0 bytes.
[0000.85] Log: Presizing GObjAvailable to 262144 slots (~1048576 bytes)
[0000.85] Log: Object subsystem initialized
[0000.85] Log:   Steamworks-provided language string: english
[0001.18] Log: OS stats:
[0001.18] Log: 	Windows 7 
[0001.18] Log: 	RemoteDesktop=0
[0001.18] Log: Memory stats:
[0001.18] Log: 	Physical: 16278MB
[0001.18] Log: 	Virtual: 4095MB
[0001.18] Log: 	PageFile: 34581MB
[0001.18] Log: CPU stats:
[0001.18] Log: 	MeasuredPerformanceTime: 95.558 (stored result)
[0001.18] Log: 	Hyperthreaded: 1
[0001.18] Log: 	NumProcessorsPerCPU: 1
[0001.18] Log: 	NumLogicalProcessors: 8
[0001.18] Log: 	NumPhysicalProcessors: 8
[0001.18] Log: 	MaxSpeed: 3401
[0001.18] Log: 	CurrentSpeed: 3401
[0001.18] Log: 	CoresPerProcessor: 8
[0001.18] Log: 	IsOnBattery: 0
[0001.18] Log: 	BatteryLevel: -1
[0001.18] Log: 	Manufacturer: Intel
[0001.18] Log: 	CPUName: INTEL Pentium-III
[0001.18] Log: 	L1CacheSize: -1
[0001.18] Log: 	L2CacheSize: -1
[0001.18] Log: 	Architecture: x86
[0001.18] Log: GPU stats:
[0001.18] Log: 	VendorID: 000010DE
[0001.18] Log: 	DeviceID: 00001C02
[0001.18] Log: 	DriverVersion: 27.21.14.5671
[0001.18] Log: 	DeviceName: NVIDIA GeForce GTX 1060 3GB
[0001.18] Log: 	DriverName: nvldumd.dll
[0001.18] Log: 	PixelShaderVersion: 3
[0001.18] Log: 	VertexShaderVersion: 3
[0001.18] Log: 	VRAMQuantity: 3008
[0001.18] Log: 	DedicatedVRAM: 2988
[0001.18] Log: 	AdapterCount: 2
[0001.18] Log: 	SupportsHardwareTnL: 1
[0001.18] Log: 	IsLowMemoryXPMachine: 0
[0001.18] Log: Machine  detected compatibility level: Composite: 4. CPU: 5. GPU: 4.
[0001.18] Log: Previous detected compatibility level: Composite: 4. CPU: 5. GPU: 4.
[0001.25] Log: Shader platform (RHI): PC-D3D-SM3
[0001.34] Log: PhysX GPU Support: DISABLED
[0001.34] Log: Initializing FaceFX...
[0001.34] Log: FaceFX 1.7.4 initialized.
[0009.26] Log: Finished loading startup packages in 7.77 seconds
[0009.27] Log: 155986 objects as part of root set at end of initial load.
[0009.27] Log: Initializing Engine...
[0009.50] Log: UEngine initialized
[0009.62] Log: AK Audio Device initialized.
[0010.53] Log: Client initialized
[0020.44] Log: Initializing Steamworks
[0022.43] Log: Primary PhysX scene will be in software.
[0022.43] Log: Creating Primary PhysX Scene.
[0022.47] Log: Bringing World menumap.TheWorld up for play (0) at 2021.07.22-17.18.59
[0022.49] Log: Bringing up level for play took: 0.370293
[0022.67] Log: Game engine initialized
[0022.70] Log: Initializing Engine Completed
[0032.90] Log: >>>>>>>>>>>>>> Initial startup: 32.90s <<<<<<<<<<<<<<<
[0053.15] Log: Validating Bundle: Allium
[0053.16] Log: Validating Bundle: Allium
[0053.16] Log: Validating Bundle: Anecana
[0053.31] Log: Validating Bundle: Anemone
[0053.52] Log: Validating Bundle: Aster
[0053.53] Log: Validating Bundle: Aster
[0053.55] Log: Validating Bundle: CommDay2013
[0053.57] Log: Validating Bundle: Flax
[0053.57] Log: Validating Bundle: Flax
[0053.58] Log: Validating Bundle: Gardenia01
[0053.58] Log: Validating Bundle: Gardenia01
[0053.60] Log: Validating Bundle: Gardenia04
[0053.60] Log: Validating Bundle: Gardenia04
[0053.62] Log: Validating Bundle: Gardenia05
[0053.62] Log: Validating Bundle: Gardenia05
[0053.62] Log: Validating Bundle: Gladiolus
[0053.62] Log: Validating Bundle: Gladiolus
[0053.71] Log: Validating Bundle: Iris
[0053.73] Log: Validating Bundle: Iris
[0053.76] Log: Validating Bundle: Lilac
[0053.76] Log: Validating Bundle: Lilac
[0053.79] Log: Validating Bundle: Lobelia
[0053.81] Log: Validating Bundle: Lobelia
[0053.81] Log: Validating Bundle: LootChest2
[0053.82] Log: Validating Bundle: Mancana
[0053.87] Log: Validating Bundle: Nasturtium
[0053.89] Log: Validating Bundle: Nasturtium
[0054.02] Log: Validating Bundle: Orchid
[0054.03] Log: Validating Bundle: Orchid
[0054.05] Log: Validating Bundle: Peony
[0054.05] Log: Validating Bundle: PN2
[0054.07] Log: Validating Bundle: POCollectors
[0054.07] Log: Validating Bundle: POGamestop
[0054.07] Log: Validating Bundle: POPremierClub
[0054.21] Log: Validating Bundle: Sage
[0054.23] Log: Validating Bundle: Sage
[0054.24] Log: Validating Bundle: Tulip
[0102.77] Log: Primary PhysX scene will be in software.
[0102.77] Log: Creating Primary PhysX Scene.
[0102.78] Log: Bringing World ExampleEntry.TheWorld up for play (0) at 2021.07.22-17.20.19
[0102.79] Log: Bringing up level for play took: 0.026727
[0102.92] Log: Primary PhysX scene will be in software.
[0102.92] Log: Creating Primary PhysX Scene.
[0102.94] Log: Bringing World Loader.TheWorld up for play (0) at 2021.07.22-17.20.20
[0102.95] Log: Bringing up level for play took: 0.037795
[0102.95] Log: Using cached profile data instead of reading
[0102.95] Log: Using cached profile data instead of reading
[0368.52] Log: Primary PhysX scene will be in software.
[0368.52] Log: Creating Primary PhysX Scene.
[0478.22] Log: Wrote profile (891 bytes) to disk.
[0479.16] Log: Primary PhysX scene will be in software.
[0479.16] Log: Creating Primary PhysX Scene.
[0479.18] Log: Bringing World menumap.TheWorld up for play (0) at 2021.07.22-17.26.36
[0479.20] Log: Bringing up level for play took: 0.463065
[0479.21] Log: Using cached profile data instead of reading
[0479.22] Log: Using cached profile data instead of reading
[0488.21] Log: Primary PhysX scene will be in software.
[0488.21] Log: Creating Primary PhysX Scene.
[0488.23] Log: Bringing World ExampleEntry.TheWorld up for play (0) at 2021.07.22-17.26.45
[0488.23] Log: Bringing up level for play took: 0.022593
[0488.35] Log: Primary PhysX scene will be in software.
[0488.35] Log: Creating Primary PhysX Scene.
[0488.37] Log: Bringing World Loader.TheWorld up for play (0) at 2021.07.22-17.26.45
[0488.38] Log: Bringing up level for play took: 0.029855
[0488.38] Log: Using cached profile data instead of reading
[0488.38] Log: Using cached profile data instead of reading
[0493.88] Log: Wrote profile (890 bytes) to disk.
[1640.28] Log: Primary PhysX scene will be in software.
[1640.28] Log: Creating Primary PhysX Scene.
[1640.30] Log: Bringing World menumap.TheWorld up for play (0) at 2021.07.22-17.45.57
[1640.32] Log: Bringing up level for play took: 0.429093
[1640.33] Log: Using cached profile data instead of reading
[1640.34] Log: Using cached profile data instead of reading
[1663.37] Log: Primary PhysX scene will be in software.
[1663.37] Log: Creating Primary PhysX Scene.
[1663.39] Log: Bringing World Loader.TheWorld up for play (90) at 2021.07.22-17.46.20
[1663.39] Log: Bringing up level for play took: 0.223042
[1663.42] Log: Using cached profile data instead of reading
[1663.42] Log: Using cached profile data instead of reading
[2243.50] Log: Wrote profile (891 bytes) to disk.
[2465.30] Log: Wrote profile (893 bytes) to disk.
[2607.53] Log: Primary PhysX scene will be in software.
[2607.53] Log: Creating Primary PhysX Scene.
[2607.56] Log: Bringing World menumap.TheWorld up for play (0) at 2021.07.22-18.02.04
[2607.57] Log: Bringing up level for play took: 0.499125
[2607.58] Log: Using cached profile data instead of reading
[2607.58] Log: Using cached profile data instead of reading
[2620.62] Log: Primary PhysX scene will be in software.
[2620.62] Log: Creating Primary PhysX Scene.
[2620.66] Log: Bringing World Loader.TheWorld up for play (90) at 2021.07.22-18.02.17
[2620.66] Log: Bringing up level for play took: 0.049399
[2620.71] Log: Using cached profile data instead of reading
[2620.72] Log: Using cached profile data instead of reading
[2660.58] Log: Primary PhysX scene will be in software.
[2660.58] Log: Creating Primary PhysX Scene.
[2880.71] Log: Primary PhysX scene will be in software.
[2880.71] Log: Creating Primary PhysX Scene.
[2917.08] Log: Primary PhysX scene will be in software.
[2917.08] Log: Creating Primary PhysX Scene.
[2917.11] Log: Bringing World menumap.TheWorld up for play (0) at 2021.07.22-18.07.14
[2917.12] Log: Bringing up level for play took: 0.401435
[2917.13] Log: Using cached profile data instead of reading
[2917.13] Log: Using cached profile data instead of reading
[2929.08] Log: Primary PhysX scene will be in software.
[2929.08] Log: Creating Primary PhysX Scene.
[2929.10] Log: Bringing World menumap.TheWorld up for play (90) at 2021.07.22-18.07.26
[2929.10] Log: Bringing up level for play took: 0.100055
[2929.14] Log: Using cached profile data instead of reading
[2929.14] Log: Using cached profile data instead of reading
[2954.64] Log: Primary PhysX scene will be in software.
[2954.64] Log: Creating Primary PhysX Scene.
[2954.65] Log: Bringing World ExampleEntry.TheWorld up for play (90) at 2021.07.22-18.07.51
[2954.66] Log: Bringing up level for play took: 0.023740
[2954.77] Log: Primary PhysX scene will be in software.
[2954.77] Log: Creating Primary PhysX Scene.
[2954.79] Log: Bringing World Loader.TheWorld up for play (90) at 2021.07.22-18.07.51
[2954.79] Log: Bringing up level for play took: 0.023042
[2954.99] Log: Using cached profile data instead of reading
[2954.99] Log: Using cached profile data instead of reading
[7980.02] Log: Primary PhysX scene will be in software.
[7980.10] Log: Creating Primary PhysX Scene.
[7980.13] Log: Bringing World menumap.TheWorld up for play (0) at 2021.07.22-19.31.37
[7980.15] Log: Bringing up level for play took: 0.384649
[7980.16] Log: Using cached profile data instead of reading
[7980.29] Log: Using cached profile data instead of reading
[8016.19] Log: Primary PhysX scene will be in software.
[8016.19] Log: Creating Primary PhysX Scene.
[8016.22] Log: Bringing World menumap.TheWorld up for play (0) at 2021.07.22-19.32.13
[8016.23] Log: Bringing up level for play took: 0.377702
[8016.24] Log: Using cached profile data instead of reading
[8016.24] Log: Using cached profile data instead of reading
[8021.18] Log: Primary PhysX scene will be in software.
[8021.18] Log: Creating Primary PhysX Scene.
[8021.20] Log: Bringing World ExampleEntry.TheWorld up for play (0) at 2021.07.22-19.32.18
[8021.20] Log: Bringing up level for play took: 0.024296
[8021.33] Log: Primary PhysX scene will be in software.
[8021.33] Log: Creating Primary PhysX Scene.
[8021.35] Log: Bringing World Loader.TheWorld up for play (0) at 2021.07.22-19.32.18
[8021.35] Log: Bringing up level for play took: 0.032241
[8021.36] Log: Using cached profile data instead of reading
[8021.36] Log: Using cached profile data instead of reading
[8049.36] Log: Primary PhysX scene will be in software.
[8049.36] Log: Creating Primary PhysX Scene.
[8049.39] Log: Bringing World menumap.TheWorld up for play (0) at 2021.07.22-19.32.46
[8049.40] Log: Bringing up level for play took: 0.415833
[8049.41] Log: Using cached profile data instead of reading
[8049.42] Log: Using cached profile data instead of reading
[8062.96] Log: Primary PhysX scene will be in software.
[8062.96] Log: Creating Primary PhysX Scene.
[8063.10] Log: Bringing World Loader.TheWorld up for play (90) at 2021.07.22-19.33.00
[8063.10] Log: Bringing up level for play took: 0.237559
[8063.54] Log: Using cached profile data instead of reading
[8063.54] Log: Using cached profile data instead of reading
[8968.90] Log: Wrote profile (896 bytes) to disk.
[10361.97] Log: Wrote profile (901 bytes) to disk.
[10372.34] Log: Primary PhysX scene will be in software.
[10372.34] Log: Creating Primary PhysX Scene.
[10665.70] Log: Wrote profile (899 bytes) to disk.
[10837.07] Warning: Warning, FPhysXParticleSystem LargeGoo failed to be created in PhysX Sdk!
[10927.12] Log: Wrote profile (898 bytes) to disk.
[11560.74] Log: Wrote profile (903 bytes) to disk.
[11759.15] Log: Wrote profile (903 bytes) to disk.
[12045.87] Log: Wrote profile (903 bytes) to disk.
[12691.30] Log: Wrote profile (903 bytes) to disk.
[13049.58] Log: Wrote profile (903 bytes) to disk.
[13411.21] Log: Wrote profile (903 bytes) to disk.
[14021.72] Log: Wrote profile (903 bytes) to disk.
[14623.96] Log: Wrote profile (904 bytes) to disk.
[14782.00] Log: Wrote profile (904 bytes) to disk.
[15429.57] Log: Wrote profile (905 bytes) to disk.
[15431.99] Log: Primary PhysX scene will be in software.
[15431.99] Log: Creating Primary PhysX Scene.
[15432.03] Log: Bringing World menumap.TheWorld up for play (0) at 2021.07.22-21.35.49
[15432.04] Log: Bringing up level for play took: 0.767809
[15432.13] Log: Using cached profile data instead of reading
[15432.14] Log: Using cached profile data instead of reading
[17361.92] Log: Closing by request
[17362.30] Log: Preparing to exit.
[17363.86] Log: Game engine shut down
[17365.50] Log: Windows client shut down
[17365.77] Log: AK Audio shut down.
[17367.20] Log: Object subsystem successfully closed.
[17367.23] Log: Shutting down FaceFX...
[17367.24] Log: FaceFX shutdown.
[17368.73] Log: Exiting.
[17369.13] Log: Log file closed, 07/22/21 22:08:06
