Log: Log file open, 07/21/21 22:06:16
Log: WinSock: version 1.1 (2.2), MaxSocks=32767, MaxUdp=65467
Log: Version: 8639
Log: Compiled (32-bit): May 28 2020 15:43:02
Log: Changelist: 2209847
Log: Command line: 
Log: Base directory: E:\SteamLibrary\steamapps\common\Borderlands 2\Binaries\Win32\
[0000.61] Log: BUILD NUMBER: 145
[0000.61] Log: BUILD CHANGELIST: 2209847
[0000.61] Log: BUILD TAG: MAN-TSFB0-145
[0000.61] Log: CPU Page size=4096, Processors=8
[0000.61] Log: High frequency timer resolution =10.000000 MHz
[0000.61] Log: Memory total: Physical=15.9GB Pagefile=33.7GB Virtual=4.0GB
[0000.72] Log: STEAMWORKS initialized 1
[0000.73] Log: Presizing for 0 objects not considered by GC, pre-allocating 0 bytes.
[0000.73] Log: Presizing GObjAvailable to 262144 slots (~1048576 bytes)
[0000.73] Log: Object subsystem initialized
[0000.73] Log:   Steamworks-provided language string: english
[0001.03] Log: OS stats:
[0001.03] Log: 	Windows 7 
[0001.03] Log: 	RemoteDesktop=0
[0001.03] Log: Memory stats:
[0001.03] Log: 	Physical: 16278MB
[0001.03] Log: 	Virtual: 4095MB
[0001.03] Log: 	PageFile: 34517MB
[0001.03] Log: CPU stats:
[0001.03] Log: 	MeasuredPerformanceTime: 95.558 (stored result)
[0001.03] Log: 	Hyperthreaded: 1
[0001.03] Log: 	NumProcessorsPerCPU: 1
[0001.03] Log: 	NumLogicalProcessors: 8
[0001.03] Log: 	NumPhysicalProcessors: 8
[0001.03] Log: 	MaxSpeed: 3401
[0001.03] Log: 	CurrentSpeed: 3401
[0001.03] Log: 	CoresPerProcessor: 8
[0001.03] Log: 	IsOnBattery: 0
[0001.03] Log: 	BatteryLevel: -1
[0001.03] Log: 	Manufacturer: Intel
[0001.03] Log: 	CPUName: INTEL Pentium-III
[0001.03] Log: 	L1CacheSize: -1
[0001.03] Log: 	L2CacheSize: -1
[0001.03] Log: 	Architecture: x86
[0001.03] Log: GPU stats:
[0001.03] Log: 	VendorID: 000010DE
[0001.03] Log: 	DeviceID: 00001C02
[0001.03] Log: 	DriverVersion: 27.21.14.5671
[0001.03] Log: 	DeviceName: NVIDIA GeForce GTX 1060 3GB
[0001.03] Log: 	DriverName: nvldumd.dll
[0001.03] Log: 	PixelShaderVersion: 3
[0001.03] Log: 	VertexShaderVersion: 3
[0001.03] Log: 	VRAMQuantity: 3008
[0001.03] Log: 	DedicatedVRAM: 2988
[0001.03] Log: 	AdapterCount: 2
[0001.03] Log: 	SupportsHardwareTnL: 1
[0001.03] Log: 	IsLowMemoryXPMachine: 0
[0001.04] Log: Machine  detected compatibility level: Composite: 4. CPU: 5. GPU: 4.
[0001.04] Log: Previous detected compatibility level: Composite: 4. CPU: 5. GPU: 4.
[0001.10] Log: Shader platform (RHI): PC-D3D-SM3
[0001.18] Log: PhysX GPU Support: DISABLED
[0001.19] Log: Initializing FaceFX...
[0001.19] Log: FaceFX 1.7.4 initialized.
[0008.26] Log: Finished loading startup packages in 6.93 seconds
[0008.27] Log: 155986 objects as part of root set at end of initial load.
[0008.27] Log: Initializing Engine...
[0008.31] Log: UEngine initialized
[0008.41] Log: AK Audio Device initialized.
[0008.74] Log: Client initialized
[0011.52] Log: Initializing Steamworks
[0012.15] Log: Primary PhysX scene will be in software.
[0012.15] Log: Creating Primary PhysX Scene.
[0012.17] Log: Bringing World menumap.TheWorld up for play (0) at 2021.07.21-22.06.27
[0012.18] Log: Bringing up level for play took: 0.194985
[0012.19] Log: Game engine initialized
[0012.22] Log: Initializing Engine Completed
[0013.41] Log: >>>>>>>>>>>>>> Initial startup: 13.41s <<<<<<<<<<<<<<<
[0026.99] Log: Validating Bundle: Allium
[0026.99] Log: Validating Bundle: Allium
[0027.00] Log: Validating Bundle: Anecana
[0027.15] Log: Validating Bundle: Anemone
[0027.37] Log: Validating Bundle: Aster
[0027.39] Log: Validating Bundle: Aster
[0027.39] Log: Validating Bundle: CommDay2013
[0027.42] Log: Validating Bundle: Flax
[0027.42] Log: Validating Bundle: Flax
[0027.42] Log: Validating Bundle: Gardenia01
[0027.44] Log: Validating Bundle: Gardenia01
[0027.44] Log: Validating Bundle: Gardenia04
[0027.44] Log: Validating Bundle: Gardenia04
[0027.45] Log: Validating Bundle: Gardenia05
[0027.45] Log: Validating Bundle: Gardenia05
[0027.45] Log: Validating Bundle: Gladiolus
[0027.47] Log: Validating Bundle: Gladiolus
[0027.55] Log: Validating Bundle: Iris
[0027.57] Log: Validating Bundle: Iris
[0027.58] Log: Validating Bundle: Lilac
[0027.58] Log: Validating Bundle: Lilac
[0027.62] Log: Validating Bundle: Lobelia
[0027.63] Log: Validating Bundle: Lobelia
[0027.63] Log: Validating Bundle: LootChest2
[0027.63] Log: Validating Bundle: Mancana
[0027.70] Log: Validating Bundle: Nasturtium
[0027.70] Log: Validating Bundle: Nasturtium
[0027.83] Log: Validating Bundle: Orchid
[0027.84] Log: Validating Bundle: Orchid
[0027.84] Log: Validating Bundle: Peony
[0027.86] Log: Validating Bundle: PN2
[0027.86] Log: Validating Bundle: POCollectors
[0027.86] Log: Validating Bundle: POGamestop
[0027.86] Log: Validating Bundle: POPremierClub
[0028.02] Log: Validating Bundle: Sage
[0028.04] Log: Validating Bundle: Sage
[0028.05] Log: Validating Bundle: Tulip
[0079.50] Log: Primary PhysX scene will be in software.
[0079.50] Log: Creating Primary PhysX Scene.
[0079.52] Log: Bringing World menumap.TheWorld up for play (90) at 2021.07.21-22.07.35
[0079.52] Log: Bringing up level for play took: 0.175131
[0079.56] Log: Using cached profile data instead of reading
[0079.57] Log: Using cached profile data instead of reading
[0083.41] Log: Primary PhysX scene will be in software.
[0083.41] Log: Creating Primary PhysX Scene.
[0083.43] Log: Bringing World ExampleEntry.TheWorld up for play (90) at 2021.07.21-22.07.38
[0083.43] Log: Bringing up level for play took: 0.024849
[0083.52] Log: Primary PhysX scene will be in software.
[0083.52] Log: Creating Primary PhysX Scene.
[0083.54] Log: Bringing World Loader.TheWorld up for play (90) at 2021.07.21-22.07.39
[0083.54] Log: Bringing up level for play took: 0.027233
[0083.73] Log: Using cached profile data instead of reading
[0083.73] Log: Using cached profile data instead of reading
[0229.29] Log: Primary PhysX scene will be in software.
[0229.29] Log: Creating Primary PhysX Scene.
[0394.17] Log: Wrote profile (882 bytes) to disk.
[0676.60] Log: Primary PhysX scene will be in software.
[0676.60] Log: Creating Primary PhysX Scene.
[1002.37] Log: Wrote profile (882 bytes) to disk.
[1057.70] Warning: Warning, FPhysXParticleSystem FX_Fluid_Rock_px failed to be created in PhysX Sdk!
[1057.70] Warning: Warning, FPhysXParticleSystem FX_Fluid_Spark_px failed to be created in PhysX Sdk!
[1375.06] Log: Wrote profile (888 bytes) to disk.
[2684.16] Log: Wrote profile (889 bytes) to disk.
[2916.28] Log: Primary PhysX scene will be in software.
[2916.28] Log: Creating Primary PhysX Scene.
[3332.81] Log: Primary PhysX scene will be in software.
[3332.81] Log: Creating Primary PhysX Scene.
[3443.07] Log: Primary PhysX scene will be in software.
[3443.07] Log: Creating Primary PhysX Scene.
[3541.38] Log: Wrote profile (889 bytes) to disk.
[3663.37] Log: Wrote profile (889 bytes) to disk.
[3818.89] Log: Wrote profile (889 bytes) to disk.
[3967.09] Warning: Warning, FPhysXParticleSystem LargeGoo failed to be created in PhysX Sdk!
[5247.63] Log: Primary PhysX scene will be in software.
[5247.63] Log: Creating Primary PhysX Scene.
[5582.36] Log: Wrote profile (891 bytes) to disk.
[5715.80] Log: Primary PhysX scene will be in software.
[5715.80] Log: Creating Primary PhysX Scene.
[5715.83] Log: Bringing World menumap.TheWorld up for play (0) at 2021.07.21-23.41.31
[5715.85] Log: Bringing up level for play took: 0.444200
[5715.93] Log: Using cached profile data instead of reading
[5715.95] Log: Using cached profile data instead of reading
[26975.29] Log: Preparing to exit.
[26976.58] Log: Game engine shut down
[26976.67] Log: Windows client shut down
[26976.74] Log: AK Audio shut down.
[26977.99] Log: Object subsystem successfully closed.
[26978.03] Log: Shutting down FaceFX...
[26978.03] Log: FaceFX shutdown.
[26979.42] Log: Exiting.
[26979.52] Log: Log file closed, 07/22/21 05:35:55
