Log: Log file open, 07/19/21 17:54:53
Log: WinSock: version 1.1 (2.2), MaxSocks=32767, MaxUdp=65467
Log: Version: 8639
Log: Compiled (32-bit): May 28 2020 15:43:02
Log: Changelist: 2209847
Log: Command line: 
Log: Base directory: E:\SteamLibrary\steamapps\common\Borderlands 2\Binaries\Win32\
[0001.53] Log: BUILD NUMBER: 145
[0001.53] Log: BUILD CHANGELIST: 2209847
[0001.53] Log: BUILD TAG: MAN-TSFB0-145
[0001.53] Log: CPU Page size=4096, Processors=8
[0001.53] Log: High frequency timer resolution =10.000000 MHz
[0001.53] Log: Memory total: Physical=15.9GB Pagefile=33.7GB Virtual=4.0GB
[0001.69] Log: STEAMWORKS initialized 1
[0001.69] Log: Presizing for 0 objects not considered by GC, pre-allocating 0 bytes.
[0001.69] Log: Presizing GObjAvailable to 262144 slots (~1048576 bytes)
[0001.69] Log: Object subsystem initialized
[0001.70] Log:   Steamworks-provided language string: english
[0002.16] Log: OS stats:
[0002.16] Log: 	Windows 7 
[0002.16] Log: 	RemoteDesktop=0
[0002.16] Log: Memory stats:
[0002.16] Log: 	Physical: 16278MB
[0002.16] Log: 	Virtual: 4095MB
[0002.16] Log: 	PageFile: 34517MB
[0002.16] Log: CPU stats:
[0002.16] Log: 	MeasuredPerformanceTime: 95.558 (stored result)
[0002.16] Log: 	Hyperthreaded: 1
[0002.16] Log: 	NumProcessorsPerCPU: 1
[0002.16] Log: 	NumLogicalProcessors: 8
[0002.16] Log: 	NumPhysicalProcessors: 8
[0002.16] Log: 	MaxSpeed: 3401
[0002.16] Log: 	CurrentSpeed: 3401
[0002.16] Log: 	CoresPerProcessor: 8
[0002.16] Log: 	IsOnBattery: 0
[0002.16] Log: 	BatteryLevel: -1
[0002.16] Log: 	Manufacturer: Intel
[0002.16] Log: 	CPUName: INTEL Pentium-III
[0002.16] Log: 	L1CacheSize: -1
[0002.16] Log: 	L2CacheSize: -1
[0002.16] Log: 	Architecture: x86
[0002.16] Log: GPU stats:
[0002.16] Log: 	VendorID: 000010DE
[0002.16] Log: 	DeviceID: 00001C02
[0002.16] Log: 	DriverVersion: 27.21.14.5671
[0002.16] Log: 	DeviceName: NVIDIA GeForce GTX 1060 3GB
[0002.16] Log: 	DriverName: nvldumd.dll
[0002.16] Log: 	PixelShaderVersion: 3
[0002.16] Log: 	VertexShaderVersion: 3
[0002.16] Log: 	VRAMQuantity: 3008
[0002.16] Log: 	DedicatedVRAM: 2988
[0002.16] Log: 	AdapterCount: 2
[0002.16] Log: 	SupportsHardwareTnL: 1
[0002.16] Log: 	IsLowMemoryXPMachine: 0
[0002.17] Log: Machine  detected compatibility level: Composite: 4. CPU: 5. GPU: 4.
[0002.17] Log: Previous detected compatibility level: Composite: 4. CPU: 5. GPU: 4.
[0002.27] Log: Shader platform (RHI): PC-D3D-SM3
[0004.96] Log: PhysX GPU Support: DISABLED
[0005.12] Log: Initializing FaceFX...
[0005.13] Log: FaceFX 1.7.4 initialized.
[0014.57] Log: Finished loading startup packages in 9.26 seconds
[0014.58] Log: 155986 objects as part of root set at end of initial load.
[0014.58] Log: Initializing Engine...
[0014.65] Log: UEngine initialized
[0014.94] Log: AK Audio Device initialized.
[0015.48] Log: Client initialized
[0023.82] Log: Initializing Steamworks
[0026.00] Log: Primary PhysX scene will be in software.
[0026.00] Log: Creating Primary PhysX Scene.
[0026.04] Log: Bringing World menumap.TheWorld up for play (0) at 2021.07.19-17.55.18
[0026.05] Log: Bringing up level for play took: 1.154447
[0026.09] Log: Game engine initialized
[0026.14] Log: Initializing Engine Completed
[0027.23] Log: >>>>>>>>>>>>>> Initial startup: 27.23s <<<<<<<<<<<<<<<
[0040.06] Log: Validating Bundle: Allium
[0040.08] Log: Validating Bundle: Allium
[0040.30] Log: Validating Bundle: Anecana
[0040.48] Log: Validating Bundle: Anemone
[0040.71] Log: Validating Bundle: Aster
[0040.72] Log: Validating Bundle: Aster
[0040.77] Log: Validating Bundle: CommDay2013
[0040.80] Log: Validating Bundle: Flax
[0040.80] Log: Validating Bundle: Flax
[0040.83] Log: Validating Bundle: Gardenia01
[0040.83] Log: Validating Bundle: Gardenia01
[0040.93] Log: Validating Bundle: Gardenia04
[0040.93] Log: Validating Bundle: Gardenia04
[0041.00] Log: Validating Bundle: Gardenia05
[0041.00] Log: Validating Bundle: Gardenia05
[0041.04] Log: Validating Bundle: Gladiolus
[0041.06] Log: Validating Bundle: Gladiolus
[0041.17] Log: Validating Bundle: Iris
[0041.21] Log: Validating Bundle: Iris
[0041.30] Log: Validating Bundle: Lilac
[0041.30] Log: Validating Bundle: Lilac
[0041.35] Log: Validating Bundle: Lobelia
[0041.37] Log: Validating Bundle: Lobelia
[0041.40] Log: Validating Bundle: LootChest2
[0041.40] Log: Validating Bundle: Mancana
[0041.59] Log: Validating Bundle: Nasturtium
[0041.61] Log: Validating Bundle: Nasturtium
[0041.77] Log: Validating Bundle: Orchid
[0041.80] Log: Validating Bundle: Orchid
[0041.83] Log: Validating Bundle: Peony
[0041.85] Log: Validating Bundle: PN2
[0041.87] Log: Validating Bundle: POCollectors
[0041.88] Log: Validating Bundle: POGamestop
[0041.92] Log: Validating Bundle: POPremierClub
[0042.08] Log: Validating Bundle: Sage
[0042.09] Log: Validating Bundle: Sage
[0042.14] Log: Validating Bundle: Tulip
[0075.09] Log: Primary PhysX scene will be in software.
[0075.09] Log: Creating Primary PhysX Scene.
[0075.10] Log: Bringing World ExampleEntry.TheWorld up for play (0) at 2021.07.19-17.56.07
[0075.10] Log: Bringing up level for play took: 0.099148
[0075.22] Log: Primary PhysX scene will be in software.
[0075.22] Log: Creating Primary PhysX Scene.
[0075.24] Log: Bringing World Loader.TheWorld up for play (0) at 2021.07.19-17.56.07
[0075.25] Log: Bringing up level for play took: 0.035634
[0075.26] Log: Using cached profile data instead of reading
[0075.26] Log: Using cached profile data instead of reading
[0095.46] Log: Primary PhysX scene will be in software.
[0095.46] Log: Creating Primary PhysX Scene.
[0216.98] Log: Wrote profile (882 bytes) to disk.
[1371.76] Log: Wrote profile (882 bytes) to disk.
[1377.75] Log: Primary PhysX scene will be in software.
[1377.75] Log: Creating Primary PhysX Scene.
[1829.09] Log: Primary PhysX scene will be in software.
[1829.09] Log: Creating Primary PhysX Scene.
[1829.12] Log: Bringing World Loader.TheWorld up for play (90) at 2021.07.19-18.25.21
[1829.12] Log: Bringing up level for play took: 0.042400
[1829.16] Log: Using cached profile data instead of reading
[1829.18] Log: Using cached profile data instead of reading
[2042.17] Log: Primary PhysX scene will be in software.
[2042.17] Log: Creating Primary PhysX Scene.
[2898.17] Log: Wrote profile (882 bytes) to disk.
[3655.99] Log: Wrote profile (882 bytes) to disk.
[3920.02] Log: Wrote profile (882 bytes) to disk.
[4752.76] Log: Wrote profile (882 bytes) to disk.
[5816.39] Log: Wrote profile (882 bytes) to disk.
[6131.71] Log: Primary PhysX scene will be in software.
[6131.71] Log: Creating Primary PhysX Scene.
[6781.19] Log: Primary PhysX scene will be in software.
[6781.19] Log: Creating Primary PhysX Scene.
[8527.35] Log: Wrote profile (882 bytes) to disk.
[9255.68] Log: Primary PhysX scene will be in software.
[9255.68] Log: Creating Primary PhysX Scene.
[9679.85] Log: Primary PhysX scene will be in software.
[9679.85] Log: Creating Primary PhysX Scene.
[9873.97] Log: Wrote profile (882 bytes) to disk.
[10285.15] Log: Primary PhysX scene will be in software.
[10285.15] Log: Creating Primary PhysX Scene.
[10557.43] Log: Wrote profile (882 bytes) to disk.
[10705.16] Log: Primary PhysX scene will be in software.
[10705.16] Log: Creating Primary PhysX Scene.
[10911.70] Log: Primary PhysX scene will be in software.
[10911.70] Log: Creating Primary PhysX Scene.
[10911.72] Log: Bringing World menumap.TheWorld up for play (0) at 2021.07.19-20.56.44
[10911.74] Log: Bringing up level for play took: 0.595468
[10911.77] Log: Using cached profile data instead of reading
[10911.77] Log: Using cached profile data instead of reading
[10921.96] Log: Primary PhysX scene will be in software.
[10921.96] Log: Creating Primary PhysX Scene.
[10921.99] Log: Bringing World Loader.TheWorld up for play (90) at 2021.07.19-20.56.54
[10921.99] Log: Bringing up level for play took: 0.056074
[10922.04] Log: Using cached profile data instead of reading
[10922.05] Log: Using cached profile data instead of reading
[10990.79] Log: Primary PhysX scene will be in software.
[10990.79] Log: Creating Primary PhysX Scene.
[11443.31] Log: Wrote profile (883 bytes) to disk.
[11458.61] Log: Primary PhysX scene will be in software.
[11458.61] Log: Creating Primary PhysX Scene.
[12304.53] Log: Primary PhysX scene will be in software.
[12304.53] Log: Creating Primary PhysX Scene.
[12304.55] Log: Bringing World menumap.TheWorld up for play (0) at 2021.07.19-21.19.56
[12304.57] Log: Bringing up level for play took: 0.444622
[12304.57] Log: Using cached profile data instead of reading
[12304.58] Log: Using cached profile data instead of reading
[12325.96] Log: Closing by request
[12326.04] Log: Preparing to exit.
[12326.88] Log: Game engine shut down
[12327.42] Log: Windows client shut down
[12327.55] Log: AK Audio shut down.
[12328.56] Log: Object subsystem successfully closed.
[12328.59] Log: Shutting down FaceFX...
[12328.59] Log: FaceFX shutdown.
[12329.81] Log: Exiting.
[12329.90] Log: Log file closed, 07/19/21 21:20:22
