Log: Log file open, 07/23/21 20:23:38
Log: WinSock: version 1.1 (2.2), MaxSocks=32767, MaxUdp=65467
Log: Version: 8639
Log: Compiled (32-bit): May 28 2020 15:43:02
Log: Changelist: 2209847
Log: Command line: 
Log: Base directory: E:\SteamLibrary\steamapps\common\Borderlands 2\Binaries\Win32\
[0003.06] Log: BUILD NUMBER: 145
[0003.06] Log: BUILD CHANGELIST: 2209847
[0003.06] Log: BUILD TAG: MAN-TSFB0-145
[0003.06] Log: CPU Page size=4096, Processors=8
[0003.06] Log: High frequency timer resolution =10.000000 MHz
[0003.06] Log: Memory total: Physical=15.9GB Pagefile=35.4GB Virtual=4.0GB
[0003.20] Log: STEAMWORKS initialized 1
[0003.21] Log: Presizing for 0 objects not considered by GC, pre-allocating 0 bytes.
[0003.21] Log: Presizing GObjAvailable to 262144 slots (~1048576 bytes)
[0003.21] Log: Object subsystem initialized
[0003.21] Log:   Steamworks-provided language string: english
[0003.54] Log: OS stats:
[0003.54] Log: 	Windows 7 
[0003.54] Log: 	RemoteDesktop=0
[0003.54] Log: Memory stats:
[0003.54] Log: 	Physical: 16278MB
[0003.54] Log: 	Virtual: 4095MB
[0003.54] Log: 	PageFile: 36278MB
[0003.54] Log: CPU stats:
[0003.54] Log: 	MeasuredPerformanceTime: 95.558 (stored result)
[0003.54] Log: 	Hyperthreaded: 1
[0003.54] Log: 	NumProcessorsPerCPU: 1
[0003.54] Log: 	NumLogicalProcessors: 8
[0003.54] Log: 	NumPhysicalProcessors: 8
[0003.54] Log: 	MaxSpeed: 3401
[0003.54] Log: 	CurrentSpeed: 3401
[0003.54] Log: 	CoresPerProcessor: 8
[0003.54] Log: 	IsOnBattery: 0
[0003.54] Log: 	BatteryLevel: -1
[0003.54] Log: 	Manufacturer: Intel
[0003.54] Log: 	CPUName: INTEL Pentium-III
[0003.54] Log: 	L1CacheSize: -1
[0003.54] Log: 	L2CacheSize: -1
[0003.54] Log: 	Architecture: x86
[0003.54] Log: GPU stats:
[0003.54] Log: 	VendorID: 000010DE
[0003.54] Log: 	DeviceID: 00001C02
[0003.54] Log: 	DriverVersion: 27.21.14.5671
[0003.54] Log: 	DeviceName: NVIDIA GeForce GTX 1060 3GB
[0003.54] Log: 	DriverName: nvldumd.dll
[0003.54] Log: 	PixelShaderVersion: 3
[0003.54] Log: 	VertexShaderVersion: 3
[0003.54] Log: 	VRAMQuantity: 3008
[0003.54] Log: 	DedicatedVRAM: 2988
[0003.54] Log: 	AdapterCount: 2
[0003.54] Log: 	SupportsHardwareTnL: 1
[0003.54] Log: 	IsLowMemoryXPMachine: 0
[0003.54] Log: Machine  detected compatibility level: Composite: 4. CPU: 5. GPU: 4.
[0003.54] Log: Previous detected compatibility level: Composite: 4. CPU: 5. GPU: 4.
[0003.61] Log: Shader platform (RHI): PC-D3D-SM3
[0008.71] Log: PhysX GPU Support: DISABLED
[0008.87] Log: Initializing FaceFX...
[0008.87] Log: FaceFX 1.7.4 initialized.
[0019.96] Log: Finished loading startup packages in 10.95 seconds
[0019.97] Log: 155986 objects as part of root set at end of initial load.
[0019.97] Log: Initializing Engine...
[0020.20] Log: UEngine initialized
[0021.62] Log: AK Audio Device initialized.
[0022.40] Log: Client initialized
[0034.56] Log: Initializing Steamworks
[0037.10] Log: Primary PhysX scene will be in software.
[0037.10] Log: Creating Primary PhysX Scene.
[0037.14] Log: Bringing World menumap.TheWorld up for play (0) at 2021.07.23-20.24.14
[0037.21] Log: Bringing up level for play took: 1.130059
[0037.34] Log: Game engine initialized
[0037.43] Log: Initializing Engine Completed
[0042.82] Log: >>>>>>>>>>>>>> Initial startup: 42.82s <<<<<<<<<<<<<<<
[0055.58] Log: Validating Bundle: Allium
[0055.58] Log: Validating Bundle: Allium
[0056.09] Log: Validating Bundle: Anecana
[0056.39] Log: Validating Bundle: Anemone
[0056.59] Log: Validating Bundle: Aster
[0056.59] Log: Validating Bundle: Aster
[0056.69] Log: Validating Bundle: CommDay2013
[0056.69] Log: Validating Bundle: Flax
[0056.69] Log: Validating Bundle: Flax
[0056.69] Log: Validating Bundle: Gardenia01
[0056.69] Log: Validating Bundle: Gardenia01
[0057.43] Log: Validating Bundle: Gardenia04
[0057.43] Log: Validating Bundle: Gardenia04
[0057.49] Log: Validating Bundle: Gardenia05
[0058.06] Log: Validating Bundle: Gardenia05
[0058.11] Log: Validating Bundle: Gladiolus
[0058.11] Log: Validating Bundle: Gladiolus
[0058.22] Log: Validating Bundle: Iris
[0058.24] Log: Validating Bundle: Iris
[0058.28] Log: Validating Bundle: Lilac
[0058.28] Log: Validating Bundle: Lilac
[0058.33] Log: Validating Bundle: Lobelia
[0058.35] Log: Validating Bundle: Lobelia
[0058.38] Log: Validating Bundle: LootChest2
[0058.40] Log: Validating Bundle: Mancana
[0058.46] Log: Validating Bundle: Nasturtium
[0058.77] Log: Validating Bundle: Nasturtium
[0058.93] Log: Validating Bundle: Orchid
[0058.96] Log: Validating Bundle: Orchid
[0058.99] Log: Validating Bundle: Peony
[0059.01] Log: Validating Bundle: PN2
[0059.03] Log: Validating Bundle: POCollectors
[0059.04] Log: Validating Bundle: POGamestop
[0059.06] Log: Validating Bundle: POPremierClub
[0059.22] Log: Validating Bundle: Sage
[0059.25] Log: Validating Bundle: Sage
[0059.30] Log: Validating Bundle: Tulip
[0170.44] Log: Primary PhysX scene will be in software.
[0170.44] Log: Creating Primary PhysX Scene.
[0170.46] Log: Bringing World ExampleEntry.TheWorld up for play (0) at 2021.07.23-20.26.27
[0170.46] Log: Bringing up level for play took: 0.029765
[0170.60] Log: Primary PhysX scene will be in software.
[0170.60] Log: Creating Primary PhysX Scene.
[0170.63] Log: Bringing World Loader.TheWorld up for play (0) at 2021.07.23-20.26.27
[0170.64] Log: Bringing up level for play took: 0.039510
[0170.64] Log: Using cached profile data instead of reading
[0170.65] Log: Using cached profile data instead of reading
[0191.78] Log: Primary PhysX scene will be in software.
[0191.78] Log: Creating Primary PhysX Scene.
[0236.29] Log: Wrote profile (905 bytes) to disk.
[0237.22] Log: Primary PhysX scene will be in software.
[0237.22] Log: Creating Primary PhysX Scene.
[0237.28] Log: Bringing World menumap.TheWorld up for play (0) at 2021.07.23-20.27.34
[0237.29] Log: Bringing up level for play took: 0.437809
[0237.30] Log: Using cached profile data instead of reading
[0237.34] Log: Using cached profile data instead of reading
[0245.50] Log: Primary PhysX scene will be in software.
[0245.50] Log: Creating Primary PhysX Scene.
[0245.52] Log: Bringing World ExampleEntry.TheWorld up for play (0) at 2021.07.23-20.27.42
[0245.52] Log: Bringing up level for play took: 0.025353
[0245.66] Log: Primary PhysX scene will be in software.
[0245.66] Log: Creating Primary PhysX Scene.
[0245.69] Log: Bringing World Loader.TheWorld up for play (0) at 2021.07.23-20.27.42
[0245.70] Log: Bringing up level for play took: 0.040651
[0245.70] Log: Using cached profile data instead of reading
[0245.85] Log: Using cached profile data instead of reading
[0251.17] Log: Wrote profile (905 bytes) to disk.
[0401.82] Log: Wrote profile (902 bytes) to disk.
[0407.37] Log: Primary PhysX scene will be in software.
[0407.37] Log: Creating Primary PhysX Scene.
[0407.40] Log: Bringing World Loader.TheWorld up for play (90) at 2021.07.23-20.30.24
[0407.41] Log: Bringing up level for play took: 0.046231
[0407.43] Log: Using cached profile data instead of reading
[0407.44] Log: Using cached profile data instead of reading
[0814.26] Log: Primary PhysX scene will be in software.
[0814.26] Log: Creating Primary PhysX Scene.
[0814.29] Log: Bringing World menumap.TheWorld up for play (0) at 2021.07.23-20.37.11
[0814.30] Log: Bringing up level for play took: 0.408056
[0814.31] Log: Using cached profile data instead of reading
[0814.31] Log: Using cached profile data instead of reading
[0832.62] Log: Primary PhysX scene will be in software.
[0832.62] Log: Creating Primary PhysX Scene.
[0832.66] Log: Bringing World Loader.TheWorld up for play (90) at 2021.07.23-20.37.29
[0832.66] Log: Bringing up level for play took: 0.065618
[0832.70] Log: Using cached profile data instead of reading
[0832.70] Log: Using cached profile data instead of reading
[0903.30] Log: Wrote profile (902 bytes) to disk.
[0904.26] Log: Primary PhysX scene will be in software.
[0904.26] Log: Creating Primary PhysX Scene.
[0904.29] Log: Bringing World menumap.TheWorld up for play (0) at 2021.07.23-20.38.41
[0904.30] Log: Bringing up level for play took: 0.419665
[0904.31] Log: Using cached profile data instead of reading
[0904.31] Log: Using cached profile data instead of reading
[0919.21] Log: Primary PhysX scene will be in software.
[0919.21] Log: Creating Primary PhysX Scene.
[0919.25] Log: Bringing World Loader.TheWorld up for play (90) at 2021.07.23-20.38.56
[0919.25] Log: Bringing up level for play took: 0.053651
[0919.30] Log: Using cached profile data instead of reading
[0919.30] Log: Using cached profile data instead of reading
[1002.99] Log: Wrote profile (902 bytes) to disk.
[1003.91] Log: Primary PhysX scene will be in software.
[1003.91] Log: Creating Primary PhysX Scene.
[1003.94] Log: Bringing World menumap.TheWorld up for play (0) at 2021.07.23-20.40.21
[1003.96] Log: Bringing up level for play took: 0.451980
[1003.96] Log: Using cached profile data instead of reading
[1003.97] Log: Using cached profile data instead of reading
[1087.08] Log: Primary PhysX scene will be in software.
[1087.08] Log: Creating Primary PhysX Scene.
[1087.11] Log: Bringing World ExampleEntry.TheWorld up for play (0) at 2021.07.23-20.41.44
[1087.11] Log: Bringing up level for play took: 0.028553
[1087.25] Log: Primary PhysX scene will be in software.
[1087.25] Log: Creating Primary PhysX Scene.
[1087.26] Log: Bringing World Loader.TheWorld up for play (0) at 2021.07.23-20.41.44
[1087.27] Log: Bringing up level for play took: 0.033565
[1087.28] Log: Using cached profile data instead of reading
[1087.28] Log: Using cached profile data instead of reading
[1091.57] Log: Wrote profile (902 bytes) to disk.
[1100.53] Log: Primary PhysX scene will be in software.
[1100.53] Log: Creating Primary PhysX Scene.
[1424.91] Log: Wrote profile (902 bytes) to disk.
[2007.40] Log: Primary PhysX scene will be in software.
[2007.40] Log: Creating Primary PhysX Scene.
[2272.28] Log: Wrote profile (902 bytes) to disk.
[2414.09] Log: Wrote profile (902 bytes) to disk.
[3458.21] Warning: Warning, FPhysXParticleSystem LargeGoo failed to be created in PhysX Sdk!
[3604.86] Log: Primary PhysX scene will be in software.
[3604.86] Log: Creating Primary PhysX Scene.
[3823.77] Log: Wrote profile (902 bytes) to disk.
[4344.14] Log: Wrote profile (902 bytes) to disk.
[4566.54] Log: Wrote profile (902 bytes) to disk.
[5296.17] Log: Wrote profile (902 bytes) to disk.
[6042.82] Log: Primary PhysX scene will be in software.
[6042.82] Log: Creating Primary PhysX Scene.
[6251.29] Log: Primary PhysX scene will be in software.
[6251.29] Log: Creating Primary PhysX Scene.
[6386.84] Log: Wrote profile (902 bytes) to disk.
[6388.07] Log: Primary PhysX scene will be in software.
[6388.07] Log: Creating Primary PhysX Scene.
[6388.10] Log: Bringing World menumap.TheWorld up for play (0) at 2021.07.23-22.10.05
[6388.12] Log: Bringing up level for play took: 0.522395
[6388.13] Log: Using cached profile data instead of reading
[6388.22] Log: Using cached profile data instead of reading
[6917.10] Log: Preparing to exit.
[6918.13] Log: Game engine shut down
[6918.19] Log: Windows client shut down
[6918.32] Log: AK Audio shut down.
[6919.80] Log: Object subsystem successfully closed.
[6919.85] Log: Shutting down FaceFX...
[6919.85] Log: FaceFX shutdown.
[6922.47] Log: Exiting.
[6922.61] Log: Log file closed, 07/23/21 22:18:59
