Log: Log file open, 07/16/21 20:25:01
Log: WinSock: version 1.1 (2.2), MaxSocks=32767, MaxUdp=65467
Log: Version: 8639
Log: Compiled (32-bit): May 28 2020 15:43:02
Log: Changelist: 2209847
Log: Command line: 
Log: Base directory: E:\SteamLibrary\steamapps\common\Borderlands 2\Binaries\Win32\
[0000.54] Log: BUILD NUMBER: 145
[0000.54] Log: BUILD CHANGELIST: 2209847
[0000.54] Log: BUILD TAG: MAN-TSFB0-145
[0000.54] Log: CPU Page size=4096, Processors=8
[0000.54] Log: High frequency timer resolution =10.000000 MHz
[0000.54] Log: Memory total: Physical=15.9GB Pagefile=33.7GB Virtual=4.0GB
[0000.68] Log: STEAMWORKS initialized 1
[0000.68] Log: Presizing for 0 objects not considered by GC, pre-allocating 0 bytes.
[0000.68] Log: Presizing GObjAvailable to 262144 slots (~1048576 bytes)
[0000.68] Log: Object subsystem initialized
[0000.68] Log:   Steamworks-provided language string: english
[0000.96] Log: OS stats:
[0000.96] Log: 	Windows 7 
[0000.96] Log: 	RemoteDesktop=0
[0000.96] Log: Memory stats:
[0000.96] Log: 	Physical: 16278MB
[0000.96] Log: 	Virtual: 4095MB
[0000.96] Log: 	PageFile: 34521MB
[0000.96] Log: CPU stats:
[0000.96] Log: 	MeasuredPerformanceTime: 95.558 (stored result)
[0000.96] Log: 	Hyperthreaded: 1
[0000.96] Log: 	NumProcessorsPerCPU: 1
[0000.96] Log: 	NumLogicalProcessors: 8
[0000.96] Log: 	NumPhysicalProcessors: 8
[0000.96] Log: 	MaxSpeed: 3401
[0000.96] Log: 	CurrentSpeed: 3401
[0000.96] Log: 	CoresPerProcessor: 8
[0000.96] Log: 	IsOnBattery: 0
[0000.96] Log: 	BatteryLevel: -1
[0000.96] Log: 	Manufacturer: Intel
[0000.96] Log: 	CPUName: INTEL Pentium-III
[0000.96] Log: 	L1CacheSize: -1
[0000.96] Log: 	L2CacheSize: -1
[0000.96] Log: 	Architecture: x86
[0000.96] Log: GPU stats:
[0000.96] Log: 	VendorID: 000010DE
[0000.96] Log: 	DeviceID: 00001C02
[0000.96] Log: 	DriverVersion: 27.21.14.5671
[0000.96] Log: 	DeviceName: NVIDIA GeForce GTX 1060 3GB
[0000.96] Log: 	DriverName: nvldumd.dll
[0000.96] Log: 	PixelShaderVersion: 3
[0000.96] Log: 	VertexShaderVersion: 3
[0000.96] Log: 	VRAMQuantity: 3008
[0000.96] Log: 	DedicatedVRAM: 2988
[0000.96] Log: 	AdapterCount: 2
[0000.96] Log: 	SupportsHardwareTnL: 1
[0000.96] Log: 	IsLowMemoryXPMachine: 0
[0000.97] Log: Machine  detected compatibility level: Composite: 4. CPU: 5. GPU: 4.
[0000.97] Log: Previous detected compatibility level: Composite: 4. CPU: 5. GPU: 4.
[0001.04] Log: Shader platform (RHI): PC-D3D-SM3
[0001.12] Log: PhysX GPU Support: DISABLED
[0001.13] Log: Initializing FaceFX...
[0001.13] Log: FaceFX 1.7.4 initialized.
[0008.22] Log: Finished loading startup packages in 6.95 seconds
[0008.24] Log: 155986 objects as part of root set at end of initial load.
[0008.24] Log: Initializing Engine...
[0008.27] Log: UEngine initialized
[0008.36] Log: AK Audio Device initialized.
[0008.63] Log: Client initialized
[0012.63] Log: Initializing Steamworks
[0013.22] Log: Primary PhysX scene will be in software.
[0013.22] Log: Creating Primary PhysX Scene.
[0013.25] Log: Bringing World menumap.TheWorld up for play (0) at 2021.07.16-20.25.14
[0013.27] Log: Bringing up level for play took: 0.208084
[0013.27] Log: Game engine initialized
[0013.30] Log: Initializing Engine Completed
[0014.57] Log: >>>>>>>>>>>>>> Initial startup: 14.57s <<<<<<<<<<<<<<<
[0025.50] Log: Validating Bundle: Allium
[0025.50] Log: Validating Bundle: Allium
[0025.50] Log: Validating Bundle: Anecana
[0025.60] Log: Validating Bundle: Anemone
[0025.73] Log: Validating Bundle: Aster
[0025.73] Log: Validating Bundle: Aster
[0025.74] Log: Validating Bundle: CommDay2013
[0025.76] Log: Validating Bundle: Flax
[0025.78] Log: Validating Bundle: Flax
[0025.78] Log: Validating Bundle: Gardenia01
[0025.78] Log: Validating Bundle: Gardenia01
[0025.79] Log: Validating Bundle: Gardenia04
[0025.79] Log: Validating Bundle: Gardenia04
[0025.79] Log: Validating Bundle: Gardenia05
[0025.79] Log: Validating Bundle: Gardenia05
[0025.81] Log: Validating Bundle: Gladiolus
[0025.81] Log: Validating Bundle: Gladiolus
[0025.87] Log: Validating Bundle: Iris
[0025.89] Log: Validating Bundle: Iris
[0025.90] Log: Validating Bundle: Lilac
[0025.90] Log: Validating Bundle: Lilac
[0025.94] Log: Validating Bundle: Lobelia
[0025.95] Log: Validating Bundle: Lobelia
[0025.95] Log: Validating Bundle: LootChest2
[0025.95] Log: Validating Bundle: Mancana
[0026.02] Log: Validating Bundle: Nasturtium
[0026.02] Log: Validating Bundle: Nasturtium
[0026.11] Log: Validating Bundle: Orchid
[0026.15] Log: Validating Bundle: Orchid
[0026.15] Log: Validating Bundle: Peony
[0026.16] Log: Validating Bundle: PN2
[0026.16] Log: Validating Bundle: POCollectors
[0026.16] Log: Validating Bundle: POGamestop
[0026.16] Log: Validating Bundle: POPremierClub
[0026.24] Log: Validating Bundle: Sage
[0026.26] Log: Validating Bundle: Sage
[0026.64] Log: Validating Bundle: Tulip
[0050.23] Log: Primary PhysX scene will be in software.
[0050.23] Log: Creating Primary PhysX Scene.
[0050.25] Log: Bringing World ExampleEntry.TheWorld up for play (0) at 2021.07.16-20.25.51
[0050.25] Log: Bringing up level for play took: 0.025549
[0050.40] Log: Primary PhysX scene will be in software.
[0050.40] Log: Creating Primary PhysX Scene.
[0050.42] Log: Bringing World Loader.TheWorld up for play (0) at 2021.07.16-20.25.51
[0050.43] Log: Bringing up level for play took: 0.035472
[0050.43] Log: Using cached profile data instead of reading
[0050.43] Log: Using cached profile data instead of reading
[0128.20] Log: Primary PhysX scene will be in software.
[0128.20] Log: Creating Primary PhysX Scene.
[0145.56] Log: Primary PhysX scene will be in software.
[0145.56] Log: Creating Primary PhysX Scene.
[0145.59] Log: Bringing World menumap.TheWorld up for play (0) at 2021.07.16-20.27.26
[0145.61] Log: Bringing up level for play took: 0.400291
[0145.61] Log: Using cached profile data instead of reading
[0145.62] Log: Using cached profile data instead of reading
[0150.25] Log: Primary PhysX scene will be in software.
[0150.25] Log: Creating Primary PhysX Scene.
[0150.27] Log: Bringing World ExampleEntry.TheWorld up for play (0) at 2021.07.16-20.27.31
[0150.27] Log: Bringing up level for play took: 0.025971
[0150.40] Log: Primary PhysX scene will be in software.
[0150.40] Log: Creating Primary PhysX Scene.
[0150.42] Log: Bringing World Loader.TheWorld up for play (0) at 2021.07.16-20.27.31
[0150.42] Log: Bringing up level for play took: 0.032483
[0150.43] Log: Using cached profile data instead of reading
[0150.43] Log: Using cached profile data instead of reading
[0327.00] Log: Primary PhysX scene will be in software.
[0327.00] Log: Creating Primary PhysX Scene.
[0859.89] Log: Primary PhysX scene will be in software.
[0859.89] Log: Creating Primary PhysX Scene.
[0863.08] Log: Wrote profile (722 bytes) to disk.
[0938.23] Log: Primary PhysX scene will be in software.
[0938.23] Log: Creating Primary PhysX Scene.
[1487.82] Log: Wrote profile (721 bytes) to disk.
[2379.44] Log: Primary PhysX scene will be in software.
[2379.44] Log: Creating Primary PhysX Scene.
[2560.54] Log: Wrote profile (720 bytes) to disk.
[3035.89] Log: Primary PhysX scene will be in software.
[3035.89] Log: Creating Primary PhysX Scene.
[3087.79] Log: Primary PhysX scene will be in software.
[3087.79] Log: Creating Primary PhysX Scene.
[3087.81] Log: Bringing World menumap.TheWorld up for play (0) at 2021.07.16-21.16.28
[3087.82] Log: Bringing up level for play took: 0.371424
[3087.83] Log: Using cached profile data instead of reading
[3087.84] Log: Using cached profile data instead of reading
[3094.05] Log: Primary PhysX scene will be in software.
[3094.05] Log: Creating Primary PhysX Scene.
[3094.07] Log: Bringing World ExampleEntry.TheWorld up for play (0) at 2021.07.16-21.16.35
[3094.07] Log: Bringing up level for play took: 0.024149
[3094.19] Log: Primary PhysX scene will be in software.
[3094.19] Log: Creating Primary PhysX Scene.
[3094.21] Log: Bringing World Loader.TheWorld up for play (0) at 2021.07.16-21.16.35
[3094.22] Log: Bringing up level for play took: 0.029522
[3094.22] Log: Using cached profile data instead of reading
[3094.23] Log: Using cached profile data instead of reading
[3141.78] Log: Primary PhysX scene will be in software.
[3141.78] Log: Creating Primary PhysX Scene.
[3765.91] Log: Primary PhysX scene will be in software.
[3765.91] Log: Creating Primary PhysX Scene.
[3765.94] Log: Bringing World menumap.TheWorld up for play (0) at 2021.07.16-21.27.47
[3765.96] Log: Bringing up level for play took: 0.431009
[3765.96] Log: Using cached profile data instead of reading
[3765.97] Log: Using cached profile data instead of reading
[3770.73] Log: Closing by request
[3770.78] Log: Preparing to exit.
[3771.38] Log: Game engine shut down
[3771.57] Log: Windows client shut down
[3771.66] Log: AK Audio shut down.
[3772.18] Log: Object subsystem successfully closed.
[3773.13] Log: Shutting down FaceFX...
[3773.13] Log: FaceFX shutdown.
[3773.84] Log: Exiting.
[3773.87] Log: Log file closed, 07/16/21 21:27:54
