Log: Log file open, 07/20/21 21:39:17
Log: WinSock: version 1.1 (2.2), MaxSocks=32767, MaxUdp=65467
Log: Version: 8639
Log: Compiled (32-bit): May 28 2020 15:43:02
Log: Changelist: 2209847
Log: Command line: 
Log: Base directory: E:\SteamLibrary\steamapps\common\Borderlands 2\Binaries\Win32\
[0001.32] Log: BUILD NUMBER: 145
[0001.32] Log: BUILD CHANGELIST: 2209847
[0001.32] Log: BUILD TAG: MAN-TSFB0-145
[0001.32] Log: CPU Page size=4096, Processors=8
[0001.32] Log: High frequency timer resolution =10.000000 MHz
[0001.32] Log: Memory total: Physical=15.9GB Pagefile=33.7GB Virtual=4.0GB
[0001.45] Log: STEAMWORKS initialized 1
[0001.45] Log: Presizing for 0 objects not considered by GC, pre-allocating 0 bytes.
[0001.45] Log: Presizing GObjAvailable to 262144 slots (~1048576 bytes)
[0001.45] Log: Object subsystem initialized
[0001.45] Log:   Steamworks-provided language string: english
[0001.88] Log: OS stats:
[0001.88] Log: 	Windows 7 
[0001.88] Log: 	RemoteDesktop=0
[0001.88] Log: Memory stats:
[0001.88] Log: 	Physical: 16278MB
[0001.88] Log: 	Virtual: 4095MB
[0001.88] Log: 	PageFile: 34517MB
[0001.88] Log: CPU stats:
[0001.88] Log: 	MeasuredPerformanceTime: 95.558 (stored result)
[0001.88] Log: 	Hyperthreaded: 1
[0001.88] Log: 	NumProcessorsPerCPU: 1
[0001.88] Log: 	NumLogicalProcessors: 8
[0001.88] Log: 	NumPhysicalProcessors: 8
[0001.88] Log: 	MaxSpeed: 3401
[0001.88] Log: 	CurrentSpeed: 3401
[0001.88] Log: 	CoresPerProcessor: 8
[0001.88] Log: 	IsOnBattery: 0
[0001.88] Log: 	BatteryLevel: -1
[0001.88] Log: 	Manufacturer: Intel
[0001.88] Log: 	CPUName: INTEL Pentium-III
[0001.88] Log: 	L1CacheSize: -1
[0001.88] Log: 	L2CacheSize: -1
[0001.88] Log: 	Architecture: x86
[0001.88] Log: GPU stats:
[0001.88] Log: 	VendorID: 000010DE
[0001.88] Log: 	DeviceID: 00001C02
[0001.88] Log: 	DriverVersion: 27.21.14.5671
[0001.88] Log: 	DeviceName: NVIDIA GeForce GTX 1060 3GB
[0001.88] Log: 	DriverName: nvldumd.dll
[0001.88] Log: 	PixelShaderVersion: 3
[0001.88] Log: 	VertexShaderVersion: 3
[0001.88] Log: 	VRAMQuantity: 3008
[0001.88] Log: 	DedicatedVRAM: 2988
[0001.88] Log: 	AdapterCount: 2
[0001.88] Log: 	SupportsHardwareTnL: 1
[0001.88] Log: 	IsLowMemoryXPMachine: 0
[0001.89] Log: Machine  detected compatibility level: Composite: 4. CPU: 5. GPU: 4.
[0001.89] Log: Previous detected compatibility level: Composite: 4. CPU: 5. GPU: 4.
[0001.95] Log: Shader platform (RHI): PC-D3D-SM3
[0003.60] Log: PhysX GPU Support: DISABLED
[0003.67] Log: Initializing FaceFX...
[0003.67] Log: FaceFX 1.7.4 initialized.
[0015.71] Log: Finished loading startup packages in 11.90 seconds
[0015.72] Log: 155986 objects as part of root set at end of initial load.
[0015.72] Log: Initializing Engine...
[0015.81] Log: UEngine initialized
[0016.20] Log: AK Audio Device initialized.
[0017.28] Log: Client initialized
[0026.28] Log: Initializing Steamworks
[0027.43] Log: Primary PhysX scene will be in software.
[0027.43] Log: Creating Primary PhysX Scene.
[0027.46] Log: Bringing World menumap.TheWorld up for play (0) at 2021.07.20-21.39.44
[0027.47] Log: Bringing up level for play took: 0.293494
[0027.54] Log: Game engine initialized
[0027.59] Log: Initializing Engine Completed
[0028.46] Log: >>>>>>>>>>>>>> Initial startup: 28.46s <<<<<<<<<<<<<<<
[0040.29] Log: Validating Bundle: Allium
[0040.31] Log: Validating Bundle: Allium
[0040.34] Log: Validating Bundle: Anecana
[0040.50] Log: Validating Bundle: Anemone
[0040.83] Log: Validating Bundle: Aster
[0040.86] Log: Validating Bundle: Aster
[0040.89] Log: Validating Bundle: CommDay2013
[0040.92] Log: Validating Bundle: Flax
[0040.94] Log: Validating Bundle: Flax
[0040.95] Log: Validating Bundle: Gardenia01
[0040.97] Log: Validating Bundle: Gardenia01
[0041.03] Log: Validating Bundle: Gardenia04
[0041.05] Log: Validating Bundle: Gardenia04
[0041.34] Log: Validating Bundle: Gardenia05
[0041.53] Log: Validating Bundle: Gardenia05
[0041.57] Log: Validating Bundle: Gladiolus
[0041.58] Log: Validating Bundle: Gladiolus
[0041.70] Log: Validating Bundle: Iris
[0041.73] Log: Validating Bundle: Iris
[0041.76] Log: Validating Bundle: Lilac
[0041.78] Log: Validating Bundle: Lilac
[0041.83] Log: Validating Bundle: Lobelia
[0041.84] Log: Validating Bundle: Lobelia
[0041.86] Log: Validating Bundle: LootChest2
[0041.92] Log: Validating Bundle: Mancana
[0041.99] Log: Validating Bundle: Nasturtium
[0042.00] Log: Validating Bundle: Nasturtium
[0042.16] Log: Validating Bundle: Orchid
[0042.18] Log: Validating Bundle: Orchid
[0042.21] Log: Validating Bundle: Peony
[0042.23] Log: Validating Bundle: PN2
[0042.24] Log: Validating Bundle: POCollectors
[0042.26] Log: Validating Bundle: POGamestop
[0042.28] Log: Validating Bundle: POPremierClub
[0042.44] Log: Validating Bundle: Sage
[0042.45] Log: Validating Bundle: Sage
[0042.50] Log: Validating Bundle: Tulip
[0079.20] Log: Primary PhysX scene will be in software.
[0079.20] Log: Creating Primary PhysX Scene.
[0079.22] Log: Bringing World ExampleEntry.TheWorld up for play (0) at 2021.07.20-21.40.36
[0079.22] Log: Bringing up level for play took: 0.060692
[0079.34] Log: Primary PhysX scene will be in software.
[0079.34] Log: Creating Primary PhysX Scene.
[0079.36] Log: Bringing World Loader.TheWorld up for play (0) at 2021.07.20-21.40.36
[0079.37] Log: Bringing up level for play took: 0.033901
[0079.37] Log: Using cached profile data instead of reading
[0079.38] Log: Using cached profile data instead of reading
[0094.54] Log: Primary PhysX scene will be in software.
[0094.54] Log: Creating Primary PhysX Scene.
[0094.58] Log: Bringing World Loader.TheWorld up for play (90) at 2021.07.20-21.40.51
[0094.58] Log: Bringing up level for play took: 0.053449
[0094.65] Log: Using cached profile data instead of reading
[0094.68] Log: Using cached profile data instead of reading
[0275.11] Log: Primary PhysX scene will be in software.
[0275.11] Log: Creating Primary PhysX Scene.
[0382.20] Log: Wrote profile (883 bytes) to disk.
[1084.59] Log: Wrote profile (883 bytes) to disk.
[1253.55] Log: Primary PhysX scene will be in software.
[1253.55] Log: Creating Primary PhysX Scene.
[2052.02] Log: Wrote profile (882 bytes) to disk.
[2569.08] Log: Wrote profile (883 bytes) to disk.
[3749.48] Log: Primary PhysX scene will be in software.
[3749.48] Log: Creating Primary PhysX Scene.
[4057.28] Log: Wrote profile (883 bytes) to disk.
[4088.12] Log: Primary PhysX scene will be in software.
[4088.12] Log: Creating Primary PhysX Scene.
[4088.14] Log: Bringing World menumap.TheWorld up for play (0) at 2021.07.20-22.47.25
[4088.16] Log: Bringing up level for play took: 0.983613
[4088.21] Log: Using cached profile data instead of reading
[4088.22] Log: Using cached profile data instead of reading
[4096.45] Log: Closing by request
[4096.54] Log: Preparing to exit.
[4097.67] Log: Game engine shut down
[4099.12] Log: Windows client shut down
[4099.42] Log: AK Audio shut down.
[4100.37] Log: Object subsystem successfully closed.
[4100.39] Log: Shutting down FaceFX...
[4100.39] Log: FaceFX shutdown.
[4101.90] Log: Exiting.
[4102.11] Log: Log file closed, 07/20/21 22:47:39
