E:\Repos\f4se\Buffout4\src\main.cpp(50): [info] Buffout4 v1.23.0
E:\Repos\f4se\Buffout4\extern\CommonLibF4\CommonLibF4\include\F4SE\Trampoline.cpp(114): [info] Default Trampoline => 0B / 256B (00.00%)
E:\Repos\f4se\Buffout4\src\Crash\CrashHandler.cpp(632): [info] installed crash handlers
E:\Repos\f4se\Buffout4\src\Patches\AchievementsPatch.cpp(76): [info] installed Achievements patch
E:\Repos\f4se\Buffout4\extern\CommonLibF4\CommonLibF4\include\F4SE\Trampoline.cpp(114): [info] Default Trampoline => 14B / 256B (05.47%)
E:\Repos\f4se\Buffout4\src\Patches/BSMTAManagerPatch.h(140): [info] installed BSMTAManager patch
E:\Repos\f4se\Buffout4\src\Patches/BSPreCulledObjectsPatch.h(437): [info] installed BSPreCulledObjects patch
E:\Repos\f4se\Buffout4\src\Patches/BSTextureStreamerLocalHeapPatch.h(65): [info] installed BSTextureStreamerLocalHeap patch
E:\Repos\f4se\Buffout4\extern\CommonLibF4\CommonLibF4\include\F4SE\Trampoline.cpp(114): [info] Default Trampoline => 28B / 256B (10.94%)
E:\Repos\f4se\Buffout4\src\Patches/HavokMemorySystemPatch.h(168): [info] installed HavokMemorySystem patch
E:\Repos\f4se\Buffout4\src\Patches/INISettingCollectionPatch.h(25): [info] installed INISettingCollection patch
E:\Repos\f4se\Buffout4\extern\CommonLibF4\CommonLibF4\include\F4SE\Trampoline.cpp(114): [info] Default Trampoline => 42B / 256B (16.41%)
E:\Repos\f4se\Buffout4\src\Patches/MemoryManagerPatch.h(279): [info] installed MemoryManager patch
E:\Repos\f4se\Buffout4\extern\CommonLibF4\CommonLibF4\include\F4SE\Trampoline.cpp(114): [info] Default Trampoline => 56B / 256B (21.88%)
E:\Repos\f4se\Buffout4\src\Patches/ScaleformAllocatorPatch.h(67): [info] installed ScaleformAllocator patch
E:\Repos\f4se\Buffout4\src\Patches/SmallBlockAllocatorPatch.h(35): [info] installed SmallBlockAllocator patch
E:\Repos\f4se\Buffout4\src\Patches/WorkshopMenuPatch.h(585): [info] installed WorkshopMenu patch
E:\Repos\f4se\Buffout4\src\Fixes/ActorIsHostileToActorFix.h(30): [info] installed ActorIsHostileToActor fix
E:\Repos\f4se\Buffout4\extern\CommonLibF4\CommonLibF4\include\F4SE\Trampoline.cpp(114): [info] Default Trampoline => 71B / 256B (27.73%)
E:\Repos\f4se\Buffout4\extern\CommonLibF4\CommonLibF4\include\F4SE\Trampoline.cpp(114): [info] Default Trampoline => 85B / 256B (33.20%)
E:\Repos\f4se\Buffout4\src\Fixes\CellInitFix.cpp(75): [info] installed CellInit fix
E:\Repos\f4se\Buffout4\extern\CommonLibF4\CommonLibF4\include\F4SE\Trampoline.cpp(114): [info] Default Trampoline => 93B / 256B (36.33%)
E:\Repos\f4se\Buffout4\src\Fixes/GreyMoviesFix.h(23): [info] installed GreyMovies fix
E:\Repos\f4se\Buffout4\src\Fixes/MagicEffectApplyEventFix.h(27): [info] installed SafeExit fix
E:\Repos\f4se\Buffout4\extern\CommonLibF4\CommonLibF4\include\F4SE\Trampoline.cpp(114): [info] Default Trampoline => 107B / 256B (41.80%)
E:\Repos\f4se\Buffout4\src\Fixes/MovementPlannerFix.h(22): [info] installed MovementPlanner fix
E:\Repos\f4se\Buffout4\extern\CommonLibF4\CommonLibF4\include\F4SE\Trampoline.cpp(114): [info] Default Trampoline => 121B / 256B (47.27%)
E:\Repos\f4se\Buffout4\src\Fixes/PackageAllocateLocationFix.h(22): [info] installed PackageAllocateLocation fix
E:\Repos\f4se\Buffout4\extern\CommonLibF4\CommonLibF4\include\F4SE\Trampoline.cpp(114): [info] Default Trampoline => 135B / 256B (52.73%)
E:\Repos\f4se\Buffout4\src\Fixes/SafeExitFix.h(18): [info] installed SafeExit fix
E:\Repos\f4se\Buffout4\src\Fixes/UnalignedLoadFix.h(33): [info] installed UnalignedLoad fix
E:\Repos\f4se\Buffout4\extern\CommonLibF4\CommonLibF4\include\F4SE\Trampoline.cpp(114): [info] Default Trampoline => 151B / 256B (58.98%)
E:\Repos\f4se\Buffout4\extern\CommonLibF4\CommonLibF4\include\F4SE\Trampoline.cpp(114): [info] Default Trampoline => 159B / 256B (62.11%)
E:\Repos\f4se\Buffout4\extern\CommonLibF4\CommonLibF4\include\F4SE\Trampoline.cpp(114): [info] Default Trampoline => 176B / 256B (68.75%)
E:\Repos\f4se\Buffout4\extern\CommonLibF4\CommonLibF4\include\F4SE\Trampoline.cpp(114): [info] Default Trampoline => 184B / 256B (71.88%)
E:\Repos\f4se\Buffout4\src\Warn