Fallout 4 v1.10.163
Buffout 4 v1.23.0

Unhandled exception "EXCEPTION_ACCESS_VIOLATION" at 0x7FF66163654F Fallout4.exe+02A654F

SETTINGS:
	[Compatibility]
		F4EE: false
	[Fixes]
		ActorIsHostileToActor: true
		CellInit: true
		EncounterZoneReset: true
		GreyMovies: true
		MagicEffectApplyEvent: true
		MovementPlanner: true
		PackageAllocateLocation: true
		SafeExit: true
		UnalignedLoad: true
		UtilityShader: true
	[Patches]
		Achievements: true
		BSMTAManager: true
		BSPreCulledObjects: true
		BSTextureStreamerLocalHeap: true
		HavokMemorySystem: true
		INISettingCollection: true
		MaxStdIO: -1
		MemoryManager: true
		MemoryManagerDebug: false
		ScaleformAllocator: true
		SmallBlockAllocator: true
		WorkshopMenu: true
	[Warnings]
		CreateTexture2D: true
		ImageSpaceAdapter: true

SYSTEM SPECS:
	OS: Microsoft Windows 10 Home Single Language v10.0.19041
	CPU: GenuineIntel Intel(R) Core(TM) i7-2600 CPU @ 3.40GHz
	GPU #1: Nvidia GM206 [GeForce GTX 960]
	GPU #2: Microsoft Basic Render Driver
	PHYSICAL MEMORY: 13.69 GB/15.97 GB

PROBABLE CALL STACK:
	[0] 0x7FF66163654F Fallout4.exe+02A654F -> 842114+0x1F
	[1] 0x7FF661947EC8 Fallout4.exe+05B7EC8 -> 561320+0x818
	[2] 0x7FF6614E2C3C Fallout4.exe+0152C3C -> 1420843+0x7C
	[3] 0x7FF6614B84CD Fallout4.exe+01284CD -> 1551875+0x4D
	[4] 0x7FF662EE0F26 Fallout4.exe+1B50F26 -> 329005+0xC6
	[5] 0x7FF662EE1432 Fallout4.exe+1B51432 -> 194800+0x202
	[6] 0x7FF662EE3F67 Fallout4.exe+1B53F67 -> 1492866+0x67
	[7] 0x7FF662EACFED Fallout4.exe+1B1CFED -> 1079791+0x3D
	[8] 0x7FFC979F7034 KERNEL32.DLL+0017034
	[9] 0x7FFC99082651    ntdll.dll+0052651

REGISTERS:
	RAX 0xFFFFFFFF         (size_t)
	RCX 0x1763D425700      (BGSCharacterTint::Template::TextureSet*)
	RDX 0x175F303BFE0      (void*)
	RBX 0xA54              (size_t)
	RSP 0x67FB3BFA58       (void*)
	RBP 0x67FB3BFAD8       (void*)
	RSI 0x1763D425700      (BGSCharacterTint::Template::TextureSet*)
	RDI 0x176343F2080      (TESNPC*)
		File: "FurryPatch.esp"
		Flags: 0x00040001
		Form ID: 0x0004A517
		Form Type: 45
		Full Name: "Me"
	R8  0x1763D425000      (void*)
	R9  0x82803            (size_t)
	R10 0x2B801            (size_t)
	R11 0x2002DB4          (size_t)
	R12 0x0                (size_t)
	R13 0xFFFF             (size_t)
	R14 0x0                (size_t)
	R15 0x1762EBAF900      (TESRace*)
		File: "NPCs Protected Not Essential.esp"
		Flags: 0x00000009
		Form ID: 0x0011D83F
		Form Type: 17
		Full Name: "Human"

STACK:
	[RSP+0  ] 0x7FF661947EC8     (void* -> Fallout4.exe+05B7EC8)
	[RSP+8  ] 0x17650242F00      (BGSCharacterTint::PaletteEntry*)
	[RSP+10 ] 0x1763D2A0484      (void*)
	[RSP+18 ] 0x0                (size_t)
	[RSP+20 ] 0x1763D425700      (BGSCharacterTint::Template::TextureSet*)
	[RSP+28 ] 0x67FB3BFAF8       (void*)
	[RSP+30 ] 0x7FF666F78088     (void* -> Fallout4.exe+5BE8088)
	[RSP+38 ] 0x175BF0A6A20      (ScrapHeap*)
	[RSP+40 ] 0x17650D55C40      (void*)
	[RSP+48 ] 0x8                (size_t)
	[RSP+50 ] 0x17600000005      (void*)
	[RSP+58 ] 0x7FF666F78084     (void* -> Fallout4.exe+5BE8084)
	[RSP+60 ] 0x1                (size_t)
	[RSP+68 ] 0x7FF666F78080     (void* -> Fallout4.exe+5BE8080)
	[RSP+70 ] 0x7FF666F78088     (void* -> Fallout4.exe+5BE8088)
	[RSP+78 ] 0x175BF0A6AC0      (char*) "b"
	[RSP+80 ] 0x176343F2080      (TESNPC*)
		File: "FurryPatch.esp"
		Flags: 0x00040001
		Form ID: 0x0004A517
		Form Type: 45
		Full Name: "Me"
	[RSP+88 ] 0x0                (size_t)
	[RSP+90 ] 0x7FF6614E2C3C     (void* -> Fallout4.exe+0152C3C)
	[RSP+98 ] 0x17600000000      (void*)
	[RSP+A0 ] 0x5                (size_t)
	[RSP+A8 ] 0x2                (size_t)
	[RSP+B0 ] 0x17650273A00      (TESObjectARMO*)
		File: "FurryFalloutNPCs.esp"
		Flags: 0x00000008
		Form ID: 0x2A0098E0
		Form Type: 29
		Full Name: "AMELIA - Drone Head"
	[RSP+B8 ] 0x176343F2080      (TESNPC*)
		File: "FurryPatch.esp"
		Flags: 0x00040001
		Form ID: 0x0004A517
		Form Type: 45
		Full Name: "Me"
	[RSP+C0 ] 0x176343F2178      (TESNPC*)
		File: "FurryPatch.esp"
		Flags: 0x00040001
		Form ID: 0x0004A517
		Form Type: 45
		Full Name: "Me"
	[RSP+C8 ] 0x176343F20E8      (TESNPC*)
		File: "FurryPatch.esp"
		Flags: 0x00040001
		Form ID: 0x0004A517
		Form Type: 45
		Full Name: "Me"
	[RSP+D0 ] 0x0                (size_t)
	[RSP+D8 ] 0x0                (size_t)
	[RSP+E0 ] 0x176343F2150      (TESNPC*)
		File: "FurryPatch.esp"
		Flags: 0x00040001
		Form ID: 0x0004A517
		Form Type: 45
		Full Name: "Me"
	[RSP+E8 ] 0x0                (size_t)
	[RSP+F0 ] 0x0                (size_t)
	[RSP+F8 ] 0x176343F21A0      (TESNPC*)
		File: "FurryPatch.esp"
		Flags: 0x00040001
		Form ID: 0x0004A517
		Form Type: 45
		Full Name: "Me"
	[RSP+100] 0x0                (size_t)
	[RSP+108] 0x0                (size_t)
	[RSP+110] 0x0                (size_t)
	[RSP+118] 0x0                (size_t)
	[RSP+120] 0x0                (size_t)
	[RSP+128] 0x176343F2230      (TESNPC*)
		File: "FurryPatch.esp"
		Flags: 0x00040001
		Form ID: 0x0004A517
		Form Type: 45
		Full Name: "Me"
	[RSP+130] 0x0                (size_t)
	[RSP+138] 0x176343F2168      (TESNPC*)
		File: "FurryPatch.esp"
		Flags: 0x00040001
		Form ID: 0x0004A517
		Form Type: 45
		Full Name: "Me"
	[RSP+140] 0x0                (size_t)
	[RSP+148] 0x0                (size_t)
	[RSP+150] 0x0                (size_t)
	[RSP+158] 0x0                (size_t)
	[RSP+160] 0x176343F21B8      (TESNPC*)
		File: "FurryPatch.esp"
		Flags: 0x00040001
		Form ID: 0x0004A517
		Form Type: 45
		Full Name: "Me"
	[RSP+168] 0x0                (size_t)
	[RSP+170] 0x0                (size_t)
	[RSP+178] 0x0                (size_t)
	[RSP+180] 0x0                (size_t)
	[RSP+188] 0x0                (size_t)
	[RSP+190] 0x0                (size_t)
	[RSP+198] 0x176343F21C8      (TESNPC*)
		File: "FurryPatch.esp"
		Flags: 0x00040001
		Form ID: 0x0004A517
		Form Type: 45
		Full Name: "Me"
	[RSP+1A0] 0x176343F21D8      (TESNPC*)
		File: "FurryPatch.esp"
		Flags: 0x00040001
		Form ID: 0x0004A517
		Form Type: 45
		Full Name: "Me"
	[RSP+1A8] 0x0                (size_t)
	[RSP+1B0] 0x0                (size_t)
	[RSP+1B8] 0x176343F21F8      (TESNPC*)
		File: "FurryPatch.esp"
		Flags: 0x00040001
		Form ID: 0x0004A517
		Form Type: 45
		Full Name: "Me"
	[RSP+1C0] 0x176343F2240      (TESNPC*)
		File: "FurryPatch.esp"
		Flags: 0x00040001
		Form ID: 0x0004A517
		Form Type: 45
		Full Name: "Me"
	[RSP+1C8] 0x176343F2208      (TESNPC*)
		File: "FurryPatch.esp"
		Flags: 0x00040001
		Form ID: 0x0004A517
		Form Type: 45
		Full Name: "Me"
	[RSP+1D0] 0x176343F22A0      (BGSAttachParentArray*)
	[RSP+1D8] 0x176343F20B0      (BGSMod::Template::Items*)
	[RSP+1E0] 0x176343F20D0      (BGSPreviewTransform*)
	[RSP+1E8] 0x0                (size_t)
	[RSP+1F0] 0x0                (size_t)
	[RSP+1F8] 0x176343F2220      (TESNPC*)
		File: "FurryPatch.esp"
		Flags: 0x00040001
		Form ID: 0x0004A517
		Form Type: 45
		Full Name: "Me"
	[RSP+200] 0x176343F2278      (TESNPC*)
		File: "FurryPatch.esp"
		Flags: 0x00040001
		Form ID: 0x0004A517
		Form Type: 45
		Full Name: "Me"
	[RSP+208] 0x176343F2288      (TESNPC*)
		File: "FurryPatch.esp"
		Flags: 0x00040001
		Form ID: 0x0004A517
		Form Type: 45
		Full Name: "Me"
	[RSP+210] 0x0                (size_t)
	[RSP+218] 0x176343F20E0      (BGSSoundTagComponent*)
	[RSP+220] 0x0                (size_t)
	[RSP+228] 0x1763D87D048      (void*)
	[RSP+230] 0x7FF6614B84CD     (void* -> Fallout4.exe+01284CD)
	[RSP+238] 0x1763D876028      (void*)
	[RSP+240] 0x0                (size_t)
	[RSP+248] 0x0                (size_t)
	[RSP+250] 0x7FFC96761A5E     (void* -> KERNELBASE.dll+0021A5E)
	[RSP+258] 0x1764B7D5DE0      (void*)
	[RSP+260] 0x7FF662EE0F26     (void* -> Fallout4.exe+1B50F26)
	[RSP+268] 0x7FF666F7A088     (void* -> Fallout4.exe+5BEA088)
	[RSP+270] 0x0                (size_t)
	[RSP+278] 0x0                (size_t)
	[RSP+280] 0x7FF66310C6DE     (void* -> Fallout4.exe+1D7C6DE)
	[RSP+288] 0x0                (size_t)
	[RSP+290] 0x0                (size_t)
	[RSP+298] 0x0                (size_t)
	[RSP+2A0] 0x0                (size_t)
	[RSP+2A8] 0x7FF666F7A038     (BSJobs::JobThread*)
	[RSP+2B0] 0x7FF662EE1432     (void* -> Fallout4.exe+1B51432)
	[RSP+2B8] 0x0                (size_t)
	[RSP+2C0] 0x7FF666F7A038     (BSJobs::JobThread*)
	[RSP+2C8] 0x0                (size_t)
	[RSP+2D0] 0x67FB3BFD80       (char*) "PH"
	[RSP+2D8] 0x0                (size_t)
	[RSP+2E0] 0x0                (size_t)
	[RSP+2E8] 0x0                (size_t)
	[RSP+2F0] 0x7FF662EE3F67     (void* -> Fallout4.exe+1B53F67)
	[RSP+2F8] 0x7FF666F7A038     (BSJobs::JobThread*)
	[RSP+300] 0x0                (size_t)
	[RSP+308] 0x0                (size_t)
	[RSP+310] 0x0                (size_t)
	[RSP+318] 0x7FF666F7A038     (BSJobs::JobThread*)
	[RSP+320] 0x7FF662EACFED     (void* -> Fallout4.exe+1B1CFED)
	[RSP+328] 0x4850             (size_t)
	[RSP+330] 0x67FB3BFDA0       (void*)
	[RSP+338] 0x175F2F1BC90      (void*)
	[RSP+340] 0x0                (size_t)
	[RSP+348] 0x7FF666F7A038     (BSJobs::JobThread*)
	[RSP+350] 0x0                (size_t)
	[RSP+358] 0x0                (size_t)
	[RSP+360] 0x7FFC979F7034     (void* -> KERNEL32.DLL+0017034)
	[RSP+368] 0x0                (size_t)
	[RSP+370] 0x0                (size_t)
	[RSP+378] 0x0                (size_t)
	[RSP+380] 0x0                (size_t)
	[RSP+388] 0x0                (size_t)
	[RSP+390] 0x7FFC99082651     (void* -> ntdll.dll+0052651)
	[RSP+398] 0x0                (size_t)
	[RSP+3A0] 0x0                (size_t)
	[RSP+3A8] 0x0                (size_t)
	[RSP+3B0] 0x0                (size_t)
	[RSP+3B8] 0x0                (size_t)
	[RSP+3C0] 0x0                (size_t)
	[RSP+3C8] 0xD8663A8A00000000 (size_t)
	[RSP+3D0] 0x0                (size_t)
	[RSP+3D8] 0x0                (size_t)
	[RSP+3E0] 0x7FFC9684B610     (void* -> KERNELBASE.dll+010B610)
	[RSP+3E8] 0x67FB3BEBC0       (void*)
	[RSP+3F0] 0x2680001FFF13B8A3 (size_t)
	[RSP+3F8] 0x7FFC4EE28C9A     (size_t)
	[RSP+400] 0x67FB3BEBC0       (void*)
	[RSP+408] 0x0                (size_t)
	[RSP+410] 0x0                (size_t)
	[RSP+418] 0x0                (size_t)
	[RSP+420] 0x0                (size_t)
	[RSP+428] 0x0                (size_t)
	[RSP+430] 0x0                (size_t)
	[RSP+438] 0x0                (size_t)
	[RSP+440] 0x0                (size_t)
	[RSP+448] 0x0                (size_t)
	[RSP+450] 0x0                (size_t)
	[RSP+458] 0x0                (size_t)
	[RSP+460] 0x0                (size_t)
	[RSP+468] 0x0                (size_t)
	[RSP+470] 0x0                (size_t)
	[RSP+478] 0x0                (size_t)
	[RSP+480] 0x0                (size_t)
	[RSP+488] 0x0                (size_t)
	[RSP+490] 0x0                (size_t)
	[RSP+498] 0x0                (size_t)
	[RSP+4A0] 0x0                (size_t)
	[RSP+4A8] 0x0                (size_t)
	[RSP+4B0] 0x0                (size_t)
	[RSP+4B8] 0x0                (size_t)
	[RSP+4C0] 0x0                (size_t)
	[RSP+4C8] 0x0                (size_t)
	[RSP+4D0] 0x0                (size_t)
	[RSP+4D8] 0x0                (size_t)
	[RSP+4E0] 0x0                (size_t)
	[RSP+4E8] 0x0                (size_t)
	[RSP+4F0] 0x0                (size_t)
	[RSP+4F8] 0x0                (size_t)
	[RSP+500] 0x0                (size_t)
	[RSP+508] 0x0                (size_t)
	[RSP+510] 0x0                (size_t)
	[RSP+518] 0x0                (size_t)
	[RSP+520] 0x0                (size_t)
	[RSP+528] 0x0                (size_t)
	[RSP+530] 0x0                (size_t)
	[RSP+538] 0x0                (size_t)
	[RSP+540] 0x0                (size_t)
	[RSP+548] 0x0                (size_t)
	[RSP+550] 0x0                (size_t)
	[RSP+558] 0x0                (size_t)
	[RSP+560] 0x0                (size_t)
	[RSP+568] 0x0                (size_t)
	[RSP+570] 0x0                (size_t)
	[RSP+578] 0x0                (size_t)
	[RSP+580] 0x0                (size_t)
	[RSP+588] 0x0                (size_t)
	[RSP+590] 0x0                (size_t)
	[RSP+598] 0x0                (size_t)
	[RSP+5A0] 0x0                (size_t)

MODULES:
	XINPUT1_3.dll                0x000000400000
	steam_api64.dll              0x000068F20000
	X3DAudio1_7.dll              0x000068F60000
	nvwgf2umx.dll                0x0175F8CD0000
	Fallout4.exe                 0x7FF661390000
	steamclient64.dll            0x7FFC24E00000
	wsfw_identifier.dll          0x7FFC4AF60000
	XAudio2_7.dll                0x7FFC4B580000
	Buffout4.dll                 0x7FFC4B8E0000
	f4ee.dll                     0x7FFC4BF70000
	BakaScrapHeap.dll            0x7FFC4C080000
	f4se_1_10_163.dll            0x7FFC4CC00000
	MSVCR110.dll                 0x7FFC4D5A0000
	flexRelease_x64.dll          0x7FFC4D680000
	MSVCP110.dll                 0x7FFC4F1C0000
	XDI.dll                      0x7FFC4F390000
	tier0_s64.dll                0x7FFC4F400000
	gameoverlayrenderer64.dll    0x7FFC4F580000
	mcm.dll                      0x7FFC50B40000
	DSOUND.DLL                   0x7FFC50EA0000
	GFSDK_SSAO_D3D11.win64.dll   0x7FFC53F10000
	vstdlib_s64.dll              0x7FFC55370000
	place.dll                    0x7FFC568E0000
	PrivateProfileRedirector.dll 0x7FFC5D2F0000
	faster_workshop.dll          0x7FFC5D5D0000
	tbbmalloc.dll                0x7FFC5DBE0000
	cudart64_75.dll              0x7FFC629A0000
	winmmbase.dll                0x7FFC659C0000
	GFSDK_GodraysLib.x64.dll     0x7FFC6AF20000
	crafting_highlight_fix.dll   0x7FFC6C0D0000
	ExtraItemInfo.dll            0x7FFC6CD80000
	nvapi64.dll                  0x7FFC70FE0000
	bink2w64.dll                 0x7FFC71880000
	flexExtRelease_x64.dll       0x7FFC73AD0000
	f4se_steam_loader.dll        0x7FFC741C0000
	d3d11.dll                    0x7FFC755D0000
	MSVCP140_ATOMIC_WAIT.dll     0x7FFC75F10000
	nvldumdx.dll                 0x7FFC7D510000
	dxcore.dll                   0x7FFC7D780000
	InputHost.dll                0x7FFC7F0F0000
	WindowManagementAPI.dll      0x7FFC7F2A0000
	Windows.UI.dll               0x7FFC7F580000
	textinputframework.dll       0x7FFC7F710000
	avrt.dll                     0x7FFC808E0000
	COMCTL32.dll                 0x7FFC836F0000
	WINMM.dll                    0x7FFC8A280000
	Secur32.dll                  0x7FFC8B870000
	VCRUNTIME140_1.dll           0x7FFC8CAC0000
	MSVCP140.dll                 0x7FFC8CAD0000
	VCRUNTIME140.dll             0x7FFC8CB60000
	PROPSYS.dll                  0x7FFC8EE40000
	drvstore.dll                 0x7FFC8EF40000
	WINHTTP.dll                  0x7FFC90820000
	dbghelp.dll                  0x7FFC90BB0000
	twinapi.appcore.dll          0x7FFC90F30000
	cryptnet.dll                 0x7FFC91490000
	VERSION.dll                  0x7FFC91780000
	MMDevApi.dll                 0x7FFC91A10000
	AUDIOSES.DLL                 0x7FFC91AE0000
	nvToolsExt64_1.dll           0x7FFC92190000
	d3d11.Dll                    0x7FFC92690000
	wintypes.dll                 0x7FFC93320000
	CoreUIComponents.dll         0x7FFC939F0000
	CoreMessaging.dll            0x7FFC93D50000
	uxtheme.dll                  0x7FFC94170000
	resourcepolicyclient.dll     0x7FFC94250000
	dwmapi.dll                   0x7FFC94540000
	kernel.appcore.dll           0x7FFC94650000
	windows.storage.dll          0x7FFC94850000
	HID.DLL                      0x7FFC94FF0000
	dxgi.dll                     0x7FFC95030000
	ntmarta.dll                  0x7FFC95430000
	rsaenh.dll                   0x7FFC95800000
	UMPDC.dll                    0x7FFC95B70000
	IPHLPAPI.DLL                 0x7FFC95B90000
	powrprof.dll                 0x7FFC95D00000
	MSWSOCK.dll                  0x7FFC95EF0000
	CRYPTSP.dll                  0x7FFC960E0000
	CRYPTBASE.DLL                0x7FFC96100000
	Wldp.dll                     0x7FFC96190000
	msasn1.dll                   0x7FFC96320000
	devobj.dll                   0x7FFC964E0000
	SSPICLI.DLL                  0x7FFC96600000
	profapi.dll                  0x7FFC96680000
	KERNELBASE.dll               0x7FFC96740000
	cfgmgr32.dll                 0x7FFC96A10000
	CRYPT32.dll                  0x7FFC96A60000
	gdi32full.dll                0x7FFC96BC0000
	WINTRUST.DLL                 0x7FFC96CD0000
	bcryptPrimitives.dll         0x7FFC96D30000
	win32u.dll                   0x7FFC96DC0000
	bcrypt.dll                   0x7FFC96EA0000
	ucrtbase.dll                 0x7FFC96ED0000
	msvcp_win.dll                0x7FFC96FD0000
	imagehlp.dll                 0x7FFC97100000
	IMM32.DLL                    0x7FFC97120000
	GDI32.dll                    0x7FFC97150000
	WS2_32.dll                   0x7FFC97180000
	SETUPAPI.dll                 0x7FFC97250000
	sechost.dll                  0x7FFC97750000
	MSCTF.dll                    0x7FFC977F0000
	SHLWAPI.dll                  0x7FFC97910000
	KERNEL32.DLL                 0x7FFC979E0000
	RPCRT4.dll                   0x7FFC97AA0000
	ADVAPI32.dll                 0x7FFC97BD0000
	PSAPI.DLL                    0x7FFC97CE0000
	USER32.dll                   0x7FFC97CF0000
	OLEAUT32.dll                 0x7FFC97EA0000
	SHCORE.dll                   0x7FFC97F70000
	ole32.dll                    0x7FFC98020000
	COMDLG32.dll                 0x7FFC98300000
	SHELL32.dll                  0x7FFC983E0000
	clbcatq.dll                  0x7FFC98B30000
	combase.dll                  0x7FFC98BF0000
	msvcrt.dll                   0x7FFC98F50000
	ntdll.dll                    0x7FFC99030000

F4SE PLUGINS:
	mcm.dll
	XDI.dll
	f4ee.dll
	place.dll
	Buffout4.dll
	BakaScrapHeap.dll
	ExtraItemInfo.dll
	faster_workshop.dll
	wsfw_identifier.dll
	crafting_highlight_fix.dll
	PrivateProfileRedirector.dll

PLUGINS:
	[00]     Fallout4.esm
	[01]     DLCRobot.esm
	[02]     DLCworkshop01.esm
	[03]     DLCCoast.esm
	[04]     DLCworkshop02.esm
	[05]     DLCworkshop03.esm
	[06]     DLCNukaWorld.esm
	[07]     Unofficial Fallout 4 Patch.esp
	[08]     WorkshopFramework.esm
	[09]     XDI.esm
	[0A]     HUDFramework.esm
	[0B]     PANPC.esm
	[0C]     MODFoodScraps.esm
	[0D]     LupineRace.esm
	[0E]     VulpineRace.esm
	[0F]     DisableAutoAimF4.esp
	[10]     WOTC.esp
	[11]     advancedAITweaks.esp
	[12]     SleeplessNights.esp
	[13]     FusionGirl.esp
	[14]     SKKGlobalStashScrapping.esp
	[15]     KSHairdos.esp
	[16]     WorkshopPlus.esp
	[17]     ECO.esp
	[18]     Simple Inventory Improvements.esp
	[19]     Better Manufacturing.esp
	[1A]     ManufacturingExtended.esp
	[1B]     Better Manufacturing - Manufacturing Extended Additions.esp
	[1C]     DLC items to manufacturing.esp
	[1D]     Better Manufacturing - Manufacturing Extended Expanded Patch.esp
	[1E]     Chainsaw.esp
	[1F]     spacefiddle_Scarcity_Full.esp
	[20]     RaidersReloaded.esp
	[21]     RaiderOverhaul.esp
	[22]     FurryFallout.esp
	[23]     MoreSpawns_High.esp
	[24]     Extended weapon mods.esp
	[25]     MoreWeapMods.esp
	[26]     Desperate Raiders.esp
	[27]     Random_Enemy_Weapons_DLC.esp
	[28]     DT_GunnerOutfitPack.esp
	[29]     RaidersPatch.esp
	[2A]     FurryFalloutNPCs.esp
	[2B]     FFO-Player-OTTER.esp
	[2C]     FurryPatch.esp
	[2D]     GR001-AutomatronRebooted.esp
	[2E]     ConstructionPatch.esp
	[2F]     WeaponDisarm.esp
	[30]     UNnaked Power Armor.esp
	[31]     dcc-palock.esp
	[32]     SuperPatch.esp
	[33]     CraftPatch2.esp
	[FE:000] DDLL.esl
	[FE:001] CWRaiders.esl
	[FE:002] AutomaticSave.esp
	[FE:003] M8r_Item_Tags_Vanilla_EN.esp
	[FE:004] BetterModDescriptions.esp
	[FE:005] Unlevelled Everything - Mods.esp
	[FE:006] More Armor Slots - All Dlc.esp
	[FE:007] VulpineRace-NPCReplacer-DLC.esp
	[FE:008] Loot Detector.esp
	[FE:009] Lucky's Intresting Tips 1.4.esp
	[FE:00A] Ferals After Dark.esp
	[FE:00B] PeopleAreStrangers.esp
	[FE:00C] CAMP.esp
	[FE:00D] fastcorpseclear.esp
	[FE:00E] FCEjectNoMore.esp
	[FE:00F] CBBE.esp
	[FE:010] EarlierPipeWeaponMods.esp
	[FE:011] AllowWorkbenchDuringCombat.esp
	[FE:012] M8rDisablePipboyEffects.esp
	[FE:013] MaterialModSlot-FallUIWorkbenchPatch.esp
	[FE:014] UncommonCrafting.esp
	[FE:015] free_downgrades_stubs.esp
	[FE:016] Better Power Armor - Extended.esp
	[FE:017] Weapon Mods Mod.esp
	[FE:018] 4estGimp - RO.FallUI.PA_INNR.esp
	[FE:019] CustomRaceHeadgear.esp
	[FE:01A] CustomRaceHeadgear_FFO.esp
	[FE:01B] More Human Raider Loot.esp
	[FE:01C] Leveled Raiders.esp
	[FE:01D] Gunner Outfit Extreme Overhaul.esp
	[FE:01E] SalvageRobotParts.esp
	[FE:01F] MamaMutie.esp
	[FE:020] CCOFoxyFactionsReplacer.esp
	[FE:021] MostlyFemale.esp
	[FE:022] FFO_NPC_DLC.esp
	[FE:023] NPCs Protected Not Essential.esp
	[FE:024] Important NPCs essential edition 1.1.esp
	[FE:025] BetterModDescriptionsROWIP.esp
	[FE:026] CCOVulgarVillainsReplacer.esp
	[FE:027] CustomRaceHeadgear_Vulpine.esp
	[FE:028] LooksMenu.esp
	[FE:029] VulpinePowerArmor.esp
	[FE:02A] raidercorpseworkplease.esp
	[FE:02B] GZ_MiscItemOverhaul.esp
	[FE:02C] UnrestrictivePowerArmor.esp
	[FE:02D] ATreeGrowsInBoston.esp
	[FE:02E] Kermie's Misc Components.esp
	[FE:02F] LostWorld.esp
	[FE:030] CommChemExpanded.esp
	[FE:031] free_downgrades_DLCCoast.esp
	[FE:032] free_downgrades_DLCNuka.esp
