Fallout 4 v1.10.163
Buffout 4 v1.23.0

Unhandled exception "EXCEPTION_ACCESS_VIOLATION" at 0x7FF606EC654F Fallout4.exe+02A654F

SETTINGS:
	[Compatibility]
		F4EE: false
	[Fixes]
		ActorIsHostileToActor: true
		CellInit: true
		EncounterZoneReset: true
		GreyMovies: true
		MagicEffectApplyEvent: true
		MovementPlanner: true
		PackageAllocateLocation: true
		SafeExit: true
		UnalignedLoad: true
		UtilityShader: true
	[Patches]
		Achievements: true
		BSMTAManager: true
		BSPreCulledObjects: true
		BSTextureStreamerLocalHeap: true
		HavokMemorySystem: true
		INISettingCollection: true
		MaxStdIO: -1
		MemoryManager: true
		MemoryManagerDebug: false
		ScaleformAllocator: true
		SmallBlockAllocator: true
		WorkshopMenu: true
	[Warnings]
		CreateTexture2D: true
		ImageSpaceAdapter: true

SYSTEM SPECS:
	OS: Microsoft Windows 10 Home Single Language v10.0.19041
	CPU: GenuineIntel Intel(R) Core(TM) i7-2600 CPU @ 3.40GHz
	GPU #1: Nvidia GM206 [GeForce GTX 960]
	GPU #2: Microsoft Basic Render Driver
	PHYSICAL MEMORY: 11.63 GB/15.97 GB

PROBABLE CALL STACK:
	[0] 0x7FF606EC654F Fallout4.exe+02A654F -> 842114+0x1F
	[1] 0x7FF6071D7EC8 Fallout4.exe+05B7EC8 -> 561320+0x818
	[2] 0x7FF606D72C3C Fallout4.exe+0152C3C -> 1420843+0x7C
	[3] 0x7FF606D484CD Fallout4.exe+01284CD -> 1551875+0x4D
	[4] 0x7FF608770F26 Fallout4.exe+1B50F26 -> 329005+0xC6
	[5] 0x7FF608771432 Fallout4.exe+1B51432 -> 194800+0x202
	[6] 0x7FF608773F67 Fallout4.exe+1B53F67 -> 1492866+0x67
	[7] 0x7FF60873CFED Fallout4.exe+1B1CFED -> 1079791+0x3D
	[8] 0x7FFC979F7034 KERNEL32.DLL+0017034
	[9] 0x7FFC99082651    ntdll.dll+0052651

REGISTERS:
	RAX 0xFFFFFFFF         (size_t)
	RCX 0x21AD26D6800      (BGSCharacterTint::Template::TextureSet*)
	RDX 0x21A4C6EBFE0      (void*)
	RBX 0xA53              (size_t)
	RSP 0x782FFFF6E8       (void*)
	RBP 0x782FFFF768       (void*)
	RSI 0x21AD26D6800      (BGSCharacterTint::Template::TextureSet*)
	RDI 0x21AB630A400      (TESNPC*)
		File: "FurryFalloutNPCs.esp"
		Flags: 0x00040001
		Form ID: 0x0024A02A
		Form Type: 45
		Full Name: ""
	R8  0x21AD26DBD20      (void*)
	R9  0x82803            (size_t)
	R10 0x2B801            (size_t)
	R11 0x988ADE8          (size_t)
	R12 0x0                (size_t)
	R13 0xFFFF             (size_t)
	R14 0x0                (size_t)
	R15 0x21AB07B3200      (TESRace*)
		File: "Fire Behavior Crippling v1 DLC.esp"
		Flags: 0x00000009
		Form ID: 0x000EAFB6
		Form Type: 17
		Full Name: "Ghoul"

STACK:
	[RSP+0  ] 0x7FF6071D7EC8     (void* -> Fallout4.exe+05B7EC8)
	[RSP+8  ] 0x21AB6284360      (BGSCharacterTint::PaletteEntry*)
	[RSP+10 ] 0x21AB7200484      (void*)
	[RSP+18 ] 0x0                (size_t)
	[RSP+20 ] 0x21AD26D6800      (BGSCharacterTint::Template::TextureSet*)
	[RSP+28 ] 0x7800000003       (size_t)
	[RSP+30 ] 0x7FF600000008     (size_t)
	[RSP+38 ] 0x21A184043A0      (ScrapHeap*)
	[RSP+40 ] 0x21AD1CC7200      (void*)
	[RSP+48 ] 0x8                (size_t)
	[RSP+50 ] 0x21A00000005      (void*)
	[RSP+58 ] 0x7FF60C808084     (void* -> Fallout4.exe+5BE8084)
	[RSP+60 ] 0x1                (size_t)
	[RSP+68 ] 0x7FF60C808080     (void* -> Fallout4.exe+5BE8080)
	[RSP+70 ] 0x7FF60C808088     (void* -> Fallout4.exe+5BE8088)
	[RSP+78 ] 0x21A18404440      (char*) "b"
	[RSP+80 ] 0x21AB630A400      (TESNPC*)
		File: "FurryFalloutNPCs.esp"
		Flags: 0x00040001
		Form ID: 0x0024A02A
		Form Type: 45
		Full Name: ""
	[RSP+88 ] 0x0                (size_t)
	[RSP+90 ] 0x7FF606D72C3C     (void* -> Fallout4.exe+0152C3C)
	[RSP+98 ] 0x21A00000000      (void*)
	[RSP+A0 ] 0x5                (size_t)
	[RSP+A8 ] 0x2                (size_t)
	[RSP+B0 ] 0x7FF60C808080     (void* -> Fallout4.exe+5BE8080)
	[RSP+B8 ] 0x21AB630A400      (TESNPC*)
		File: "FurryFalloutNPCs.esp"
		Flags: 0x00040001
		Form ID: 0x0024A02A
		Form Type: 45
		Full Name: ""
	[RSP+C0 ] 0x21AB630A4F8      (TESNPC*)
		File: "FurryFalloutNPCs.esp"
		Flags: 0x00040001
		Form ID: 0x0024A02A
		Form Type: 45
		Full Name: ""
	[RSP+C8 ] 0x21AB630A468      (TESNPC*)
		File: "FurryFalloutNPCs.esp"
		Flags: 0x00040001
		Form ID: 0x0024A02A
		Form Type: 45
		Full Name: ""
	[RSP+D0 ] 0x0                (size_t)
	[RSP+D8 ] 0x0                (size_t)
	[RSP+E0 ] 0x21AB630A4D0      (TESNPC*)
		File: "FurryFalloutNPCs.esp"
		Flags: 0x00040001
		Form ID: 0x0024A02A
		Form Type: 45
		Full Name: ""
	[RSP+E8 ] 0x0                (size_t)
	[RSP+F0 ] 0x0                (size_t)
	[RSP+F8 ] 0x21AB630A520      (TESNPC*)
		File: "FurryFalloutNPCs.esp"
		Flags: 0x00040001
		Form ID: 0x0024A02A
		Form Type: 45
		Full Name: ""
	[RSP+100] 0x0                (size_t)
	[RSP+108] 0x0                (size_t)
	[RSP+110] 0x0                (size_t)
	[RSP+118] 0x0                (size_t)
	[RSP+120] 0x0                (size_t)
	[RSP+128] 0x21AB630A5B0      (TESNPC*)
		File: "FurryFalloutNPCs.esp"
		Flags: 0x00040001
		Form ID: 0x0024A02A
		Form Type: 45
		Full Name: ""
	[RSP+130] 0x0                (size_t)
	[RSP+138] 0x21AB630A4E8      (TESNPC*)
		File: "FurryFalloutNPCs.esp"
		Flags: 0x00040001
		Form ID: 0x0024A02A
		Form Type: 45
		Full Name: ""
	[RSP+140] 0x0                (size_t)
	[RSP+148] 0x0                (size_t)
	[RSP+150] 0x0                (size_t)
	[RSP+158] 0x0                (size_t)
	[RSP+160] 0x21AB630A538      (TESNPC*)
		File: "FurryFalloutNPCs.esp"
		Flags: 0x00040001
		Form ID: 0x0024A02A
		Form Type: 45
		Full Name: ""
	[RSP+168] 0x0                (size_t)
	[RSP+170] 0x0                (size_t)
	[RSP+178] 0x0                (size_t)
	[RSP+180] 0x0                (size_t)
	[RSP+188] 0x0                (size_t)
	[RSP+190] 0x0                (size_t)
	[RSP+198] 0x21AB630A548      (TESNPC*)
		File: "FurryFalloutNPCs.esp"
		Flags: 0x00040001
		Form ID: 0x0024A02A
		Form Type: 45
		Full Name: ""
	[RSP+1A0] 0x21AB630A558      (TESNPC*)
		File: "FurryFalloutNPCs.esp"
		Flags: 0x00040001
		Form ID: 0x0024A02A
		Form Type: 45
		Full Name: ""
	[RSP+1A8] 0x0                (size_t)
	[RSP+1B0] 0x0                (size_t)
	[RSP+1B8] 0x21AB630A578      (TESNPC*)
		File: "FurryFalloutNPCs.esp"
		Flags: 0x00040001
		Form ID: 0x0024A02A
		Form Type: 45
		Full Name: ""
	[RSP+1C0] 0x21AB630A5C0      (TESNPC*)
		File: "FurryFalloutNPCs.esp"
		Flags: 0x00040001
		Form ID: 0x0024A02A
		Form Type: 45
		Full Name: ""
	[RSP+1C8] 0x21AB630A588      (TESNPC*)
		File: "FurryFalloutNPCs.esp"
		Flags: 0x00040001
		Form ID: 0x0024A02A
		Form Type: 45
		Full Name: ""
	[RSP+1D0] 0x21AB630A620      (BGSAttachParentArray*)
	[RSP+1D8] 0x21AB630A430      (BGSMod::Template::Items*)
	[RSP+1E0] 0x21AB630A450      (BGSPreviewTransform*)
	[RSP+1E8] 0x0                (size_t)
	[RSP+1F0] 0x0                (size_t)
	[RSP+1F8] 0x21AB630A5A0      (TESNPC*)
		File: "FurryFalloutNPCs.esp"
		Flags: 0x00040001
		Form ID: 0x0024A02A
		Form Type: 45
		Full Name: ""
	[RSP+200] 0x21AB630A5F8      (TESNPC*)
		File: "FurryFalloutNPCs.esp"
		Flags: 0x00040001
		Form ID: 0x0024A02A
		Form Type: 45
		Full Name: ""
	[RSP+208] 0x21AB630A608      (TESNPC*)
		File: "FurryFalloutNPCs.esp"
		Flags: 0x00040001
		Form ID: 0x0024A02A
		Form Type: 45
		Full Name: ""
	[RSP+210] 0x0                (size_t)
	[RSP+218] 0x21AB630A460      (BGSSoundTagComponent*)
	[RSP+220] 0x0                (size_t)
	[RSP+228] 0x21ABC4CA5B8      (void*)
	[RSP+230] 0x7FF606D484CD     (void* -> Fallout4.exe+01284CD)
	[RSP+238] 0x21ABC4BFA40      (void*)
	[RSP+240] 0x0                (size_t)
	[RSP+248] 0x0                (size_t)
	[RSP+250] 0x0                (size_t)
	[RSP+258] 0x21AD1FD90C0      (void*)
	[RSP+260] 0x7FF608770F26     (void* -> Fallout4.exe+1B50F26)
	[RSP+268] 0x7FF60C80B578     (void* -> Fallout4.exe+5BEB578)
	[RSP+270] 0x7FF60C80B528     (BSJobs::JobThread*)
	[RSP+278] 0x7FF60C80B528     (BSJobs::JobThread*)
	[RSP+280] 0x7FFC967A251D     (void* -> KERNELBASE.dll+006251D)
	[RSP+288] 0x0                (size_t)
	[RSP+290] 0x0                (size_t)
	[RSP+298] 0x0                (size_t)
	[RSP+2A0] 0x0                (size_t)
	[RSP+2A8] 0x7FF60C80B528     (BSJobs::JobThread*)
	[RSP+2B0] 0x7FF608771432     (void* -> Fallout4.exe+1B51432)
	[RSP+2B8] 0x0                (size_t)
	[RSP+2C0] 0x7FF60C80B528     (BSJobs::JobThread*)
	[RSP+2C8] 0x0                (size_t)
	[RSP+2D0] 0x782FFFFA10       (char*) "XG"
	[RSP+2D8] 0x0                (size_t)
	[RSP+2E0] 0x0                (size_t)
	[RSP+2E8] 0x0                (size_t)
	[RSP+2F0] 0x7FF608773F67     (void* -> Fallout4.exe+1B53F67)
	[RSP+2F8] 0x7FF60C80B528     (BSJobs::JobThread*)
	[RSP+300] 0x0                (size_t)
	[RSP+308] 0x0                (size_t)
	[RSP+310] 0x0                (size_t)
	[RSP+318] 0x7FF60C80B528     (BSJobs::JobThread*)
	[RSP+320] 0x7FF60873CFED     (void* -> Fallout4.exe+1B1CFED)
	[RSP+328] 0x4758             (size_t)
	[RSP+330] 0x782FFFFA30       (void*)
	[RSP+338] 0x21A4C5CBC90      (void*)
	[RSP+340] 0x0                (size_t)
	[RSP+348] 0x7FF60C80B528     (BSJobs::JobThread*)
	[RSP+350] 0x0                (size_t)
	[RSP+358] 0x0                (size_t)
	[RSP+360] 0x7FFC979F7034     (void* -> KERNEL32.DLL+0017034)
	[RSP+368] 0x0                (size_t)
	[RSP+370] 0x0                (size_t)
	[RSP+378] 0x0                (size_t)
	[RSP+380] 0x0                (size_t)
	[RSP+388] 0x0                (size_t)
	[RSP+390] 0x7FFC99082651     (void* -> ntdll.dll+0052651)
	[RSP+398] 0x0                (size_t)
	[RSP+3A0] 0x0                (size_t)
	[RSP+3A8] 0x0                (size_t)
	[RSP+3B0] 0x0                (size_t)
	[RSP+3B8] 0x0                (size_t)
	[RSP+3C0] 0x0                (size_t)
	[RSP+3C8] 0x8131C11400000000 (size_t)
	[RSP+3D0] 0x0                (size_t)
	[RSP+3D8] 0x0                (size_t)
	[RSP+3E0] 0x7FFC9684B610     (void* -> KERNELBASE.dll+010B610)
	[RSP+3E8] 0x782FFFE840       (void*)
	[RSP+3F0] 0x5770400007FFC17B (size_t)
	[RSP+3F8] 0x7FFC17B57704     (size_t)
	[RSP+400] 0x782FFFE840       (void*)
	[RSP+408] 0x0                (size_t)
	[RSP+410] 0x0                (size_t)
	[RSP+418] 0x0                (size_t)
	[RSP+420] 0x0                (size_t)
	[RSP+428] 0x0                (size_t)
	[RSP+430] 0x0                (size_t)
	[RSP+438] 0x0                (size_t)
	[RSP+440] 0x0                (size_t)
	[RSP+448] 0x0                (size_t)
	[RSP+450] 0x0                (size_t)
	[RSP+458] 0x0                (size_t)
	[RSP+460] 0x0                (size_t)
	[RSP+468] 0x0                (size_t)
	[RSP+470] 0x0                (size_t)
	[RSP+478] 0x0                (size_t)
	[RSP+480] 0x0                (size_t)
	[RSP+488] 0x0                (size_t)
	[RSP+490] 0x0                (size_t)
	[RSP+498] 0x0                (size_t)
	[RSP+4A0] 0x0                (size_t)
	[RSP+4A8] 0x0                (size_t)
	[RSP+4B0] 0x0                (size_t)
	[RSP+4B8] 0x0                (size_t)
	[RSP+4C0] 0x0                (size_t)
	[RSP+4C8] 0x0                (size_t)
	[RSP+4D0] 0x0                (size_t)
	[RSP+4D8] 0x0                (size_t)
	[RSP+4E0] 0x0                (size_t)
	[RSP+4E8] 0x0                (size_t)
	[RSP+4F0] 0x0                (size_t)
	[RSP+4F8] 0x0                (size_t)
	[RSP+500] 0x0                (size_t)
	[RSP+508] 0x0                (size_t)
	[RSP+510] 0x0                (size_t)
	[RSP+518] 0x0                (size_t)
	[RSP+520] 0x0                (size_t)
	[RSP+528] 0x0                (size_t)
	[RSP+530] 0x0                (size_t)
	[RSP+538] 0x0                (size_t)
	[RSP+540] 0x0                (size_t)
	[RSP+548] 0x0                (size_t)
	[RSP+550] 0x0                (size_t)
	[RSP+558] 0x0                (size_t)
	[RSP+560] 0x0                (size_t)
	[RSP+568] 0x0                (size_t)
	[RSP+570] 0x0                (size_t)
	[RSP+578] 0x0                (size_t)
	[RSP+580] 0x0                (size_t)
	[RSP+588] 0x0                (size_t)
	[RSP+590] 0x0                (size_t)
	[RSP+598] 0x0                (size_t)
	[RSP+5A0] 0x0                (size_t)
	[RSP+5A8] 0x0                (size_t)
	[RSP+5B0] 0x0                (size_t)
	[RSP+5B8] 0x0                (size_t)
	[RSP+5C0] 0x0                (size_t)
	[RSP+5C8] 0x0                (size_t)
	[RSP+5D0] 0x0                (size_t)
	[RSP+5D8] 0x0                (size_t)
	[RSP+5E0] 0x0                (size_t)
	[RSP+5E8] 0x0                (size_t)
	[RSP+5F0] 0x0                (size_t)
	[RSP+5F8] 0x0                (size_t)
	[RSP+600] 0x0                (size_t)
	[RSP+608] 0x0                (size_t)
	[RSP+610] 0x0                (size_t)
	[RSP+618] 0x0                (size_t)
	[RSP+620] 0x0                (size_t)
	[RSP+628] 0x0                (size_t)
	[RSP+630] 0x0                (size_t)
	[RSP+638] 0x0                (size_t)
	[RSP+640] 0x0                (size_t)
	[RSP+648] 0x0                (size_t)
	[RSP+650] 0x0                (size_t)
	[RSP+658] 0x0                (size_t)
	[RSP+660] 0x0                (size_t)
	[RSP+668] 0x0                (size_t)
	[RSP+670] 0x0                (size_t)
	[RSP+678] 0x0                (size_t)
	[RSP+680] 0x0                (size_t)
	[RSP+688] 0x0                (size_t)
	[RSP+690] 0x0                (size_t)
	[RSP+698] 0x0                (size_t)
	[RSP+6A0] 0x0                (size_t)
	[RSP+6A8] 0x0                (size_t)
	[RSP+6B0] 0x0                (size_t)
	[RSP+6B8] 0x0                (size_t)
	[RSP+6C0] 0x0                (size_t)
	[RSP+6C8] 0x0                (size_t)
	[RSP+6D0] 0x0                (size_t)
	[RSP+6D8] 0x0                (size_t)
	[RSP+6E0] 0x0                (size_t)
	[RSP+6E8] 0x0                (size_t)
	[RSP+6F0] 0x0                (size_t)
	[RSP+6F8] 0x0                (size_t)
	[RSP+700] 0x0                (size_t)
	[RSP+708] 0x0                (size_t)
	[RSP+710] 0x0                (size_t)
	[RSP+718] 0x0                (size_t)
	[RSP+720] 0x0                (size_t)
	[RSP+728] 0x0                (size_t)
	[RSP+730] 0x0                (size_t)
	[RSP+738] 0x0                (size_t)
	[RSP+740] 0x0                (size_t)
	[RSP+748] 0x0                (size_t)
	[RSP+750] 0x0                (size_t)
	[RSP+758] 0x0                (size_t)
	[RSP+760] 0x0                (size_t)
	[RSP+768] 0x0                (size_t)
	[RSP+770] 0x0                (size_t)
	[RSP+778] 0x0                (size_t)
	[RSP+780] 0x0                (size_t)
	[RSP+788] 0x0                (size_t)
	[RSP+790] 0x0                (size_t)
	[RSP+798] 0x0                (size_t)
	[RSP+7A0] 0x0                (size_t)
	[RSP+7A8] 0x0                (size_t)
	[RSP+7B0] 0x0                (size_t)
	[RSP+7B8] 0x0                (size_t)
	[RSP+7C0] 0x0                (size_t)
	[RSP+7C8] 0x0                (size_t)
	[RSP+7D0] 0x0                (size_t)
	[RSP+7D8] 0x0                (size_t)
	[RSP+7E0] 0x0                (size_t)
	[RSP+7E8] 0x0                (size_t)
	[RSP+7F0] 0x0                (size_t)
	[RSP+7F8] 0x0                (size_t)
	[RSP+800] 0x0                (size_t)
	[RSP+808] 0x0                (size_t)
	[RSP+810] 0x0                (size_t)
	[RSP+818] 0x0                (size_t)
	[RSP+820] 0x0                (size_t)
	[RSP+828] 0x0                (size_t)
	[RSP+830] 0x0                (size_t)
	[RSP+838] 0x0                (size_t)
	[RSP+840] 0x0                (size_t)
	[RSP+848] 0x0                (size_t)
	[RSP+850] 0x0                (size_t)
	[RSP+858] 0x0                (size_t)
	[RSP+860] 0x0                (size_t)
	[RSP+868] 0x0                (size_t)
	[RSP+870] 0x0                (size_t)
	[RSP+878] 0x0                (size_t)
	[RSP+880] 0x0                (size_t)
	[RSP+888] 0x0                (size_t)
	[RSP+890] 0x0                (size_t)
	[RSP+898] 0x0                (size_t)
	[RSP+8A0] 0x0                (size_t)
	[RSP+8A8] 0x0                (size_t)
	[RSP+8B0] 0x0                (size_t)
	[RSP+8B8] 0x0                (size_t)
	[RSP+8C0] 0x0                (size_t)
	[RSP+8C8] 0x0                (size_t)
	[RSP+8D0] 0x0                (size_t)
	[RSP+8D8] 0x0                (size_t)
	[RSP+8E0] 0x0                (size_t)
	[RSP+8E8] 0x0                (size_t)
	[RSP+8F0] 0x0                (size_t)
	[RSP+8F8] 0x0                (size_t)
	[RSP+900] 0x0                (size_t)
	[RSP+908] 0x0                (size_t)
	[RSP+910] 0x0                (size_t)

MODULES:
	XINPUT1_3.dll                0x000000400000
	X3DAudio1_7.dll              0x000069020000
	steam_api64.dll              0x000069030000
	nvwgf2umx.dll                0x021A71BB0000
	Fallout4.exe                 0x7FF606C20000
	steamclient64.dll            0x7FFC24850000
	gameoverlayrenderer64.dll    0x7FFC45E40000
	Buffout4.dll                 0x7FFC46D70000
	wsfw_identifier.dll          0x7FFC4A440000
	f4ee.dll                     0x7FFC4AA50000
	BakaScrapHeap.dll            0x7FFC4AB60000
	tier0_s64.dll                0x7FFC4AC30000
	f4se_1_10_163.dll            0x7FFC4AF60000
	flexRelease_x64.dll          0x7FFC4B630000
	DSOUND.DLL                   0x7FFC4BF20000
	MSVCR110.dll                 0x7FFC4D1C0000
	XAudio2_7.dll                0x7FFC50B50000
	mcm.dll                      0x7FFC50EA0000
	vstdlib_s64.dll              0x7FFC53F10000
	GFSDK_SSAO_D3D11.win64.dll   0x7FFC55370000
	MSVCP110.dll                 0x7FFC5CF30000
	XDI.dll                      0x7FFC5D2E0000
	place.dll                    0x7FFC5D4F0000
	PrivateProfileRedirector.dll 0x7FFC5D5D0000
	tbbmalloc.dll                0x7FFC5DBE0000
	faster_workshop.dll          0x7FFC629A0000
	winmmbase.dll                0x7FFC659C0000
	cudart64_75.dll              0x7FFC68320000
	crafting_highlight_fix.dll   0x7FFC6AF10000
	GFSDK_GodraysLib.x64.dll     0x7FFC6B660000
	nvapi64.dll                  0x7FFC70FE0000
	ExtraItemInfo.dll            0x7FFC71830000
	f4se_steam_loader.dll        0x7FFC742D0000
	bink2w64.dll                 0x7FFC74300000
	d3d11.dll                    0x7FFC755D0000
	nvldumdx.dll                 0x7FFC7D510000
	dxcore.dll                   0x7FFC7D780000
	InputHost.dll                0x7FFC7F0F0000
	WindowManagementAPI.dll      0x7FFC7F2A0000
	Windows.UI.dll               0x7FFC7F580000
	textinputframework.dll       0x7FFC7F710000
	flexExtRelease_x64.dll       0x7FFC804B0000
	avrt.dll                     0x7FFC808E0000
	COMCTL32.dll                 0x7FFC836F0000
	WINMM.dll                    0x7FFC8A280000
	MSVCP140_ATOMIC_WAIT.dll     0x7FFC8B4F0000
	Secur32.dll                  0x7FFC8B870000
	VCRUNTIME140_1.dll           0x7FFC8CAC0000
	MSVCP140.dll                 0x7FFC8CAD0000
	VCRUNTIME140.dll             0x7FFC8CB60000
	nvToolsExt64_1.dll           0x7FFC8EC90000
	PROPSYS.dll                  0x7FFC8EE40000
	drvstore.dll                 0x7FFC8EF40000
	WINHTTP.dll                  0x7FFC90820000
	dbghelp.dll                  0x7FFC90BB0000
	twinapi.appcore.dll          0x7FFC90F30000
	cryptnet.dll                 0x7FFC91490000
	VERSION.dll                  0x7FFC91780000
	MMDevApi.dll                 0x7FFC91A10000
	AUDIOSES.DLL                 0x7FFC91AE0000
	d3d11.Dll                    0x7FFC92690000
	wintypes.dll                 0x7FFC93320000
	CoreUIComponents.dll         0x7FFC939F0000
	CoreMessaging.dll            0x7FFC93D50000
	uxtheme.dll                  0x7FFC94170000
	resourcepolicyclient.dll     0x7FFC94250000
	dwmapi.dll                   0x7FFC94540000
	kernel.appcore.dll           0x7FFC94650000
	windows.storage.dll          0x7FFC94850000
	HID.DLL                      0x7FFC94FF0000
	dxgi.dll                     0x7FFC95030000
	ntmarta.dll                  0x7FFC95430000
	rsaenh.dll                   0x7FFC95800000
	UMPDC.dll                    0x7FFC95B70000
	IPHLPAPI.DLL                 0x7FFC95B90000
	powrprof.dll                 0x7FFC95D00000
	MSWSOCK.dll                  0x7FFC95EF0000
	CRYPTSP.dll                  0x7FFC960E0000
	CRYPTBASE.DLL                0x7FFC96100000
	Wldp.dll                     0x7FFC96190000
	msasn1.dll                   0x7FFC96320000
	devobj.dll                   0x7FFC964E0000
	SSPICLI.DLL                  0x7FFC96600000
	profapi.dll                  0x7FFC96680000
	KERNELBASE.dll               0x7FFC96740000
	cfgmgr32.dll                 0x7FFC96A10000
	CRYPT32.dll                  0x7FFC96A60000
	gdi32full.dll                0x7FFC96BC0000
	WINTRUST.DLL                 0x7FFC96CD0000
	bcryptPrimitives.dll         0x7FFC96D30000
	win32u.dll                   0x7FFC96DC0000
	bcrypt.dll                   0x7FFC96EA0000
	ucrtbase.dll                 0x7FFC96ED0000
	msvcp_win.dll                0x7FFC96FD0000
	imagehlp.dll                 0x7FFC97100000
	IMM32.DLL                    0x7FFC97120000
	GDI32.dll                    0x7FFC97150000
	WS2_32.dll                   0x7FFC97180000
	SETUPAPI.dll                 0x7FFC97250000
	sechost.dll                  0x7FFC97750000
	MSCTF.dll                    0x7FFC977F0000
	SHLWAPI.dll                  0x7FFC97910000
	KERNEL32.DLL                 0x7FFC979E0000
	RPCRT4.dll                   0x7FFC97AA0000
	ADVAPI32.dll                 0x7FFC97BD0000
	PSAPI.DLL                    0x7FFC97CE0000
	USER32.dll                   0x7FFC97CF0000
	OLEAUT32.dll                 0x7FFC97EA0000
	SHCORE.dll                   0x7FFC97F70000
	ole32.dll                    0x7FFC98020000
	COMDLG32.dll                 0x7FFC98300000
	SHELL32.dll                  0x7FFC983E0000
	clbcatq.dll                  0x7FFC98B30000
	combase.dll                  0x7FFC98BF0000
	msvcrt.dll                   0x7FFC98F50000
	ntdll.dll                    0x7FFC99030000

F4SE PLUGINS:
	mcm.dll
	XDI.dll
	f4ee.dll
	place.dll
	Buffout4.dll
	BakaScrapHeap.dll
	ExtraItemInfo.dll
	faster_workshop.dll
	wsfw_identifier.dll
	crafting_highlight_fix.dll
	PrivateProfileRedirector.dll

PLUGINS:
	[00]     Fallout4.esm
	[01]     DLCRobot.esm
	[02]     DLCworkshop01.esm
	[03]     DLCCoast.esm
	[04]     DLCworkshop02.esm
	[05]     DLCworkshop03.esm
	[06]     DLCNukaWorld.esm
	[07]     Unofficial Fallout 4 Patch.esp
	[08]     HUDFramework.esm
	[09]     XDI.esm
	[0A]     WorkshopFramework.esm
	[0B]     LupineRace.esm
	[0C]     PANPC.esm
	[0D]     VulpineRace.esm
	[0E]     MODFoodScraps.esm
	[0F]     WOTC.esp
	[10]     ECO.esp
	[11]     spacefiddle_Scarcity_Full.esp
	[12]     Simple Inventory Improvements.esp
	[13]     RaiderOverhaul.esp
	[14]     SKKOmodStripper.esp
	[15]     UNnaked Power Armor.esp
	[16]     DisableAutoAimF4.esp
	[17]     KSHairdos.esp
	[18]     FusionGirl.esp
	[19]     spacefiddle_HomeDespot.esp
	[1A]     SKKRESystemManager.esp
	[1B]     DLC items to manufacturing.esp
	[1C]     Chainsaw.esp
	[1D]     FurryFallout.esp
	[1E]     FurryFalloutNPCs.esp
	[1F]     RaidersReloaded.esp
	[20]     SKKGlobalStashScrapping.esp
	[21]     Extended weapon mods.esp
	[22]     Random_Enemy_Weapons_DLC.esp
	[23]     Desperate Raiders.esp
	[24]     advancedAITweaks.esp
	[25]     dcc-palock.esp
	[26]     SleeplessNights.esp
	[27]     GR001-AutomatronRebooted.esp
	[28]     MoreSpawns_High.esp
	[29]     DT_GunnerOutfitPack.esp
	[2A]     WorkshopPlus.esp
	[2B]     CF_AtomicWarlord.esp
	[2C]     Fire Behavior Crippling v1 DLC.esp
	[2D]     WeaponDisarm.esp
	[2E]     FO4 NPCs Travel.esp
	[FE:000] CWRaiders.esl
	[FE:001] DDLL.esl
	[FE:002] IcebreakerCDO-Settlements.esp
	[FE:003] Unlevelled Everything - Mods.esp
	[FE:004] M8r_Item_Tags_Vanilla_EN.esp
	[FE:005] BetterModDescriptions.esp
	[FE:006] More Armor Slots - All Dlc.esp
	[FE:007] VulpineRace-NPCReplacer-DLC.esp
	[FE:008] 4estGimp - RO.FallUI.PA_INNR.esp
	[FE:009] UnrestrictivePowerArmor.esp
	[FE:00A] ATreeGrowsInBoston.esp
	[FE:00B] fastcorpseclear.esp
	[FE:00C] Ferals After Dark.esp
	[FE:00D] Lucky's Intresting Tips 1.4.esp
	[FE:00E] CompanionWhistle.esp
	[FE:00F] EarlierPipeWeaponMods.esp
	[FE:010] UncommonCrafting.esp
	[FE:011] LostWorld.esp
	[FE:012] AllowWorkbenchDuringCombat.esp
	[FE:013] FCEjectNoMore.esp
	[FE:014] AutomaticSave.esp
	[FE:015] M8rDisablePipboyEffects.esp
	[FE:016] LooksMenu.esp
	[FE:017] CBBE.esp
	[FE:018] PeopleAreStrangers.esp
	[FE:019] ECO_AutoOmodStripper.esp
	[FE:01A] BetterModDescriptionsROWIP.esp
	[FE:01B] free_downgrades_stubs.esp
	[FE:01C] free_downgrades_DLCCoast.esp
	[FE:01D] free_downgrades_DLCNuka.esp
	[FE:01E] FFO_NPC_DLC.esp
	[FE:01F] VulpinePowerArmor.esp
	[FE:020] Loot Detector.esp
	[FE:021] Weapon Mods Mod.esp
	[FE:022] MoreWeapMods.esp
	[FE:023] Leveled Raiders.esp
	[FE:024] GZ_MiscItemOverhaul.esp
	[FE:025] Kermie's Misc Components.esp
	[FE:026] CommChemExpanded.esp
	[FE:027] CustomRaceHeadgear.esp
	[FE:028] CustomRaceHeadgear_FFO.esp
	[FE:029] More Human Raider Loot.esp
	[FE:02A] RaidersPatch.esp
	[FE:02B] CustomRaceHeadgear_Vulpine.esp
	[FE:02C] Better Power Armor - Extended.esp
	[FE:02D] CAMP.esp
	[FE:02E] More Weapon Scrap.esp
	[FE:02F] spacefiddle_Scarcity_OverbossPatch.esp
	[FE:030] CCOFoxyFactionsReplacer.esp
	[FE:031] CCOVulgarVillainsReplacer.esp
	[FE:032] MaterialModSlot-FallUIWorkbenchPatch.esp
	[FE:033] raidercorpseworkplease.esp
	[FE:034] FurryPatch.esp
	[FE:035] NamedNPCProtect+UFOpatch.esp
	[FE:036] SalvageRobotParts.esp
	[FE:037] CraftPatch2.esp
	[FE:038] MostlyFemale.esp
	[FE:039] Gunner Outfit Extreme Overhaul.esp
	[FE:03A] NPCs Protected Not Essential.esp
	[FE:03B] Important NPCs essential edition 1.1.esp
	[FE:03C] MamaMutie.esp
	[FE:03D] LupinePlayer.esp
	[FE:03E] SuperPatch.esp
