Fallout 4 v1.10.163
Buffout 4 v1.23.0

Unhandled exception "EXCEPTION_ACCESS_VIOLATION" at 0x7FF60872F45D Fallout4.exe+1B0F45D

SETTINGS:
	[Compatibility]
		F4EE: false
	[Fixes]
		ActorIsHostileToActor: true
		CellInit: true
		EncounterZoneReset: true
		GreyMovies: true
		MagicEffectApplyEvent: true
		MovementPlanner: true
		PackageAllocateLocation: true
		SafeExit: true
		UnalignedLoad: true
		UtilityShader: true
	[Patches]
		Achievements: true
		BSMTAManager: true
		BSPreCulledObjects: true
		BSTextureStreamerLocalHeap: true
		HavokMemorySystem: true
		INISettingCollection: true
		MaxStdIO: -1
		MemoryManager: true
		MemoryManagerDebug: false
		ScaleformAllocator: true
		SmallBlockAllocator: true
		WorkshopMenu: true
	[Warnings]
		CreateTexture2D: true
		ImageSpaceAdapter: true

SYSTEM SPECS:
	OS: Microsoft Windows 10 Home Single Language v10.0.19041
	CPU: GenuineIntel Intel(R) Core(TM) i7-2600 CPU @ 3.40GHz
	GPU #1: Nvidia GM206 [GeForce GTX 960]
	GPU #2: Microsoft Basic Render Driver
	PHYSICAL MEMORY: 9.83 GB/15.97 GB

PROBABLE CALL STACK:
	[0] 0x7FF60872F45D Fallout4.exe+1B0F45D -> 597736+0xD
	[1] 0x7FF608763400 Fallout4.exe+1B43400 -> 1069619+0x60
	[2] 0x7FF6087631C3 Fallout4.exe+1B431C3 -> 831231+0x33
	[3] 0x7FF608763F5D Fallout4.exe+1B43F5D -> 507142+0x1AD
	[4] 0x7FF608761CDD Fallout4.exe+1B41CDD -> 999093+0x3D
	[5] 0x7FF6095BFE40 Fallout4.exe+299FE40 -> 783135+0x10
	[6] 0x7FFC5C7E2E33 MSVCR110.dll+0022E33
	[7] 0x7FF6095570CC Fallout4.exe+29370CC -> 1104651+0xB8
	[8] 0x7FFC979F7034 KERNEL32.DLL+0017034
	[9] 0x7FFC99082651    ntdll.dll+0052651

REGISTERS:
	RAX 0x25000F82690      (void*)
	RCX 0x7FF60A4EC980     (void* -> Fallout4.exe+38CC980)
	RDX 0x7FF60A4ECE00     (void* -> Fallout4.exe+38CCE00)
	RBX 0x2                (size_t)
	RSP 0x67CFCFFB60       (void*)
	RBP 0x0                (size_t)
	RSI 0x1                (size_t)
	RDI 0x7FF60C807580     (void* -> Fallout4.exe+5BE7580)
	R8  0x0                (size_t)
	R9  0x0                (size_t)
	R10 0x1D               (size_t)
	R11 0x7FF60C787580     (void* -> Fallout4.exe+5B67580)
	R12 0x0                (size_t)
	R13 0x0                (size_t)
	R14 0x25000F23E30      (void*)
	R15 0x67CFCFFC28       (void*)

STACK:
	[RSP+0  ] 0x7FF60981DD40     (void* -> Fallout4.exe+2BFDD40)
	[RSP+8  ] 0xA                (size_t)
	[RSP+10 ] 0x7FF609868850     (void* -> Fallout4.exe+2C48850)
	[RSP+18 ] 0x7FFC5C7FCF7F     (void* -> MSVCR110.dll+003CF7F)
	[RSP+20 ] 0x7FF60C807580     (void* -> Fallout4.exe+5BE7580)
	[RSP+28 ] 0x7FF608763400     (void* -> Fallout4.exe+1B43400)
	[RSP+30 ] 0x25000FA6A70      (char*) "C"
	[RSP+38 ] 0xFFFFFFFFFFFFFFFF (size_t)
	[RSP+40 ] 0x0                (size_t)
	[RSP+48 ] 0x7FFC5C80128C     (void* -> MSVCR110.dll+004128C)
	[RSP+50 ] 0x0                (size_t)
	[RSP+58 ] 0x7FF6087631C3     (void* -> Fallout4.exe+1B431C3)
	[RSP+60 ] 0x0                (size_t)
	[RSP+68 ] 0x7FF60986BB83     (void* -> Fallout4.exe+2C4BB83)
	[RSP+70 ] 0x7FF609A2F340     (void* -> Fallout4.exe+2E0F340)
	[RSP+78 ] 0x7FF60C807580     (void* -> Fallout4.exe+5BE7580)
	[RSP+80 ] 0x0                (size_t)
	[RSP+88 ] 0x7FF608763F5D     (void* -> Fallout4.exe+1B43F5D)
	[RSP+90 ] 0x0                (size_t)
	[RSP+98 ] 0x7FF60C787580     (void* -> Fallout4.exe+5B67580)
	[RSP+A0 ] 0x7FF60C807580     (void* -> Fallout4.exe+5BE7580)
	[RSP+A8 ] 0x7FF60986BB83     (void* -> Fallout4.exe+2C4BB83)
	[RSP+B0 ] 0x25000000001      (size_t)
	[RSP+B8 ] 0x0                (size_t)
	[RSP+C0 ] 0x100000000        (size_t)
	[RSP+C8 ] 0x0                (size_t)
	[RSP+D0 ] 0x0                (size_t)
	[RSP+D8 ] 0x7FFC5C7E3A0F     (void* -> MSVCR110.dll+0023A0F)
	[RSP+E0 ] 0x40               (size_t)
	[RSP+E8 ] 0x0                (size_t)
	[RSP+F0 ] 0x0                (size_t)
	[RSP+F8 ] 0x0                (size_t)
	[RSP+100] 0x0                (size_t)
	[RSP+108] 0x7FF609868850     (void* -> Fallout4.exe+2C48850)
	[RSP+110] 0xA                (size_t)
	[RSP+118] 0x0                (size_t)
	[RSP+120] 0x7FF60A4ECFF0     (void* -> Fallout4.exe+38CCFF0)
	[RSP+128] 0x7FF608761CDD     (void* -> Fallout4.exe+1B41CDD)
	[RSP+130] 0x7FF60C4F4170     (void* -> Fallout4.exe+58D4170)
	[RSP+138] 0x7FF60986BB83     (void* -> Fallout4.exe+2C4BB83)
	[RSP+140] 0x7FF609868800     (void* -> Fallout4.exe+2C48800)
	[RSP+148] 0x7FF609556FDA     (void* -> Fallout4.exe+2936FDA)
	[RSP+150] 0x7FF6098386C0     (void* -> Fallout4.exe+2C186C0)
	[RSP+158] 0x7FF6095BFE40     (void* -> Fallout4.exe+299FE40)
	[RSP+160] 0x7FF609838680     (void* -> Fallout4.exe+2C18680)
	[RSP+168] 0xFFFFFFFFFFFFFFFF (size_t)
	[RSP+170] 0x7FF60D3547EC     (void* -> Fallout4.exe+67347EC)
	[RSP+178] 0xBFEBFBFF1FBAE3FF (size_t)
	[RSP+180] 0x7FF609868870     (void* -> Fallout4.exe+2C48870)
	[RSP+188] 0x7FFC5C7E2E33     (void* -> MSVCR110.dll+0022E33)
	[RSP+190] 0x0                (size_t)
	[RSP+198] 0x0                (size_t)
	[RSP+1A0] 0x0                (size_t)
	[RSP+1A8] 0x0                (size_t)
	[RSP+1B0] 0x0                (size_t)
	[RSP+1B8] 0x7FF6095570CC     (void* -> Fallout4.exe+29370CC)
	[RSP+1C0] 0x0                (size_t)
	[RSP+1C8] 0x7FF609557009     (void* -> Fallout4.exe+2937009)
	[RSP+1D0] 0x7FF60D8D9310     (void* -> Fallout4.exe+6CB9310)
	[RSP+1D8] 0x0                (size_t)
	[RSP+1E0] 0x0                (size_t)
	[RSP+1E8] 0x0                (size_t)
	[RSP+1F0] 0x0                (size_t)
	[RSP+1F8] 0x7FFC979F7034     (void* -> KERNEL32.DLL+0017034)
	[RSP+200] 0x0                (size_t)
	[RSP+208] 0x0                (size_t)
	[RSP+210] 0x0                (size_t)
	[RSP+218] 0x0                (size_t)
	[RSP+220] 0x0                (size_t)
	[RSP+228] 0x7FFC99082651     (void* -> ntdll.dll+0052651)
	[RSP+230] 0x0                (size_t)
	[RSP+238] 0x0                (size_t)
	[RSP+240] 0x0                (size_t)
	[RSP+248] 0x0                (size_t)
	[RSP+250] 0x0                (size_t)
	[RSP+258] 0x0                (size_t)
	[RSP+260] 0x4744807C00000000 (size_t)
	[RSP+268] 0x0                (size_t)
	[RSP+270] 0x0                (size_t)
	[RSP+278] 0x7FFC9684B610     (void* -> KERNELBASE.dll+010B610)
	[RSP+280] 0x67CFCFECC0       (void*)
	[RSP+288] 0x7FFCD1C0366C0    (size_t)
	[RSP+290] 0x7FFCD1C0366C     (size_t)
	[RSP+298] 0x67CFCFECC0       (void*)
	[RSP+2A0] 0x0                (size_t)
	[RSP+2A8] 0x0                (size_t)
	[RSP+2B0] 0x0                (size_t)
	[RSP+2B8] 0x0                (size_t)
	[RSP+2C0] 0x0                (size_t)
	[RSP+2C8] 0x0                (size_t)
	[RSP+2D0] 0x0                (size_t)
	[RSP+2D8] 0x0                (size_t)
	[RSP+2E0] 0x0                (size_t)
	[RSP+2E8] 0x0                (size_t)
	[RSP+2F0] 0x0                (size_t)
	[RSP+2F8] 0x0                (size_t)
	[RSP+300] 0x0                (size_t)
	[RSP+308] 0x0                (size_t)
	[RSP+310] 0x0                (size_t)
	[RSP+318] 0x0                (size_t)
	[RSP+320] 0x0                (size_t)
	[RSP+328] 0x0                (size_t)
	[RSP+330] 0x0                (size_t)
	[RSP+338] 0x0                (size_t)
	[RSP+340] 0x0                (size_t)
	[RSP+348] 0x0                (size_t)
	[RSP+350] 0x0                (size_t)
	[RSP+358] 0x0                (size_t)
	[RSP+360] 0x0                (size_t)
	[RSP+368] 0x0                (size_t)
	[RSP+370] 0x0                (size_t)
	[RSP+378] 0x0                (size_t)
	[RSP+380] 0x0                (size_t)
	[RSP+388] 0x0                (size_t)
	[RSP+390] 0x0                (size_t)
	[RSP+398] 0x0                (size_t)
	[RSP+3A0] 0x0                (size_t)
	[RSP+3A8] 0x0                (size_t)
	[RSP+3B0] 0x0                (size_t)
	[RSP+3B8] 0x0                (size_t)
	[RSP+3C0] 0x0                (size_t)
	[RSP+3C8] 0x0                (size_t)
	[RSP+3D0] 0x0                (size_t)
	[RSP+3D8] 0x0                (size_t)
	[RSP+3E0] 0x0                (size_t)
	[RSP+3E8] 0x0                (size_t)
	[RSP+3F0] 0x0                (size_t)
	[RSP+3F8] 0x0                (size_t)
	[RSP+400] 0x0                (size_t)
	[RSP+408] 0x0                (size_t)
	[RSP+410] 0x0                (size_t)
	[RSP+418] 0x0                (size_t)
	[RSP+420] 0x0                (size_t)
	[RSP+428] 0x0                (size_t)
	[RSP+430] 0x0                (size_t)
	[RSP+438] 0x0                (size_t)
	[RSP+440] 0x0                (size_t)
	[RSP+448] 0x0                (size_t)
	[RSP+450] 0x0                (size_t)
	[RSP+458] 0x0                (size_t)
	[RSP+460] 0x0                (size_t)
	[RSP+468] 0x0                (size_t)
	[RSP+470] 0x0                (size_t)
	[RSP+478] 0x0                (size_t)
	[RSP+480] 0x0                (size_t)
	[RSP+488] 0x0                (size_t)
	[RSP+490] 0x0                (size_t)
	[RSP+498] 0x0                (size_t)

MODULES:
	XINPUT1_3.dll                0x000000400000
	X3DAudio1_7.dll              0x000069020000
	steam_api64.dll              0x000069030000
	Fallout4.exe                 0x7FF606C20000
	steamclient64.dll            0x7FFC26400000
	IPHLPAPI.DLL                 0x7FFC45F10000
	wsfw_identifier.dll          0x7FFC4A330000
	f4ee.dll                     0x7FFC4A410000
	BakaScrapHeap.dll            0x7FFC4AF70000
	tier0_s64.dll                0x7FFC4B420000
	Buffout4.dll                 0x7FFC4C9F0000
	f4se_1_10_163.dll            0x7FFC4D1C0000
	flexRelease_x64.dll          0x7FFC4F240000
	mcm.dll                      0x7FFC55360000
	MSVCR110.dll                 0x7FFC5C7C0000
	vstdlib_s64.dll              0x7FFC5CF50000
	XDI.dll                      0x7FFC5DBE0000
	place.dll                    0x7FFC68300000
	MSVCP110.dll                 0x7FFC6AF50000
	faster_workshop.dll          0x7FFC6B660000
	GFSDK_SSAO_D3D11.win64.dll   0x7FFC6BEA0000
	crafting_highlight_fix.dll   0x7FFC6C0D0000
	bink2w64.dll                 0x7FFC6C990000
	PrivateProfileRedirector.dll 0x7FFC6CB20000
	OLEACC.dll                   0x7FFC6CE60000
	WINSPOOL.DRV                 0x7FFC70D20000
	tbbmalloc.dll                0x7FFC718E0000
	cudart64_75.dll              0x7FFC73AD0000
	ExtraItemInfo.dll            0x7FFC73C70000
	MSIMG32.dll                  0x7FFC75550000
	GFSDK_GodraysLib.x64.dll     0x7FFC75710000
	flexExtRelease_x64.dll       0x7FFC75F10000
	f4se_steam_loader.dll        0x7FFC809F0000
	COMCTL32.dll                 0x7FFC836F0000
	WINMM.dll                    0x7FFC8A280000
	Secur32.dll                  0x7FFC8B870000
	VCRUNTIME140_1.dll           0x7FFC8CAC0000
	MSVCP140.dll                 0x7FFC8CAD0000
	VCRUNTIME140.dll             0x7FFC8CB60000
	MSVCP140_ATOMIC_WAIT.dll     0x7FFC8EB00000
	WINHTTP.dll                  0x7FFC90820000
	DbgHelp.dll                  0x7FFC90BB0000
	d3d11.dll                    0x7FFC90EE0000
	VERSION.dll                  0x7FFC91780000
	nvToolsExt64_1.dll           0x7FFC921A0000
	d3d11.Dll                    0x7FFC92690000
	DComp.dll                    0x7FFC93480000
	UxTheme.dll                  0x7FFC94170000
	DWMAPI.dll                   0x7FFC94540000
	kernel.appcore.dll           0x7FFC94650000
	windows.storage.dll          0x7FFC94850000
	HID.DLL                      0x7FFC94FF0000
	dxgi.dll                     0x7FFC95030000
	IpHlpAPI.dll                 0x7FFC95B90000
	MSWSOCK.dll                  0x7FFC95EF0000
	CRYPTBASE.DLL                0x7FFC96100000
	Wldp.dll                     0x7FFC96190000
	SSPICLI.DLL                  0x7FFC96600000
	profapi.dll                  0x7FFC96680000
	KERNELBASE.dll               0x7FFC96740000
	cfgmgr32.dll                 0x7FFC96A10000
	CRYPT32.dll                  0x7FFC96A60000
	gdi32full.dll                0x7FFC96BC0000
	bcryptPrimitives.dll         0x7FFC96D30000
	win32u.dll                   0x7FFC96DC0000
	bcrypt.dll                   0x7FFC96EA0000
	ucrtbase.dll                 0x7FFC96ED0000
	msvcp_win.dll                0x7FFC96FD0000
	imagehlp.dll                 0x7FFC97100000
	IMM32.DLL                    0x7FFC97120000
	GDI32.dll                    0x7FFC97150000
	WS2_32.dll                   0x7FFC97180000
	SETUPAPI.dll                 0x7FFC97250000
	sechost.dll                  0x7FFC97750000
	SHLWAPI.dll                  0x7FFC97910000
	KERNEL32.DLL                 0x7FFC979E0000
	RPCRT4.dll                   0x7FFC97AA0000
	ADVAPI32.dll                 0x7FFC97BD0000
	PSAPI.DLL                    0x7FFC97CE0000
	USER32.dll                   0x7FFC97CF0000
	OLEAUT32.dll                 0x7FFC97EA0000
	shcore.dll                   0x7FFC97F70000
	ole32.dll                    0x7FFC98020000
	COMDLG32.dll                 0x7FFC98300000
	SHELL32.dll                  0x7FFC983E0000
	combase.dll                  0x7FFC98BF0000
	msvcrt.dll                   0x7FFC98F50000
	ntdll.dll                    0x7FFC99030000

F4SE PLUGINS:
	mcm.dll
	XDI.dll
	f4ee.dll
	place.dll
	Buffout4.dll
	BakaScrapHeap.dll
	ExtraItemInfo.dll
	faster_workshop.dll
	wsfw_identifier.dll
	crafting_highlight_fix.dll
	PrivateProfileRedirector.dll

PLUGINS:
