Fallout 4 v1.10.163
Buffout 4 v1.23.0

Unhandled exception "EXCEPTION_ACCESS_VIOLATION" at 0x000000000000

SETTINGS:
	[Compatibility]
		F4EE: false
	[Fixes]
		ActorIsHostileToActor: true
		CellInit: true
		EncounterZoneReset: true
		GreyMovies: true
		MagicEffectApplyEvent: true
		MovementPlanner: true
		PackageAllocateLocation: true
		SafeExit: true
		UnalignedLoad: true
		UtilityShader: true
	[Patches]
		Achievements: true
		BSMTAManager: true
		BSPreCulledObjects: true
		BSTextureStreamerLocalHeap: true
		HavokMemorySystem: true
		INISettingCollection: true
		MaxStdIO: -1
		MemoryManager: true
		MemoryManagerDebug: false
		ScaleformAllocator: true
		SmallBlockAllocator: true
		WorkshopMenu: true
	[Warnings]
		CreateTexture2D: true
		ImageSpaceAdapter: true

SYSTEM SPECS:
	OS: Microsoft Windows 10 Home Single Language v10.0.19041
	CPU: GenuineIntel Intel(R) Core(TM) i7-2600 CPU @ 3.40GHz
	GPU #1: Nvidia GM206 [GeForce GTX 960]
	GPU #2: Microsoft Basic Render Driver
	PHYSICAL MEMORY: 12.78 GB/15.97 GB

PROBABLE CALL STACK:
	[0] 0x7FFC553D3FDD   Buffout4.dll+0073FDD
	[1] 0x7FFC553D3583   Buffout4.dll+0073583
	[2] 0x7FFC553D326A   Buffout4.dll+007326A
	[3] 0x7FFC9684B7F7 KERNELBASE.dll+010B7F7
	[4] 0x7FFC990D51B0      ntdll.dll+00A51B0
	[5] 0x7FFC990BC766      ntdll.dll+008C766
	[6] 0x7FFC990D20CF      ntdll.dll+00A20CF
	[7] 0x7FFC99081454      ntdll.dll+0051454
	[8] 0x7FFC990D0BFE      ntdll.dll+00A0BFE

REGISTERS:
	RAX 0x2670D25F580      (void*)
	RCX 0x2670D25EC80      (void*)
	RDX 0x26655BF9780      (void*)
	RBX 0x2664B0CA080      (PlayerCharacter*)
		Object Reference: 
			File: "FFO-Player-OTTER.esp"
			Flags: 0x00040009
			Form ID: 0x00000007
			Form Type: 45
		File: ""
		Flags: 0x00450448
		Form ID: 0x00000014
		Form Type: 65
	RSP 0x93621CEF78       (void*)
	RBP 0x93621CEFC9       (void*)
	RSI 0x2664B0CA080      (PlayerCharacter*)
		Object Reference: 
			File: "FFO-Player-OTTER.esp"
			Flags: 0x00040009
			Form ID: 0x00000007
			Form Type: 45
		File: ""
		Flags: 0x00450448
		Form ID: 0x00000014
		Form Type: 65
	RDI 0x2670D25EC80      (void*)
	R8  0xF02BF8A1         (size_t)
	R9  0x93621CEE78       (char*) "0"
	R10 0x0                (size_t)
	R11 0x93621CEE80       (void*)
	R12 0x93621CF790       (char*) "P"
	R13 0x0                (size_t)
	R14 0xFFFFFFFF         (size_t)
	R15 0x0                (size_t)

STACK:
	[RSP+0   ] 0x7FF6C519067B     (void* -> Fallout4.exe+0C5067B)
	[RSP+8   ] 0x26600200000      (void*)
	[RSP+10  ] 0x2664B0CA080      (PlayerCharacter*)
		Object Reference: 
			File: "FFO-Player-OTTER.esp"
			Flags: 0x00040009
			Form ID: 0x00000007
			Form Type: 45
		File: ""
		Flags: 0x00450448
		Form ID: 0x00000014
		Form Type: 65
	[RSP+18  ] 0x2664B0CA080      (PlayerCharacter*)
		Object Reference: 
			File: "FFO-Player-OTTER.esp"
			Flags: 0x00040009
			Form ID: 0x00000007
			Form Type: 45
		File: ""
		Flags: 0x00450448
		Form ID: 0x00000014
		Form Type: 65
	[RSP+20  ] 0x2664B0CA0D8      (PlayerCharacter*)
		Object Reference: 
			File: "FFO-Player-OTTER.esp"
			Flags: 0x00040009
			Form ID: 0x00000007
			Form Type: 45
		File: ""
		Flags: 0x00450448
		Form ID: 0x00000014
		Form Type: 65
	[RSP+28  ] 0x265AD4B1B40      (ActorValueInfo*)
		File: ""
		Flags: 0x00000008
		Form ID: 0x000002CE
		Form Type: 98
		Full Name: ""
	[RSP+30  ] 0x7FF6C5365F29     (void* -> Fallout4.exe+0E25F29)
	[RSP+38  ] 0x2664B0CA3E8      (void*)
	[RSP+40  ] 0x265AD4B1B40      (ActorValueInfo*)
		File: ""
		Flags: 0x00000008
		Form ID: 0x000002CE
		Form Type: 98
		Full Name: ""
	[RSP+48  ] 0x2664B0CA080      (PlayerCharacter*)
		Object Reference: 
			File: "FFO-Player-OTTER.esp"
			Flags: 0x00040009
			Form ID: 0x00000007
			Form Type: 45
		File: ""
		Flags: 0x00450448
		Form ID: 0x00000014
		Form Type: 65
	[RSP+50  ] 0x2664B0CA080      (PlayerCharacter*)
		Object Reference: 
			File: "FFO-Player-OTTER.esp"
			Flags: 0x00040009
			Form ID: 0x00000007
			Form Type: 45
		File: ""
		Flags: 0x00450448
		Form ID: 0x00000014
		Form Type: 65
	[RSP+58  ] 0x0                (size_t)
	[RSP+60  ] 0x0                (size_t)
	[RSP+68  ] 0x40200000         (size_t)
	[RSP+70  ] 0x0                (size_t)
	[RSP+78  ] 0x2665A252000      (void*)
	[RSP+80  ] 0x2664B0CA080      (PlayerCharacter*)
		Object Reference: 
			File: "FFO-Player-OTTER.esp"
			Flags: 0x00040009
			Form ID: 0x00000007
			Form Type: 45
		File: ""
		Flags: 0x00450448
		Form ID: 0x00000014
		Form Type: 65
	[RSP+88  ] 0x0                (size_t)
	[RSP+90  ] 0x2670D25EC80      (void*)
	[RSP+98  ] 0x26682261470      (void*)
	[RSP+A0  ] 0x93621CF080       (void*)
	[RSP+A8  ] 0x2664B0CA080      (PlayerCharacter*)
		Object Reference: 
			File: "FFO-Player-OTTER.esp"
			Flags: 0x00040009
			Form ID: 0x00000007
			Form Type: 45
		File: ""
		Flags: 0x00450448
		Form ID: 0x00000014
		Form Type: 65
	[RSP+B0  ] 0x7FF6C51AE8B3     (void* -> Fallout4.exe+0C6E8B3)
	[RSP+B8  ] 0x9300200000       (size_t)
	[RSP+C0  ] 0x0                (size_t)
	[RSP+C8  ] 0x2664B0CA080      (PlayerCharacter*)
		Object Reference: 
			File: "FFO-Player-OTTER.esp"
			Flags: 0x00040009
			Form ID: 0x00000007
			Form Type: 45
		File: ""
		Flags: 0x00450448
		Form ID: 0x00000014
		Form Type: 65
	[RSP+D0  ] 0x7FF6C6082FE8     (void* -> Fallout4.exe+1B42FE8)
	[RSP+D8  ] 0x26697EB9600      (void*)
	[RSP+E0  ] 0x7FF6C51AB54D     (void* -> Fallout4.exe+0C6B54D)
	[RSP+E8  ] 0x2664B1DC2A0      (void*)
	[RSP+F0  ] 0x26682261470      (void*)
	[RSP+F8  ] 0x2664B2C1138      (void*)
	[RSP+100 ] 0x26682261488      (void*)
	[RSP+108 ] 0x93621CF0D8       (void*)
	[RSP+110 ] 0x93621CF118       (void*)
	[RSP+118 ] 0x93621CF0E8       (void*)
	[RSP+120 ] 0x93621CF0E0       (void*)
	[RSP+128 ] 0x2664B0CA190      (PlayerCharacter*)
		Object Reference: 
			File: "FFO-Player-OTTER.esp"
			Flags: 0x00040009
			Form ID: 0x00000007
			Form Type: 45
		File: ""
		Flags: 0x00450448
		Form ID: 0x00000014
		Form Type: 65
	[RSP+130 ] 0x93621CF0D0       (void*)
	[RSP+138 ] 0x2664B0CA080      (PlayerCharacter*)
		Object Reference: 
			File: "FFO-Player-OTTER.esp"
			Flags: 0x00040009
			Form ID: 0x00000007
			Form Type: 45
		File: ""
		Flags: 0x00450448
		Form ID: 0x00000014
		Form Type: 65
	[RSP+140 ] 0x26655E93120      (BGSAbilityPerkEntry*)
	[RSP+148 ] 0x2665B209F80      (SpellItem*)
		File: "spacefiddle_Scarcity_Full.esp"
		Flags: 0x00000008
		Form ID: 0x150090C4
		Form Type: 25
		Full Name: ""
	[RSP+150 ] 0x7FF6C5350AB2     (void* -> Fallout4.exe+0E10AB2)
	[RSP+158 ] 0x0                (size_t)
	[RSP+160 ] 0x2665B209F80      (SpellItem*)
		File: "spacefiddle_Scarcity_Full.esp"
		Flags: 0x00000008
		Form ID: 0x150090C4
		Form Type: 25
		Full Name: ""
	[RSP+168 ] 0x42E0F501         (size_t)
	[RSP+170 ] 0x0                (size_t)
	[RSP+178 ] 0x26697EB9600      (void*)
	[RSP+180 ] 0x2664B0CA080      (PlayerCharacter*)
		Object Reference: 
			File: "FFO-Player-OTTER.esp"
			Flags: 0x00040009
			Form ID: 0x00000007
			Form Type: 45
		File: ""
		Flags: 0x00450448
		Form ID: 0x00000014
		Form Type: 65
	[RSP+188 ] 0x2664B0CA080      (PlayerCharacter*)
		Object Reference: 
			File: "FFO-Player-OTTER.esp"
			Flags: 0x00040009
			Form ID: 0x00000007
			Form Type: 45
		File: ""
		Flags: 0x00450448
		Form ID: 0x00000014
		Form Type: 65
	[RSP+190 ] 0x7FF6C4AAFA71     (void* -> Fallout4.exe+056FA71)
	[RSP+198 ] 0x26655E93120      (BGSAbilityPerkEntry*)
	[RSP+1A0 ] 0x26500000000      (size_t)
	[RSP+1A8 ] 0x2664B0CA080      (PlayerCharacter*)
		Object Reference: 
			File: "FFO-Player-OTTER.esp"
			Flags: 0x00040009
			Form ID: 0x00000007
			Form Type: 45
		File: ""
		Flags: 0x00450448
		Form ID: 0x00000014
		Form Type: 65
	[RSP+1B0 ] 0x7FF6C5150FEE     (void* -> Fallout4.exe+0C10FEE)
	[RSP+1B8 ] 0x7FF6C9FFCC58     (void* -> Fallout4.exe+5ABCC58)
	[RSP+1C0 ] 0x3DCCCCCD00000000 (size_t)
	[RSP+1C8 ] 0x26673376B68      (void*)
	[RSP+1D0 ] 0x7FF6C4AB11D1     (void* -> Fallout4.exe+05711D1)
	[RSP+1D8 ] 0x93621CF178       (void*)
	[RSP+1E0 ] 0x26673376B40      (void*)
	[RSP+1E8 ] 0x2664B0CA248      (void*)
	[RSP+1F0 ] 0x7FFC65FC6529     (void* -> MSVCR110.dll+0036529)
	[RSP+1F8 ] 0x2665A213240      (BGSPerk*)
		File: "SuperPatch.esp"
		Flags: 0x0000000D
		Form ID: 0x0001F8A9
		Form Type: 95
		Full Name: ""
	[RSP+200 ] 0x7FF6C4F0989B     (void* -> Fallout4.exe+09C989B)
	[RSP+208 ] 0x1C               (size_t)
	[RSP+210 ] 0x2665A213240      (BGSPerk*)
		File: "SuperPatch.esp"
		Flags: 0x0000000D
		Form ID: 0x0001F8A9
		Form Type: 95
		Full Name: ""
	[RSP+218 ] 0x26697EB9670      (void*)
	[RSP+220 ] 0x7FF6C4F0AD65     (void* -> Fallout4.exe+09CAD65)
	[RSP+228 ] 0x7FF6C7250EC8     (void* -> Fallout4.exe+2D10EC8)
	[RSP+230 ] 0x2665A213240      (BGSPerk*)
		File: "SuperPatch.esp"
		Flags: 0x0000000D
		Form ID: 0x0001F8A9
		Form Type: 95
		Full Name: ""
	[RSP+238 ] 0x267475BA640      (void*)
	[RSP+240 ] 0x267132DB380      (TESObjectREFR*)
		Object Reference: 
			File: "M8r_Item_Tags_Vanilla_EN.esp"
			Flags: 0x00000009
			Form ID: 0x000366BF
			Form Type: 48
		File: "Fallout4.esm"
		Flags: 0x00400409
		Form ID: 0x001D5A9A
		Form Type: 64
	[RSP+248 ] 0x26697EB9600      (void*)
	[RSP+250 ] 0x2                (size_t)
	[RSP+258 ] 0x93621CF380       (void*)
	[RSP+260 ] 0x7FF6C4F09002     (void* -> Fallout4.exe+09C9002)
	[RSP+268 ] 0x1C               (size_t)
	[RSP+270 ] 0x2665A213240      (BGSPerk*)
		File: "SuperPatch.esp"
		Flags: 0x0000000D
		Form ID: 0x0001F8A9
		Form Type: 95
		Full Name: ""
	[RSP+278 ] 0x267475BA640      (void*)
	[RSP+280 ] 0x26703D7E840      (void*)
	[RSP+288 ] 0x2                (size_t)
	[RSP+290 ] 0x93621CF380       (void*)
	[RSP+298 ] 0x265A5F33470      (void*)
	[RSP+2A0 ] 0xB7D82F65372      (size_t)
	[RSP+2A8 ] 0x2665A213240      (BGSPerk*)
		File: "SuperPatch.esp"
		Flags: 0x0000000D
		Form ID: 0x0001F8A9
		Form Type: 95
		Full Name: ""
	[RSP+2B0 ] 0x7FF6C52E687B     (void* -> Fallout4.exe+0DA687B)
	[RSP+2B8 ] 0x2664B0CA080      (PlayerCharacter*)
		Object Reference: 
			File: "FFO-Player-OTTER.esp"
			Flags: 0x00040009
			Form ID: 0x00000007
			Form Type: 45
		File: ""
		Flags: 0x00450448
		Form ID: 0x00000014
		Form Type: 65
	[RSP+2C0 ] 0x93621CF250       (void*)
	[RSP+2C8 ] 0x2659BF3B050      (void*)
	[RSP+2D0 ] 0x7FF6C51C2917     (void* -> Fallout4.exe+0C82917)
	[RSP+2D8 ] 0x200000A5F30001   (size_t)
	[RSP+2E0 ] 0x2665A252020      (BGSPerk*)
		File: "Fallout4.esm"
		Flags: 0x00000009
		Form ID: 0x00204A55
		Form Type: 95
		Full Name: ""
	[RSP+2E8 ] 0x0                (size_t)
	[RSP+2F0 ] 0x93621CF790       (char*) "P"
	[RSP+2F8 ] 0x7FF6C4540000     (void*)
	[RSP+300 ] 0x7FF6C52A267B     (void* -> Fallout4.exe+0D6267B)
	[RSP+308 ] 0x265A5F33470      (void*)
	[RSP+310 ] 0x2664B0CA080      (PlayerCharacter*)
		Object Reference: 
			File: "FFO-Player-OTTER.esp"
			Flags: 0x00040009
			Form ID: 0x00000007
			Form Type: 45
		File: ""
		Flags: 0x00450448
		Form ID: 0x00000014
		Form Type: 65
	[RSP+318 ] 0x93621CF380       (void*)
	[RSP+320 ] 0x2                (size_t)
	[RSP+328 ] 0x42AD0056         (size_t)
	[RSP+330 ] 0x0                (size_t)
	[RSP+338 ] 0x7FF6C73F4BA8     (void* -> Fallout4.exe+2EB4BA8)
	[RSP+340 ] 0x0                (size_t)
	[RSP+348 ] 0x0                (size_t)
	[RSP+350 ] 0x266D431B680      (void*)
	[RSP+358 ] 0x265A5F33470      (void*)
	[RSP+360 ] 0x7FF6C67ABF41     (void* -> Fallout4.exe+226BF41)
	[RSP+368 ] 0x7FF6C73F4BA8     (void* -> Fallout4.exe+2EB4BA8)
	[RSP+370 ] 0x0                (size_t)
	[RSP+378 ] 0x7FF6C7C14300     (void* -> Fallout4.exe+36D4300)
	[RSP+380 ] 0x93621CF3A0       (void*)
	[RSP+388 ] 0x93621CF3B0       (void*)
	[RSP+390 ] 0x93621CF4E0       (void*)
	[RSP+398 ] 0x42AD0056         (size_t)
	[RSP+3A0 ] 0x0                (size_t)
	[RSP+3A8 ] 0x266D431B680      (void*)
	[RSP+3B0 ] 0x7FF6C4F81BDB     (void* -> Fallout4.exe+0A41BDB)
	[RSP+3B8 ] 0x5BA26AFF6D44     (size_t)
	[RSP+3C0 ] 0x7FF6C733DDE4     (char*) "root"
	[RSP+3C8 ] 0x93621CF5A0       (void*)
	[RSP+3D0 ] 0x93621CF4E0       (void*)
	[RSP+3D8 ] 0x93621CF5A0       (void*)
	[RSP+3E0 ] 0x7FF6C664DB30     (void* -> Fallout4.exe+210DB30)
	[RSP+3E8 ] 0x26720843280      (BSGFxShaderFXTarget*)
	[RSP+3F0 ] 0x0                (size_t)
	[RSP+3F8 ] 0x7FF6C73F4BA8     (void* -> Fallout4.exe+2EB4BA8)
	[RSP+400 ] 0x266D431B680      (void*)
	[RSP+408 ] 0x0                (size_t)
	[RSP+410 ] 0x267FC224100      (void*)
	[RSP+418 ] 0x93621CF400       (void*)
	[RSP+420 ] 0x7FF6C67ABF41     (void* -> Fallout4.exe+226BF41)
	[RSP+428 ] 0x4269666743707333 (size_t)
	[RSP+430 ] 0x429E999A4383199A (size_t)
	[RSP+438 ] 0x3F800000         (size_t)
	[RSP+440 ] 0x4597A80000000000 (size_t)
	[RSP+448 ] 0x3F80000000000000 (size_t)
	[RSP+450 ] 0x4497200000000000 (size_t)
	[RSP+458 ] 0x3F800000         (size_t)
	[RSP+460 ] 0x4597A80000000000 (size_t)
	[RSP+468 ] 0x3F80000000000000 (size_t)
	[RSP+470 ] 0x4497200000000000 (size_t)
	[RSP+478 ] 0x2000003F800000   (size_t)
	[RSP+480 ] 0x0                (size_t)
	[RSP+488 ] 0x3F80000000000000 (size_t)
	[RSP+490 ] 0x0                (size_t)
	[RSP+498 ] 0x7FF6C73F4BA8     (void* -> Fallout4.exe+2EB4BA8)
	[RSP+4A0 ] 0x7FFC611657C3     (void* -> tbbmalloc.dll+00157C3)
	[RSP+4A8 ] 0x2670000004A      (void*)
	[RSP+4B0 ] 0x266D431B540      (void*)
	[RSP+4B8 ] 0x265A4E67A30      (void*)
	[RSP+4C0 ] 0x0                (size_t)
	[RSP+4C8 ] 0x26600000000      (void*)
	[RSP+4D0 ] 0x900000000        (size_t)
	[RSP+4D8 ] 0x0                (size_t)
	[RSP+4E0 ] 0x0                (size_t)
	[RSP+4E8 ] 0x0                (size_t)
	[RSP+4F0 ] 0x287              (size_t)
	[RSP+4F8 ] 0x0                (size_t)
	[RSP+500 ] 0x0                (size_t)
	[RSP+508 ] 0x42AD0056         (size_t)
	[RSP+510 ] 0x0                (size_t)
	[RSP+518 ] 0x93621CF4F0       (void*)
	[RSP+520 ] 0x265A5F33470      (void*)
	[RSP+528 ] 0x1                (size_t)
	[RSP+530 ] 0x288              (size_t)
	[RSP+538 ] 0x288              (size_t)
	[RSP+540 ] 0x0                (size_t)
	[RSP+548 ] 0x7FFC611883C0     (void* -> tbbmalloc.dll+00383C0)
	[RSP+550 ] 0x7FFC61167A16     (void* -> tbbmalloc.dll+0017A16)
	[RSP+558 ] 0xC220000000000000 (size_t)
	[RSP+560 ] 0x443E000044A00000 (size_t)
	[RSP+568 ] 0x4383199A43707333 (size_t)
	[RSP+570 ] 0x429E999A42696667 (size_t)
	[RSP+578 ] 0x384000005A0      (size_t)
	[RSP+580 ] 0x0                (size_t)
	[RSP+588 ] 0x384000005A0      (size_t)
	[RSP+590 ] 0xFFFFFFFFFFFFFFFE (size_t)
	[RSP+598 ] 0x93621CF630       (void*)
	[RSP+5A0 ] 0x26720843280      (BSGFxShaderFXTarget*)
	[RSP+5A8 ] 0x9C0              (size_t)
	[RSP+5B0 ] 0x7FFC61169251     (void* -> tbbmalloc.dll+0019251)
	[RSP+5B8 ] 0x0                (size_t)
	[RSP+5C0 ] 0x7FF6C664DBB8     (void* -> Fallout4.exe+210DBB8)
	[RSP+5C8 ] 0x93621CF630       (void*)
	[RSP+5D0 ] 0x7FF6C66344DE     (void* -> Fallout4.exe+20F44DE)
	[RSP+5D8 ] 0x0                (size_t)
	[RSP+5E0 ] 0x0                (size_t)
	[RSP+5E8 ] 0x3E51C2903E405C2A (size_t)
	[RSP+5F0 ] 0x7FFC61163911     (void* -> tbbmalloc.dll+0013911)
	[RSP+5F8 ] 0x100010000        (size_t)
	[RSP+600 ] 0xFFFFFFFFFFFFFFFE (size_t)
	[RSP+608 ] 0x267E33C0802      (void*)
	[RSP+610 ] 0xFFFFFFFFFFFFFFFE (size_t)
	[RSP+618 ] 0x2664B0CA080      (PlayerCharacter*)
		Object Reference: 
			File: "FFO-Player-OTTER.esp"
			Flags: 0x00040009
			Form ID: 0x00000007
			Form Type: 45
		File: ""
		Flags: 0x00450448
		Form ID: 0x00000014
		Form Type: 65
	[RSP+620 ] 0x7FF6C7DE3990     (void* -> Fallout4.exe+38A3990)
	[RSP+628 ] 0x1                (size_t)
	[RSP+630 ] 0x0                (size_t)
	[RSP+638 ] 0x0                (size_t)
	[RSP+640 ] 0xFFFFFFFFFFFFFFFE (size_t)
	[RSP+648 ] 0x100010000        (size_t)
	[RSP+650 ] 0x7FFC61163911     (void* -> tbbmalloc.dll+0013911)
	[RSP+658 ] 0x1                (size_t)
	[RSP+660 ] 0x26746F44BD0      (void*)
	[RSP+668 ] 0x0                (size_t)
	[RSP+670 ] 0x7FF6C4CBADF0     (void* -> Fallout4.exe+077ADF0)
	[RSP+678 ] 0x1                (size_t)
	[RSP+680 ] 0x7FFC61163911     (void* -> tbbmalloc.dll+0013911)
	[RSP+688 ] 0x4A               (size_t)
	[RSP+690 ] 0x7FF6C69DC96D     (void* -> Fallout4.exe+249C96D)
	[RSP+698 ] 0x26692F98640      (void*)
	[RSP+6A0 ] 0xFFFFFFFFFFFFFFFE (size_t)
	[RSP+6A8 ] 0x0                (size_t)
	[RSP+6B0 ] 0x7FF6C7DE3990     (void* -> Fallout4.exe+38A3990)
	[RSP+6B8 ] 0x1                (size_t)
	[RSP+6C0 ] 0x26692F98640      (void*)
	[RSP+6C8 ] 0x0                (size_t)
	[RSP+6D0 ] 0x7FFC61169251     (void* -> tbbmalloc.dll+0019251)
	[RSP+6D8 ] 0x1                (size_t)
	[RSP+6E0 ] 0x93621CF748       (void*)
	[RSP+6E8 ] 0x26800340410      (void*)
	[RSP+6F0 ] 0x266948D11A0      (void*)
	[RSP+6F8 ] 0x266948D11A0      (void*)
	[RSP+700 ] 0x7FF6C69E5712     (void* -> Fallout4.exe+24A5712)
	[RSP+708 ] 0x7FFC6165CCD0     (void* -> f4se_1_10_163.dll+00CCCD0)
	[RSP+710 ] 0x7FFC61169251     (void* -> tbbmalloc.dll+0019251)
	[RSP+718 ] 0x0                (size_t)
	[RSP+720 ] 0xFFFFFFFFFFFFFFFE (size_t)
	[RSP+728 ] 0x7FFC6165CCD0     (void* -> f4se_1_10_163.dll+00CCCD0)
	[RSP+730 ] 0x0                (size_t)
	[RSP+738 ] 0x7                (size_t)
	[RSP+740 ] 0x9F               (size_t)
	[RSP+748 ] 0x2                (size_t)
	[RSP+750 ] 0x7FFC615B7386     (void* -> f4se_1_10_163.dll+0027386)
	[RSP+758 ] 0x2                (size_t)
	[RSP+760 ] 0xFFFFFFFFFFFFFFFE (size_t)
	[RSP+768 ] 0x0                (size_t)
	[RSP+770 ] 0x0                (size_t)
	[RSP+778 ] 0x8                (size_t)
	[RSP+780 ] 0x1                (size_t)
	[RSP+788 ] 0x0                (size_t)
	[RSP+790 ] 0x7FF6C528CF36     (void* -> Fallout4.exe+0D4CF36)
	[RSP+798 ] 0x40200000         (size_t)
	[RSP+7A0 ] 0x0                (size_t)
	[RSP+7A8 ] 0x2                (size_t)
	[RSP+7B0 ] 0x0                (size_t)
	[RSP+7B8 ] 0xB7D82F65372      (size_t)
	[RSP+7C0 ] 0x265AD407F18      (BSTCommonScrapHeapMessageQueue<BSPackedTask>*)
	[RSP+7C8 ] 0x265AD3C8180      (void*)
	[RSP+7D0 ] 0x8                (size_t)
	[RSP+7D8 ] 0x6B0C             (size_t)
	[RSP+7E0 ] 0x0                (size_t)
	[RSP+7E8 ] 0x0                (size_t)
	[RSP+7F0 ] 0x7FF6C52980DB     (void* -> Fallout4.exe+0D580DB)
	[RSP+7F8 ] 0x265AD407F18      (BSTCommonScrapHeapMessageQueue<BSPackedTask>*)
	[RSP+800 ] 0x7FF6C6C30A55     (void* -> Fallout4.exe+26F0A55)
	[RSP+808 ] 0x7FF6CA006038     (void* -> Fallout4.exe+5AC6038)
	[RSP+810 ] 0x7FF6CA006028     (void* -> Fallout4.exe+5AC6028)
	[RSP+818 ] 0x50               (size_t)
	[RSP+820 ] 0x2665A213240      (BGSPerk*)
		File: "SuperPatch.esp"
		Flags: 0x0000000D
		Form ID: 0x0001F8A9
		Form Type: 95
		Full Name: ""
	[RSP+828 ] 0x1                (size_t)
	[RSP+830 ] 0x200000           (size_t)
	[RSP+838 ] 0x0                (size_t)
	[RSP+840 ] 0x0                (size_t)
	[RSP+848 ] 0x0                (size_t)
	[RSP+850 ] 0x0                (size_t)
	[RSP+858 ] 0x0                (size_t)
	[RSP+860 ] 0x0                (size_t)
	[RSP+868 ] 0x0                (size_t)
	[RSP+870 ] 0x0                (size_t)
	[RSP+878 ] 0x0                (size_t)
	[RSP+880 ] 0x0                (size_t)
	[RSP+888 ] 0x0                (size_t)
	[RSP+890 ] 0x0                (size_t)
	[RSP+898 ] 0x42AD0056         (size_t)
	[RSP+8A0 ] 0x0                (size_t)
	[RSP+8A8 ] 0x0                (size_t)
	[RSP+8B0 ] 0x0                (size_t)
	[RSP+8B8 ] 0x0                (size_t)
	[RSP+8C0 ] 0x0                (size_t)
	[RSP+8C8 ] 0x265AD407D80      (Main*)
	[RSP+8D0 ] 0x0                (size_t)
	[RSP+8D8 ] 0x0                (size_t)
	[RSP+8E0 ] 0x7FFC615A75FC     (void* -> f4se_1_10_163.dll+00175FC)
	[RSP+8E8 ] 0x61A8             (size_t)
	[RSP+8F0 ] 0x0                (size_t)
	[RSP+8F8 ] 0x8                (size_t)
	[RSP+900 ] 0x0                (size_t)
	[RSP+908 ] 0x0                (size_t)
	[RSP+910 ] 0x0                (size_t)
	[RSP+918 ] 0x0                (size_t)
	[RSP+920 ] 0x265AD407D80      (Main*)
	[RSP+928 ] 0x265AD407D80      (Main*)
	[RSP+930 ] 0x7FF6C5279710     (void* -> Fallout4.exe+0D39710)
	[RSP+938 ] 0x0                (size_t)
	[RSP+940 ] 0x0                (size_t)
	[RSP+948 ] 0x0                (size_t)
	[RSP+950 ] 0x0                (size_t)
	[RSP+958 ] 0x0                (size_t)
	[RSP+960 ] 0x0                (size_t)
	[RSP+968 ] 0x0                (size_t)
	[RSP+970 ] 0x0                (size_t)
	[RSP+978 ] 0x0                (size_t)
	[RSP+980 ] 0x7FF6C5276E10     (void* -> Fallout4.exe+0D36E10)
	[RSP+988 ] 0x20B08EA          (size_t)
	[RSP+990 ] 0xA                (size_t)
	[RSP+998 ] 0xA                (size_t)
	[RSP+9A0 ] 0x0                (size_t)
	[RSP+9A8 ] 0x0                (size_t)
	[RSP+9B0 ] 0x7FF6C5275950     (void* -> Fallout4.exe+0D35950)
	[RSP+9B8 ] 0x265A5F373E3      (void*)
	[RSP+9C0 ] 0x20B08EA          (size_t)
	[RSP+9C8 ] 0x61CDC17B         (size_t)
	[RSP+9D0 ] 0x265A5F373E3      (void*)
	[RSP+9D8 ] 0x0                (size_t)
	[RSP+9E0 ] 0x7FF6C6E77157     (void* -> Fallout4.exe+2937157)
	[RSP+9E8 ] 0x265A5F373E2      (char*) """
	[RSP+9F0 ] 0xA                (size_t)
	[RSP+9F8 ] 0x0                (size_t)
	[RSP+A00 ] 0xA                (size_t)
	[RSP+A08 ] 0x0                (size_t)
	[RSP+A10 ] 0x265A5F373E3      (void*)
	[RSP+A18 ] 0x0                (size_t)
	[RSP+A20 ] 0x7FFC979F7034     (void* -> KERNEL32.DLL+0017034)
	[RSP+A28 ] 0x0                (size_t)
	[RSP+A30 ] 0x0                (size_t)
	[RSP+A38 ] 0x0                (size_t)
	[RSP+A40 ] 0x0                (size_t)
	[RSP+A48 ] 0x0                (size_t)
	[RSP+A50 ] 0x7FFC99082651     (void* -> ntdll.dll+0052651)
	[RSP+A58 ] 0x0                (size_t)
	[RSP+A60 ] 0x0                (size_t)
	[RSP+A68 ] 0x0                (size_t)
	[RSP+A70 ] 0x0                (size_t)
	[RSP+A78 ] 0x0                (size_t)
	[RSP+A80 ] 0x0                (size_t)
	[RSP+A88 ] 0xAD949A8C00000000 (size_t)
	[RSP+A90 ] 0x0                (size_t)
	[RSP+A98 ] 0x0                (size_t)
	[RSP+AA0 ] 0x7FFC9684B610     (void* -> KERNELBASE.dll+010B610)
	[RSP+AA8 ] 0x93621CE0C0       (void*)
	[RSP+AB0 ] 0xC9C00007FFC3B102 (size_t)
	[RSP+AB8 ] 0x7FFC3B102C9C     (size_t)
	[RSP+AC0 ] 0x93621CE0C0       (void*)
	[RSP+AC8 ] 0x0                (size_t)
	[RSP+AD0 ] 0x0                (size_t)
	[RSP+AD8 ] 0x0                (size_t)
	[RSP+AE0 ] 0x0                (size_t)
	[RSP+AE8 ] 0x0                (size_t)
	[RSP+AF0 ] 0x0                (size_t)
	[RSP+AF8 ] 0x0                (size_t)
	[RSP+B00 ] 0x0                (size_t)
	[RSP+B08 ] 0x0                (size_t)
	[RSP+B10 ] 0x0                (size_t)
	[RSP+B18 ] 0x0                (size_t)
	[RSP+B20 ] 0x0                (size_t)
	[RSP+B28 ] 0x0                (size_t)
	[RSP+B30 ] 0x0                (size_t)
	[RSP+B38 ] 0x0                (size_t)
	[RSP+B40 ] 0x0                (size_t)
	[RSP+B48 ] 0x0                (size_t)
	[RSP+B50 ] 0x0                (size_t)
	[RSP+B58 ] 0x0                (size_t)
	[RSP+B60 ] 0x0                (size_t)
	[RSP+B68 ] 0x0                (size_t)
	[RSP+B70 ] 0x0                (size_t)
	[RSP+B78 ] 0x0                (size_t)
	[RSP+B80 ] 0x0                (size_t)
	[RSP+B88 ] 0x0                (size_t)
	[RSP+B90 ] 0x0                (size_t)
	[RSP+B98 ] 0x0                (size_t)
	[RSP+BA0 ] 0x0                (size_t)
	[RSP+BA8 ] 0x0                (size_t)
	[RSP+BB0 ] 0x0                (size_t)
	[RSP+BB8 ] 0x0                (size_t)
	[RSP+BC0 ] 0x0                (size_t)
	[RSP+BC8 ] 0x0                (size_t)
	[RSP+BD0 ] 0x0                (size_t)
	[RSP+BD8 ] 0x0                (size_t)
	[RSP+BE0 ] 0x0                (size_t)
	[RSP+BE8 ] 0x0                (size_t)
	[RSP+BF0 ] 0x0                (size_t)
	[RSP+BF8 ] 0x0                (size_t)
	[RSP+C00 ] 0x0                (size_t)
	[RSP+C08 ] 0x0                (size_t)
	[RSP+C10 ] 0x0                (size_t)
	[RSP+C18 ] 0x0                (size_t)
	[RSP+C20 ] 0x0                (size_t)
	[RSP+C28 ] 0x0                (size_t)
	[RSP+C30 ] 0x0                (size_t)
	[RSP+C38 ] 0x0                (size_t)
	[RSP+C40 ] 0x0                (size_t)
	[RSP+C48 ] 0x0                (size_t)
	[RSP+C50 ] 0x0                (size_t)
	[RSP+C58 ] 0x0                (size_t)
	[RSP+C60 ] 0x0                (size_t)
	[RSP+C68 ] 0x0                (size_t)
	[RSP+C70 ] 0x0                (size_t)
	[RSP+C78 ] 0x0                (size_t)
	[RSP+C80 ] 0x0                (size_t)
	[RSP+C88 ] 0x0                (size_t)
	[RSP+C90 ] 0x0                (size_t)
	[RSP+C98 ] 0x0                (size_t)
	[RSP+CA0 ] 0x0                (size_t)
	[RSP+CA8 ] 0x0                (size_t)
	[RSP+CB0 ] 0x0                (size_t)
	[RSP+CB8 ] 0x0                (size_t)
	[RSP+CC0 ] 0x0                (size_t)
	[RSP+CC8 ] 0x0                (size_t)
	[RSP+CD0 ] 0x0                (size_t)
	[RSP+CD8 ] 0x0                (size_t)
	[RSP+CE0 ] 0x0                (size_t)
	[RSP+CE8 ] 0x0                (size_t)
	[RSP+CF0 ] 0x0                (size_t)
	[RSP+CF8 ] 0x0                (size_t)
	[RSP+D00 ] 0x0                (size_t)
	[RSP+D08 ] 0x0                (size_t)
	[RSP+D10 ] 0x0                (size_t)
	[RSP+D18 ] 0x0                (size_t)
	[RSP+D20 ] 0x0                (size_t)
	[RSP+D28 ] 0x0                (size_t)
	[RSP+D30 ] 0x0                (size_t)
	[RSP+D38 ] 0x0                (size_t)
	[RSP+D40 ] 0x0                (size_t)
	[RSP+D48 ] 0x0                (size_t)
	[RSP+D50 ] 0x0                (size_t)
	[RSP+D58 ] 0x0                (size_t)
	[RSP+D60 ] 0x0                (size_t)
	[RSP+D68 ] 0x0                (size_t)
	[RSP+D70 ] 0x0                (size_t)
	[RSP+D78 ] 0x0                (size_t)
	[RSP+D80 ] 0x0                (size_t)
	[RSP+D88 ] 0x0                (size_t)
	[RSP+D90 ] 0x0                (size_t)
	[RSP+D98 ] 0x0                (size_t)
	[RSP+DA0 ] 0x0                (size_t)
	[RSP+DA8 ] 0x0                (size_t)
	[RSP+DB0 ] 0x0                (size_t)
	[RSP+DB8 ] 0x0                (size_t)
	[RSP+DC0 ] 0x0                (size_t)
	[RSP+DC8 ] 0x0                (size_t)
	[RSP+DD0 ] 0x0                (size_t)
	[RSP+DD8 ] 0x0                (size_t)
	[RSP+DE0 ] 0x0                (size_t)
	[RSP+DE8 ] 0x0                (size_t)
	[RSP+DF0 ] 0x0                (size_t)
	[RSP+DF8 ] 0x0                (size_t)
	[RSP+E00 ] 0x0                (size_t)
	[RSP+E08 ] 0x0                (size_t)
	[RSP+E10 ] 0x0                (size_t)
	[RSP+E18 ] 0x0                (size_t)
	[RSP+E20 ] 0x0                (size_t)
	[RSP+E28 ] 0x0                (size_t)
	[RSP+E30 ] 0x0                (size_t)
	[RSP+E38 ] 0x0                (size_t)
	[RSP+E40 ] 0x0                (size_t)
	[RSP+E48 ] 0x0                (size_t)
	[RSP+E50 ] 0x0                (size_t)
	[RSP+E58 ] 0x0                (size_t)
	[RSP+E60 ] 0x0                (size_t)
	[RSP+E68 ] 0x0                (size_t)
	[RSP+E70 ] 0x0                (size_t)
	[RSP+E78 ] 0x0                (size_t)
	[RSP+E80 ] 0x0                (size_t)
	[RSP+E88 ] 0x0                (size_t)
	[RSP+E90 ] 0x0                (size_t)
	[RSP+E98 ] 0x0                (size_t)
	[RSP+EA0 ] 0x0                (size_t)
	[RSP+EA8 ] 0x0                (size_t)
	[RSP+EB0 ] 0x0                (size_t)
	[RSP+EB8 ] 0x0                (size_t)
	[RSP+EC0 ] 0x0                (size_t)
	[RSP+EC8 ] 0x0                (size_t)
	[RSP+ED0 ] 0x0                (size_t)
	[RSP+ED8 ] 0x0                (size_t)
	[RSP+EE0 ] 0x0                (size_t)
	[RSP+EE8 ] 0x0                (size_t)
	[RSP+EF0 ] 0x0                (size_t)
	[RSP+EF8 ] 0x0                (size_t)
	[RSP+F00 ] 0x0                (size_t)
	[RSP+F08 ] 0x0                (size_t)
	[RSP+F10 ] 0x0                (size_t)
	[RSP+F18 ] 0x0                (size_t)
	[RSP+F20 ] 0x0                (size_t)
	[RSP+F28 ] 0x0                (size_t)
	[RSP+F30 ] 0x0                (size_t)
	[RSP+F38 ] 0x0                (size_t)
	[RSP+F40 ] 0x0                (size_t)
	[RSP+F48 ] 0x0                (size_t)
	[RSP+F50 ] 0x0                (size_t)
	[RSP+F58 ] 0x0                (size_t)
	[RSP+F60 ] 0x0                (size_t)
	[RSP+F68 ] 0x0                (size_t)
	[RSP+F70 ] 0x0                (size_t)
	[RSP+F78 ] 0x0                (size_t)
	[RSP+F80 ] 0x0                (size_t)
	[RSP+F88 ] 0x0                (size_t)
	[RSP+F90 ] 0x0                (size_t)
	[RSP+F98 ] 0x0                (size_t)
	[RSP+FA0 ] 0x0                (size_t)
	[RSP+FA8 ] 0x0                (size_t)
	[RSP+FB0 ] 0x0                (size_t)
	[RSP+FB8 ] 0x0                (size_t)
	[RSP+FC0 ] 0x0                (size_t)
	[RSP+FC8 ] 0x0                (size_t)
	[RSP+FD0 ] 0x0                (size_t)
	[RSP+FD8 ] 0x0                (size_t)
	[RSP+FE0 ] 0x0                (size_t)
	[RSP+FE8 ] 0x0                (size_t)
	[RSP+FF0 ] 0x0                (size_t)
	[RSP+FF8 ] 0x0                (size_t)
	[RSP+1000] 0x0                (size_t)
	[RSP+1008] 0x0                (size_t)
	[RSP+1010] 0x0                (size_t)
	[RSP+1018] 0x0                (size_t)
	[RSP+1020] 0x0                (size_t)
	[RSP+1028] 0x0                (size_t)
	[RSP+1030] 0x0                (size_t)
	[RSP+1038] 0x0                (size_t)
	[RSP+1040] 0x0                (size_t)
	[RSP+1048] 0x0                (size_t)
	[RSP+1050] 0x0                (size_t)
	[RSP+1058] 0x0                (size_t)
	[RSP+1060] 0x0                (size_t)
	[RSP+1068] 0x0                (size_t)
	[RSP+1070] 0x0                (size_t)
	[RSP+1078] 0x0                (size_t)
	[RSP+1080] 0x0                (size_t)

MODULES:
	XINPUT1_3.dll                0x000000400000
	X3DAudio1_7.dll              0x000068F20000
	steam_api64.dll              0x000068F30000
	nvwgf2umx.dll                0x0265D3320000
	Fallout4.exe                 0x7FF6C4540000
	steamclient64.dll            0x7FFC2DFB0000
	MpOav.dll                    0x7FFC3ADC0000
	gameoverlayrenderer64.dll    0x7FFC4F580000
	Buffout4.dll                 0x7FFC55360000
	wsfw_identifier.dll          0x7FFC569E0000
	DSOUND.DLL                   0x7FFC5B4F0000
	f4ee.dll                     0x7FFC5B590000
	tier0_s64.dll                0x7FFC5B6A0000
	XAudio2_7.dll                0x7FFC5BC70000
	BakaScrapHeap.dll            0x7FFC5BEE0000
	flexRelease_x64.dll          0x7FFC5BFB0000
	mcm.dll                      0x7FFC5CCD0000
	XDI.dll                      0x7FFC5DBE0000
	PrivateProfileRedirector.dll 0x7FFC5DDA0000
	place.dll                    0x7FFC60120000
	tbbmalloc.dll                0x7FFC61150000
	f4se_1_10_163.dll            0x7FFC61590000
	faster_workshop.dll          0x7FFC629A0000
	winmmbase.dll                0x7FFC659C0000
	vstdlib_s64.dll              0x7FFC65F00000
	MSVCR110.dll                 0x7FFC65F90000
	cudart64_75.dll              0x7FFC66280000
	MSVCP110.dll                 0x7FFC662E0000
	GFSDK_SSAO_D3D11.win64.dll   0x7FFC687D0000
	GFSDK_GodraysLib.x64.dll     0x7FFC689E0000
	bink2w64.dll                 0x7FFC68D20000
	flexExtRelease_x64.dll       0x7FFC6C970000
	crafting_highlight_fix.dll   0x7FFC6D0B0000
	ExtraItemInfo.dll            0x7FFC6E460000
	f4se_steam_loader.dll        0x7FFC702C0000
	nvapi64.dll                  0x7FFC70FE0000
	fastprox.dll                 0x7FFC751D0000
	d3d11.dll                    0x7FFC755D0000
	nvldumdx.dll                 0x7FFC7D510000
	dxcore.dll                   0x7FFC7D780000
	InputHost.dll                0x7FFC7F0F0000
	WindowManagementAPI.dll      0x7FFC7F2A0000
	Windows.UI.dll               0x7FFC7F580000
	textinputframework.dll       0x7FFC7F710000
	avrt.dll                     0x7FFC808E0000
	COMCTL32.dll                 0x7FFC836F0000
	WINMM.dll                    0x7FFC8A280000
	Secur32.dll                  0x7FFC8B870000
	wbemcomn.dll                 0x7FFC8BF50000
	webio.dll                    0x7FFC8C0E0000
	VCRUNTIME140_1.dll           0x7FFC8CAC0000
	MSVCP140.dll                 0x7FFC8CAD0000
	VCRUNTIME140.dll             0x7FFC8CB60000
	mskeyprotect.dll             0x7FFC8E720000
	ncryptsslp.dll               0x7FFC8E770000
	MSVCP140_ATOMIC_WAIT.dll     0x7FFC8ECB0000
	nvToolsExt64_1.dll           0x7FFC8ECD0000
	PROPSYS.dll                  0x7FFC8EE40000
	drvstore.dll                 0x7FFC8EF40000
	fwpuclnt.dll                 0x7FFC8F6A0000
	rasadhlp.dll                 0x7FFC907B0000
	WINHTTP.dll                  0x7FFC90820000
	dbghelp.dll                  0x7FFC90BB0000
	amsi.dll                     0x7FFC90E20000
	wbemsvc.dll                  0x7FFC90E70000
	wbemprox.dll                 0x7FFC90E90000
	twinapi.appcore.dll          0x7FFC90F30000
	cryptnet.dll                 0x7FFC91490000
	VERSION.dll                  0x7FFC91780000
	MMDevApi.dll                 0x7FFC91A10000
	dhcpcsvc.DLL                 0x7FFC91AA0000
	dhcpcsvc6.DLL                0x7FFC91AC0000
	AUDIOSES.DLL                 0x7FFC91AE0000
	WINNSI.DLL                   0x7FFC91C70000
	d3d11.Dll                    0x7FFC92690000
	wintypes.dll                 0x7FFC93320000
	CoreUIComponents.dll         0x7FFC939F0000
	CoreMessaging.dll            0x7FFC93D50000
	uxtheme.dll                  0x7FFC94170000
	resourcepolicyclient.dll     0x7FFC94250000
	dwmapi.dll                   0x7FFC94540000
	kernel.appcore.dll           0x7FFC94650000
	windows.storage.dll          0x7FFC94850000
	HID.DLL                      0x7FFC94FF0000
	dxgi.dll                     0x7FFC95030000
	ntmarta.dll                  0x7FFC95430000
	schannel.DLL                 0x7FFC95720000
	rsaenh.dll                   0x7FFC95800000
	UMPDC.dll                    0x7FFC95B70000
	IPHLPAPI.DLL                 0x7FFC95B90000
	DNSAPI.dll                   0x7FFC95BE0000
	powrprof.dll                 0x7FFC95D00000
	MSWSOCK.dll                  0x7FFC95EF0000
	CRYPTSP.dll                  0x7FFC960E0000
	CRYPTBASE.DLL                0x7FFC96100000
	Wldp.dll                     0x7FFC96190000
	NTASN1.dll                   0x7FFC961C0000
	ncrypt.dll                   0x7FFC96200000
	msasn1.dll                   0x7FFC96320000
	devobj.dll                   0x7FFC964E0000
	DPAPI.DLL                    0x7FFC96540000
	SSPICLI.DLL                  0x7FFC96600000
	USERENV.dll                  0x7FFC96640000
	profapi.dll                  0x7FFC96680000
	KERNELBASE.dll               0x7FFC96740000
	cfgmgr32.dll                 0x7FFC96A10000
	CRYPT32.dll                  0x7FFC96A60000
	gdi32full.dll                0x7FFC96BC0000
	WINTRUST.DLL                 0x7FFC96CD0000
	bcryptPrimitives.dll         0x7FFC96D30000
	win32u.dll                   0x7FFC96DC0000
	bcrypt.dll                   0x7FFC96EA0000
	ucrtbase.dll                 0x7FFC96ED0000
	msvcp_win.dll                0x7FFC96FD0000
	imagehlp.dll                 0x7FFC97100000
	IMM32.DLL                    0x7FFC97120000
	GDI32.dll                    0x7FFC97150000
	WS2_32.dll                   0x7FFC97180000
	SETUPAPI.dll                 0x7FFC97250000
	sechost.dll                  0x7FFC97750000
	MSCTF.dll                    0x7FFC977F0000
	SHLWAPI.dll                  0x7FFC97910000
	KERNEL32.DLL                 0x7FFC979E0000
	RPCRT4.dll                   0x7FFC97AA0000
	ADVAPI32.dll                 0x7FFC97BD0000
	PSAPI.DLL                    0x7FFC97CE0000
	USER32.dll                   0x7FFC97CF0000
	OLEAUT32.dll                 0x7FFC97EA0000
	SHCORE.dll                   0x7FFC97F70000
	ole32.dll                    0x7FFC98020000
	COMDLG32.dll                 0x7FFC98300000
	SHELL32.dll                  0x7FFC983E0000
	clbcatq.dll                  0x7FFC98B30000
	NSI.dll                      0x7FFC98BE0000
	combase.dll                  0x7FFC98BF0000
	msvcrt.dll                   0x7FFC98F50000
	ntdll.dll                    0x7FFC99030000

F4SE PLUGINS:
	mcm.dll
	XDI.dll
	f4ee.dll
	place.dll
	Buffout4.dll
	BakaScrapHeap.dll
	ExtraItemInfo.dll
	faster_workshop.dll
	wsfw_identifier.dll
	crafting_highlight_fix.dll
	PrivateProfileRedirector.dll

PLUGINS:
	[00]     Fallout4.esm
	[01]     DLCRobot.esm
	[02]     DLCworkshop01.esm
	[03]     DLCCoast.esm
	[04]     DLCworkshop02.esm
	[05]     DLCworkshop03.esm
	[06]     DLCNukaWorld.esm
	[07]     Unofficial Fallout 4 Patch.esp
	[08]     XDI.esm
	[09]     HUDFramework.esm
	[0A]     WorkshopFramework.esm
	[0B]     MODFoodScraps.esm
	[0C]     LupineRace.esm
	[0D]     PANPC.esm
	[0E]     VulpineRace.esm
	[0F]     Better Manufacturing.esp
	[10]     WOTC.esp
	[11]     Chainsaw.esp
	[12]     ECO.esp
	[13]     CraftPatch2.esp
	[14]     Simple Inventory Improvements.esp
	[15]     spacefiddle_Scarcity_Full.esp
	[16]     Extended weapon mods.esp
	[17]     MoreWeapMods.esp
	[18]     RaiderOverhaul.esp
	[19]     FurryFallout.esp
	[1A]     FurryFalloutNPCs.esp
	[1B]     RaidersReloaded.esp
	[1C]     MoreSpawns_High.esp
	[1D]     Random_Enemy_Weapons_DLC.esp
	[1E]     KSHairdos.esp
	[1F]     DT_GunnerOutfitPack.esp
	[20]     FFO-Player-OTTER.esp
	[21]     FusionGirl.esp
	[22]     FurryPatch.esp
	[23]     advancedAITweaks.esp
	[24]     ManufacturingExtended.esp
	[25]     Better Manufacturing - Manufacturing Extended Additions.esp
	[26]     DLC items to manufacturing.esp
	[27]     Better Manufacturing - Manufacturing Extended Expanded Patch.esp
	[28]     Desperate Raiders.esp
	[29]     RaidersPatch.esp
	[2A]     DisableAutoAimF4.esp
	[2B]     GR001-AutomatronRebooted.esp
	[2C]     SKKGlobalStashScrapping.esp
	[2D]     SleeplessNights.esp
	[2E]     WorkshopPlus.esp
	[2F]     ConstructionPatch.esp
	[30]     dcc-palock.esp
	[31]     UNnaked Power Armor.esp
	[32]     WeaponDisarm.esp
	[33]     SuperPatch.esp
	[FE:000] CWRaiders.esl
	[FE:001] DDLL.esl
	[FE:002] M8r_Item_Tags_Vanilla_EN.esp
	[FE:003] free_downgrades_stubs.esp
	[FE:004] Better Power Armor - Extended.esp
	[FE:005] EarlierPipeWeaponMods.esp
	[FE:006] Kermie's Misc Components.esp
	[FE:007] GZ_MiscItemOverhaul.esp
	[FE:008] VulpineRace-NPCReplacer-DLC.esp
	[FE:009] AllowWorkbenchDuringCombat.esp
	[FE:00A] BetterModDescriptions.esp
	[FE:00B] CommChemExpanded.esp
	[FE:00C] free_downgrades_DLCCoast.esp
	[FE:00D] free_downgrades_DLCNuka.esp
	[FE:00E] More Armor Slots - All Dlc.esp
	[FE:00F] Weapon Mods Mod.esp
	[FE:010] Unlevelled Everything - Mods.esp
	[FE:011] CCOFoxyFactionsReplacer.esp
	[FE:012] FFO_NPC_DLC.esp
	[FE:013] MostlyFemale.esp
	[FE:014] Power Armor to the People.esp
	[FE:015] Power Armor to the People - Far Harbor.esp
	[FE:016] CustomRaceHeadgear.esp
	[FE:017] CustomRaceHeadgear_FFO.esp
	[FE:018] Gunner Outfit Extreme Overhaul.esp
	[FE:019] Important NPCs essential edition 1.1.esp
	[FE:01A] NPCs Protected Not Essential.esp
	[FE:01B] CCOVulgarVillainsReplacer.esp
	[FE:01C] CustomRaceHeadgear_Vulpine.esp
	[FE:01D] LooksMenu.esp
	[FE:01E] VulpinePowerArmor.esp
	[FE:01F] CBBE.esp
	[FE:020] Power Armor to the People - Nuka-World.esp
	[FE:021] Power Armor to the People - Raider Overhaul.esp
	[FE:022] 4estGimp - RO.FallUI.PA_INNR.esp
	[FE:023] AutomaticSave.esp
	[FE:024] Ferals After Dark.esp
	[FE:025] More Human Raider Loot.esp
	[FE:026] Leveled Raiders.esp
	[FE:027] SalvageRobotParts.esp
	[FE:028] M8rDisablePipboyEffects.esp
	[FE:029] MaterialModSlot-FallUIWorkbenchPatch.esp
	[FE:02A] CAMP.esp
	[FE:02B] fastcorpseclear.esp
	[FE:02C] Loot Detector.esp
	[FE:02D] LostWorld.esp
	[FE:02E] Lucky's Intresting Tips 1.4.esp
	[FE:02F] UncommonCrafting.esp
	[FE:030] raidercorpseworkplease.esp
	[FE:031] UnrestrictivePowerArmor.esp
	[FE:032] FCEjectNoMore.esp
	[FE:033] BetterModDescriptionsROWIP.esp
	[FE:034] PeopleAreStrangers.esp
	[FE:035] ATreeGrowsInBoston.esp
	[FE:036] MamaMutie.esp
