Fallout 4 v1.10.163
Buffout 4 v1.23.0

Unhandled exception "EXCEPTION_ACCESS_VIOLATION" at 0x7FF694FF7EEF Fallout4.exe+05B7EEF

SETTINGS:
	[Compatibility]
		F4EE: false
	[Fixes]
		ActorIsHostileToActor: true
		CellInit: true
		EncounterZoneReset: true
		GreyMovies: true
		MagicEffectApplyEvent: true
		MovementPlanner: true
		PackageAllocateLocation: true
		SafeExit: true
		UnalignedLoad: true
		UtilityShader: true
	[Patches]
		Achievements: true
		BSMTAManager: true
		BSPreCulledObjects: true
		BSTextureStreamerLocalHeap: true
		HavokMemorySystem: true
		INISettingCollection: true
		MaxStdIO: -1
		MemoryManager: true
		MemoryManagerDebug: false
		ScaleformAllocator: true
		SmallBlockAllocator: true
		WorkshopMenu: true
	[Warnings]
		CreateTexture2D: true
		ImageSpaceAdapter: true

SYSTEM SPECS:
	OS: Microsoft Windows 10 Home Single Language v10.0.19041
	CPU: GenuineIntel Intel(R) Core(TM) i7-2600 CPU @ 3.40GHz
	GPU #1: Nvidia GM206 [GeForce GTX 960]
	GPU #2: Microsoft Basic Render Driver
	PHYSICAL MEMORY: 10.61 GB/15.97 GB

PROBABLE CALL STACK:
	[0] 0x7FF694FF7EEF Fallout4.exe+05B7EEF -> 561320+0x83F
	[1] 0x7FF694B92C3C Fallout4.exe+0152C3C -> 1420843+0x7C
	[2] 0x7FF694B684CD Fallout4.exe+01284CD -> 1551875+0x4D
	[3] 0x7FF696590F26 Fallout4.exe+1B50F26 -> 329005+0xC6
	[4] 0x7FF696591432 Fallout4.exe+1B51432 -> 194800+0x202
	[5] 0x7FF696593F67 Fallout4.exe+1B53F67 -> 1492866+0x67
	[6] 0x7FF69655CFED Fallout4.exe+1B1CFED -> 1079791+0x3D
	[7] 0x7FFA879F7034 KERNEL32.DLL+0017034
	[8] 0x7FFA88942651    ntdll.dll+0052651

REGISTERS:
	RAX 0x267E6BABFE0      (void*)
	RCX 0x7A64C            (size_t)
	RDX 0x230A5000230A4F   (size_t)
	RBX 0x2683208A980      (BGSCharacterTint::PaletteEntry*)
	RSP 0xE9C22BF3F0       (void*)
	RBP 0xE9C22BF468       (void*)
	RSI 0x2684E430380      (BGSCharacterTint::Template::TextureSet*)
	RDI 0x26831142400      (TESNPC*)
		File: "FurryFalloutNPCs.esp"
		Flags: 0x00040001
		Form ID: 0x0024A02A
		Form Type: 45
		Full Name: ""
	R8  0x2684E42D8A0      (void*)
	R9  0x7A64C            (size_t)
	R10 0x28CC5            (size_t)
	R11 0x976AADE8         (size_t)
	R12 0x0                (size_t)
	R13 0xFFFF             (size_t)
	R14 0x0                (size_t)
	R15 0x2682CD18F00      (TESRace*)
		File: "Fire Behavior Crippling v1 DLC.esp"
		Flags: 0x00000009
		Form ID: 0x000EAFB6
		Form Type: 17
		Full Name: "Ghoul"

STACK:
	[RSP+0  ] 0x2683208A980      (BGSCharacterTint::PaletteEntry*)
	[RSP+8  ] 0x26831100484      (void*)
	[RSP+10 ] 0x0                (size_t)
	[RSP+18 ] 0x2684E430380      (BGSCharacterTint::Template::TextureSet*)
	[RSP+20 ] 0xE900000003       (size_t)
	[RSP+28 ] 0x7FF600000008     (size_t)
	[RSP+30 ] 0x267EC6EC4B0      (ScrapHeap*)
	[RSP+38 ] 0x2683DD64980      (void*)
	[RSP+40 ] 0x8                (size_t)
	[RSP+48 ] 0x26800000005      (void*)
	[RSP+50 ] 0x7FF69A628084     (void* -> Fallout4.exe+5BE8084)
	[RSP+58 ] 0x1                (size_t)
	[RSP+60 ] 0x7FF69A628080     (void* -> Fallout4.exe+5BE8080)
	[RSP+68 ] 0x7FF69A628088     (void* -> Fallout4.exe+5BE8088)
	[RSP+70 ] 0x267EC6EC550      (char*) "b"
	[RSP+78 ] 0x26831142400      (TESNPC*)
		File: "FurryFalloutNPCs.esp"
		Flags: 0x00040001
		Form ID: 0x0024A02A
		Form Type: 45
		Full Name: ""
	[RSP+80 ] 0x0                (size_t)
	[RSP+88 ] 0x7FF694B92C3C     (void* -> Fallout4.exe+0152C3C)
	[RSP+90 ] 0x26800000000      (void*)
	[RSP+98 ] 0x5                (size_t)
	[RSP+A0 ] 0x2                (size_t)
	[RSP+A8 ] 0x2683B2864E0      (BGSCollisionLayer*)
		File: "ATreeGrowsInBoston.esp"
		Flags: 0x00000008
		Form ID: 0xFE028FB2
		Form Type: 136
	[RSP+B0 ] 0x26831142400      (TESNPC*)
		File: "FurryFalloutNPCs.esp"
		Flags: 0x00040001
		Form ID: 0x0024A02A
		Form Type: 45
		Full Name: ""
	[RSP+B8 ] 0x268311424F8      (TESNPC*)
		File: "FurryFalloutNPCs.esp"
		Flags: 0x00040001
		Form ID: 0x0024A02A
		Form Type: 45
		Full Name: ""
	[RSP+C0 ] 0x26831142468      (TESNPC*)
		File: "FurryFalloutNPCs.esp"
		Flags: 0x00040001
		Form ID: 0x0024A02A
		Form Type: 45
		Full Name: ""
	[RSP+C8 ] 0x0                (size_t)
	[RSP+D0 ] 0x0                (size_t)
	[RSP+D8 ] 0x268311424D0      (TESNPC*)
		File: "FurryFalloutNPCs.esp"
		Flags: 0x00040001
		Form ID: 0x0024A02A
		Form Type: 45
		Full Name: ""
	[RSP+E0 ] 0x0                (size_t)
	[RSP+E8 ] 0x0                (size_t)
	[RSP+F0 ] 0x26831142520      (TESNPC*)
		File: "FurryFalloutNPCs.esp"
		Flags: 0x00040001
		Form ID: 0x0024A02A
		Form Type: 45
		Full Name: ""
	[RSP+F8 ] 0x0                (size_t)
	[RSP+100] 0x0                (size_t)
	[RSP+108] 0x0                (size_t)
	[RSP+110] 0x0                (size_t)
	[RSP+118] 0x0                (size_t)
	[RSP+120] 0x268311425B0      (TESNPC*)
		File: "FurryFalloutNPCs.esp"
		Flags: 0x00040001
		Form ID: 0x0024A02A
		Form Type: 45
		Full Name: ""
	[RSP+128] 0x0                (size_t)
	[RSP+130] 0x268311424E8      (TESNPC*)
		File: "FurryFalloutNPCs.esp"
		Flags: 0x00040001
		Form ID: 0x0024A02A
		Form Type: 45
		Full Name: ""
	[RSP+138] 0x0                (size_t)
	[RSP+140] 0x0                (size_t)
	[RSP+148] 0x0                (size_t)
	[RSP+150] 0x0                (size_t)
	[RSP+158] 0x26831142538      (TESNPC*)
		File: "FurryFalloutNPCs.esp"
		Flags: 0x00040001
		Form ID: 0x0024A02A
		Form Type: 45
		Full Name: ""
	[RSP+160] 0x0                (size_t)
	[RSP+168] 0x0                (size_t)
	[RSP+170] 0x0                (size_t)
	[RSP+178] 0x0                (size_t)
	[RSP+180] 0x0                (size_t)
	[RSP+188] 0x0                (size_t)
	[RSP+190] 0x26831142548      (TESNPC*)
		File: "FurryFalloutNPCs.esp"
		Flags: 0x00040001
		Form ID: 0x0024A02A
		Form Type: 45
		Full Name: ""
	[RSP+198] 0x26831142558      (TESNPC*)
		File: "FurryFalloutNPCs.esp"
		Flags: 0x00040001
		Form ID: 0x0024A02A
		Form Type: 45
		Full Name: ""
	[RSP+1A0] 0x0                (size_t)
	[RSP+1A8] 0x0                (size_t)
	[RSP+1B0] 0x26831142578      (TESNPC*)
		File: "FurryFalloutNPCs.esp"
		Flags: 0x00040001
		Form ID: 0x0024A02A
		Form Type: 45
		Full Name: ""
	[RSP+1B8] 0x268311425C0      (TESNPC*)
		File: "FurryFalloutNPCs.esp"
		Flags: 0x00040001
		Form ID: 0x0024A02A
		Form Type: 45
		Full Name: ""
	[RSP+1C0] 0x26831142588      (TESNPC*)
		File: "FurryFalloutNPCs.esp"
		Flags: 0x00040001
		Form ID: 0x0024A02A
		Form Type: 45
		Full Name: ""
	[RSP+1C8] 0x26831142620      (BGSAttachParentArray*)
	[RSP+1D0] 0x26831142430      (BGSMod::Template::Items*)
	[RSP+1D8] 0x26831142450      (BGSPreviewTransform*)
	[RSP+1E0] 0x0                (size_t)
	[RSP+1E8] 0x0                (size_t)
	[RSP+1F0] 0x268311425A0      (TESNPC*)
		File: "FurryFalloutNPCs.esp"
		Flags: 0x00040001
		Form ID: 0x0024A02A
		Form Type: 45
		Full Name: ""
	[RSP+1F8] 0x268311425F8      (TESNPC*)
		File: "FurryFalloutNPCs.esp"
		Flags: 0x00040001
		Form ID: 0x0024A02A
		Form Type: 45
		Full Name: ""
	[RSP+200] 0x26831142608      (TESNPC*)
		File: "FurryFalloutNPCs.esp"
		Flags: 0x00040001
		Form ID: 0x0024A02A
		Form Type: 45
		Full Name: ""
	[RSP+208] 0x0                (size_t)
	[RSP+210] 0x26831142460      (BGSSoundTagComponent*)
	[RSP+218] 0x0                (size_t)
	[RSP+220] 0x26835AD5F90      (void*)
	[RSP+228] 0x7FF694B684CD     (void* -> Fallout4.exe+01284CD)
	[RSP+230] 0x26835ACBD00      (void*)
	[RSP+238] 0x0                (size_t)
	[RSP+240] 0x0                (size_t)
	[RSP+248] 0x7FFA862B1A5E     (void* -> KERNELBASE.dll+0021A5E)
	[RSP+250] 0x2684E441440      (void*)
	[RSP+258] 0x7FF696590F26     (void* -> Fallout4.exe+1B50F26)
	[RSP+260] 0x7FF69A62AB00     (void* -> Fallout4.exe+5BEAB00)
	[RSP+268] 0x0                (size_t)
	[RSP+270] 0x0                (size_t)
	[RSP+278] 0x7FFA862F251D     (void* -> KERNELBASE.dll+006251D)
	[RSP+280] 0x0                (size_t)
	[RSP+288] 0x0                (size_t)
	[RSP+290] 0x0                (size_t)
	[RSP+298] 0x0                (size_t)
	[RSP+2A0] 0x7FF69A62AAB0     (BSJobs::JobThread*)
	[RSP+2A8] 0x7FF696591432     (void* -> Fallout4.exe+1B51432)
	[RSP+2B0] 0x0                (size_t)
	[RSP+2B8] 0x7FF69A62AAB0     (BSJobs::JobThread*)
	[RSP+2C0] 0x0                (size_t)
	[RSP+2C8] 0xE9C22BF710       (char*) " H"
	[RSP+2D0] 0x0                (size_t)
	[RSP+2D8] 0x0                (size_t)
	[RSP+2E0] 0x0                (size_t)
	[RSP+2E8] 0x7FF696593F67     (void* -> Fallout4.exe+1B53F67)
	[RSP+2F0] 0x7FF69A62AAB0     (BSJobs::JobThread*)
	[RSP+2F8] 0x0                (size_t)
	[RSP+300] 0x0                (size_t)
	[RSP+308] 0x0                (size_t)
	[RSP+310] 0x7FF69A62AAB0     (BSJobs::JobThread*)
	[RSP+318] 0x7FF69655CFED     (void* -> Fallout4.exe+1B1CFED)
	[RSP+320] 0x4820             (size_t)
	[RSP+328] 0xE9C22BF730       (void*)
	[RSP+330] 0x267E6A8BC90      (void*)
	[RSP+338] 0x0                (size_t)
	[RSP+340] 0x7FF69A62AAB0     (BSJobs::JobThread*)
	[RSP+348] 0x0                (size_t)
	[RSP+350] 0x0                (size_t)
	[RSP+358] 0x7FFA879F7034     (void* -> KERNEL32.DLL+0017034)
	[RSP+360] 0x0                (size_t)
	[RSP+368] 0x0                (size_t)
	[RSP+370] 0x0                (size_t)
	[RSP+378] 0x0                (size_t)
	[RSP+380] 0x0                (size_t)
	[RSP+388] 0x7FFA88942651     (void* -> ntdll.dll+0052651)
	[RSP+390] 0x0                (size_t)
	[RSP+398] 0x0                (size_t)
	[RSP+3A0] 0x0                (size_t)
	[RSP+3A8] 0x0                (size_t)
	[RSP+3B0] 0x0                (size_t)
	[RSP+3B8] 0x0                (size_t)
	[RSP+3C0] 0xC975934A00000000 (size_t)
	[RSP+3C8] 0x0                (size_t)
	[RSP+3D0] 0x0                (size_t)
	[RSP+3D8] 0x7FFA8639B610     (void* -> KERNELBASE.dll+010B610)
	[RSP+3E0] 0xE9C22BE540       (void*)
	[RSP+3E8] 0x5680001FFE93D309 (size_t)
	[RSP+3F0] 0x7FFA4F4C255A     (size_t)
	[RSP+3F8] 0xE9C22BE540       (void*)
	[RSP+400] 0x0                (size_t)
	[RSP+408] 0x0                (size_t)
	[RSP+410] 0x0                (size_t)
	[RSP+418] 0x0                (size_t)
	[RSP+420] 0x0                (size_t)
	[RSP+428] 0x0                (size_t)
	[RSP+430] 0x0                (size_t)
	[RSP+438] 0x0                (size_t)
	[RSP+440] 0x0                (size_t)
	[RSP+448] 0x0                (size_t)
	[RSP+450] 0x0                (size_t)
	[RSP+458] 0x0                (size_t)
	[RSP+460] 0x0                (size_t)
	[RSP+468] 0x0                (size_t)
	[RSP+470] 0x0                (size_t)
	[RSP+478] 0x0                (size_t)
	[RSP+480] 0x0                (size_t)
	[RSP+488] 0x0                (size_t)
	[RSP+490] 0x0                (size_t)
	[RSP+498] 0x0                (size_t)
	[RSP+4A0] 0x0                (size_t)
	[RSP+4A8] 0x0                (size_t)
	[RSP+4B0] 0x0                (size_t)
	[RSP+4B8] 0x0                (size_t)
	[RSP+4C0] 0x0                (size_t)
	[RSP+4C8] 0x0                (size_t)
	[RSP+4D0] 0x0                (size_t)
	[RSP+4D8] 0x0                (size_t)
	[RSP+4E0] 0x0                (size_t)
	[RSP+4E8] 0x0                (size_t)
	[RSP+4F0] 0x0                (size_t)
	[RSP+4F8] 0x0                (size_t)
	[RSP+500] 0x0                (size_t)
	[RSP+508] 0x0                (size_t)
	[RSP+510] 0x0                (size_t)
	[RSP+518] 0x0                (size_t)
	[RSP+520] 0x0                (size_t)
	[RSP+528] 0x0                (size_t)
	[RSP+530] 0x0                (size_t)
	[RSP+538] 0x0                (size_t)
	[RSP+540] 0x0                (size_t)
	[RSP+548] 0x0                (size_t)
	[RSP+550] 0x0                (size_t)
	[RSP+558] 0x0                (size_t)
	[RSP+560] 0x0                (size_t)
	[RSP+568] 0x0                (size_t)
	[RSP+570] 0x0                (size_t)
	[RSP+578] 0x0                (size_t)
	[RSP+580] 0x0                (size_t)
	[RSP+588] 0x0                (size_t)
	[RSP+590] 0x0                (size_t)
	[RSP+598] 0x0                (size_t)
	[RSP+5A0] 0x0                (size_t)
	[RSP+5A8] 0x0                (size_t)
	[RSP+5B0] 0x0                (size_t)
	[RSP+5B8] 0x0                (size_t)
	[RSP+5C0] 0x0                (size_t)
	[RSP+5C8] 0x0                (size_t)
	[RSP+5D0] 0x0                (size_t)
	[RSP+5D8] 0x0                (size_t)
	[RSP+5E0] 0x0                (size_t)
	[RSP+5E8] 0x0                (size_t)
	[RSP+5F0] 0x0                (size_t)
	[RSP+5F8] 0x0                (size_t)
	[RSP+600] 0x0                (size_t)
	[RSP+608] 0x0                (size_t)
	[RSP+610] 0x0                (size_t)
	[RSP+618] 0x0                (size_t)
	[RSP+620] 0x0                (size_t)
	[RSP+628] 0x0                (size_t)
	[RSP+630] 0x0                (size_t)
	[RSP+638] 0x0                (size_t)
	[RSP+640] 0x0                (size_t)
	[RSP+648] 0x0                (size_t)
	[RSP+650] 0x0                (size_t)
	[RSP+658] 0x0                (size_t)
	[RSP+660] 0x0                (size_t)
	[RSP+668] 0x0                (size_t)
	[RSP+670] 0x0                (size_t)
	[RSP+678] 0x0                (size_t)
	[RSP+680] 0x0                (size_t)
	[RSP+688] 0x0                (size_t)
	[RSP+690] 0x0                (size_t)
	[RSP+698] 0x0                (size_t)
	[RSP+6A0] 0x0                (size_t)
	[RSP+6A8] 0x0                (size_t)
	[RSP+6B0] 0x0                (size_t)
	[RSP+6B8] 0x0                (size_t)
	[RSP+6C0] 0x0                (size_t)
	[RSP+6C8] 0x0                (size_t)
	[RSP+6D0] 0x0                (size_t)
	[RSP+6D8] 0x0                (size_t)
	[RSP+6E0] 0x0                (size_t)
	[RSP+6E8] 0x0                (size_t)
	[RSP+6F0] 0x0                (size_t)
	[RSP+6F8] 0x0                (size_t)
	[RSP+700] 0x0                (size_t)
	[RSP+708] 0x0                (size_t)
	[RSP+710] 0x0                (size_t)
	[RSP+718] 0x0                (size_t)
	[RSP+720] 0x0                (size_t)
	[RSP+728] 0x0                (size_t)
	[RSP+730] 0x0                (size_t)
	[RSP+738] 0x0                (size_t)
	[RSP+740] 0x0                (size_t)
	[RSP+748] 0x0                (size_t)
	[RSP+750] 0x0                (size_t)
	[RSP+758] 0x0                (size_t)
	[RSP+760] 0x0                (size_t)
	[RSP+768] 0x0                (size_t)
	[RSP+770] 0x0                (size_t)
	[RSP+778] 0x0                (size_t)
	[RSP+780] 0x0                (size_t)
	[RSP+788] 0x0                (size_t)
	[RSP+790] 0x0                (size_t)
	[RSP+798] 0x0                (size_t)
	[RSP+7A0] 0x0                (size_t)
	[RSP+7A8] 0x0                (size_t)
	[RSP+7B0] 0x0                (size_t)
	[RSP+7B8] 0x0                (size_t)
	[RSP+7C0] 0x0                (size_t)
	[RSP+7C8] 0x0                (size_t)
	[RSP+7D0] 0x0                (size_t)
	[RSP+7D8] 0x0                (size_t)
	[RSP+7E0] 0x0                (size_t)
	[RSP+7E8] 0x0                (size_t)
	[RSP+7F0] 0x0                (size_t)
	[RSP+7F8] 0x0                (size_t)
	[RSP+800] 0x0                (size_t)
	[RSP+808] 0x0                (size_t)
	[RSP+810] 0x0                (size_t)
	[RSP+818] 0x0                (size_t)
	[RSP+820] 0x0                (size_t)
	[RSP+828] 0x0                (size_t)
	[RSP+830] 0x0                (size_t)
	[RSP+838] 0x0                (size_t)
	[RSP+840] 0x0                (size_t)
	[RSP+848] 0x0                (size_t)
	[RSP+850] 0x0                (size_t)
	[RSP+858] 0x0                (size_t)
	[RSP+860] 0x0                (size_t)
	[RSP+868] 0x0                (size_t)
	[RSP+870] 0x0                (size_t)
	[RSP+878] 0x0                (size_t)
	[RSP+880] 0x0                (size_t)
	[RSP+888] 0x0                (size_t)
	[RSP+890] 0x0                (size_t)
	[RSP+898] 0x0                (size_t)
	[RSP+8A0] 0x0                (size_t)
	[RSP+8A8] 0x0                (size_t)
	[RSP+8B0] 0x0                (size_t)
	[RSP+8B8] 0x0                (size_t)
	[RSP+8C0] 0x0                (size_t)
	[RSP+8C8] 0x0                (size_t)
	[RSP+8D0] 0x0                (size_t)
	[RSP+8D8] 0x0                (size_t)
	[RSP+8E0] 0x0                (size_t)
	[RSP+8E8] 0x0                (size_t)
	[RSP+8F0] 0x0                (size_t)
	[RSP+8F8] 0x0                (size_t)
	[RSP+900] 0x0                (size_t)
	[RSP+908] 0x0                (size_t)
	[RSP+910] 0x0                (size_t)
	[RSP+918] 0x0                (size_t)
	[RSP+920] 0x0                (size_t)
	[RSP+928] 0x0                (size_t)
	[RSP+930] 0x0                (size_t)
	[RSP+938] 0x0                (size_t)
	[RSP+940] 0x0                (size_t)
	[RSP+948] 0x0                (size_t)
	[RSP+950] 0x0                (size_t)
	[RSP+958] 0x0                (size_t)
	[RSP+960] 0x0                (size_t)
	[RSP+968] 0x0                (size_t)
	[RSP+970] 0x0                (size_t)
	[RSP+978] 0x0                (size_t)
	[RSP+980] 0x0                (size_t)
	[RSP+988] 0x0                (size_t)
	[RSP+990] 0x0                (size_t)
	[RSP+998] 0x0                (size_t)
	[RSP+9A0] 0x0                (size_t)
	[RSP+9A8] 0x0                (size_t)
	[RSP+9B0] 0x0                (size_t)
	[RSP+9B8] 0x0                (size_t)
	[RSP+9C0] 0x0                (size_t)
	[RSP+9C8] 0x0                (size_t)
	[RSP+9D0] 0x0                (size_t)
	[RSP+9D8] 0x0                (size_t)
	[RSP+9E0] 0x0                (size_t)
	[RSP+9E8] 0x0                (size_t)
	[RSP+9F0] 0x0                (size_t)
	[RSP+9F8] 0x0                (size_t)
	[RSP+A00] 0x0                (size_t)
	[RSP+A08] 0x0                (size_t)
	[RSP+A10] 0x0                (size_t)
	[RSP+A18] 0x0                (size_t)
	[RSP+A20] 0x0                (size_t)
	[RSP+A28] 0x0                (size_t)
	[RSP+A30] 0x0                (size_t)
	[RSP+A38] 0x0                (size_t)
	[RSP+A40] 0x0                (size_t)
	[RSP+A48] 0x0                (size_t)
	[RSP+A50] 0x0                (size_t)
	[RSP+A58] 0x0                (size_t)
	[RSP+A60] 0x0                (size_t)
	[RSP+A68] 0x0                (size_t)
	[RSP+A70] 0x0                (size_t)
	[RSP+A78] 0x0                (size_t)
	[RSP+A80] 0x0                (size_t)
	[RSP+A88] 0x0                (size_t)
	[RSP+A90] 0x0                (size_t)
	[RSP+A98] 0x0                (size_t)
	[RSP+AA0] 0x0                (size_t)
	[RSP+AA8] 0x0                (size_t)
	[RSP+AB0] 0x0                (size_t)
	[RSP+AB8] 0x0                (size_t)
	[RSP+AC0] 0x0                (size_t)
	[RSP+AC8] 0x0                (size_t)
	[RSP+AD0] 0x0                (size_t)
	[RSP+AD8] 0x0                (size_t)
	[RSP+AE0] 0x0                (size_t)
	[RSP+AE8] 0x0                (size_t)
	[RSP+AF0] 0x0                (size_t)
	[RSP+AF8] 0x0                (size_t)
	[RSP+B00] 0x0                (size_t)
	[RSP+B08] 0x0                (size_t)
	[RSP+B10] 0x0                (size_t)
	[RSP+B18] 0x0                (size_t)
	[RSP+B20] 0x0                (size_t)
	[RSP+B28] 0x0                (size_t)
	[RSP+B30] 0x0                (size_t)
	[RSP+B38] 0x0                (size_t)
	[RSP+B40] 0x0                (size_t)
	[RSP+B48] 0x0                (size_t)
	[RSP+B50] 0x0                (size_t)
	[RSP+B58] 0x0                (size_t)
	[RSP+B60] 0x0                (size_t)
	[RSP+B68] 0x0                (size_t)
	[RSP+B70] 0x0                (size_t)
	[RSP+B78] 0x0                (size_t)
	[RSP+B80] 0x0                (size_t)
	[RSP+B88] 0x0                (size_t)
	[RSP+B90] 0x0                (size_t)
	[RSP+B98] 0x0                (size_t)
	[RSP+BA0] 0x0                (size_t)
	[RSP+BA8] 0x0                (size_t)
	[RSP+BB0] 0x0                (size_t)
	[RSP+BB8] 0x0                (size_t)
	[RSP+BC0] 0x0                (size_t)
	[RSP+BC8] 0x0                (size_t)
	[RSP+BD0] 0x0                (size_t)
	[RSP+BD8] 0x0                (size_t)
	[RSP+BE0] 0x0                (size_t)
	[RSP+BE8] 0x0                (size_t)
	[RSP+BF0] 0x0                (size_t)
	[RSP+BF8] 0x0                (size_t)
	[RSP+C00] 0x0                (size_t)
	[RSP+C08] 0x0                (size_t)

MODULES:
	XINPUT1_3.dll                0x000000400000
	steam_api64.dll              0x000061220000
	X3DAudio1_7.dll              0x000062DA0000
	NSI.dll                      0x0267D6E50000
	faster_workshop.dll          0x0267E1070000
	Fallout4.exe                 0x7FF694A40000
	DSOUND.DLL                   0x7FFA1B870000
	XAudio2_7.dll                0x7FFA1B910000
	gameoverlayrenderer64.dll    0x7FFA1EC50000
	XDI.dll                      0x7FFA23B40000
	wsfw_identifier.dll          0x7FFA23CA0000
	place.dll                    0x7FFA23D80000
	PrivateProfileRedirector.dll 0x7FFA45A60000
	mcm.dll                      0x7FFA45AC0000
	f4ee.dll                     0x7FFA45B60000
	Buffout4.dll                 0x7FFA45C70000
	BakaScrapHeap.dll            0x7FFA45E80000
	tier0_s64.dll                0x7FFA45F50000
	steamclient64.dll            0x7FFA460D0000
	f4se_1_10_163.dll            0x7FFA47C30000
	nvwgf2umx.dll                0x7FFA481F0000
	vstdlib_s64.dll              0x7FFA4E2D0000
	GFSDK_SSAO_D3D11.win64.dll   0x7FFA50350000
	flexRelease_x64.dll          0x7FFA503E0000
	MSVCR110.dll                 0x7FFA50530000
	MSVCP110.dll                 0x7FFA50610000
	bink2w64.dll                 0x7FFA506C0000
	winmmbase.dll                0x7FFA56220000
	rename_anything.dll          0x7FFA56630000
	crafting_highlight_fix.dll   0x7FFA574F0000
	tbbmalloc.dll                0x7FFA59650000
	cudart64_75.dll              0x7FFA59FB0000
	ExtraItemInfo.dll            0x7FFA5A100000
	GFSDK_GodraysLib.x64.dll     0x7FFA5F6C0000
	Windows.UI.dll               0x7FFA624C0000
	f4se_steam_loader.dll        0x7FFA62C70000
	d3d11.dll                    0x7FFA62D60000
	flexExtRelease_x64.dll       0x7FFA62DD0000
	MSVCP140_ATOMIC_WAIT.dll     0x7FFA62F10000
	MpOav.dll                    0x7FFA63C90000
	fastprox.dll                 0x7FFA63FE0000
	amsi.dll                     0x7FFA64F60000
	mskeyprotect.dll             0x7FFA66490000
	COMCTL32.dll                 0x7FFA67C80000
	InputHost.dll                0x7FFA67F20000
	ncryptsslp.dll               0x7FFA691D0000
	Secur32.dll                  0x7FFA70770000
	webio.dll                    0x7FFA709D0000
	textinputframework.dll       0x7FFA70B50000
	wbemcomn.dll                 0x7FFA70E60000
	VCRUNTIME140_1.dll           0x7FFA711F0000
	MSVCP140.dll                 0x7FFA71B50000
	VCRUNTIME140.dll             0x7FFA71C00000
	nvapi64.dll                  0x7FFA782F0000
	dbghelp.dll                  0x7FFA7AB10000
	WINMM.dll                    0x7FFA7D540000
	drvstore.dll                 0x7FFA7DAF0000
	nvldumdx.dll                 0x7FFA7DC40000
	fwpuclnt.dll                 0x7FFA7E010000
	dxcore.dll                   0x7FFA7E090000
	rasadhlp.dll                 0x7FFA7EA30000
	WINHTTP.dll                  0x7FFA7F4E0000
	wbemsvc.dll                  0x7FFA7F6D0000
	wbemprox.dll                 0x7FFA7F740000
	cryptnet.dll                 0x7FFA7FDA0000
	VERSION.dll                  0x7FFA7FFD0000
	dhcpcsvc.DLL                 0x7FFA80370000
	MMDevApi.dll                 0x7FFA80390000
	twinapi.appcore.dll          0x7FFA80420000
	AUDIOSES.DLL                 0x7FFA80630000
	WindowManagementAPI.dll      0x7FFA807C0000
	dhcpcsvc6.DLL                0x7FFA80910000
	WINNSI.DLL                   0x7FFA80930000
	avrt.dll                     0x7FFA80FC0000
	PROPSYS.dll                  0x7FFA81A60000
	nvToolsExt64_1.dll           0x7FFA81BF0000
	d3d11.Dll                    0x7FFA81D30000
	wintypes.dll                 0x7FFA82B00000
	CoreUIComponents.dll         0x7FFA831D0000
	CoreMessaging.dll            0x7FFA83530000
	uxtheme.dll                  0x7FFA83A30000
	resourcepolicyclient.dll     0x7FFA83B20000
	dwmapi.dll                   0x7FFA83D30000
	kernel.appcore.dll           0x7FFA83F10000
	windows.storage.dll          0x7FFA84110000
	HID.DLL                      0x7FFA848B0000
	dxgi.dll                     0x7FFA848F0000
	ntmarta.dll                  0x7FFA84CF0000
	schannel.DLL                 0x7FFA84FE0000
	rsaenh.dll                   0x7FFA850C0000
	UMPDC.dll                    0x7FFA85430000
	IPHLPAPI.DLL                 0x7FFA85450000
	DNSAPI.dll                   0x7FFA854A0000
	powrprof.dll                 0x7FFA85570000
	MSWSOCK.dll                  0x7FFA857B0000
	CRYPTBASE.DLL                0x7FFA859A0000
	CRYPTSP.dll                  0x7FFA859B0000
	Wldp.dll                     0x7FFA85A50000
	NTASN1.dll                   0x7FFA85A80000
	ncrypt.dll                   0x7FFA85AC0000
	msasn1.dll                   0x7FFA85BE0000
	devobj.dll                   0x7FFA85DA0000
	DPAPI.DLL                    0x7FFA85E00000
	SSPICLI.DLL                  0x7FFA85EC0000
	USERENV.dll                  0x7FFA85F00000
	profapi.dll                  0x7FFA85F40000
	bcrypt.dll                   0x7FFA86000000
	ucrtbase.dll                 0x7FFA86030000
	CRYPT32.dll                  0x7FFA86130000
	KERNELBASE.dll               0x7FFA86290000
	msvcp_win.dll                0x7FFA86560000
	gdi32full.dll                0x7FFA86600000
	bcryptPrimitives.dll         0x7FFA867C0000
	WINTRUST.DLL                 0x7FFA86850000
	win32u.dll                   0x7FFA868B0000
	cfgmgr32.dll                 0x7FFA868E0000
	clbcatq.dll                  0x7FFA86930000
	COMDLG32.dll                 0x7FFA869E0000
	combase.dll                  0x7FFA86B40000
	ole32.dll                    0x7FFA86EA0000
	SHLWAPI.dll                  0x7FFA86FD0000
	IMM32.DLL                    0x7FFA87030000
	USER32.dll                   0x7FFA87060000
	ADVAPI32.dll                 0x7FFA87220000
	sechost.dll                  0x7FFA872D0000
	SHCORE.dll                   0x7FFA87370000
	SETUPAPI.dll                 0x7FFA87420000
	PSAPI.DLL                    0x7FFA878B0000
	GDI32.dll                    0x7FFA878C0000
	KERNEL32.DLL                 0x7FFA879E0000
	RPCRT4.dll                   0x7FFA87B00000
	MSCTF.dll                    0x7FFA87C90000
	msvcrt.dll                   0x7FFA87DB0000
	SHELL32.dll                  0x7FFA87E50000
	OLEAUT32.dll                 0x7FFA885A0000
	imagehlp.dll                 0x7FFA88670000
	WS2_32.dll                   0x7FFA88690000
	ntdll.dll                    0x7FFA888F0000

F4SE PLUGINS:
	mcm.dll
	XDI.dll
	f4ee.dll
	place.dll
	Buffout4.dll
	BakaScrapHeap.dll
	ExtraItemInfo.dll
	faster_workshop.dll
	rename_anything.dll
	wsfw_identifier.dll
	crafting_highlight_fix.dll
	PrivateProfileRedirector.dll

PLUGINS:
	[00]     Fallout4.esm
	[01]     DLCRobot.esm
	[02]     DLCworkshop01.esm
	[03]     DLCCoast.esm
	[04]     DLCworkshop02.esm
	[05]     DLCworkshop03.esm
	[06]     DLCNukaWorld.esm
	[07]     Unofficial Fallout 4 Patch.esp
	[08]     XDI.esm
	[09]     HUDFramework.esm
	[0A]     WorkshopFramework.esm
	[0B]     MODFoodScraps.esm
	[0C]     LupineRace.esm
	[0D]     PANPC.esm
	[0E]     VulpineRace.esm
	[0F]     FlirtyCommonwealth.esp
	[10]     Better Manufacturing.esp
	[11]     WOTC.esp
	[12]     KSHairdos.esp
	[13]     Chainsaw.esp
	[14]     advancedAITweaks.esp
	[15]     ManufacturingExtended.esp
	[16]     Better Manufacturing - Manufacturing Extended Additions.esp
	[17]     DLC items to manufacturing.esp
	[18]     Better Manufacturing - Manufacturing Extended Expanded Patch.esp
	[19]     DisableAutoAimF4.esp
	[1A]     SKKGlobalStashScrapping.esp
	[1B]     SleeplessNights.esp
	[1C]     WorkshopPlus.esp
	[1D]     dcc-palock.esp
	[1E]     UNnaked Power Armor.esp
	[1F]     EFF.esp
	[20]     CartographersMapMarkers FarHarbor.esp
	[21]     ECO.esp
	[22]     Kor_Scavenger.esp
	[23]     CraftPatch2.esp
	[24]     Simple Inventory Improvements.esp
	[25]     spacefiddle_Scarcity_Full.esp
	[26]     Extended weapon mods.esp
	[27]     MoreWeapMods.esp
	[28]     RaiderOverhaul.esp
	[29]     FurryFallout.esp
	[2A]     MoreVariedBodyShapesAndSkins.esp
	[2B]     FurryFalloutNPCs.esp
	[2C]     RaidersReloaded.esp
	[2D]     Random_Enemy_Weapons_DLC.esp
	[2E]     FFO-Player-OTTER.esp
	[2F]     MoreSpawns_High.esp
	[30]     DT_GunnerOutfitPack.esp
	[31]     GR001-AutomatronRebooted.esp
	[32]     FusionGirl.esp
	[33]     Desperate Raiders.esp
	[34]     FurryPatch.esp
	[35]     CartographersMapMarkers NukaWorld.esp
	[36]     RaidersPatch.esp
	[37]     SettlementAttacksBeyond.esp
	[38]     CartographersMapMarkers Commonwealth.esp
	[39]     ConstructionPatch.esp
	[3A]     Fire Behavior Crippling v1 DLC.esp
	[3B]     molotovcraftingredone.esp
	[3C]     Live Dismemberment - POSTAL.esp
	[3D]     WeaponDisarm.esp
	[3E]     SuperPatch.esp
	[FE:000] CWRaiders.esl
	[FE:001] DDLL.esl
	[FE:002] M8r_Item_Tags_Vanilla_EN.esp
	[FE:003] free_downgrades_stubs.esp
	[FE:004] BetterModDescriptions.esp
	[FE:005] AllowWorkbenchDuringCombat.esp
	[FE:006] Better Power Armor - Extended.esp
	[FE:007] CommChemExpanded.esp
	[FE:008] EarlierPipeWeaponMods.esp
	[FE:009] free_downgrades_DLCCoast.esp
	[FE:00A] free_downgrades_DLCNuka.esp
	[FE:00B] Kermie's Misc Components.esp
	[FE:00C] GZ_MiscItemOverhaul.esp
	[FE:00D] More Armor Slots - All Dlc.esp
	[FE:00E] Weapon Mods Mod.esp
	[FE:00F] Unlevelled Everything - Mods.esp
	[FE:010] VulpineRace-NPCReplacer-DLC.esp
	[FE:011] CCOFoxyFactionsReplacer.esp
	[FE:012] FFO_NPC_DLC.esp
	[FE:013] MostlyFemale.esp
	[FE:014] Important NPCs essential edition 1.1.esp
	[FE:015] NPCs Protected Not Essential.esp
	[FE:016] CCOVulgarVillainsReplacer.esp
	[FE:017] CBBE.esp
	[FE:018] LooksMenu.esp
	[FE:019] CustomRaceHeadgear.esp
	[FE:01A] CustomRaceHeadgear_FFO.esp
	[FE:01B] CustomRaceHeadgear_Vulpine.esp
	[FE:01C] Gunner Outfit Extreme Overhaul.esp
	[FE:01D] Power Armor to the People.esp
	[FE:01E] VulpinePowerArmor.esp
	[FE:01F] Power Armor to the People - Nuka-World.esp
	[FE:020] 4estGimp - RO.FallUI.PA_INNR.esp
	[FE:021] Ferals After Dark.esp
	[FE:022] More Human Raider Loot.esp
	[FE:023] Power Armor to the People - Raider Overhaul.esp
	[FE:024] Leveled Raiders.esp
	[FE:025] Power Armor to the People - Far Harbor.esp
	[FE:026] SalvageRobotParts.esp
	[FE:027] raidercorpseworkplease.esp
	[FE:028] ATreeGrowsInBoston.esp
	[FE:029] BetterModDescriptionsROWIP.esp
	[FE:02A] AutomaticSave.esp
	[FE:02B] FCEjectNoMore.esp
	[FE:02C] M8rDisablePipboyEffects.esp
	[FE:02D] MaterialModSlot-FallUIWorkbenchPatch.esp
	[FE:02E] CAMP.esp
	[FE:02F] UncommonCrafting.esp
	[FE:030] fastcorpseclear.esp
	[FE:031] Loot Detector.esp
	[FE:032] LostWorld.esp
	[FE:033] Lucky's Intresting Tips 1.4.esp
	[FE:034] MamaMutie.esp
	[FE:035] PeopleAreStrangers.esp
	[FE:036] UnrestrictivePowerArmor.esp
	[FE:037] Better Weapon Scrap - Ultimate Edition_ESL.esp
	[FE:038] BetterBloatflies.esp
