Fallout 4 v1.10.163
Buffout 4 v1.23.0

Unhandled exception "EXCEPTION_ACCESS_VIOLATION" at 0x7FF7D532F45D Fallout4.exe+1B0F45D

SETTINGS:
	[Compatibility]
		F4EE: false
	[Fixes]
		ActorIsHostileToActor: true
		CellInit: true
		EncounterZoneReset: true
		GreyMovies: true
		MagicEffectApplyEvent: true
		MovementPlanner: true
		PackageAllocateLocation: true
		SafeExit: true
		UnalignedLoad: true
		UtilityShader: true
	[Patches]
		Achievements: true
		BSMTAManager: true
		BSPreCulledObjects: true
		BSTextureStreamerLocalHeap: true
		HavokMemorySystem: true
		INISettingCollection: true
		MaxStdIO: -1
		MemoryManager: true
		MemoryManagerDebug: false
		ScaleformAllocator: true
		SmallBlockAllocator: true
		WorkshopMenu: true
	[Warnings]
		CreateTexture2D: true
		ImageSpaceAdapter: true

SYSTEM SPECS:
	OS: Microsoft Windows 10 Home Single Language v10.0.19041
	CPU: GenuineIntel Intel(R) Core(TM) i7-2600 CPU @ 3.40GHz
	GPU #1: Nvidia GM206 [GeForce GTX 960]
	GPU #2: Microsoft Basic Render Driver
	PHYSICAL MEMORY: 6.45 GB/15.97 GB

PROBABLE CALL STACK:
	[0] 0x7FF7D532F45D Fallout4.exe+1B0F45D -> 597736+0xD
	[1] 0x7FF7D5363400 Fallout4.exe+1B43400 -> 1069619+0x60
	[2] 0x7FF7D53631C3 Fallout4.exe+1B431C3 -> 831231+0x33
	[3] 0x7FF7D5363F5D Fallout4.exe+1B43F5D -> 507142+0x1AD
	[4] 0x7FF7D5361CDD Fallout4.exe+1B41CDD -> 999093+0x3D
	[5] 0x7FF7D61BFE40 Fallout4.exe+299FE40 -> 783135+0x10
	[6] 0x7FFA89412E33 MSVCR110.dll+0022E33
	[7] 0x7FF7D61570CC Fallout4.exe+29370CC -> 1104651+0xB8
	[8] 0x7FFAB5747034 KERNEL32.DLL+0017034
	[9] 0x7FFAB74A2651    ntdll.dll+0052651

REGISTERS:
	RAX 0x1DDB8561DC0      (void*)
	RCX 0x7FF7D70EC980     (void* -> Fallout4.exe+38CC980)
	RDX 0x7FF7D70ECE00     (void* -> Fallout4.exe+38CCE00)
	RBX 0x2                (size_t)
	RSP 0x70F1CFFCD0       (void*)
	RBP 0x0                (size_t)
	RSI 0x1                (size_t)
	RDI 0x7FF7D9407580     (void* -> Fallout4.exe+5BE7580)
	R8  0x0                (size_t)
	R9  0x0                (size_t)
	R10 0x1D               (size_t)
	R11 0x7FF7D9387580     (void* -> Fallout4.exe+5B67580)
	R12 0x0                (size_t)
	R13 0x0                (size_t)
	R14 0x1DDB8563A30      (void*)
	R15 0x70F1CFFD98       (void*)

STACK:
	[RSP+0  ] 0x7FF7D641DD40     (void* -> Fallout4.exe+2BFDD40)
	[RSP+8  ] 0xA                (size_t)
	[RSP+10 ] 0x7FF7D6468850     (void* -> Fallout4.exe+2C48850)
	[RSP+18 ] 0x7FFA8942CF7F     (void* -> MSVCR110.dll+003CF7F)
	[RSP+20 ] 0x7FF7D9407580     (void* -> Fallout4.exe+5BE7580)
	[RSP+28 ] 0x7FF7D5363400     (void* -> Fallout4.exe+1B43400)
	[RSP+30 ] 0x1DDB85DD880      (void*)
	[RSP+38 ] 0xFFFFFFFFFFFFFFFF (size_t)
	[RSP+40 ] 0x0                (size_t)
	[RSP+48 ] 0x7FFA8943128C     (void* -> MSVCR110.dll+004128C)
	[RSP+50 ] 0x0                (size_t)
	[RSP+58 ] 0x7FF7D53631C3     (void* -> Fallout4.exe+1B431C3)
	[RSP+60 ] 0x0                (size_t)
	[RSP+68 ] 0x7FF7D646BB83     (void* -> Fallout4.exe+2C4BB83)
	[RSP+70 ] 0x7FF7D662F340     (void* -> Fallout4.exe+2E0F340)
	[RSP+78 ] 0x7FF7D9407580     (void* -> Fallout4.exe+5BE7580)
	[RSP+80 ] 0x0                (size_t)
	[RSP+88 ] 0x7FF7D5363F5D     (void* -> Fallout4.exe+1B43F5D)
	[RSP+90 ] 0x0                (size_t)
	[RSP+98 ] 0x7FF7D9387580     (void* -> Fallout4.exe+5B67580)
	[RSP+A0 ] 0x7FF7D9407580     (void* -> Fallout4.exe+5BE7580)
	[RSP+A8 ] 0x7FF7D646BB83     (void* -> Fallout4.exe+2C4BB83)
	[RSP+B0 ] 0x1DD00000001      (size_t)
	[RSP+B8 ] 0x0                (size_t)
	[RSP+C0 ] 0x100000000        (size_t)
	[RSP+C8 ] 0x0                (size_t)
	[RSP+D0 ] 0x0                (size_t)
	[RSP+D8 ] 0x7FFA89413A0F     (void* -> MSVCR110.dll+0023A0F)
	[RSP+E0 ] 0x40               (size_t)
	[RSP+E8 ] 0x0                (size_t)
	[RSP+F0 ] 0x0                (size_t)
	[RSP+F8 ] 0x0                (size_t)
	[RSP+100] 0x0                (size_t)
	[RSP+108] 0x7FF7D6468850     (void* -> Fallout4.exe+2C48850)
	[RSP+110] 0xA                (size_t)
	[RSP+118] 0x0                (size_t)
	[RSP+120] 0x7FF7D70ECFF0     (void* -> Fallout4.exe+38CCFF0)
	[RSP+128] 0x7FF7D5361CDD     (void* -> Fallout4.exe+1B41CDD)
	[RSP+130] 0x7FF7D90F4170     (void* -> Fallout4.exe+58D4170)
	[RSP+138] 0x7FF7D646BB83     (void* -> Fallout4.exe+2C4BB83)
	[RSP+140] 0x7FF7D6468800     (void* -> Fallout4.exe+2C48800)
	[RSP+148] 0x7FF7D6156FDA     (void* -> Fallout4.exe+2936FDA)
	[RSP+150] 0x7FF7D64386C0     (void* -> Fallout4.exe+2C186C0)
	[RSP+158] 0x7FF7D61BFE40     (void* -> Fallout4.exe+299FE40)
	[RSP+160] 0x7FF7D6438680     (void* -> Fallout4.exe+2C18680)
	[RSP+168] 0xFFFFFFFFFFFFFFFF (size_t)
	[RSP+170] 0x7FF7D9F547EC     (void* -> Fallout4.exe+67347EC)
	[RSP+178] 0xBFEBFBFF1FBAE3FF (size_t)
	[RSP+180] 0x7FF7D6468870     (void* -> Fallout4.exe+2C48870)
	[RSP+188] 0x7FFA89412E33     (void* -> MSVCR110.dll+0022E33)
	[RSP+190] 0x0                (size_t)
	[RSP+198] 0x0                (size_t)
	[RSP+1A0] 0x0                (size_t)
	[RSP+1A8] 0x0                (size_t)
	[RSP+1B0] 0x0                (size_t)
	[RSP+1B8] 0x7FF7D61570CC     (void* -> Fallout4.exe+29370CC)
	[RSP+1C0] 0x0                (size_t)
	[RSP+1C8] 0x7FF7D6157009     (void* -> Fallout4.exe+2937009)
	[RSP+1D0] 0x7FF7DA4D9310     (void* -> Fallout4.exe+6CB9310)
	[RSP+1D8] 0x0                (size_t)
	[RSP+1E0] 0x0                (size_t)
	[RSP+1E8] 0x0                (size_t)
	[RSP+1F0] 0x0                (size_t)
	[RSP+1F8] 0x7FFAB5747034     (void* -> KERNEL32.DLL+0017034)
	[RSP+200] 0x0                (size_t)
	[RSP+208] 0x0                (size_t)
	[RSP+210] 0x0                (size_t)
	[RSP+218] 0x0                (size_t)
	[RSP+220] 0x0                (size_t)
	[RSP+228] 0x7FFAB74A2651     (void* -> ntdll.dll+0052651)
	[RSP+230] 0x0                (size_t)
	[RSP+238] 0x0                (size_t)
	[RSP+240] 0x0                (size_t)
	[RSP+248] 0x0                (size_t)
	[RSP+250] 0x0                (size_t)
	[RSP+258] 0x0                (size_t)
	[RSP+260] 0x895AE9C600000000 (size_t)
	[RSP+268] 0x0                (size_t)
	[RSP+270] 0x0                (size_t)
	[RSP+278] 0x7FFAB4FBB610     (void* -> KERNELBASE.dll+010B610)
	[RSP+280] 0x70F1CFEE40       (void*)
	[RSP+288] 0x580001FFE8F6857F (size_t)
	[RSP+290] 0x7FFA3DA15FD6     (size_t)
	[RSP+298] 0x70F1CFEE40       (void*)
	[RSP+2A0] 0x0                (size_t)
	[RSP+2A8] 0x0                (size_t)
	[RSP+2B0] 0x0                (size_t)
	[RSP+2B8] 0x0                (size_t)
	[RSP+2C0] 0x0                (size_t)
	[RSP+2C8] 0x0                (size_t)
	[RSP+2D0] 0x0                (size_t)
	[RSP+2D8] 0x0                (size_t)
	[RSP+2E0] 0x0                (size_t)
	[RSP+2E8] 0x0                (size_t)
	[RSP+2F0] 0x0                (size_t)
	[RSP+2F8] 0x0                (size_t)
	[RSP+300] 0x0                (size_t)
	[RSP+308] 0x0                (size_t)
	[RSP+310] 0x0                (size_t)
	[RSP+318] 0x0                (size_t)
	[RSP+320] 0x0                (size_t)
	[RSP+328] 0x0                (size_t)

MODULES:
	XINPUT1_3.dll                0x000000400000
	steam_api64.dll              0x000075FF0000
	X3DAudio1_7.dll              0x000076340000
	Fallout4.exe                 0x7FF7D3820000
	steamclient64.dll            0x7FFA4CBC0000
	IPHLPAPI.DLL                 0x7FFA67F50000
	Buffout4.dll                 0x7FFA6FFB0000
	wsfw_identifier.dll          0x7FFA71320000
	tier0_s64.dll                0x7FFA7A170000
	BakaScrapHeap.dll            0x7FFA86D50000
	f4se_1_10_163.dll            0x7FFA87730000
	MSVCR110.dll                 0x7FFA893F0000
	vstdlib_s64.dll              0x7FFA8B6F0000
	GFSDK_SSAO_D3D11.win64.dll   0x7FFA8CD50000
	PrivateProfileRedirector.dll 0x7FFA8D300000
	flexRelease_x64.dll          0x7FFA8F9D0000
	MSVCP110.dll                 0x7FFA912C0000
	tbbmalloc.dll                0x7FFA91410000
	cudart64_75.dll              0x7FFA932D0000
	GFSDK_GodraysLib.x64.dll     0x7FFA94FC0000
	crafting_highlight_fix.dll   0x7FFA958A0000
	WINSPOOL.DRV                 0x7FFA97750000
	ExtraItemInfo.dll            0x7FFA97AB0000
	faster_workshop.dll          0x7FFA9A5A0000
	flexExtRelease_x64.dll       0x7FFA9CBC0000
	bink2w64.dll                 0x7FFA9CC20000
	MSVCP140.dll                 0x7FFA9CD80000
	f4se_steam_loader.dll        0x7FFA9D410000
	d3d11.dll                    0x7FFA9D670000
	WINMM.dll                    0x7FFAA7E90000
	COMCTL32.dll                 0x7FFAA80C0000
	WINHTTP.dll                  0x7FFAAC9F0000
	VCRUNTIME140.dll             0x7FFAACCF0000
	VCRUNTIME140_1.dll           0x7FFAAD440000
	MSVCP140_ATOMIC_WAIT.dll     0x7FFAAE0A0000
	OLEACC.dll                   0x7FFAAE760000
	Secur32.dll                  0x7FFAAEC80000
	DbgHelp.dll                  0x7FFAAF430000
	VERSION.dll                  0x7FFAAFC80000
	nvToolsExt64_1.dll           0x7FFAB0040000
	d3d11.Dll                    0x7FFAB0CE0000
	DComp.dll                    0x7FFAB0F50000
	MSIMG32.dll                  0x7FFAB2130000
	UxTheme.dll                  0x7FFAB25B0000
	DWMAPI.dll                   0x7FFAB2980000
	kernel.appcore.dll           0x7FFAB29B0000
	windows.storage.dll          0x7FFAB2C90000
	HID.DLL                      0x7FFAB3420000
	dxgi.dll                     0x7FFAB3460000
	IpHlpAPI.dll                 0x7FFAB3F40000
	MSWSOCK.dll                  0x7FFAB4250000
	CRYPTBASE.DLL                0x7FFAB4440000
	Wldp.dll                     0x7FFAB44F0000
	SSPICLI.DLL                  0x7FFAB4A30000
	profapi.dll                  0x7FFAB4AB0000
	bcrypt.dll                   0x7FFAB4C20000
	ucrtbase.dll                 0x7FFAB4C50000
	CRYPT32.dll                  0x7FFAB4D50000
	KERNELBASE.dll               0x7FFAB4EB0000
	bcryptPrimitives.dll         0x7FFAB5180000
	win32u.dll                   0x7FFAB5210000
	msvcp_win.dll                0x7FFAB5240000
	gdi32full.dll                0x7FFAB52E0000
	cfgmgr32.dll                 0x7FFAB53F0000
	COMDLG32.dll                 0x7FFAB54B0000
	shcore.dll                   0x7FFAB5590000
	KERNEL32.DLL                 0x7FFAB5730000
	imagehlp.dll                 0x7FFAB57F0000
	IMM32.DLL                    0x7FFAB5810000
	OLEAUT32.dll                 0x7FFAB5840000
	sechost.dll                  0x7FFAB5AC0000
	ole32.dll                    0x7FFAB5B70000
	msvcrt.dll                   0x7FFAB5E70000
	PSAPI.DLL                    0x7FFAB5F10000
	combase.dll                  0x7FFAB5F80000
	ADVAPI32.dll                 0x7FFAB6340000
	SHLWAPI.dll                  0x7FFAB63F0000
	USER32.dll                   0x7FFAB6450000
	RPCRT4.dll                   0x7FFAB6600000
	SETUPAPI.dll                 0x7FFAB6730000
	SHELL32.dll                  0x7FFAB6BB0000
	GDI32.dll                    0x7FFAB72F0000
	WS2_32.dll                   0x7FFAB73A0000
	ntdll.dll                    0x7FFAB7450000

F4SE PLUGINS:
	Buffout4.dll
	BakaScrapHeap.dll
	ExtraItemInfo.dll
	faster_workshop.dll
	wsfw_identifier.dll
	crafting_highlight_fix.dll
	PrivateProfileRedirector.dll

PLUGINS:
