Fallout 4 v1.10.163
Buffout 4 v1.23.0

Unhandled exception "EXCEPTION_ACCESS_VIOLATION" at 0x7FF73CF5654F Fallout4.exe+02A654F

SETTINGS:
	[Compatibility]
		F4EE: false
	[Fixes]
		ActorIsHostileToActor: true
		CellInit: true
		EncounterZoneReset: true
		GreyMovies: true
		MagicEffectApplyEvent: true
		MovementPlanner: true
		PackageAllocateLocation: true
		SafeExit: true
		UnalignedLoad: true
		UtilityShader: true
	[Patches]
		Achievements: true
		BSMTAManager: true
		BSPreCulledObjects: true
		BSTextureStreamerLocalHeap: true
		HavokMemorySystem: true
		INISettingCollection: true
		MaxStdIO: -1
		MemoryManager: true
		MemoryManagerDebug: false
		ScaleformAllocator: true
		SmallBlockAllocator: true
		WorkshopMenu: true
	[Warnings]
		CreateTexture2D: true
		ImageSpaceAdapter: true

SYSTEM SPECS:
	OS: Microsoft Windows 10 Home Single Language v10.0.19041
	CPU: GenuineIntel Intel(R) Core(TM) i7-2600 CPU @ 3.40GHz
	GPU #1: Nvidia GM206 [GeForce GTX 960]
	GPU #2: Microsoft Basic Render Driver
	PHYSICAL MEMORY: 9.80 GB/15.97 GB

PROBABLE CALL STACK:
	[0] 0x7FF73CF5654F Fallout4.exe+02A654F -> 842114+0x1F
	[1] 0x7FF73D267EC8 Fallout4.exe+05B7EC8 -> 561320+0x818
	[2] 0x7FF73CE02C3C Fallout4.exe+0152C3C -> 1420843+0x7C
	[3] 0x7FF73CDD84CD Fallout4.exe+01284CD -> 1551875+0x4D
	[4] 0x7FF73E800F26 Fallout4.exe+1B50F26 -> 329005+0xC6
	[5] 0x7FF73E801432 Fallout4.exe+1B51432 -> 194800+0x202
	[6] 0x7FF73E803F67 Fallout4.exe+1B53F67 -> 1492866+0x67
	[7] 0x7FF73E7CCFED Fallout4.exe+1B1CFED -> 1079791+0x3D
	[8] 0x7FFC979F7034 KERNEL32.DLL+0017034
	[9] 0x7FFC99082651    ntdll.dll+0052651

REGISTERS:
	RAX 0xFFFFFFFF         (size_t)
	RCX 0x1B9BF762D00      (BGSCharacterTint::Template::TextureSet*)
	RDX 0x1B9671DBFE0      (void*)
	RBX 0xA54              (size_t)
	RSP 0x1F9CB0F5F8       (void*)
	RBP 0x1F9CB0F678       (void*)
	RSI 0x1B9BF762D00      (BGSCharacterTint::Template::TextureSet*)
	RDI 0x1B9B738A080      (TESNPC*)
		File: "FurryPatch.esp"
		Flags: 0x00040001
		Form ID: 0x0004A517
		Form Type: 45
		Full Name: "Me"
	R8  0x1B9BF762800      (void*)
	R9  0x83403            (size_t)
	R10 0x2BC01            (size_t)
	R11 0xBC8E3330         (size_t)
	R12 0x0                (size_t)
	R13 0xFFFF             (size_t)
	R14 0x0                (size_t)
	R15 0x1B9B0F95D00      (TESRace*)
		File: "NPCs Protected Not Essential.esp"
		Flags: 0x00000009
		Form ID: 0x0011D83F
		Form Type: 17
		Full Name: "Human"

STACK:
	[RSP+0  ] 0x7FF73D267EC8     (void* -> Fallout4.exe+05B7EC8)
	[RSP+8  ] 0x1B9B6E1B300      (BGSCharacterTint::PaletteEntry*)
	[RSP+10 ] 0x1B9D27D0484      (void*)
	[RSP+18 ] 0x0                (size_t)
	[RSP+20 ] 0x1B9BF762D00      (BGSCharacterTint::Template::TextureSet*)
	[RSP+28 ] 0x1F9CB0F698       (void*)
	[RSP+30 ] 0x7FF742898088     (void* -> Fallout4.exe+5BE8088)
	[RSP+38 ] 0x1B978FE70B0      (ScrapHeap*)
	[RSP+40 ] 0x1B9D357F240      (void*)
	[RSP+48 ] 0x8                (size_t)
	[RSP+50 ] 0x1B900000005      (void*)
	[RSP+58 ] 0x7FF742898084     (void* -> Fallout4.exe+5BE8084)
	[RSP+60 ] 0x1                (size_t)
	[RSP+68 ] 0x7FF742898080     (void* -> Fallout4.exe+5BE8080)
	[RSP+70 ] 0x7FF742898088     (void* -> Fallout4.exe+5BE8088)
	[RSP+78 ] 0x1B978FE7150      (char*) "b"
	[RSP+80 ] 0x1B9B738A080      (TESNPC*)
		File: "FurryPatch.esp"
		Flags: 0x00040001
		Form ID: 0x0004A517
		Form Type: 45
		Full Name: "Me"
	[RSP+88 ] 0x0                (size_t)
	[RSP+90 ] 0x7FF73CE02C3C     (void* -> Fallout4.exe+0152C3C)
	[RSP+98 ] 0x1B900000000      (void*)
	[RSP+A0 ] 0x5                (size_t)
	[RSP+A8 ] 0x2                (size_t)
	[RSP+B0 ] 0x7FF742898080     (void* -> Fallout4.exe+5BE8080)
	[RSP+B8 ] 0x1B9B738A080      (TESNPC*)
		File: "FurryPatch.esp"
		Flags: 0x00040001
		Form ID: 0x0004A517
		Form Type: 45
		Full Name: "Me"
	[RSP+C0 ] 0x1B9B738A178      (TESNPC*)
		File: "FurryPatch.esp"
		Flags: 0x00040001
		Form ID: 0x0004A517
		Form Type: 45
		Full Name: "Me"
	[RSP+C8 ] 0x1B9B738A0E8      (TESNPC*)
		File: "FurryPatch.esp"
		Flags: 0x00040001
		Form ID: 0x0004A517
		Form Type: 45
		Full Name: "Me"
	[RSP+D0 ] 0x0                (size_t)
	[RSP+D8 ] 0x0                (size_t)
	[RSP+E0 ] 0x1B9B738A150      (TESNPC*)
		File: "FurryPatch.esp"
		Flags: 0x00040001
		Form ID: 0x0004A517
		Form Type: 45
		Full Name: "Me"
	[RSP+E8 ] 0x0                (size_t)
	[RSP+F0 ] 0x0                (size_t)
	[RSP+F8 ] 0x1B9B738A1A0      (TESNPC*)
		File: "FurryPatch.esp"
		Flags: 0x00040001
		Form ID: 0x0004A517
		Form Type: 45
		Full Name: "Me"
	[RSP+100] 0x0                (size_t)
	[RSP+108] 0x0                (size_t)
	[RSP+110] 0x0                (size_t)
	[RSP+118] 0x0                (size_t)
	[RSP+120] 0x0                (size_t)
	[RSP+128] 0x1B9B738A230      (TESNPC*)
		File: "FurryPatch.esp"
		Flags: 0x00040001
		Form ID: 0x0004A517
		Form Type: 45
		Full Name: "Me"
	[RSP+130] 0x0                (size_t)
	[RSP+138] 0x1B9B738A168      (TESNPC*)
		File: "FurryPatch.esp"
		Flags: 0x00040001
		Form ID: 0x0004A517
		Form Type: 45
		Full Name: "Me"
	[RSP+140] 0x0                (size_t)
	[RSP+148] 0x0                (size_t)
	[RSP+150] 0x0                (size_t)
	[RSP+158] 0x0                (size_t)
	[RSP+160] 0x1B9B738A1B8      (TESNPC*)
		File: "FurryPatch.esp"
		Flags: 0x00040001
		Form ID: 0x0004A517
		Form Type: 45
		Full Name: "Me"
	[RSP+168] 0x0                (size_t)
	[RSP+170] 0x0                (size_t)
	[RSP+178] 0x0                (size_t)
	[RSP+180] 0x0                (size_t)
	[RSP+188] 0x0                (size_t)
	[RSP+190] 0x0                (size_t)
	[RSP+198] 0x1B9B738A1C8      (TESNPC*)
		File: "FurryPatch.esp"
		Flags: 0x00040001
		Form ID: 0x0004A517
		Form Type: 45
		Full Name: "Me"
	[RSP+1A0] 0x1B9B738A1D8      (TESNPC*)
		File: "FurryPatch.esp"
		Flags: 0x00040001
		Form ID: 0x0004A517
		Form Type: 45
		Full Name: "Me"
	[RSP+1A8] 0x0                (size_t)
	[RSP+1B0] 0x0                (size_t)
	[RSP+1B8] 0x1B9B738A1F8      (TESNPC*)
		File: "FurryPatch.esp"
		Flags: 0x00040001
		Form ID: 0x0004A517
		Form Type: 45
		Full Name: "Me"
	[RSP+1C0] 0x1B9B738A240      (TESNPC*)
		File: "FurryPatch.esp"
		Flags: 0x00040001
		Form ID: 0x0004A517
		Form Type: 45
		Full Name: "Me"
	[RSP+1C8] 0x1B9B738A208      (TESNPC*)
		File: "FurryPatch.esp"
		Flags: 0x00040001
		Form ID: 0x0004A517
		Form Type: 45
		Full Name: "Me"
	[RSP+1D0] 0x1B9B738A2A0      (BGSAttachParentArray*)
	[RSP+1D8] 0x1B9B738A0B0      (BGSMod::Template::Items*)
	[RSP+1E0] 0x1B9B738A0D0      (BGSPreviewTransform*)
	[RSP+1E8] 0x0                (size_t)
	[RSP+1F0] 0x0                (size_t)
	[RSP+1F8] 0x1B9B738A220      (TESNPC*)
		File: "FurryPatch.esp"
		Flags: 0x00040001
		Form ID: 0x0004A517
		Form Type: 45
		Full Name: "Me"
	[RSP+200] 0x1B9B738A278      (TESNPC*)
		File: "FurryPatch.esp"
		Flags: 0x00040001
		Form ID: 0x0004A517
		Form Type: 45
		Full Name: "Me"
	[RSP+208] 0x1B9B738A288      (TESNPC*)
		File: "FurryPatch.esp"
		Flags: 0x00040001
		Form ID: 0x0004A517
		Form Type: 45
		Full Name: "Me"
	[RSP+210] 0x0                (size_t)
	[RSP+218] 0x1B9B738A0E0      (BGSSoundTagComponent*)
	[RSP+220] 0x0                (size_t)
	[RSP+228] 0x1B9BFC2D048      (void*)
	[RSP+230] 0x7FF73CDD84CD     (void* -> Fallout4.exe+01284CD)
	[RSP+238] 0x1B9BFC26028      (void*)
	[RSP+240] 0x0                (size_t)
	[RSP+248] 0x0                (size_t)
	[RSP+250] 0x0                (size_t)
	[RSP+258] 0x1B9D2A50FE0      (void*)
	[RSP+260] 0x7FF73E800F26     (void* -> Fallout4.exe+1B50F26)
	[RSP+268] 0x7FF74289AB00     (void* -> Fallout4.exe+5BEAB00)
	[RSP+270] 0x7FF74289AAB0     (BSJobs::JobThread*)
	[RSP+278] 0x7FF74289AAB0     (BSJobs::JobThread*)
	[RSP+280] 0x7FFC967A251D     (void* -> KERNELBASE.dll+006251D)
	[RSP+288] 0x0                (size_t)
	[RSP+290] 0x0                (size_t)
	[RSP+298] 0x0                (size_t)
	[RSP+2A0] 0x0                (size_t)
	[RSP+2A8] 0x7FF74289AAB0     (BSJobs::JobThread*)
	[RSP+2B0] 0x7FF73E801432     (void* -> Fallout4.exe+1B51432)
	[RSP+2B8] 0x0                (size_t)
	[RSP+2C0] 0x7FF74289AAB0     (BSJobs::JobThread*)
	[RSP+2C8] 0x0                (size_t)
	[RSP+2D0] 0x1F9CB0F920       (char*) "HH"
	[RSP+2D8] 0x0                (size_t)
	[RSP+2E0] 0x0                (size_t)
	[RSP+2E8] 0x0                (size_t)
	[RSP+2F0] 0x7FF73E803F67     (void* -> Fallout4.exe+1B53F67)
	[RSP+2F8] 0x7FF74289AAB0     (BSJobs::JobThread*)
	[RSP+300] 0x0                (size_t)
	[RSP+308] 0x0                (size_t)
	[RSP+310] 0x0                (size_t)
	[RSP+318] 0x7FF74289AAB0     (BSJobs::JobThread*)
	[RSP+320] 0x7FF73E7CCFED     (void* -> Fallout4.exe+1B1CFED)
	[RSP+328] 0x4848             (size_t)
	[RSP+330] 0x1F9CB0F940       (void*)
	[RSP+338] 0x1B9670BBC90      (void*)
	[RSP+340] 0x0                (size_t)
	[RSP+348] 0x7FF74289AAB0     (BSJobs::JobThread*)
	[RSP+350] 0x0                (size_t)
	[RSP+358] 0x0                (size_t)
	[RSP+360] 0x7FFC979F7034     (void* -> KERNEL32.DLL+0017034)
	[RSP+368] 0x0                (size_t)
	[RSP+370] 0x0                (size_t)
	[RSP+378] 0x0                (size_t)
	[RSP+380] 0x0                (size_t)
	[RSP+388] 0x0                (size_t)
	[RSP+390] 0x7FFC99082651     (void* -> ntdll.dll+0052651)
	[RSP+398] 0x0                (size_t)
	[RSP+3A0] 0x0                (size_t)
	[RSP+3A8] 0x0                (size_t)
	[RSP+3B0] 0x0                (size_t)
	[RSP+3B8] 0x0                (size_t)
	[RSP+3C0] 0x0                (size_t)
	[RSP+3C8] 0xF3097C6400000000 (size_t)
	[RSP+3D0] 0x0                (size_t)
	[RSP+3D8] 0x0                (size_t)
	[RSP+3E0] 0x7FFC9684B610     (void* -> KERNELBASE.dll+010B610)
	[RSP+3E8] 0x1F9CB0E740       (void*)
	[RSP+3F0] 0xC658DCA7400007FF (size_t)
	[RSP+3F8] 0x7FFC658DCA74     (size_t)
	[RSP+400] 0x1F9CB0E740       (void*)
	[RSP+408] 0x0                (size_t)
	[RSP+410] 0x0                (size_t)
	[RSP+418] 0x0                (size_t)
	[RSP+420] 0x0                (size_t)
	[RSP+428] 0x0                (size_t)
	[RSP+430] 0x0                (size_t)
	[RSP+438] 0x0                (size_t)
	[RSP+440] 0x0                (size_t)
	[RSP+448] 0x0                (size_t)
	[RSP+450] 0x0                (size_t)
	[RSP+458] 0x0                (size_t)
	[RSP+460] 0x0                (size_t)
	[RSP+468] 0x0                (size_t)
	[RSP+470] 0x0                (size_t)
	[RSP+478] 0x0                (size_t)
	[RSP+480] 0x0                (size_t)
	[RSP+488] 0x0                (size_t)
	[RSP+490] 0x0                (size_t)
	[RSP+498] 0x0                (size_t)
	[RSP+4A0] 0x0                (size_t)
	[RSP+4A8] 0x0                (size_t)
	[RSP+4B0] 0x0                (size_t)
	[RSP+4B8] 0x0                (size_t)
	[RSP+4C0] 0x0                (size_t)
	[RSP+4C8] 0x0                (size_t)
	[RSP+4D0] 0x0                (size_t)
	[RSP+4D8] 0x0                (size_t)
	[RSP+4E0] 0x0                (size_t)
	[RSP+4E8] 0x0                (size_t)
	[RSP+4F0] 0x0                (size_t)
	[RSP+4F8] 0x0                (size_t)
	[RSP+500] 0x0                (size_t)
	[RSP+508] 0x0                (size_t)
	[RSP+510] 0x0                (size_t)
	[RSP+518] 0x0                (size_t)
	[RSP+520] 0x0                (size_t)
	[RSP+528] 0x0                (size_t)
	[RSP+530] 0x0                (size_t)
	[RSP+538] 0x0                (size_t)
	[RSP+540] 0x0                (size_t)
	[RSP+548] 0x0                (size_t)
	[RSP+550] 0x0                (size_t)
	[RSP+558] 0x0                (size_t)
	[RSP+560] 0x0                (size_t)
	[RSP+568] 0x0                (size_t)
	[RSP+570] 0x0                (size_t)
	[RSP+578] 0x0                (size_t)
	[RSP+580] 0x0                (size_t)
	[RSP+588] 0x0                (size_t)
	[RSP+590] 0x0                (size_t)
	[RSP+598] 0x0                (size_t)
	[RSP+5A0] 0x0                (size_t)
	[RSP+5A8] 0x0                (size_t)
	[RSP+5B0] 0x0                (size_t)
	[RSP+5B8] 0x0                (size_t)
	[RSP+5C0] 0x0                (size_t)
	[RSP+5C8] 0x0                (size_t)
	[RSP+5D0] 0x0                (size_t)
	[RSP+5D8] 0x0                (size_t)
	[RSP+5E0] 0x0                (size_t)
	[RSP+5E8] 0x0                (size_t)
	[RSP+5F0] 0x0                (size_t)
	[RSP+5F8] 0x0                (size_t)
	[RSP+600] 0x0                (size_t)
	[RSP+608] 0x0                (size_t)
	[RSP+610] 0x0                (size_t)
	[RSP+618] 0x0                (size_t)
	[RSP+620] 0x0                (size_t)
	[RSP+628] 0x0                (size_t)
	[RSP+630] 0x0                (size_t)
	[RSP+638] 0x0                (size_t)
	[RSP+640] 0x0                (size_t)
	[RSP+648] 0x0                (size_t)
	[RSP+650] 0x0                (size_t)
	[RSP+658] 0x0                (size_t)
	[RSP+660] 0x0                (size_t)
	[RSP+668] 0x0                (size_t)
	[RSP+670] 0x0                (size_t)
	[RSP+678] 0x0                (size_t)
	[RSP+680] 0x0                (size_t)
	[RSP+688] 0x0                (size_t)
	[RSP+690] 0x0                (size_t)
	[RSP+698] 0x0                (size_t)
	[RSP+6A0] 0x0                (size_t)
	[RSP+6A8] 0x0                (size_t)
	[RSP+6B0] 0x0                (size_t)
	[RSP+6B8] 0x0                (size_t)
	[RSP+6C0] 0x0                (size_t)
	[RSP+6C8] 0x0                (size_t)
	[RSP+6D0] 0x0                (size_t)
	[RSP+6D8] 0x0                (size_t)
	[RSP+6E0] 0x0                (size_t)
	[RSP+6E8] 0x0                (size_t)
	[RSP+6F0] 0x0                (size_t)
	[RSP+6F8] 0x0                (size_t)
	[RSP+700] 0x0                (size_t)
	[RSP+708] 0x0                (size_t)
	[RSP+710] 0x0                (size_t)
	[RSP+718] 0x0                (size_t)
	[RSP+720] 0x0                (size_t)
	[RSP+728] 0x0                (size_t)
	[RSP+730] 0x0                (size_t)
	[RSP+738] 0x0                (size_t)
	[RSP+740] 0x0                (size_t)
	[RSP+748] 0x0                (size_t)
	[RSP+750] 0x0                (size_t)
	[RSP+758] 0x0                (size_t)
	[RSP+760] 0x0                (size_t)
	[RSP+768] 0x0                (size_t)
	[RSP+770] 0x0                (size_t)
	[RSP+778] 0x0                (size_t)
	[RSP+780] 0x0                (size_t)
	[RSP+788] 0x0                (size_t)
	[RSP+790] 0x0                (size_t)
	[RSP+798] 0x0                (size_t)
	[RSP+7A0] 0x0                (size_t)
	[RSP+7A8] 0x0                (size_t)
	[RSP+7B0] 0x0                (size_t)
	[RSP+7B8] 0x0                (size_t)
	[RSP+7C0] 0x0                (size_t)
	[RSP+7C8] 0x0                (size_t)
	[RSP+7D0] 0x0                (size_t)
	[RSP+7D8] 0x0                (size_t)
	[RSP+7E0] 0x0                (size_t)
	[RSP+7E8] 0x0                (size_t)
	[RSP+7F0] 0x0                (size_t)
	[RSP+7F8] 0x0                (size_t)
	[RSP+800] 0x0                (size_t)
	[RSP+808] 0x0                (size_t)
	[RSP+810] 0x0                (size_t)
	[RSP+818] 0x0                (size_t)
	[RSP+820] 0x0                (size_t)
	[RSP+828] 0x0                (size_t)
	[RSP+830] 0x0                (size_t)
	[RSP+838] 0x0                (size_t)
	[RSP+840] 0x0                (size_t)
	[RSP+848] 0x0                (size_t)
	[RSP+850] 0x0                (size_t)
	[RSP+858] 0x0                (size_t)
	[RSP+860] 0x0                (size_t)
	[RSP+868] 0x0                (size_t)
	[RSP+870] 0x0                (size_t)
	[RSP+878] 0x0                (size_t)
	[RSP+880] 0x0                (size_t)
	[RSP+888] 0x0                (size_t)
	[RSP+890] 0x0                (size_t)
	[RSP+898] 0x0                (size_t)
	[RSP+8A0] 0x0                (size_t)
	[RSP+8A8] 0x0                (size_t)
	[RSP+8B0] 0x0                (size_t)
	[RSP+8B8] 0x0                (size_t)
	[RSP+8C0] 0x0                (size_t)
	[RSP+8C8] 0x0                (size_t)
	[RSP+8D0] 0x0                (size_t)
	[RSP+8D8] 0x0                (size_t)
	[RSP+8E0] 0x0                (size_t)
	[RSP+8E8] 0x0                (size_t)
	[RSP+8F0] 0x0                (size_t)
	[RSP+8F8] 0x0                (size_t)
	[RSP+900] 0x0                (size_t)
	[RSP+908] 0x0                (size_t)
	[RSP+910] 0x0                (size_t)
	[RSP+918] 0x0                (size_t)
	[RSP+920] 0x0                (size_t)
	[RSP+928] 0x0                (size_t)
	[RSP+930] 0x0                (size_t)
	[RSP+938] 0x0                (size_t)
	[RSP+940] 0x0                (size_t)
	[RSP+948] 0x0                (size_t)
	[RSP+950] 0x0                (size_t)
	[RSP+958] 0x0                (size_t)
	[RSP+960] 0x0                (size_t)
	[RSP+968] 0x0                (size_t)
	[RSP+970] 0x0                (size_t)
	[RSP+978] 0x0                (size_t)
	[RSP+980] 0x0                (size_t)
	[RSP+988] 0x0                (size_t)
	[RSP+990] 0x0                (size_t)
	[RSP+998] 0x0                (size_t)
	[RSP+9A0] 0x0                (size_t)
	[RSP+9A8] 0x0                (size_t)
	[RSP+9B0] 0x0                (size_t)
	[RSP+9B8] 0x0                (size_t)
	[RSP+9C0] 0x0                (size_t)
	[RSP+9C8] 0x0                (size_t)
	[RSP+9D0] 0x0                (size_t)
	[RSP+9D8] 0x0                (size_t)
	[RSP+9E0] 0x0                (size_t)
	[RSP+9E8] 0x0                (size_t)
	[RSP+9F0] 0x0                (size_t)
	[RSP+9F8] 0x0                (size_t)
	[RSP+A00] 0x0                (size_t)

MODULES:
	XINPUT1_3.dll                0x000000400000
	X3DAudio1_7.dll              0x000068F20000
	steam_api64.dll              0x000068F30000
	faster_workshop.dll          0x01B961870000
	nvwgf2umx.dll                0x01B96D040000
	Fallout4.exe                 0x7FF73CCB0000
	steamclient64.dll            0x7FFC31BC0000
	MpOav.dll                    0x7FFC3ADC0000
	gameoverlayrenderer64.dll    0x7FFC5C280000
	DSOUND.DLL                   0x7FFC60270000
	XAudio2_7.dll                0x7FFC60310000
	XDI.dll                      0x7FFC603A0000
	wsfw_identifier.dll          0x7FFC606B0000
	PrivateProfileRedirector.dll 0x7FFC60790000
	place.dll                    0x7FFC607F0000
	mcm.dll                      0x7FFC60870000
	f4ee.dll                     0x7FFC60910000
	Buffout4.dll                 0x7FFC60A20000
	BakaScrapHeap.dll            0x7FFC60C30000
	f4se_1_10_163.dll            0x7FFC61560000
	tier0_s64.dll                0x7FFC61640000
	tbbmalloc.dll                0x7FFC62CD0000
	vstdlib_s64.dll              0x7FFC62D40000
	winmmbase.dll                0x7FFC659C0000
	flexRelease_x64.dll          0x7FFC65F20000
	cudart64_75.dll              0x7FFC662C0000
	MSVCR110.dll                 0x7FFC66320000
	GFSDK_SSAO_D3D11.win64.dll   0x7FFC687D0000
	MSVCP110.dll                 0x7FFC68D00000
	GFSDK_GodraysLib.x64.dll     0x7FFC6AF20000
	crafting_highlight_fix.dll   0x7FFC6C0D0000
	bink2w64.dll                 0x7FFC6C990000
	nvapi64.dll                  0x7FFC70FE0000
	ExtraItemInfo.dll            0x7FFC71880000
	f4se_steam_loader.dll        0x7FFC73AD0000
	d3d11.dll                    0x7FFC73B00000
	fastprox.dll                 0x7FFC751D0000
	nvldumdx.dll                 0x7FFC7D510000
	dxcore.dll                   0x7FFC7D780000
	InputHost.dll                0x7FFC7F0F0000
	WindowManagementAPI.dll      0x7FFC7F2A0000
	Windows.UI.dll               0x7FFC7F580000
	textinputframework.dll       0x7FFC7F710000
	flexExtRelease_x64.dll       0x7FFC80510000
	avrt.dll                     0x7FFC808E0000
	COMCTL32.dll                 0x7FFC836F0000
	WINMM.dll                    0x7FFC8A280000
	Secur32.dll                  0x7FFC8B870000
	wbemcomn.dll                 0x7FFC8BF50000
	webio.dll                    0x7FFC8C0E0000
	VCRUNTIME140_1.dll           0x7FFC8CAC0000
	MSVCP140.dll                 0x7FFC8CAD0000
	VCRUNTIME140.dll             0x7FFC8CB60000
	mskeyprotect.dll             0x7FFC8E720000
	ncryptsslp.dll               0x7FFC8E770000
	MSVCP140_ATOMIC_WAIT.dll     0x7FFC8ED10000
	PROPSYS.dll                  0x7FFC8EE40000
	drvstore.dll                 0x7FFC8EF40000
	fwpuclnt.dll                 0x7FFC8F6A0000
	nvToolsExt64_1.dll           0x7FFC90050000
	rasadhlp.dll                 0x7FFC907B0000
	WINHTTP.dll                  0x7FFC90820000
	dbghelp.dll                  0x7FFC90BB0000
	amsi.dll                     0x7FFC90E20000
	wbemsvc.dll                  0x7FFC90E70000
	wbemprox.dll                 0x7FFC90E90000
	twinapi.appcore.dll          0x7FFC90F30000
	cryptnet.dll                 0x7FFC91490000
	VERSION.dll                  0x7FFC91780000
	MMDevApi.dll                 0x7FFC91A10000
	dhcpcsvc.DLL                 0x7FFC91AA0000
	dhcpcsvc6.DLL                0x7FFC91AC0000
	AUDIOSES.DLL                 0x7FFC91AE0000
	WINNSI.DLL                   0x7FFC91C70000
	d3d11.Dll                    0x7FFC92690000
	wintypes.dll                 0x7FFC93320000
	CoreUIComponents.dll         0x7FFC939F0000
	CoreMessaging.dll            0x7FFC93D50000
	uxtheme.dll                  0x7FFC94170000
	resourcepolicyclient.dll     0x7FFC94250000
	dwmapi.dll                   0x7FFC94540000
	kernel.appcore.dll           0x7FFC94650000
	windows.storage.dll          0x7FFC94850000
	HID.DLL                      0x7FFC94FF0000
	dxgi.dll                     0x7FFC95030000
	ntmarta.dll                  0x7FFC95430000
	schannel.DLL                 0x7FFC95720000
	rsaenh.dll                   0x7FFC95800000
	UMPDC.dll                    0x7FFC95B70000
	IPHLPAPI.DLL                 0x7FFC95B90000
	DNSAPI.dll                   0x7FFC95BE0000
	powrprof.dll                 0x7FFC95D00000
	MSWSOCK.dll                  0x7FFC95EF0000
	CRYPTSP.dll                  0x7FFC960E0000
	CRYPTBASE.DLL                0x7FFC96100000
	Wldp.dll                     0x7FFC96190000
	NTASN1.dll                   0x7FFC961C0000
	ncrypt.dll                   0x7FFC96200000
	msasn1.dll                   0x7FFC96320000
	devobj.dll                   0x7FFC964E0000
	DPAPI.DLL                    0x7FFC96540000
	SSPICLI.DLL                  0x7FFC96600000
	USERENV.dll                  0x7FFC96640000
	profapi.dll                  0x7FFC96680000
	KERNELBASE.dll               0x7FFC96740000
	cfgmgr32.dll                 0x7FFC96A10000
	CRYPT32.dll                  0x7FFC96A60000
	gdi32full.dll                0x7FFC96BC0000
	WINTRUST.DLL                 0x7FFC96CD0000
	bcryptPrimitives.dll         0x7FFC96D30000
	win32u.dll                   0x7FFC96DC0000
	bcrypt.dll                   0x7FFC96EA0000
	ucrtbase.dll                 0x7FFC96ED0000
	msvcp_win.dll                0x7FFC96FD0000
	imagehlp.dll                 0x7FFC97100000
	IMM32.DLL                    0x7FFC97120000
	GDI32.dll                    0x7FFC97150000
	WS2_32.dll                   0x7FFC97180000
	SETUPAPI.dll                 0x7FFC97250000
	sechost.dll                  0x7FFC97750000
	MSCTF.dll                    0x7FFC977F0000
	SHLWAPI.dll                  0x7FFC97910000
	KERNEL32.DLL                 0x7FFC979E0000
	RPCRT4.dll                   0x7FFC97AA0000
	ADVAPI32.dll                 0x7FFC97BD0000
	PSAPI.DLL                    0x7FFC97CE0000
	USER32.dll                   0x7FFC97CF0000
	OLEAUT32.dll                 0x7FFC97EA0000
	SHCORE.dll                   0x7FFC97F70000
	ole32.dll                    0x7FFC98020000
	COMDLG32.dll                 0x7FFC98300000
	SHELL32.dll                  0x7FFC983E0000
	clbcatq.dll                  0x7FFC98B30000
	NSI.dll                      0x7FFC98BE0000
	combase.dll                  0x7FFC98BF0000
	msvcrt.dll                   0x7FFC98F50000
	ntdll.dll                    0x7FFC99030000

F4SE PLUGINS:
	mcm.dll
	XDI.dll
	f4ee.dll
	place.dll
	Buffout4.dll
	BakaScrapHeap.dll
	ExtraItemInfo.dll
	faster_workshop.dll
	wsfw_identifier.dll
	crafting_highlight_fix.dll
	PrivateProfileRedirector.dll

PLUGINS:
	[00]     Fallout4.esm
	[01]     DLCRobot.esm
	[02]     DLCworkshop01.esm
	[03]     DLCCoast.esm
	[04]     DLCworkshop02.esm
	[05]     DLCworkshop03.esm
	[06]     DLCNukaWorld.esm
	[07]     Unofficial Fallout 4 Patch.esp
	[08]     WorkshopFramework.esm
	[09]     XDI.esm
	[0A]     HUDFramework.esm
	[0B]     PANPC.esm
	[0C]     MODFoodScraps.esm
	[0D]     LupineRace.esm
	[0E]     VulpineRace.esm
	[0F]     DisableAutoAimF4.esp
	[10]     WOTC.esp
	[11]     advancedAITweaks.esp
	[12]     SleeplessNights.esp
	[13]     FusionGirl.esp
	[14]     SKKGlobalStashScrapping.esp
	[15]     KSHairdos.esp
	[16]     WorkshopPlus.esp
	[17]     ECO.esp
	[18]     Better Manufacturing.esp
	[19]     ManufacturingExtended.esp
	[1A]     Better Manufacturing - Manufacturing Extended Additions.esp
	[1B]     DLC items to manufacturing.esp
	[1C]     Better Manufacturing - Manufacturing Extended Expanded Patch.esp
	[1D]     Chainsaw.esp
	[1E]     CraftPatch2.esp
	[1F]     Simple Inventory Improvements.esp
	[20]     spacefiddle_Scarcity_Full.esp
	[21]     Extended weapon mods.esp
	[22]     MoreWeapMods.esp
	[23]     RaiderOverhaul.esp
	[24]     FurryFallout.esp
	[25]     FurryFalloutNPCs.esp
	[26]     RaidersReloaded.esp
	[27]     MoreSpawns_High.esp
	[28]     DT_GunnerOutfitPack.esp
	[29]     Desperate Raiders.esp
	[2A]     RaidersPatch.esp
	[2B]     Random_Enemy_Weapons_DLC.esp
	[2C]     FFO-Player-OTTER.esp
	[2D]     FurryPatch.esp
	[2E]     GR001-AutomatronRebooted.esp
	[2F]     ConstructionPatch.esp
	[30]     UNnaked Power Armor.esp
	[31]     dcc-palock.esp
	[32]     WeaponDisarm.esp
	[FE:000] DDLL.esl
	[FE:001] CWRaiders.esl
	[FE:002] AutomaticSave.esp
	[FE:003] M8r_Item_Tags_Vanilla_EN.esp
	[FE:004] BetterModDescriptions.esp
	[FE:005] VulpineRace-NPCReplacer-DLC.esp
	[FE:006] Loot Detector.esp
	[FE:007] Lucky's Intresting Tips 1.4.esp
	[FE:008] Ferals After Dark.esp
	[FE:009] PeopleAreStrangers.esp
	[FE:00A] CAMP.esp
	[FE:00B] fastcorpseclear.esp
	[FE:00C] FCEjectNoMore.esp
	[FE:00D] CBBE.esp
	[FE:00E] EarlierPipeWeaponMods.esp
	[FE:00F] AllowWorkbenchDuringCombat.esp
	[FE:010] M8rDisablePipboyEffects.esp
	[FE:011] MaterialModSlot-FallUIWorkbenchPatch.esp
	[FE:012] UncommonCrafting.esp
	[FE:013] free_downgrades_stubs.esp
	[FE:014] Better Power Armor - Extended.esp
	[FE:015] Kermie's Misc Components.esp
	[FE:016] GZ_MiscItemOverhaul.esp
	[FE:017] CommChemExpanded.esp
	[FE:018] free_downgrades_DLCCoast.esp
	[FE:019] free_downgrades_DLCNuka.esp
	[FE:01A] More Armor Slots - All Dlc.esp
	[FE:01B] Weapon Mods Mod.esp
	[FE:01C] Unlevelled Everything - Mods.esp
	[FE:01D] 4estGimp - RO.FallUI.PA_INNR.esp
	[FE:01E] CustomRaceHeadgear.esp
	[FE:01F] CCOFoxyFactionsReplacer.esp
	[FE:020] Gunner Outfit Extreme Overhaul.esp
	[FE:021] CustomRaceHeadgear_FFO.esp
	[FE:022] More Human Raider Loot.esp
	[FE:023] MostlyFemale.esp
	[FE:024] Leveled Raiders.esp
	[FE:025] SalvageRobotParts.esp
	[FE:026] MamaMutie.esp
	[FE:027] FFO_NPC_DLC.esp
	[FE:028] Important NPCs essential edition 1.1.esp
	[FE:029] NPCs Protected Not Essential.esp
	[FE:02A] BetterModDescriptionsROWIP.esp
	[FE:02B] CCOVulgarVillainsReplacer.esp
	[FE:02C] CustomRaceHeadgear_Vulpine.esp
	[FE:02D] LooksMenu.esp
	[FE:02E] VulpinePowerArmor.esp
	[FE:02F] raidercorpseworkplease.esp
	[FE:030] UnrestrictivePowerArmor.esp
	[FE:031] ATreeGrowsInBoston.esp
	[FE:032] LostWorld.esp
