Fallout 4 v1.10.163
Buffout 4 v1.23.0

Unhandled exception "EXCEPTION_ACCESS_VIOLATION" at 0x7FF606EC654F Fallout4.exe+02A654F

SETTINGS:
	[Compatibility]
		F4EE: false
	[Fixes]
		ActorIsHostileToActor: true
		CellInit: true
		EncounterZoneReset: true
		GreyMovies: true
		MagicEffectApplyEvent: true
		MovementPlanner: true
		PackageAllocateLocation: true
		SafeExit: true
		UnalignedLoad: true
		UtilityShader: true
	[Patches]
		Achievements: true
		BSMTAManager: true
		BSPreCulledObjects: true
		BSTextureStreamerLocalHeap: true
		HavokMemorySystem: true
		INISettingCollection: true
		MaxStdIO: -1
		MemoryManager: true
		MemoryManagerDebug: false
		ScaleformAllocator: true
		SmallBlockAllocator: true
		WorkshopMenu: true
	[Warnings]
		CreateTexture2D: true
		ImageSpaceAdapter: true

SYSTEM SPECS:
	OS: Microsoft Windows 10 Home Single Language v10.0.19041
	CPU: GenuineIntel Intel(R) Core(TM) i7-2600 CPU @ 3.40GHz
	GPU #1: Nvidia GM206 [GeForce GTX 960]
	GPU #2: Microsoft Basic Render Driver
	PHYSICAL MEMORY: 13.06 GB/15.97 GB

PROBABLE CALL STACK:
	[0] 0x7FF606EC654F Fallout4.exe+02A654F -> 842114+0x1F
	[1] 0x7FF6071D7EC8 Fallout4.exe+05B7EC8 -> 561320+0x818
	[2] 0x7FF606D72C3C Fallout4.exe+0152C3C -> 1420843+0x7C
	[3] 0x7FF606D484CD Fallout4.exe+01284CD -> 1551875+0x4D
	[4] 0x7FF608770F26 Fallout4.exe+1B50F26 -> 329005+0xC6
	[5] 0x7FF608771432 Fallout4.exe+1B51432 -> 194800+0x202
	[6] 0x7FF608773F67 Fallout4.exe+1B53F67 -> 1492866+0x67
	[7] 0x7FF60873CFED Fallout4.exe+1B1CFED -> 1079791+0x3D
	[8] 0x7FFC979F7034 KERNEL32.DLL+0017034
	[9] 0x7FFC99082651    ntdll.dll+0052651

REGISTERS:
	RAX 0xFFFFFFFF         (size_t)
	RCX 0x29F5342E4C0      (BGSCharacterTint::Template::TextureSet*)
	RDX 0x29E8356BFE0      (void*)
	RBX 0xA53              (size_t)
	RSP 0xEE8748FBC8       (void*)
	RBP 0xEE8748FC48       (void*)
	RSI 0x29F5342E4C0      (BGSCharacterTint::Template::TextureSet*)
	RDI 0x29F372E6400      (TESNPC*)
		File: "FurryFalloutNPCs.esp"
		Flags: 0x00040001
		Form ID: 0x0024A02A
		Form Type: 45
		Full Name: ""
	R8  0x29F53462060      (void*)
	R9  0x87402            (size_t)
	R10 0x2D156            (size_t)
	R11 0x988ADE8          (size_t)
	R12 0x0                (size_t)
	R13 0xFFFF             (size_t)
	R14 0x0                (size_t)
	R15 0x29F35700F00      (TESRace*)
		File: "Fire Behavior Crippling v1 DLC.esp"
		Flags: 0x00000009
		Form ID: 0x000EAFB6
		Form Type: 17
		Full Name: "Ghoul"

STACK:
	[RSP+0  ] 0x7FF6071D7EC8     (void* -> Fallout4.exe+05B7EC8)
	[RSP+8  ] 0x29F3723F540      (BGSCharacterTint::PaletteEntry*)
	[RSP+10 ] 0x29F36CB0484      (void*)
	[RSP+18 ] 0x0                (size_t)
	[RSP+20 ] 0x29F5342E4C0      (BGSCharacterTint::Template::TextureSet*)
	[RSP+28 ] 0xEE00000003       (size_t)
	[RSP+30 ] 0x7FF600000008     (size_t)
	[RSP+38 ] 0x29EB4196910      (ScrapHeap*)
	[RSP+40 ] 0x29F41A32740      (void*)
	[RSP+48 ] 0x8                (size_t)
	[RSP+50 ] 0x29F00000005      (void*)
	[RSP+58 ] 0x7FF60C808084     (void* -> Fallout4.exe+5BE8084)
	[RSP+60 ] 0x1                (size_t)
	[RSP+68 ] 0x7FF60C808080     (void* -> Fallout4.exe+5BE8080)
	[RSP+70 ] 0x7FF60C808088     (void* -> Fallout4.exe+5BE8088)
	[RSP+78 ] 0x29EB41969B0      (char*) "b"
	[RSP+80 ] 0x29F372E6400      (TESNPC*)
		File: "FurryFalloutNPCs.esp"
		Flags: 0x00040001
		Form ID: 0x0024A02A
		Form Type: 45
		Full Name: ""
	[RSP+88 ] 0x0                (size_t)
	[RSP+90 ] 0x7FF606D72C3C     (void* -> Fallout4.exe+0152C3C)
	[RSP+98 ] 0x29F00000000      (void*)
	[RSP+A0 ] 0x5                (size_t)
	[RSP+A8 ] 0x2                (size_t)
	[RSP+B0 ] 0x1069FE001069FC   (size_t)
	[RSP+B8 ] 0x29F372E6400      (TESNPC*)
		File: "FurryFalloutNPCs.esp"
		Flags: 0x00040001
		Form ID: 0x0024A02A
		Form Type: 45
		Full Name: ""
	[RSP+C0 ] 0x29F372E64F8      (TESNPC*)
		File: "FurryFalloutNPCs.esp"
		Flags: 0x00040001
		Form ID: 0x0024A02A
		Form Type: 45
		Full Name: ""
	[RSP+C8 ] 0x29F372E6468      (TESNPC*)
		File: "FurryFalloutNPCs.esp"
		Flags: 0x00040001
		Form ID: 0x0024A02A
		Form Type: 45
		Full Name: ""
	[RSP+D0 ] 0x0                (size_t)
	[RSP+D8 ] 0x0                (size_t)
	[RSP+E0 ] 0x29F372E64D0      (TESNPC*)
		File: "FurryFalloutNPCs.esp"
		Flags: 0x00040001
		Form ID: 0x0024A02A
		Form Type: 45
		Full Name: ""
	[RSP+E8 ] 0x0                (size_t)
	[RSP+F0 ] 0x0                (size_t)
	[RSP+F8 ] 0x29F372E6520      (TESNPC*)
		File: "FurryFalloutNPCs.esp"
		Flags: 0x00040001
		Form ID: 0x0024A02A
		Form Type: 45
		Full Name: ""
	[RSP+100] 0x0                (size_t)
	[RSP+108] 0x0                (size_t)
	[RSP+110] 0x0                (size_t)
	[RSP+118] 0x0                (size_t)
	[RSP+120] 0x0                (size_t)
	[RSP+128] 0x29F372E65B0      (TESNPC*)
		File: "FurryFalloutNPCs.esp"
		Flags: 0x00040001
		Form ID: 0x0024A02A
		Form Type: 45
		Full Name: ""
	[RSP+130] 0x0                (size_t)
	[RSP+138] 0x29F372E64E8      (TESNPC*)
		File: "FurryFalloutNPCs.esp"
		Flags: 0x00040001
		Form ID: 0x0024A02A
		Form Type: 45
		Full Name: ""
	[RSP+140] 0x0                (size_t)
	[RSP+148] 0x0                (size_t)
	[RSP+150] 0x0                (size_t)
	[RSP+158] 0x0                (size_t)
	[RSP+160] 0x29F372E6538      (TESNPC*)
		File: "FurryFalloutNPCs.esp"
		Flags: 0x00040001
		Form ID: 0x0024A02A
		Form Type: 45
		Full Name: ""
	[RSP+168] 0x0                (size_t)
	[RSP+170] 0x0                (size_t)
	[RSP+178] 0x0                (size_t)
	[RSP+180] 0x0                (size_t)
	[RSP+188] 0x0                (size_t)
	[RSP+190] 0x0                (size_t)
	[RSP+198] 0x29F372E6548      (TESNPC*)
		File: "FurryFalloutNPCs.esp"
		Flags: 0x00040001
		Form ID: 0x0024A02A
		Form Type: 45
		Full Name: ""
	[RSP+1A0] 0x29F372E6558      (TESNPC*)
		File: "FurryFalloutNPCs.esp"
		Flags: 0x00040001
		Form ID: 0x0024A02A
		Form Type: 45
		Full Name: ""
	[RSP+1A8] 0x0                (size_t)
	[RSP+1B0] 0x0                (size_t)
	[RSP+1B8] 0x29F372E6578      (TESNPC*)
		File: "FurryFalloutNPCs.esp"
		Flags: 0x00040001
		Form ID: 0x0024A02A
		Form Type: 45
		Full Name: ""
	[RSP+1C0] 0x29F372E65C0      (TESNPC*)
		File: "FurryFalloutNPCs.esp"
		Flags: 0x00040001
		Form ID: 0x0024A02A
		Form Type: 45
		Full Name: ""
	[RSP+1C8] 0x29F372E6588      (TESNPC*)
		File: "FurryFalloutNPCs.esp"
		Flags: 0x00040001
		Form ID: 0x0024A02A
		Form Type: 45
		Full Name: ""
	[RSP+1D0] 0x29F372E6620      (BGSAttachParentArray*)
	[RSP+1D8] 0x29F372E6430      (BGSMod::Template::Items*)
	[RSP+1E0] 0x29F372E6450      (BGSPreviewTransform*)
	[RSP+1E8] 0x0                (size_t)
	[RSP+1F0] 0x0                (size_t)
	[RSP+1F8] 0x29F372E65A0      (TESNPC*)
		File: "FurryFalloutNPCs.esp"
		Flags: 0x00040001
		Form ID: 0x0024A02A
		Form Type: 45
		Full Name: ""
	[RSP+200] 0x29F372E65F8      (TESNPC*)
		File: "FurryFalloutNPCs.esp"
		Flags: 0x00040001
		Form ID: 0x0024A02A
		Form Type: 45
		Full Name: ""
	[RSP+208] 0x29F372E6608      (TESNPC*)
		File: "FurryFalloutNPCs.esp"
		Flags: 0x00040001
		Form ID: 0x0024A02A
		Form Type: 45
		Full Name: ""
	[RSP+210] 0x0                (size_t)
	[RSP+218] 0x29F372E6460      (BGSSoundTagComponent*)
	[RSP+220] 0x0                (size_t)
	[RSP+228] 0x29F3F98EBB0      (void*)
	[RSP+230] 0x7FF606D484CD     (void* -> Fallout4.exe+01284CD)
	[RSP+238] 0x29F3F984000      (void*)
	[RSP+240] 0x0                (size_t)
	[RSP+248] 0x0                (size_t)
	[RSP+250] 0x7FFC96761A5E     (void* -> KERNELBASE.dll+0021A5E)
	[RSP+258] 0x29F53C05980      (void*)
	[RSP+260] 0x7FF608770F26     (void* -> Fallout4.exe+1B50F26)
	[RSP+268] 0x7FF60C808120     (void* -> Fallout4.exe+5BE8120)
	[RSP+270] 0x0                (size_t)
	[RSP+278] 0x0                (size_t)
	[RSP+280] 0x7FF60899C6DE     (void* -> Fallout4.exe+1D7C6DE)
	[RSP+288] 0x0                (size_t)
	[RSP+290] 0x0                (size_t)
	[RSP+298] 0x0                (size_t)
	[RSP+2A0] 0x0                (size_t)
	[RSP+2A8] 0x7FF60C8080D0     (BSJobs::JobThread*)
	[RSP+2B0] 0x7FF608771432     (void* -> Fallout4.exe+1B51432)
	[RSP+2B8] 0x0                (size_t)
	[RSP+2C0] 0x7FF60C8080D0     (BSJobs::JobThread*)
	[RSP+2C8] 0x0                (size_t)
	[RSP+2D0] 0xEE8748FEF0       (char*) "4H"
	[RSP+2D8] 0x0                (size_t)
	[RSP+2E0] 0x0                (size_t)
	[RSP+2E8] 0x0                (size_t)
	[RSP+2F0] 0x7FF608773F67     (void* -> Fallout4.exe+1B53F67)
	[RSP+2F8] 0x7FF60C8080D0     (BSJobs::JobThread*)
	[RSP+300] 0x0                (size_t)
	[RSP+308] 0x0                (size_t)
	[RSP+310] 0x0                (size_t)
	[RSP+318] 0x7FF60C8080D0     (BSJobs::JobThread*)
	[RSP+320] 0x7FF60873CFED     (void* -> Fallout4.exe+1B1CFED)
	[RSP+328] 0x4834             (size_t)
	[RSP+330] 0xEE8748FF10       (void*)
	[RSP+338] 0x29E8344BC90      (void*)
	[RSP+340] 0x0                (size_t)
	[RSP+348] 0x7FF60C8080D0     (BSJobs::JobThread*)
	[RSP+350] 0x0                (size_t)
	[RSP+358] 0x0                (size_t)
	[RSP+360] 0x7FFC979F7034     (void* -> KERNEL32.DLL+0017034)
	[RSP+368] 0x0                (size_t)
	[RSP+370] 0x0                (size_t)
	[RSP+378] 0x0                (size_t)
	[RSP+380] 0x0                (size_t)
	[RSP+388] 0x0                (size_t)
	[RSP+390] 0x7FFC99082651     (void* -> ntdll.dll+0052651)
	[RSP+398] 0x0                (size_t)
	[RSP+3A0] 0x0                (size_t)
	[RSP+3A8] 0x0                (size_t)
	[RSP+3B0] 0x0                (size_t)
	[RSP+3B8] 0x0                (size_t)
	[RSP+3C0] 0x0                (size_t)
	[RSP+3C8] 0xD3EBBE0500000000 (size_t)
	[RSP+3D0] 0x0                (size_t)
	[RSP+3D8] 0x0                (size_t)
	[RSP+3E0] 0x7FFC9684B610     (void* -> KERNELBASE.dll+010B610)
	[RSP+3E8] 0xEE8748ED40       (void*)
	[RSP+3F0] 0xA80003FFE22B7840 (size_t)
	[RSP+3F8] 0x7FFC456F0815     (size_t)
	[RSP+400] 0xEE8748ED40       (void*)
	[RSP+408] 0x0                (size_t)
	[RSP+410] 0x0                (size_t)
	[RSP+418] 0x0                (size_t)
	[RSP+420] 0x0                (size_t)
	[RSP+428] 0x0                (size_t)
	[RSP+430] 0x0                (size_t)

MODULES:
	XINPUT1_3.dll                0x000000400000
	X3DAudio1_7.dll              0x000068E60000
	steam_api64.dll              0x000068E70000
	nvwgf2umx.dll                0x029EA9250000
	Fallout4.exe                 0x7FF606C20000
	steamclient64.dll            0x7FFC24D80000
	MpOav.dll                    0x7FFC3ADC0000
	gameoverlayrenderer64.dll    0x7FFC4A340000
	wsfw_identifier.dll          0x7FFC4B4C0000
	f4ee.dll                     0x7FFC4B7D0000
	Buffout4.dll                 0x7FFC4B8E0000
	BakaScrapHeap.dll            0x7FFC4C9B0000
	tier0_s64.dll                0x7FFC4CA80000
	f4se_1_10_163.dll            0x7FFC4D1C0000
	flexRelease_x64.dll          0x7FFC4F240000
	DSOUND.DLL                   0x7FFC50EA0000
	XAudio2_7.dll                0x7FFC53F10000
	mcm.dll                      0x7FFC55360000
	MSVCR110.dll                 0x7FFC5C7C0000
	vstdlib_s64.dll              0x7FFC5CF50000
	XDI.dll                      0x7FFC5DBE0000
	PrivateProfileRedirector.dll 0x7FFC629A0000
	winmmbase.dll                0x7FFC659C0000
	place.dll                    0x7FFC68300000
	MSVCP110.dll                 0x7FFC6AF50000
	faster_workshop.dll          0x7FFC6B660000
	GFSDK_SSAO_D3D11.win64.dll   0x7FFC6BEA0000
	bink2w64.dll                 0x7FFC6C990000
	tbbmalloc.dll                0x7FFC6CB10000
	ExtraItemInfo.dll            0x7FFC702B0000
	nvapi64.dll                  0x7FFC70FE0000
	crafting_highlight_fix.dll   0x7FFC73AE0000
	fastprox.dll                 0x7FFC751D0000
	cudart64_75.dll              0x7FFC75710000
	f4se_steam_loader.dll        0x7FFC75820000
	GFSDK_GodraysLib.x64.dll     0x7FFC75F10000
	nvldumdx.dll                 0x7FFC7D510000
	dxcore.dll                   0x7FFC7D780000
	InputHost.dll                0x7FFC7F0F0000
	WindowManagementAPI.dll      0x7FFC7F2A0000
	Windows.UI.dll               0x7FFC7F580000
	textinputframework.dll       0x7FFC7F710000
	flexExtRelease_x64.dll       0x7FFC804B0000
	d3d11.dll                    0x7FFC808B0000
	avrt.dll                     0x7FFC808E0000
	COMCTL32.dll                 0x7FFC836F0000
	WINMM.dll                    0x7FFC8A280000
	Secur32.dll                  0x7FFC8B870000
	wbemcomn.dll                 0x7FFC8BF50000
	webio.dll                    0x7FFC8C0E0000
	VCRUNTIME140_1.dll           0x7FFC8CAC0000
	MSVCP140.dll                 0x7FFC8CAD0000
	VCRUNTIME140.dll             0x7FFC8CB60000
	mskeyprotect.dll             0x7FFC8E720000
	ncryptsslp.dll               0x7FFC8E770000
	MSVCP140_ATOMIC_WAIT.dll     0x7FFC8ECD0000
	PROPSYS.dll                  0x7FFC8EE40000
	drvstore.dll                 0x7FFC8EF40000
	fwpuclnt.dll                 0x7FFC8F6A0000
	rasadhlp.dll                 0x7FFC907B0000
	WINHTTP.dll                  0x7FFC90820000
	dbghelp.dll                  0x7FFC90BB0000
	amsi.dll                     0x7FFC90E20000
	wbemsvc.dll                  0x7FFC90E70000
	wbemprox.dll                 0x7FFC90E90000
	twinapi.appcore.dll          0x7FFC90F30000
	cryptnet.dll                 0x7FFC91490000
	VERSION.dll                  0x7FFC91780000
	MMDevApi.dll                 0x7FFC91A10000
	dhcpcsvc.DLL                 0x7FFC91AA0000
	dhcpcsvc6.DLL                0x7FFC91AC0000
	AUDIOSES.DLL                 0x7FFC91AE0000
	WINNSI.DLL                   0x7FFC91C70000
	nvToolsExt64_1.dll           0x7FFC92190000
	d3d11.Dll                    0x7FFC92690000
	wintypes.dll                 0x7FFC93320000
	CoreUIComponents.dll         0x7FFC939F0000
	CoreMessaging.dll            0x7FFC93D50000
	uxtheme.dll                  0x7FFC94170000
	resourcepolicyclient.dll     0x7FFC94250000
	dwmapi.dll                   0x7FFC94540000
	kernel.appcore.dll           0x7FFC94650000
	windows.storage.dll          0x7FFC94850000
	HID.DLL                      0x7FFC94FF0000
	dxgi.dll                     0x7FFC95030000
	ntmarta.dll                  0x7FFC95430000
	schannel.DLL                 0x7FFC95720000
	rsaenh.dll                   0x7FFC95800000
	UMPDC.dll                    0x7FFC95B70000
	IPHLPAPI.DLL                 0x7FFC95B90000
	DNSAPI.dll                   0x7FFC95BE0000
	powrprof.dll                 0x7FFC95D00000
	MSWSOCK.dll                  0x7FFC95EF0000
	CRYPTSP.dll                  0x7FFC960E0000
	CRYPTBASE.DLL                0x7FFC96100000
	Wldp.dll                     0x7FFC96190000
	NTASN1.dll                   0x7FFC961C0000
	ncrypt.dll                   0x7FFC96200000
	msasn1.dll                   0x7FFC96320000
	devobj.dll                   0x7FFC964E0000
	DPAPI.DLL                    0x7FFC96540000
	SSPICLI.DLL                  0x7FFC96600000
	USERENV.dll                  0x7FFC96640000
	profapi.dll                  0x7FFC96680000
	KERNELBASE.dll               0x7FFC96740000
	cfgmgr32.dll                 0x7FFC96A10000
	CRYPT32.dll                  0x7FFC96A60000
	gdi32full.dll                0x7FFC96BC0000
	WINTRUST.DLL                 0x7FFC96CD0000
	bcryptPrimitives.dll         0x7FFC96D30000
	win32u.dll                   0x7FFC96DC0000
	bcrypt.dll                   0x7FFC96EA0000
	ucrtbase.dll                 0x7FFC96ED0000
	msvcp_win.dll                0x7FFC96FD0000
	imagehlp.dll                 0x7FFC97100000
	IMM32.DLL                    0x7FFC97120000
	GDI32.dll                    0x7FFC97150000
	WS2_32.dll                   0x7FFC97180000
	SETUPAPI.dll                 0x7FFC97250000
	sechost.dll                  0x7FFC97750000
	MSCTF.dll                    0x7FFC977F0000
	SHLWAPI.dll                  0x7FFC97910000
	KERNEL32.DLL                 0x7FFC979E0000
	RPCRT4.dll                   0x7FFC97AA0000
	ADVAPI32.dll                 0x7FFC97BD0000
	PSAPI.DLL                    0x7FFC97CE0000
	USER32.dll                   0x7FFC97CF0000
	OLEAUT32.dll                 0x7FFC97EA0000
	SHCORE.dll                   0x7FFC97F70000
	ole32.dll                    0x7FFC98020000
	COMDLG32.dll                 0x7FFC98300000
	SHELL32.dll                  0x7FFC983E0000
	clbcatq.dll                  0x7FFC98B30000
	NSI.dll                      0x7FFC98BE0000
	combase.dll                  0x7FFC98BF0000
	msvcrt.dll                   0x7FFC98F50000
	ntdll.dll                    0x7FFC99030000

F4SE PLUGINS:
	mcm.dll
	XDI.dll
	f4ee.dll
	place.dll
	Buffout4.dll
	BakaScrapHeap.dll
	ExtraItemInfo.dll
	faster_workshop.dll
	wsfw_identifier.dll
	crafting_highlight_fix.dll
	PrivateProfileRedirector.dll

PLUGINS:
	[00]     Fallout4.esm
	[01]     DLCRobot.esm
	[02]     DLCworkshop01.esm
	[03]     DLCCoast.esm
	[04]     DLCworkshop02.esm
	[05]     DLCworkshop03.esm
	[06]     DLCNukaWorld.esm
	[07]     Unofficial Fallout 4 Patch.esp
	[08]     HUDFramework.esm
	[09]     XDI.esm
	[0A]     WorkshopFramework.esm
	[0B]     ArmorKeywords.esm
	[0C]     LupineRace.esm
	[0D]     PANPC.esm
	[0E]     VulpineRace.esm
	[0F]     MODFoodScraps.esm
	[10]     CraftPatch2.esp
	[11]     FurryPatch.esp
	[12]     RaidersPatch.esp
	[13]     SuperPatch.esp
	[14]     WOTC.esp
	[15]     Armorsmith Extended.esp
	[16]     ECO.esp
	[17]     clothingoverhaul.esp
	[18]     spacefiddle_Scarcity_Full.esp
	[19]     Simple Inventory Improvements.esp
	[1A]     RaiderOverhaul.esp
	[1B]     MoreOutfitVariations.esp
	[1C]     SKKOmodStripper.esp
	[1D]     UNnaked Power Armor.esp
	[1E]     DisableAutoAimF4.esp
	[1F]     CompanionStatus.esp
	[20]     DT_GunnerOutfitPack.esp
	[21]     KSHairdos.esp
	[22]     FusionGirl.esp
	[23]     spacefiddle_HomeDespot.esp
	[24]     SKKRESystemManager.esp
	[25]     GR001-AutomatronRebooted.esp
	[26]     DLC items to manufacturing.esp
	[27]     Chainsaw.esp
	[28]     FurryFallout.esp
	[29]     FurryFalloutNPCs.esp
	[2A]     ClothingOverhaulSP_XB1_PC.esp
	[2B]     SKKGlobalStashScrapping.esp
	[2C]     Extended weapon mods.esp
	[2D]     Desperate Raiders.esp
	[2E]     RaidersReloaded.esp
	[2F]     Random_Enemy_Weapons_DLC.esp
	[30]     advancedAITweaks.esp
	[31]     dcc-palock.esp
	[32]     SleeplessNights.esp
	[33]     WorkshopPlus.esp
	[34]     CF_AtomicWarlord.esp
	[35]     Fire Behavior Crippling v1 DLC.esp
	[36]     WeaponDisarm.esp
	[37]     Synth Overhaul.esp
	[38]     FO4 NPCs Travel.esp
	[39]     AnotherLife.esp
	[FE:000] CWRaiders.esl
	[FE:001] DDLL.esl
	[FE:002] Unlevelled Everything - Mods.esp
	[FE:003] M8r_Item_Tags_Vanilla_EN.esp
	[FE:004] BetterModDescriptions.esp
	[FE:005] More Armor Slots - All Dlc.esp
	[FE:006] VulpineRace-NPCReplacer-DLC.esp
	[FE:007] Raider Overhaul - AE Patch-Restored Content-VIS.esp
	[FE:008] 4estGimp - RO.FallUI.PA_INNR.esp
	[FE:009] AnatomicallyCorrectFerals.esp
	[FE:00A] AnatomicallyCorrectFerals_FH.esp
	[FE:00B] AnatomicallyCorrectFerals_NW.esp
	[FE:00C] UnrestrictivePowerArmor.esp
	[FE:00D] ATreeGrowsInBoston.esp
	[FE:00E] fastcorpseclear.esp
	[FE:00F] Ferals After Dark.esp
	[FE:010] Lucky's Intresting Tips 1.4.esp
	[FE:011] CompanionWhistle.esp
	[FE:012] EarlierPipeWeaponMods.esp
	[FE:013] UncommonCrafting.esp
	[FE:014] GZ_MiscItemOverhaul.esp
	[FE:015] LostWorld.esp
	[FE:016] AllowWorkbenchDuringCombat.esp
	[FE:017] FCEjectNoMore.esp
	[FE:018] Gunner Outfit Extreme Overhaul.esp
	[FE:019] AutomaticSave.esp
	[FE:01A] M8rDisablePipboyEffects.esp
	[FE:01B] LooksMenu.esp
	[FE:01C] CBBE.esp
	[FE:01D] PeopleAreStrangers.esp
	[FE:01E] Kermie's Misc Components.esp
	[FE:01F] ECO_AutoOmodStripper.esp
	[FE:020] BetterModDescriptionsAE.esp
	[FE:021] BetterModDescriptionsROWIP.esp
	[FE:022] Chain Armor.esp
	[FE:023] free_downgrades_stubs.esp
	[FE:024] free_downgrades_DLCCoast.esp
	[FE:025] free_downgrades_DLCNuka.esp
	[FE:026] FFO_NPC_DLC.esp
	[FE:027] VulpinePowerArmor.esp
	[FE:028] Loot Detector.esp
	[FE:029] SalvageRobotParts.esp
	[FE:02A] spacefiddle_Scarcity_OverbossPatch.esp
	[FE:02B] Weapon Mods Mod.esp
	[FE:02C] MoreWeapMods.esp
	[FE:02D] CommChemExpanded.esp
	[FE:02E] CustomRaceHeadgear.esp
	[FE:02F] CustomRaceHeadgear_FFO.esp
	[FE:030] More Human Raider Loot.esp
	[FE:031] CustomRaceHeadgear_Vulpine.esp
	[FE:032] Better Power Armor - Extended.esp
	[FE:033] CAMP.esp
	[FE:034] Leveled Raiders.esp
	[FE:035] AWKCR - Mod Power Armor Engine Glitch Fix.esp
	[FE:036] Consistent Power Armor Overhaul.esp
	[FE:037] More Weapon Scrap.esp
	[FE:038] CCOFoxyFactionsReplacer.esp
	[FE:039] CCOVulgarVillainsReplacer.esp
	[FE:03A] MaterialModSlot-FallUIWorkbenchPatch.esp
	[FE:03B] raidercorpseworkplease.esp
	[FE:03C] StandaloneCustomizableFEnemyBodiesStandard.esp
	[FE:03D] LupinePlayer.esp
	[FE:03E] FHLeveledListIntegration.esp
	[FE:03F] Synth Overhaul - Black Patch.esp
	[FE:040] Synth Overhaul - No level requirements Patch.esp
	[FE:041] Synth Overhaul - White Patch.esp
	[FE:042] Power Armor Distribution Overhaul.esp
