Fallout 4 v1.10.163
Buffout 4 v1.23.0

Unhandled exception "EXCEPTION_ACCESS_VIOLATION" at 0x7FF695587EEF Fallout4.exe+05B7EEF

SETTINGS:
	[Compatibility]
		F4EE: false
	[Fixes]
		ActorIsHostileToActor: true
		CellInit: true
		EncounterZoneReset: true
		GreyMovies: true
		MagicEffectApplyEvent: true
		MovementPlanner: true
		PackageAllocateLocation: true
		SafeExit: true
		UnalignedLoad: true
		UtilityShader: true
	[Patches]
		Achievements: true
		BSMTAManager: true
		BSPreCulledObjects: true
		BSTextureStreamerLocalHeap: true
		HavokMemorySystem: true
		INISettingCollection: true
		MaxStdIO: -1
		MemoryManager: true
		MemoryManagerDebug: false
		ScaleformAllocator: true
		SmallBlockAllocator: true
		WorkshopMenu: true
	[Warnings]
		CreateTexture2D: true
		ImageSpaceAdapter: true

SYSTEM SPECS:
	OS: Microsoft Windows 10 Home Single Language v10.0.19041
	CPU: GenuineIntel Intel(R) Core(TM) i7-2600 CPU @ 3.40GHz
	GPU #1: Nvidia GM206 [GeForce GTX 960]
	GPU #2: Microsoft Basic Render Driver
	PHYSICAL MEMORY: 12.49 GB/15.97 GB

PROBABLE CALL STACK:
	[0] 0x7FF695587EEF Fallout4.exe+05B7EEF -> 561320+0x83F
	[1] 0x7FF695122C3C Fallout4.exe+0152C3C -> 1420843+0x7C
	[2] 0x7FF6950F84CD Fallout4.exe+01284CD -> 1551875+0x4D
	[3] 0x7FF696B20F26 Fallout4.exe+1B50F26 -> 329005+0xC6
	[4] 0x7FF696B21432 Fallout4.exe+1B51432 -> 194800+0x202
	[5] 0x7FF696B23F67 Fallout4.exe+1B53F67 -> 1492866+0x67
	[6] 0x7FF696AECFED Fallout4.exe+1B1CFED -> 1079791+0x3D
	[7] 0x7FFA879F7034 KERNEL32.DLL+0017034
	[8] 0x7FFA88942651    ntdll.dll+0052651

REGISTERS:
	RAX 0x20036BBBFE0      (void*)
	RCX 0x86679            (size_t)
	RDX 0x9BAFA7324128B8AB (size_t)
	RBX 0x200B86723E0      (BGSCharacterTint::PaletteEntry*)
	RSP 0x5BE79FF480       (void*)
	RBP 0x5BE79FF4F8       (void*)
	RSI 0x200D4415B80      (BGSCharacterTint::Template::TextureSet*)
	RDI 0x200B872BC80      (TESNPC*)
		File: "FurryFalloutNPCs.esp"
		Flags: 0x00040001
		Form ID: 0x0024A02A
		Form Type: 45
		Full Name: ""
	R8  0x200B933AE00      (void*)
	R9  0x86679            (size_t)
	R10 0x2CCD4            (size_t)
	R11 0x97C3ADE8         (size_t)
	R12 0x0                (size_t)
	R13 0xFFFF             (size_t)
	R14 0x0                (size_t)
	R15 0x200B2FD8F00      (TESRace*)
		File: "Fire Behavior Crippling v1 DLC.esp"
		Flags: 0x00000009
		Form ID: 0x000EAFB6
		Form Type: 17
		Full Name: "Ghoul"

STACK:
	[RSP+0  ] 0x200B86723E0      (BGSCharacterTint::PaletteEntry*)
	[RSP+8  ] 0x200B9360484      (void*)
	[RSP+10 ] 0x0                (size_t)
	[RSP+18 ] 0x200D4415B80      (BGSCharacterTint::Template::TextureSet*)
	[RSP+20 ] 0x5B00000003       (size_t)
	[RSP+28 ] 0x7FF600000008     (size_t)
	[RSP+30 ] 0x2007E2AD800      (ScrapHeap*)
	[RSP+38 ] 0x200B9A85D40      (void*)
	[RSP+40 ] 0x8                (size_t)
	[RSP+48 ] 0x20000000005      (void*)
	[RSP+50 ] 0x7FF69ABB8084     (void* -> Fallout4.exe+5BE8084)
	[RSP+58 ] 0x1                (size_t)
	[RSP+60 ] 0x7FF69ABB8080     (void* -> Fallout4.exe+5BE8080)
	[RSP+68 ] 0x7FF69ABB8088     (void* -> Fallout4.exe+5BE8088)
	[RSP+70 ] 0x2007E2AD8A0      (char*) "b"
	[RSP+78 ] 0x200B872BC80      (TESNPC*)
		File: "FurryFalloutNPCs.esp"
		Flags: 0x00040001
		Form ID: 0x0024A02A
		Form Type: 45
		Full Name: ""
	[RSP+80 ] 0x0                (size_t)
	[RSP+88 ] 0x7FF695122C3C     (void* -> Fallout4.exe+0152C3C)
	[RSP+90 ] 0x20000000000      (void*)
	[RSP+98 ] 0x5                (size_t)
	[RSP+A0 ] 0x2                (size_t)
	[RSP+A8 ] 0x20031005DC8      (size_t)
	[RSP+B0 ] 0x200B872BC80      (TESNPC*)
		File: "FurryFalloutNPCs.esp"
		Flags: 0x00040001
		Form ID: 0x0024A02A
		Form Type: 45
		Full Name: ""
	[RSP+B8 ] 0x200B872BD78      (TESNPC*)
		File: "FurryFalloutNPCs.esp"
		Flags: 0x00040001
		Form ID: 0x0024A02A
		Form Type: 45
		Full Name: ""
	[RSP+C0 ] 0x200B872BCE8      (TESNPC*)
		File: "FurryFalloutNPCs.esp"
		Flags: 0x00040001
		Form ID: 0x0024A02A
		Form Type: 45
		Full Name: ""
	[RSP+C8 ] 0x0                (size_t)
	[RSP+D0 ] 0x0                (size_t)
	[RSP+D8 ] 0x200B872BD50      (TESNPC*)
		File: "FurryFalloutNPCs.esp"
		Flags: 0x00040001
		Form ID: 0x0024A02A
		Form Type: 45
		Full Name: ""
	[RSP+E0 ] 0x0                (size_t)
	[RSP+E8 ] 0x0                (size_t)
	[RSP+F0 ] 0x200B872BDA0      (TESNPC*)
		File: "FurryFalloutNPCs.esp"
		Flags: 0x00040001
		Form ID: 0x0024A02A
		Form Type: 45
		Full Name: ""
	[RSP+F8 ] 0x0                (size_t)
	[RSP+100] 0x0                (size_t)
	[RSP+108] 0x0                (size_t)
	[RSP+110] 0x0                (size_t)
	[RSP+118] 0x0                (size_t)
	[RSP+120] 0x200B872BE30      (TESNPC*)
		File: "FurryFalloutNPCs.esp"
		Flags: 0x00040001
		Form ID: 0x0024A02A
		Form Type: 45
		Full Name: ""
	[RSP+128] 0x0                (size_t)
	[RSP+130] 0x200B872BD68      (TESNPC*)
		File: "FurryFalloutNPCs.esp"
		Flags: 0x00040001
		Form ID: 0x0024A02A
		Form Type: 45
		Full Name: ""
	[RSP+138] 0x0                (size_t)
	[RSP+140] 0x0                (size_t)
	[RSP+148] 0x0                (size_t)
	[RSP+150] 0x0                (size_t)
	[RSP+158] 0x200B872BDB8      (TESNPC*)
		File: "FurryFalloutNPCs.esp"
		Flags: 0x00040001
		Form ID: 0x0024A02A
		Form Type: 45
		Full Name: ""
	[RSP+160] 0x0                (size_t)
	[RSP+168] 0x0                (size_t)
	[RSP+170] 0x0                (size_t)
	[RSP+178] 0x0                (size_t)
	[RSP+180] 0x0                (size_t)
	[RSP+188] 0x0                (size_t)
	[RSP+190] 0x200B872BDC8      (TESNPC*)
		File: "FurryFalloutNPCs.esp"
		Flags: 0x00040001
		Form ID: 0x0024A02A
		Form Type: 45
		Full Name: ""
	[RSP+198] 0x200B872BDD8      (TESNPC*)
		File: "FurryFalloutNPCs.esp"
		Flags: 0x00040001
		Form ID: 0x0024A02A
		Form Type: 45
		Full Name: ""
	[RSP+1A0] 0x0                (size_t)
	[RSP+1A8] 0x0                (size_t)
	[RSP+1B0] 0x200B872BDF8      (TESNPC*)
		File: "FurryFalloutNPCs.esp"
		Flags: 0x00040001
		Form ID: 0x0024A02A
		Form Type: 45
		Full Name: ""
	[RSP+1B8] 0x200B872BE40      (TESNPC*)
		File: "FurryFalloutNPCs.esp"
		Flags: 0x00040001
		Form ID: 0x0024A02A
		Form Type: 45
		Full Name: ""
	[RSP+1C0] 0x200B872BE08      (TESNPC*)
		File: "FurryFalloutNPCs.esp"
		Flags: 0x00040001
		Form ID: 0x0024A02A
		Form Type: 45
		Full Name: ""
	[RSP+1C8] 0x200B872BEA0      (BGSAttachParentArray*)
	[RSP+1D0] 0x200B872BCB0      (BGSMod::Template::Items*)
	[RSP+1D8] 0x200B872BCD0      (BGSPreviewTransform*)
	[RSP+1E0] 0x0                (size_t)
	[RSP+1E8] 0x0                (size_t)
	[RSP+1F0] 0x200B872BE20      (TESNPC*)
		File: "FurryFalloutNPCs.esp"
		Flags: 0x00040001
		Form ID: 0x0024A02A
		Form Type: 45
		Full Name: ""
	[RSP+1F8] 0x200B872BE78      (TESNPC*)
		File: "FurryFalloutNPCs.esp"
		Flags: 0x00040001
		Form ID: 0x0024A02A
		Form Type: 45
		Full Name: ""
	[RSP+200] 0x200B872BE88      (TESNPC*)
		File: "FurryFalloutNPCs.esp"
		Flags: 0x00040001
		Form ID: 0x0024A02A
		Form Type: 45
		Full Name: ""
	[RSP+208] 0x0                (size_t)
	[RSP+210] 0x200B872BCE0      (BGSSoundTagComponent*)
	[RSP+218] 0x0                (size_t)
	[RSP+220] 0x200C1CD13A0      (void*)
	[RSP+228] 0x7FF6950F84CD     (void* -> Fallout4.exe+01284CD)
	[RSP+230] 0x200C1CC7AC0      (void*)
	[RSP+238] 0x0                (size_t)
	[RSP+240] 0x0                (size_t)
	[RSP+248] 0x7FFA862B1A5E     (void* -> KERNELBASE.dll+0021A5E)
	[RSP+250] 0x200D08C9DE0      (void*)
	[RSP+258] 0x7FF696B20F26     (void* -> Fallout4.exe+1B50F26)
	[RSP+260] 0x7FF69ABBA088     (void* -> Fallout4.exe+5BEA088)
	[RSP+268] 0x0                (size_t)
	[RSP+270] 0x0                (size_t)
	[RSP+278] 0x7FF696D4C6DE     (void* -> Fallout4.exe+1D7C6DE)
	[RSP+280] 0x0                (size_t)
	[RSP+288] 0x0                (size_t)
	[RSP+290] 0x0                (size_t)
	[RSP+298] 0x0                (size_t)
	[RSP+2A0] 0x7FF69ABBA038     (BSJobs::JobThread*)
	[RSP+2A8] 0x7FF696B21432     (void* -> Fallout4.exe+1B51432)
	[RSP+2B0] 0x0                (size_t)
	[RSP+2B8] 0x7FF69ABBA038     (BSJobs::JobThread*)
	[RSP+2C0] 0x0                (size_t)
	[RSP+2C8] 0x5BE79FF7A0       (char*) "XH"
	[RSP+2D0] 0x0                (size_t)
	[RSP+2D8] 0x0                (size_t)
	[RSP+2E0] 0x0                (size_t)
	[RSP+2E8] 0x7FF696B23F67     (void* -> Fallout4.exe+1B53F67)
	[RSP+2F0] 0x7FF69ABBA038     (BSJobs::JobThread*)
	[RSP+2F8] 0x0                (size_t)
	[RSP+300] 0x0                (size_t)
	[RSP+308] 0x0                (size_t)
	[RSP+310] 0x7FF69ABBA038     (BSJobs::JobThread*)
	[RSP+318] 0x7FF696AECFED     (void* -> Fallout4.exe+1B1CFED)
	[RSP+320] 0x4858             (size_t)
	[RSP+328] 0x5BE79FF7C0       (void*)
	[RSP+330] 0x20036A9BC90      (void*)
	[RSP+338] 0x0                (size_t)
	[RSP+340] 0x7FF69ABBA038     (BSJobs::JobThread*)
	[RSP+348] 0x0                (size_t)
	[RSP+350] 0x0                (size_t)
	[RSP+358] 0x7FFA879F7034     (void* -> KERNEL32.DLL+0017034)
	[RSP+360] 0x0                (size_t)
	[RSP+368] 0x0                (size_t)
	[RSP+370] 0x0                (size_t)
	[RSP+378] 0x0                (size_t)
	[RSP+380] 0x0                (size_t)
	[RSP+388] 0x7FFA88942651     (void* -> ntdll.dll+0052651)
	[RSP+390] 0x0                (size_t)
	[RSP+398] 0x0                (size_t)
	[RSP+3A0] 0x0                (size_t)
	[RSP+3A8] 0x0                (size_t)
	[RSP+3B0] 0x0                (size_t)
	[RSP+3B8] 0x0                (size_t)
	[RSP+3C0] 0xC86B825400000000 (size_t)
	[RSP+3C8] 0x0                (size_t)
	[RSP+3D0] 0x0                (size_t)
	[RSP+3D8] 0x7FFA8639B610     (void* -> KERNELBASE.dll+010B610)
	[RSP+3E0] 0x5BE79FE600       (void*)
	[RSP+3E8] 0x2344400007FFA4E5 (size_t)
	[RSP+3F0] 0x7FFA4E523444     (size_t)
	[RSP+3F8] 0x5BE79FE600       (void*)
	[RSP+400] 0x0                (size_t)
	[RSP+408] 0x0                (size_t)
	[RSP+410] 0x0                (size_t)
	[RSP+418] 0x0                (size_t)
	[RSP+420] 0x0                (size_t)
	[RSP+428] 0x0                (size_t)
	[RSP+430] 0x0                (size_t)
	[RSP+438] 0x0                (size_t)
	[RSP+440] 0x0                (size_t)
	[RSP+448] 0x0                (size_t)
	[RSP+450] 0x0                (size_t)
	[RSP+458] 0x0                (size_t)
	[RSP+460] 0x0                (size_t)
	[RSP+468] 0x0                (size_t)
	[RSP+470] 0x0                (size_t)
	[RSP+478] 0x0                (size_t)
	[RSP+480] 0x0                (size_t)
	[RSP+488] 0x0                (size_t)
	[RSP+490] 0x0                (size_t)
	[RSP+498] 0x0                (size_t)
	[RSP+4A0] 0x0                (size_t)
	[RSP+4A8] 0x0                (size_t)
	[RSP+4B0] 0x0                (size_t)
	[RSP+4B8] 0x0                (size_t)
	[RSP+4C0] 0x0                (size_t)
	[RSP+4C8] 0x0                (size_t)
	[RSP+4D0] 0x0                (size_t)
	[RSP+4D8] 0x0                (size_t)
	[RSP+4E0] 0x0                (size_t)
	[RSP+4E8] 0x0                (size_t)
	[RSP+4F0] 0x0                (size_t)
	[RSP+4F8] 0x0                (size_t)
	[RSP+500] 0x0                (size_t)
	[RSP+508] 0x0                (size_t)
	[RSP+510] 0x0                (size_t)
	[RSP+518] 0x0                (size_t)
	[RSP+520] 0x0                (size_t)
	[RSP+528] 0x0                (size_t)
	[RSP+530] 0x0                (size_t)
	[RSP+538] 0x0                (size_t)
	[RSP+540] 0x0                (size_t)
	[RSP+548] 0x0                (size_t)
	[RSP+550] 0x0                (size_t)
	[RSP+558] 0x0                (size_t)
	[RSP+560] 0x0                (size_t)
	[RSP+568] 0x0                (size_t)
	[RSP+570] 0x0                (size_t)
	[RSP+578] 0x0                (size_t)
	[RSP+580] 0x0                (size_t)
	[RSP+588] 0x0                (size_t)
	[RSP+590] 0x0                (size_t)
	[RSP+598] 0x0                (size_t)
	[RSP+5A0] 0x0                (size_t)
	[RSP+5A8] 0x0                (size_t)
	[RSP+5B0] 0x0                (size_t)
	[RSP+5B8] 0x0                (size_t)
	[RSP+5C0] 0x0                (size_t)
	[RSP+5C8] 0x0                (size_t)
	[RSP+5D0] 0x0                (size_t)
	[RSP+5D8] 0x0                (size_t)
	[RSP+5E0] 0x0                (size_t)
	[RSP+5E8] 0x0                (size_t)
	[RSP+5F0] 0x0                (size_t)
	[RSP+5F8] 0x0                (size_t)
	[RSP+600] 0x0                (size_t)
	[RSP+608] 0x0                (size_t)
	[RSP+610] 0x0                (size_t)
	[RSP+618] 0x0                (size_t)
	[RSP+620] 0x0                (size_t)
	[RSP+628] 0x0                (size_t)
	[RSP+630] 0x0                (size_t)
	[RSP+638] 0x0                (size_t)
	[RSP+640] 0x0                (size_t)
	[RSP+648] 0x0                (size_t)
	[RSP+650] 0x0                (size_t)
	[RSP+658] 0x0                (size_t)
	[RSP+660] 0x0                (size_t)
	[RSP+668] 0x0                (size_t)
	[RSP+670] 0x0                (size_t)
	[RSP+678] 0x0                (size_t)
	[RSP+680] 0x0                (size_t)
	[RSP+688] 0x0                (size_t)
	[RSP+690] 0x0                (size_t)
	[RSP+698] 0x0                (size_t)
	[RSP+6A0] 0x0                (size_t)
	[RSP+6A8] 0x0                (size_t)
	[RSP+6B0] 0x0                (size_t)
	[RSP+6B8] 0x0                (size_t)
	[RSP+6C0] 0x0                (size_t)
	[RSP+6C8] 0x0                (size_t)
	[RSP+6D0] 0x0                (size_t)
	[RSP+6D8] 0x0                (size_t)
	[RSP+6E0] 0x0                (size_t)
	[RSP+6E8] 0x0                (size_t)
	[RSP+6F0] 0x0                (size_t)
	[RSP+6F8] 0x0                (size_t)
	[RSP+700] 0x0                (size_t)
	[RSP+708] 0x0                (size_t)
	[RSP+710] 0x0                (size_t)
	[RSP+718] 0x0                (size_t)
	[RSP+720] 0x0                (size_t)
	[RSP+728] 0x0                (size_t)
	[RSP+730] 0x0                (size_t)
	[RSP+738] 0x0                (size_t)
	[RSP+740] 0x0                (size_t)
	[RSP+748] 0x0                (size_t)
	[RSP+750] 0x0                (size_t)
	[RSP+758] 0x0                (size_t)
	[RSP+760] 0x0                (size_t)
	[RSP+768] 0x0                (size_t)
	[RSP+770] 0x0                (size_t)
	[RSP+778] 0x0                (size_t)
	[RSP+780] 0x0                (size_t)
	[RSP+788] 0x0                (size_t)
	[RSP+790] 0x0                (size_t)
	[RSP+798] 0x0                (size_t)
	[RSP+7A0] 0x0                (size_t)
	[RSP+7A8] 0x0                (size_t)
	[RSP+7B0] 0x0                (size_t)
	[RSP+7B8] 0x0                (size_t)
	[RSP+7C0] 0x0                (size_t)
	[RSP+7C8] 0x0                (size_t)
	[RSP+7D0] 0x0                (size_t)
	[RSP+7D8] 0x0                (size_t)
	[RSP+7E0] 0x0                (size_t)
	[RSP+7E8] 0x0                (size_t)
	[RSP+7F0] 0x0                (size_t)
	[RSP+7F8] 0x0                (size_t)
	[RSP+800] 0x0                (size_t)
	[RSP+808] 0x0                (size_t)
	[RSP+810] 0x0                (size_t)
	[RSP+818] 0x0                (size_t)
	[RSP+820] 0x0                (size_t)
	[RSP+828] 0x0                (size_t)
	[RSP+830] 0x0                (size_t)
	[RSP+838] 0x0                (size_t)
	[RSP+840] 0x0                (size_t)
	[RSP+848] 0x0                (size_t)
	[RSP+850] 0x0                (size_t)
	[RSP+858] 0x0                (size_t)
	[RSP+860] 0x0                (size_t)
	[RSP+868] 0x0                (size_t)
	[RSP+870] 0x0                (size_t)
	[RSP+878] 0x0                (size_t)
	[RSP+880] 0x0                (size_t)
	[RSP+888] 0x0                (size_t)
	[RSP+890] 0x0                (size_t)
	[RSP+898] 0x0                (size_t)
	[RSP+8A0] 0x0                (size_t)
	[RSP+8A8] 0x0                (size_t)
	[RSP+8B0] 0x0                (size_t)
	[RSP+8B8] 0x0                (size_t)
	[RSP+8C0] 0x0                (size_t)
	[RSP+8C8] 0x0                (size_t)
	[RSP+8D0] 0x0                (size_t)
	[RSP+8D8] 0x0                (size_t)
	[RSP+8E0] 0x0                (size_t)
	[RSP+8E8] 0x0                (size_t)
	[RSP+8F0] 0x0                (size_t)
	[RSP+8F8] 0x0                (size_t)
	[RSP+900] 0x0                (size_t)
	[RSP+908] 0x0                (size_t)
	[RSP+910] 0x0                (size_t)
	[RSP+918] 0x0                (size_t)
	[RSP+920] 0x0                (size_t)
	[RSP+928] 0x0                (size_t)
	[RSP+930] 0x0                (size_t)
	[RSP+938] 0x0                (size_t)
	[RSP+940] 0x0                (size_t)
	[RSP+948] 0x0                (size_t)
	[RSP+950] 0x0                (size_t)
	[RSP+958] 0x0                (size_t)
	[RSP+960] 0x0                (size_t)
	[RSP+968] 0x0                (size_t)
	[RSP+970] 0x0                (size_t)
	[RSP+978] 0x0                (size_t)
	[RSP+980] 0x0                (size_t)
	[RSP+988] 0x0                (size_t)
	[RSP+990] 0x0                (size_t)
	[RSP+998] 0x0                (size_t)
	[RSP+9A0] 0x0                (size_t)
	[RSP+9A8] 0x0                (size_t)
	[RSP+9B0] 0x0                (size_t)
	[RSP+9B8] 0x0                (size_t)
	[RSP+9C0] 0x0                (size_t)
	[RSP+9C8] 0x0                (size_t)
	[RSP+9D0] 0x0                (size_t)
	[RSP+9D8] 0x0                (size_t)
	[RSP+9E0] 0x0                (size_t)
	[RSP+9E8] 0x0                (size_t)
	[RSP+9F0] 0x0                (size_t)
	[RSP+9F8] 0x0                (size_t)
	[RSP+A00] 0x0                (size_t)
	[RSP+A08] 0x0                (size_t)
	[RSP+A10] 0x0                (size_t)
	[RSP+A18] 0x0                (size_t)
	[RSP+A20] 0x0                (size_t)
	[RSP+A28] 0x0                (size_t)
	[RSP+A30] 0x0                (size_t)
	[RSP+A38] 0x0                (size_t)
	[RSP+A40] 0x0                (size_t)
	[RSP+A48] 0x0                (size_t)
	[RSP+A50] 0x0                (size_t)
	[RSP+A58] 0x0                (size_t)
	[RSP+A60] 0x0                (size_t)
	[RSP+A68] 0x0                (size_t)
	[RSP+A70] 0x0                (size_t)
	[RSP+A78] 0x0                (size_t)
	[RSP+A80] 0x0                (size_t)
	[RSP+A88] 0x0                (size_t)
	[RSP+A90] 0x0                (size_t)
	[RSP+A98] 0x0                (size_t)
	[RSP+AA0] 0x0                (size_t)
	[RSP+AA8] 0x0                (size_t)
	[RSP+AB0] 0x0                (size_t)
	[RSP+AB8] 0x0                (size_t)
	[RSP+AC0] 0x0                (size_t)
	[RSP+AC8] 0x0                (size_t)
	[RSP+AD0] 0x0                (size_t)
	[RSP+AD8] 0x0                (size_t)
	[RSP+AE0] 0x0                (size_t)
	[RSP+AE8] 0x0                (size_t)
	[RSP+AF0] 0x0                (size_t)
	[RSP+AF8] 0x0                (size_t)
	[RSP+B00] 0x0                (size_t)
	[RSP+B08] 0x0                (size_t)
	[RSP+B10] 0x0                (size_t)
	[RSP+B18] 0x0                (size_t)
	[RSP+B20] 0x0                (size_t)
	[RSP+B28] 0x0                (size_t)
	[RSP+B30] 0x0                (size_t)
	[RSP+B38] 0x0                (size_t)
	[RSP+B40] 0x0                (size_t)
	[RSP+B48] 0x0                (size_t)
	[RSP+B50] 0x0                (size_t)
	[RSP+B58] 0x0                (size_t)
	[RSP+B60] 0x0                (size_t)
	[RSP+B68] 0x0                (size_t)
	[RSP+B70] 0x0                (size_t)
	[RSP+B78] 0x0                (size_t)

MODULES:
	XINPUT1_3.dll                0x000000400000
	steam_api64.dll              0x000061300000
	X3DAudio1_7.dll              0x000062DA0000
	NSI.dll                      0x020037110000
	Fallout4.exe                 0x7FF694FD0000
	DSOUND.DLL                   0x7FFA08040000
	XAudio2_7.dll                0x7FFA08B90000
	gameoverlayrenderer64.dll    0x7FFA08C20000
	wsfw_identifier.dll          0x7FFA08E00000
	steamclient64.dll            0x7FFA08EE0000
	XDI.dll                      0x7FFA0B480000
	PrivateProfileRedirector.dll 0x7FFA10880000
	place.dll                    0x7FFA108E0000
	mcm.dll                      0x7FFA127E0000
	faster_workshop.dll          0x7FFA12880000
	f4ee.dll                     0x7FFA128E0000
	Buffout4.dll                 0x7FFA129F0000
	BakaScrapHeap.dll            0x7FFA12C00000
	f4se_1_10_163.dll            0x7FFA13250000
	vstdlib_s64.dll              0x7FFA13330000
	tier0_s64.dll                0x7FFA133C0000
	GFSDK_SSAO_D3D11.win64.dll   0x7FFA13540000
	flexRelease_x64.dll          0x7FFA1B640000
	MSVCR110.dll                 0x7FFA1DAC0000
	MSVCP110.dll                 0x7FFA1DBA0000
	bink2w64.dll                 0x7FFA1EF40000
	tbbmalloc.dll                0x7FFA23C70000
	nvwgf2umx.dll                0x7FFA481F0000
	crafting_highlight_fix.dll   0x7FFA51EE0000
	winmmbase.dll                0x7FFA56220000
	BodyPartsUI.dll              0x7FFA56630000
	cudart64_75.dll              0x7FFA574E0000
	ExtraItemInfo.dll            0x7FFA597E0000
	f4se_steam_loader.dll        0x7FFA5A240000
	GFSDK_GodraysLib.x64.dll     0x7FFA5B850000
	Windows.UI.dll               0x7FFA624C0000
	MSVCP140_ATOMIC_WAIT.dll     0x7FFA62C60000
	d3d11.dll                    0x7FFA62C80000
	flexExtRelease_x64.dll       0x7FFA62DF0000
	MpOav.dll                    0x7FFA63C90000
	fastprox.dll                 0x7FFA63FE0000
	amsi.dll                     0x7FFA64F60000
	mskeyprotect.dll             0x7FFA66490000
	COMCTL32.dll                 0x7FFA67C80000
	InputHost.dll                0x7FFA67F20000
	ncryptsslp.dll               0x7FFA691D0000
	Secur32.dll                  0x7FFA70770000
	webio.dll                    0x7FFA709D0000
	textinputframework.dll       0x7FFA70B50000
	wbemcomn.dll                 0x7FFA70E60000
	VCRUNTIME140_1.dll           0x7FFA711F0000
	MSVCP140.dll                 0x7FFA71B50000
	VCRUNTIME140.dll             0x7FFA71C00000
	nvapi64.dll                  0x7FFA782F0000
	dbghelp.dll                  0x7FFA7AB10000
	WINMM.dll                    0x7FFA7D540000
	drvstore.dll                 0x7FFA7DAF0000
	nvldumdx.dll                 0x7FFA7DC40000
	fwpuclnt.dll                 0x7FFA7E010000
	dxcore.dll                   0x7FFA7E090000
	rasadhlp.dll                 0x7FFA7EA30000
	WINHTTP.dll                  0x7FFA7F4E0000
	wbemsvc.dll                  0x7FFA7F6D0000
	wbemprox.dll                 0x7FFA7F740000
	cryptnet.dll                 0x7FFA7FDA0000
	VERSION.dll                  0x7FFA7FFD0000
	dhcpcsvc.DLL                 0x7FFA80370000
	MMDevApi.dll                 0x7FFA80390000
	twinapi.appcore.dll          0x7FFA80420000
	AUDIOSES.DLL                 0x7FFA80630000
	WindowManagementAPI.dll      0x7FFA807C0000
	dhcpcsvc6.DLL                0x7FFA80910000
	WINNSI.DLL                   0x7FFA80930000
	avrt.dll                     0x7FFA80FC0000
	nvToolsExt64_1.dll           0x7FFA81670000
	PROPSYS.dll                  0x7FFA81A60000
	d3d11.Dll                    0x7FFA81D30000
	wintypes.dll                 0x7FFA82B00000
	CoreUIComponents.dll         0x7FFA831D0000
	CoreMessaging.dll            0x7FFA83530000
	uxtheme.dll                  0x7FFA83A30000
	resourcepolicyclient.dll     0x7FFA83B20000
	dwmapi.dll                   0x7FFA83D30000
	kernel.appcore.dll           0x7FFA83F10000
	windows.storage.dll          0x7FFA84110000
	HID.DLL                      0x7FFA848B0000
	dxgi.dll                     0x7FFA848F0000
	ntmarta.dll                  0x7FFA84CF0000
	schannel.DLL                 0x7FFA84FE0000
	rsaenh.dll                   0x7FFA850C0000
	UMPDC.dll                    0x7FFA85430000
	IPHLPAPI.DLL                 0x7FFA85450000
	DNSAPI.dll                   0x7FFA854A0000
	powrprof.dll                 0x7FFA85570000
	MSWSOCK.dll                  0x7FFA857B0000
	CRYPTBASE.DLL                0x7FFA859A0000
	CRYPTSP.dll                  0x7FFA859B0000
	Wldp.dll                     0x7FFA85A50000
	NTASN1.dll                   0x7FFA85A80000
	ncrypt.dll                   0x7FFA85AC0000
	msasn1.dll                   0x7FFA85BE0000
	devobj.dll                   0x7FFA85DA0000
	DPAPI.DLL                    0x7FFA85E00000
	SSPICLI.DLL                  0x7FFA85EC0000
	USERENV.dll                  0x7FFA85F00000
	profapi.dll                  0x7FFA85F40000
	bcrypt.dll                   0x7FFA86000000
	ucrtbase.dll                 0x7FFA86030000
	CRYPT32.dll                  0x7FFA86130000
	KERNELBASE.dll               0x7FFA86290000
	msvcp_win.dll                0x7FFA86560000
	gdi32full.dll                0x7FFA86600000
	bcryptPrimitives.dll         0x7FFA867C0000
	WINTRUST.DLL                 0x7FFA86850000
	win32u.dll                   0x7FFA868B0000
	cfgmgr32.dll                 0x7FFA868E0000
	clbcatq.dll                  0x7FFA86930000
	COMDLG32.dll                 0x7FFA869E0000
	combase.dll                  0x7FFA86B40000
	ole32.dll                    0x7FFA86EA0000
	SHLWAPI.dll                  0x7FFA86FD0000
	IMM32.DLL                    0x7FFA87030000
	USER32.dll                   0x7FFA87060000
	ADVAPI32.dll                 0x7FFA87220000
	sechost.dll                  0x7FFA872D0000
	SHCORE.dll                   0x7FFA87370000
	SETUPAPI.dll                 0x7FFA87420000
	PSAPI.DLL                    0x7FFA878B0000
	GDI32.dll                    0x7FFA878C0000
	KERNEL32.DLL                 0x7FFA879E0000
	RPCRT4.dll                   0x7FFA87B00000
	MSCTF.dll                    0x7FFA87C90000
	msvcrt.dll                   0x7FFA87DB0000
	SHELL32.dll                  0x7FFA87E50000
	OLEAUT32.dll                 0x7FFA885A0000
	imagehlp.dll                 0x7FFA88670000
	WS2_32.dll                   0x7FFA88690000
	ntdll.dll                    0x7FFA888F0000

F4SE PLUGINS:
	mcm.dll
	XDI.dll
	f4ee.dll
	place.dll
	Buffout4.dll
	BodyPartsUI.dll
	BakaScrapHeap.dll
	ExtraItemInfo.dll
	faster_workshop.dll
	wsfw_identifier.dll
	crafting_highlight_fix.dll
	PrivateProfileRedirector.dll

PLUGINS:
	[00]     Fallout4.esm
	[01]     DLCRobot.esm
	[02]     DLCworkshop01.esm
	[03]     DLCCoast.esm
	[04]     DLCworkshop02.esm
	[05]     DLCworkshop03.esm
	[06]     DLCNukaWorld.esm
	[07]     Unofficial Fallout 4 Patch.esp
	[08]     XDI.esm
	[09]     HUDFramework.esm
	[0A]     WorkshopFramework.esm
	[0B]     MODFoodScraps.esm
	[0C]     LupineRace.esm
	[0D]     PANPC.esm
	[0E]     VulpineRace.esm
	[0F]     molotovcraftingredone.esp
	[10]     Live Dismemberment - POSTAL.esp
	[11]     CompanionWhistle.esp
	[12]     Better Manufacturing.esp
	[13]     KSHairdos.esp
	[14]     WOTC.esp
	[15]     FusionGirl.esp
	[16]     Chainsaw.esp
	[17]     ECO.esp
	[18]     CraftPatch2.esp
	[19]     Simple Inventory Improvements.esp
	[1A]     spacefiddle_Scarcity_Full.esp
	[1B]     Extended weapon mods.esp
	[1C]     MoreWeapMods.esp
	[1D]     RaiderOverhaul.esp
	[1E]     FurryFallout.esp
	[1F]     FurryFalloutNPCs.esp
	[20]     RaidersReloaded.esp
	[21]     Random_Enemy_Weapons_DLC.esp
	[22]     FFO-Player-OTTER.esp
	[23]     MoreSpawns_High.esp
	[24]     DT_GunnerOutfitPack.esp
	[25]     FurryPatch.esp
	[26]     Desperate Raiders.esp
	[27]     RaidersPatch.esp
	[28]     Buildable_PAFrames.esp
	[29]     Buildable_PAFrames_Recipe.esp
	[2A]     advancedAITweaks.esp
	[2B]     ManufacturingExtended.esp
	[2C]     Better Manufacturing - Manufacturing Extended Additions.esp
	[2D]     DLC items to manufacturing.esp
	[2E]     Better Manufacturing - Manufacturing Extended Expanded Patch.esp
	[2F]     DisableAutoAimF4.esp
	[30]     Fire Behavior Crippling v1 DLC.esp
	[31]     GR001-AutomatronRebooted.esp
	[32]     SKKGlobalStashScrapping.esp
	[33]     SleeplessNights.esp
	[34]     WorkshopPlus.esp
	[35]     ConstructionPatch.esp
	[36]     dcc-palock.esp
	[37]     UNnaked Power Armor.esp
	[38]     WeaponDisarm.esp
	[39]     SuperPatch.esp
	[3A]     BreakTheWallsDown.esp
	[3B]     BreakTheWallsDownFarHarbor.esp
	[3C]     BreakTheWallsDownNukaWorld.esp
	[3D]     BreakTheWallsDownVault88.esp
	[FE:000] SimpleClothingKeywords.esl
	[FE:001] CWRaiders.esl
	[FE:002] DDLL.esl
	[FE:003] EquipSettlers.esl
	[FE:004] Immersive_Molotovs_FlamerESL.esl
	[FE:005] ConditionBoy.esp
	[FE:006] ExplosionKnockdown.esp
	[FE:007] BetterBloatflies.esp
	[FE:008] M8r_Item_Tags_Vanilla_EN.esp
	[FE:009] free_downgrades_stubs.esp
	[FE:00A] Better Power Armor - Extended.esp
	[FE:00B] EarlierPipeWeaponMods.esp
	[FE:00C] Kermie's Misc Components.esp
	[FE:00D] LooksMenu.esp
	[FE:00E] GZ_MiscItemOverhaul.esp
	[FE:00F] VulpineRace-NPCReplacer-DLC.esp
	[FE:010] CBBE.esp
	[FE:011] AllowWorkbenchDuringCombat.esp
	[FE:012] BetterModDescriptions.esp
	[FE:013] CommChemExpanded.esp
	[FE:014] free_downgrades_DLCCoast.esp
	[FE:015] free_downgrades_DLCNuka.esp
	[FE:016] More Armor Slots - All Dlc.esp
	[FE:017] Weapon Mods Mod.esp
	[FE:018] Unlevelled Everything - Mods.esp
	[FE:019] Better Weapon Scrap - Ultimate Edition_ESL.esp
	[FE:01A] CCOFoxyFactionsReplacer.esp
	[FE:01B] CCOVulgarVillainsReplacer.esp
	[FE:01C] CustomRaceHeadgear.esp
	[FE:01D] CustomRaceHeadgear_FFO.esp
	[FE:01E] CustomRaceHeadgear_Vulpine.esp
	[FE:01F] FFO_NPC_DLC.esp
	[FE:020] MostlyFemale.esp
	[FE:021] Important NPCs essential edition 1.1.esp
	[FE:022] NPCs Protected Not Essential.esp
	[FE:023] Power Armor to the People.esp
	[FE:024] VulpinePowerArmor.esp
	[FE:025] Gunner Outfit Extreme Overhaul.esp
	[FE:026] Power Armor to the People - Nuka-World.esp
	[FE:027] 4estGimp - RO.FallUI.PA_INNR.esp
	[FE:028] Ferals After Dark.esp
	[FE:029] More Human Raider Loot.esp
	[FE:02A] Power Armor to the People - Raider Overhaul.esp
	[FE:02B] Leveled Raiders.esp
	[FE:02C] Power Armor to the People - Far Harbor.esp
	[FE:02D] SalvageRobotParts.esp
	[FE:02E] AutomaticSave.esp
	[FE:02F] M8rDisablePipboyEffects.esp
	[FE:030] MaterialModSlot-FallUIWorkbenchPatch.esp
	[FE:031] CAMP.esp
	[FE:032] fastcorpseclear.esp
	[FE:033] Loot Detector.esp
	[FE:034] LostWorld.esp
	[FE:035] Lucky's Intresting Tips 1.4.esp
	[FE:036] UncommonCrafting.esp
	[FE:037] raidercorpseworkplease.esp
	[FE:038] UnrestrictivePowerArmor.esp
	[FE:039] FCEjectNoMore.esp
	[FE:03A] More Weapon Scrap.esp
	[FE:03B] BetterModDescriptionsROWIP.esp
	[FE:03C] PeopleAreStrangers.esp
	[FE:03D] ATreeGrowsInBoston.esp
	[FE:03E] MamaMutie.esp
