HighFPSPhysicsFix v0.8.3

Untie game speed from framerate: enabled
Disable iFPSClamp: enabled
VSync (in Game): disabled
VSync (in Loading Screens): disabled
Loading screens: without black screens
Disable animation on loading screens: enabled
Write loading time to log: enabled
Postloading menu speed: 3
ProcessWindowGhosting: enabled
Limit(ingame): disabled,  Limit(loading): 350FPS / 2.85714ms
Limit lockpicking: 60FPS / 16.6667ms
Num of threads on loading screens (new game): 1
Enable display tweaks: disabled
Full screen: disabled
Borderless screen: enabled
Number of buffers in the swap chain: auto
Resize buffers: enabled
Resize target: enabled
DXGI swap effect: auto
Allow tearing: enabled
DXGI mode scalling: unspecified
Fix CPU threads: enabled
Fix stuttering: enabled
Fix white screen: enabled
Fix wind speed: enabled
Fix rotation speed: enabled
Fix sitting rotation speed: enabled
Fix workshop rotation speed: enabled
Fix loading model: enabled
Fix stuck animation: enabled
Fix motion responsive: enabled

