query
got papyrus interface
got scaleform interface
load
ModDropClient service not installed
---
name: ExecuteCommand
sig: 40 53 55 56 57 41 54 48 81 EC 40 08 00 00
effective address: 00007FF7E4A8B4A0
RVA: 0x0125B4A0
			{ RUNTIME_VERSION_1_10_163, 0x0125B4A0 },
---
---
name: UI_AddMessage
sig: 48 89 5C 24 08 48 89 6C 24 10 48 89 74 24 18 48 89 7C 24 20 41 54 41 56 41 57 48 83 EC 20 44 8B 0D ? ? ? ? 65 48 8B 04 25 58 00 00 00 48 8B E9 4A 8B 34 C8 B9 C0 09 00 00
effective address: 00007FF7E587CB90
RVA: 0x0204CB90
			{ RUNTIME_VERSION_1_10_163, 0x0204CB90 },
---
---
name: g_UIManager
sig: 48 8B 3D ? ? ? ? E8 ? ? ? ? 41 B8 01 00 00 00 48 8B CF 48 8B D0
effective address: 00007FF7E9100AC8
RVA: 0x058D0AC8
			{ RUNTIME_VERSION_1_10_163, 0x058D0AC8 },
---
---
name: HasPerk
sig: 48 83 EC 28 48 8B 81 00 03 00 00 48 85 C0 74 ? 4C 8B C2
effective address: 00007FF7E45D6600
RVA: 0x00DA6600
			{ RUNTIME_VERSION_1_10_163, 0x00DA6600 },
---
---
name: AddPerk
sig: 48 89 5C 24 08 48 89 6C 24 10 56 57 41 56 48 83 EC 40 48 8D 99 34 04 00 00
effective address: 00007FF7E45D6200
RVA: 0x00DA6200
			{ RUNTIME_VERSION_1_10_163, 0x00DA6200 },
---
---
name: GetLevel
sig: 48 8B 89 E0 00 00 00 48 83 C1 68 E9 ? ? ? ?
effective address: 00007FF7E45A9E90
RVA: 0x00D79E90
			{ RUNTIME_VERSION_1_10_163, 0x00D79E90 },
---
---
name: GetItemCount
sig: 48 89 5C 24 08 48 89 6C 24 10 48 89 74 24 18 57 48 83 EC 40 49 8B F9 41 0F B6 E8
effective address: 00007FF7E4C2B700
RVA: 0x013FB700
			{ RUNTIME_VERSION_1_10_163, 0x013FB700 },
---
---
name: g_main
sig: 48 8B 05 ? ? ? ? 80 78 25 00 0F 85 ? ? ? ? 49 8B
effective address: 00007FF7E92D4278
RVA: 0x05AA4278
			{ RUNTIME_VERSION_1_10_163, 0x05AA4278 },
---
---
name: GetRandomPercent
sig: 40 53 48 83 EC 20 8B D9 83 F9 01
effective address: 00007FF7E5342C80
RVA: 0x01B12C80
			{ RUNTIME_VERSION_1_10_163, 0x01B12C80 },
---
---
name: GetRandomPercent2
sig: 48 89 5C 24 08 57 48 83 EC 20 8B DA 8B F9
effective address: 00007FF7E5342D20
RVA: 0x01B12D20
			{ RUNTIME_VERSION_1_10_163, 0x01B12D20 },
---
---
name: SetPerkPoints_int
sig: 48 83 EC 28 88 91 F1 0C 00 00
effective address: 00007FF7E46E8BA0
RVA: 0x00EB8BA0
			{ RUNTIME_VERSION_1_10_163, 0x00EB8BA0 },
---
---
name: LevelupMenuProcessMessage
sig: 48 89 5C 24 08 48 89 74 24 10 57 48 83 EC 40 48 8B F1 8B 4A 10
effective address: 00007FF7E43684E0
RVA: 0x00B384E0
			{ RUNTIME_VERSION_1_10_163, 0x00B384E0 },
---
---
name: LevelupMenuPlayPerkSound
sig: 48 89 5C 24 08 57 48 83 EC 30 48 8B F9 8B CA 33 DB E8 ? ? ? ? 48 85 C0 74 ? 80 78 1A 5F 75 ? 48 8B 98 88 00 00 00 48 81 C7 80 01 00 00
effective address: 00007FF7E43698D0
RVA: 0x00B398D0
			{ RUNTIME_VERSION_1_10_163, 0x00B398D0 },
---
---
name: LevelupMenuStopPerkSound
sig: 40 53 48 83 EC 20 8B 19 83 FB FF 74 ? C6 41 05 02
effective address: 00007FF7E52F8110
RVA: 0x01AC8110
			{ RUNTIME_VERSION_1_10_163, 0x01AC8110 },
---
---
name: g_PipboyDataManager
sig: 48 8B 0D ? ? ? ? 48 8D 44 24 48 48 8D 54 24 20 48 89 44 24 20 48 8D 44 24 50 48 81 C1 E8 08 00 00 
effective address: 00007FF7E9100AF0
RVA: 0x058D0AF0
			{ RUNTIME_VERSION_1_10_163, 0x058D0AF0 },
---
---
name: _GetSoundByName
sig: E8 ? ? ? ? 48 85 C0 74 ? C7 44 24 68 FF FF FF FF
effective address: 00007FF7E405F700
RVA: 0x0082F700
			{ RUNTIME_VERSION_1_10_163, 0x0082F700 },
---
---
name: _LevelupMenuPlaySound_funk1
sig: 48 8B C4 48 89 58 08 48 89 68 10 48 89 70 18 57 41 54 41 55 41 56 41 57 48 81 EC A0 00 00 00 44 8B 0D ? ? ? ?
effective address: 00007FF7E52FA5D0
RVA: 0x01ACA5D0
			{ RUNTIME_VERSION_1_10_163, 0x01ACA5D0 },
---
---
name: _LevelupMenuPlaySound_funk2
sig: 40 53 48 83 EC 20 8B 19 83 FB FF 74 ? C6 41 05 01
effective address: 00007FF7E52F8040
RVA: 0x01AC8040
			{ RUNTIME_VERSION_1_10_163, 0x01AC8040 },
---
---
name: LevelupMenuPlaySound_var1
sig: 48 8B 1D ? ? ? ? 48 8D 4C 24 40 45 33 C0
effective address: 00007FF7E933D208
RVA: 0x05B0D208
			{ RUNTIME_VERSION_1_10_163, 0x05B0D208 },
---
---
name: LevelIncrease__Event_Dispatcher_address
sig: E8 ? ? ? ? 48 8D 54 24 38 48 8B C8 E8 ? ? ? ? 48 8B CE
effective address: 00007FF7E46F3140
RVA: 0x00EC3140
			{ RUNTIME_VERSION_1_10_163, 0x00EC3140 },
---
Sigscan elapsed: 1061 ms.
Papyrus Register Succeeded
Scaleform Register Succeeded
ini: BEPerks.ini
ini version: 3
disableVanillaPerks: 1
PerksList Be Exceptional.esp|44DED
form count 83
SkillsList Be Exceptional.esp|3C53B
form count 16
PPPerLevel 0
SPPerLevel 0
ini: SampleIni.ini
ini version: 3
disableVanillaPerks: 0
PerksList 
SkillsList 
PPPerLevel 0
SPPerLevel 0
Total PP to add per level: 0 
Total SP to add per level: 0 
total perks count: 83
total skills count: 16
update menu
Vanilla perks disabled!
menu closed
update menu
menu closed
update menu
menu closed
update menu
menu closed
update menu
menu closed
update menu
menu closed
update menu
menu closed
Clearing PRKF serialization data.
Loading PRKF serialization data.
type 1347570502
Loading PRKF type
PRKFStarted: false
PP count loaded: 0
SP count loaded: 0
Tag skills count loaded: 0
PRKF TESLoadGameEvent recieved
GetBasicData
PRKF started
NUM PERK POINTS: 0
Hooking LevelUpMenu menu.
Registered for input events.
update menu
menu opened
GetBasicData
NUM PERK POINTS: 0
Save PRKF serialization data.
PRKFStarted: true
PP count to save: 0
SP count to save: 0
Tag skills count to save: 0
Hooking LevelUpMenu menu.
update menu
menu opened
Assertion failed in ScaleformValue.cpp (133): GFxValue::GetInt: bad type
