==============================================
[0x1e4c93b0000][2021-05-03 23:28:09.230][INFO] OneQuickStore x64 1.2.5.36786, Windows 10 Pro x64 2009 (19042.vb_release)
[0x1e4c93b0000][2021-05-03 23:28:09.254][INFO] "C:\Program Files\WindowsApps\55774JinkaiXu.252258CF1F9E6_1.2.5.0_x64__p5dcp4q3yn5jt\OneQuick\OneQuick.exe" 
[0x1e4c93b0000][2021-05-03 23:28:10.512][INFO] Privilege: 免费版
[0x1e4c93b0000][2021-05-03 23:28:11.101][INFO] Write C:\Users\chris\OneDrive\Dokument\OneQuick\preference.cfg
[0x1e4c93b0000][2021-05-03 23:28:12.105][INFO] Write C:\Users\chris\OneDrive\Dokument\OneQuick\OneQuick.config
[0x1e4c93b0000][2021-05-03 23:28:12.157][INFO] No preferece file before, it's new install!
[0x1e4c93b0000][2021-05-03 23:28:13.383][INFO] Reloading Add-Ons...
[0x1e4c93b0000][2021-05-03 23:28:16.104][INFO] GET https://onequick.org/addons-information.xml
[0x1e4c93b0000][2021-05-03 23:28:16.195][INFO] GET https://onequick.org/update-information.xml
[0x1e4c93b0000][2021-05-03 23:28:16.534][INFO] Write C:\Users\chris\OneDrive\Dokument\OneQuick\information.xml
[0x1e4c93b0000][2021-05-03 23:28:18.588][INFO] Add-Ons loaded in 2206,2229ms
[0x1e4c93b0000][2021-05-03 23:28:51.211][INFO] Write C:\Users\chris\OneDrive\Dokument\OneQuick\OneQuick.config
[0x1e4c93b0000][2021-05-03 23:38:12.508][INFO] Write C:\Users\chris\OneDrive\Dokument\OneQuick\preference.cfg
[0x1e4c93b0000][2021-05-04 00:08:12.513][INFO] Write C:\Users\chris\OneDrive\Dokument\OneQuick\preference.cfg
[0x1e4c93b0000][2021-05-04 00:38:12.520][INFO] Write C:\Users\chris\OneDrive\Dokument\OneQuick\preference.cfg
[0x1e4c93b0000][2021-05-04 01:08:12.569][INFO] Write C:\Users\chris\OneDrive\Dokument\OneQuick\preference.cfg
[0x1e4c93b0000][2021-05-04 01:38:12.581][INFO] Write C:\Users\chris\OneDrive\Dokument\OneQuick\preference.cfg
[0x1e4c93b0000][2021-05-04 02:08:12.590][INFO] Write C:\Users\chris\OneDrive\Dokument\OneQuick\preference.cfg
[0x1e4c93b0000][2021-05-04 02:38:12.597][INFO] Write C:\Users\chris\OneDrive\Dokument\OneQuick\preference.cfg
[0x1e4c93b0000][2021-05-04 03:18:12.588][INFO] Write C:\Users\chris\OneDrive\Dokument\OneQuick\preference.cfg
[0x1e4c93b0000][2021-05-04 03:58:12.591][INFO] Write C:\Users\chris\OneDrive\Dokument\OneQuick\preference.cfg
[0x1e4c93b0000][2021-05-04 04:28:12.597][INFO] Write C:\Users\chris\OneDrive\Dokument\OneQuick\preference.cfg
[0x1e4c93b0000][2021-05-04 05:08:12.598][INFO] Write C:\Users\chris\OneDrive\Dokument\OneQuick\preference.cfg
[0x1e4c93b0000][2021-05-04 05:28:12.623][INFO] Privilege: Free
[0x1e4c93b0000][2021-05-04 05:38:12.628][INFO] Write C:\Users\chris\OneDrive\Dokument\OneQuick\preference.cfg
[0x1e4c93b0000][2021-05-04 06:18:12.620][INFO] Write C:\Users\chris\OneDrive\Dokument\OneQuick\preference.cfg
[0x1e4c93b0000][2021-05-04 06:58:12.620][INFO] Write C:\Users\chris\OneDrive\Dokument\OneQuick\preference.cfg
[0x1e4c93b0000][2021-05-04 07:28:12.626][INFO] Write C:\Users\chris\OneDrive\Dokument\OneQuick\preference.cfg
[0x1e4c93b0000][2021-05-04 08:08:12.620][INFO] Write C:\Users\chris\OneDrive\Dokument\OneQuick\preference.cfg
[0x1e4c93b0000][2021-05-04 08:38:12.636][INFO] Write C:\Users\chris\OneDrive\Dokument\OneQuick\preference.cfg
[0x1e4c93b0000][2021-05-04 09:18:12.638][INFO] Write C:\Users\chris\OneDrive\Dokument\OneQuick\preference.cfg
[0x1e4c93b0000][2021-05-04 09:48:12.644][INFO] Write C:\Users\chris\OneDrive\Dokument\OneQuick\preference.cfg
[0x1e4c93b0000][2021-05-04 10:18:12.656][INFO] Write C:\Users\chris\OneDrive\Dokument\OneQuick\preference.cfg
[0x1e4c93b0000][2021-05-04 10:58:12.662][INFO] Write C:\Users\chris\OneDrive\Dokument\OneQuick\preference.cfg
[0x1e4c93b0000][2021-05-04 11:28:12.671][INFO] Write C:\Users\chris\OneDrive\Dokument\OneQuick\preference.cfg
[0x1e4c93b0000][2021-05-04 11:28:12.677][INFO] Privilege: Free
[0x1e4c93b0000][2021-05-04 12:08:12.670][INFO] Write C:\Users\chris\OneDrive\Dokument\OneQuick\preference.cfg
[0x1e4c93b0000][2021-05-04 12:48:12.669][INFO] Write C:\Users\chris\OneDrive\Dokument\OneQuick\preference.cfg
[0x1e4c93b0000][2021-05-04 13:10:08.725][ERROR] get_MainModule: pid: 852
Access is denied
   at System.Diagnostics.ProcessManager.OpenProcess(Int32 processId, Int32 access, Boolean throwIfExited)
   at System.Diagnostics.NtProcessManager.GetModuleInfos(Int32 processId, Boolean firstModuleOnly)
   at System.Diagnostics.NtProcessManager.GetFirstModuleInfo(Int32 processId)
   at System.Diagnostics.Process.get_MainModule()
   at OneQuick.SysX.Win.GetWindowProcFileName(Nullable`1 hWnd)
--- StackTrace ---
   at System.Environment.GetStackTrace(Exception e, Boolean needFileInfo)
   at System.Environment.get_StackTrace()
   at OneQuick.Log.Error(Exception ex, String[] contents)
   at OneQuick.SysX.Win.GetWindowProcFileName(Nullable`1 hWnd)
   at OneQuick.Core.Conditions.ProgramCodition.FitbyHwnd(IntPtr handle)
   at OneQuick.Core.Conditions.MouseAppPosCodition.IsFit()
   at OneQuick.Core.Triggers.HotkeyTrigger.EventForward(ObservableCollectionX`1 inputList, Boolean isKeyDown, Boolean& handle)
   at OneQuick.Core.EntryServer.HotkeyProc(HotKeyEventArgs e, Boolean isKeyDown)
   at OneQuick.WindowsEvents.EventsServer.MouseLLHookProc(Int32 nCode, Int32 wParam, IntPtr lParam)
   at MS.Win32.UnsafeNativeMethods.IntGetMessageW(MSG& msg, HandleRef hWnd, Int32 uMsgFilterMin, Int32 uMsgFilterMax)
   at MS.Win32.UnsafeNativeMethods.IntGetMessageW(MSG& msg, HandleRef hWnd, Int32 uMsgFilterMin, Int32 uMsgFilterMax)
   at MS.Win32.UnsafeNativeMethods.GetMessageW(MSG& msg, HandleRef hWnd, Int32 uMsgFilterMin, Int32 uMsgFilterMax)
   at System.Windows.Threading.Dispatcher.GetMessage(MSG& msg, IntPtr hwnd, Int32 minMessage, Int32 maxMessage)
   at System.Windows.Threading.Dispatcher.PushFrameImpl(DispatcherFrame frame)
   at System.Windows.Application.RunDispatcher(Object ignore)
   at System.Windows.Application.RunInternal(Window window)
   at OneQuick.App.Main()
[0x1e4c93b0000][2021-05-04 13:10:08.749][ERROR] get_MainModule: pid: 852
Access is denied
   at System.Diagnostics.ProcessManager.OpenProcess(Int32 processId, Int32 access, Boolean throwIfExited)
   at System.Diagnostics.NtProcessManager.GetModuleInfos(Int32 processId, Boolean firstModuleOnly)
   at System.Diagnostics.NtProcessManager.GetFirstModuleInfo(Int32 processId)
   at System.Diagnostics.Process.get_MainModule()
   at OneQuick.SysX.Win.GetWindowProcFileName(Nullable`1 hWnd)
--- StackTrace ---
   at System.Environment.GetStackTrace(Exception e, Boolean needFileInfo)
   at System.Environment.get_StackTrace()
   at OneQuick.Log.Error(Exception ex, String[] contents)
   at OneQuick.SysX.Win.GetWindowProcFileName(Nullable`1 hWnd)
   at OneQuick.Core.Conditions.ProgramCodition.FitbyHwnd(IntPtr handle)
   at OneQuick.Core.Conditions.MouseAppPosCodition.IsFit()
   at OneQuick.Core.Triggers.HotkeyTrigger.EventForward(ObservableCollectionX`1 inputList, Boolean isKeyDown, Boolean& handle)
   at OneQuick.Core.EntryServer.HotkeyProc(HotKeyEventArgs e, Boolean isKeyDown)
   at OneQuick.WindowsEvents.EventsServer.MouseLLHookProc(Int32 nCode, Int32 wParam, IntPtr lParam)
   at MS.Win32.UnsafeNativeMethods.IntGetMessageW(MSG& msg, HandleRef hWnd, Int32 uMsgFilterMin, Int32 uMsgFilterMax)
   at MS.Win32.UnsafeNativeMethods.IntGetMessageW(MSG& msg, HandleRef hWnd, Int32 uMsgFilterMin, Int32 uMsgFilterMax)
   at MS.Win32.UnsafeNativeMethods.GetMessageW(MSG& msg, HandleRef hWnd, Int32 uMsgFilterMin, Int32 uMsgFilterMax)
   at System.Windows.Threading.Dispatcher.GetMessage(MSG& msg, IntPtr hwnd, Int32 minMessage, Int32 maxMessage)
   at System.Windows.Threading.Dispatcher.PushFrameImpl(DispatcherFrame frame)
   at System.Windows.Application.RunDispatcher(Object ignore)
   at System.Windows.Application.RunInternal(Window window)
   at OneQuick.App.Main()
[0x1e4c93b0000][2021-05-04 13:10:08.770][ERROR] get_MainModule: pid: 852
Access is denied
   at System.Diagnostics.ProcessManager.OpenProcess(Int32 processId, Int32 access, Boolean throwIfExited)
   at System.Diagnostics.NtProcessManager.GetModuleInfos(Int32 processId, Boolean firstModuleOnly)
   at System.Diagnostics.NtProcessManager.GetFirstModuleInfo(Int32 processId)
   at System.Diagnostics.Process.get_MainModule()
   at OneQuick.SysX.Win.GetWindowProcFileName(Nullable`1 hWnd)
--- StackTrace ---
   at System.Environment.GetStackTrace(Exception e, Boolean needFileInfo)
   at System.Environment.get_StackTrace()
   at OneQuick.Log.Error(Exception ex, String[] contents)
   at OneQuick.SysX.Win.GetWindowProcFileName(Nullable`1 hWnd)
   at OneQuick.Core.Conditions.ProgramCodition.FitbyHwnd(IntPtr handle)
   at OneQuick.Core.Conditions.MouseAppPosCodition.IsFit()
   at OneQuick.Core.Triggers.HotkeyTrigger.EventForward(ObservableCollectionX`1 inputList, Boolean isKeyDown, Boolean& handle)
   at OneQuick.Core.EntryServer.HotkeyProc(HotKeyEventArgs e, Boolean isKeyDown)
   at OneQuick.WindowsEvents.EventsServer.MouseLLHookProc(Int32 nCode, Int32 wParam, IntPtr lParam)
   at MS.Win32.UnsafeNativeMethods.IntGetMessageW(MSG& msg, HandleRef hWnd, Int32 uMsgFilterMin, Int32 uMsgFilterMax)
   at MS.Win32.UnsafeNativeMethods.IntGetMessageW(MSG& msg, HandleRef hWnd, Int32 uMsgFilterMin, Int32 uMsgFilterMax)
   at MS.Win32.UnsafeNativeMethods.GetMessageW(MSG& msg, HandleRef hWnd, Int32 uMsgFilterMin, Int32 uMsgFilterMax)
   at System.Windows.Threading.Dispatcher.GetMessage(MSG& msg, IntPtr hwnd, Int32 minMessage, Int32 maxMessage)
   at System.Windows.Threading.Dispatcher.PushFrameImpl(DispatcherFrame frame)
   at System.Windows.Application.RunDispatcher(Object ignore)
   at System.Windows.Application.RunInternal(Window window)
   at OneQuick.App.Main()
[0x1e4c93b0000][2021-05-04 13:18:12.676][INFO] Write C:\Users\chris\OneDrive\Dokument\OneQuick\preference.cfg
[0x1e4c93b0000][2021-05-04 13:48:12.690][INFO] Write C:\Users\chris\OneDrive\Dokument\OneQuick\preference.cfg
[0x1e4c93b0000][2021-05-04 14:28:12.683][INFO] Write C:\Users\chris\OneDrive\Dokument\OneQuick\preference.cfg
[0x1e4c93b0000][2021-05-04 15:08:12.728][INFO] Write C:\Users\chris\OneDrive\Dokument\OneQuick\preference.cfg
----------------------------------------------
==============================================
[0x1e3686b0000][2021-05-04 15:22:54.080][INFO] OneQuickStore x64 1.2.5.36786, Windows 10 Pro x64 2009 (19042.vb_release)
[0x1e3686b0000][2021-05-04 15:22:54.158][INFO] "C:\Program Files\WindowsApps\55774JinkaiXu.252258CF1F9E6_1.2.5.0_x64__p5dcp4q3yn5jt\OneQuick\OneQuick.exe" -h
[0x1e3686b0000][2021-05-04 15:23:02.341][INFO] Load C:\Users\chris\OneDrive\Dokument\OneQuick\preference.cfg
[0x1e3686b0000][2021-05-04 15:23:03.560][INFO] Load C:\Users\chris\OneDrive\Dokument\OneQuick\OneQuick.config
[0x1e3686b0000][2021-05-04 15:23:10.187][INFO] Reloading Add-Ons...
[0x1e3686b0000][2021-05-04 15:23:26.764][INFO] Privilege: Free
[0x1e3686b0000][2021-05-04 15:23:26.769][INFO] GET https://onequick.org/addons-information.xml
[0x1e3686b0000][2021-05-04 15:23:26.770][INFO] GET https://onequick.org/update-information.xml
[0x1e3686b0000][2021-05-04 15:23:28.177][INFO] Write C:\Users\chris\OneDrive\Dokument\OneQuick\information.xml
[0x1e3686b0000][2021-05-04 15:23:32.513][INFO] Add-Ons loaded in 4886,7369ms
[0x1e3686b0000][2021-05-04 15:33:06.348][INFO] Write C:\Users\chris\OneDrive\Dokument\OneQuick\preference.cfg
[0x1e3686b0000][2021-05-04 16:13:06.345][INFO] Write C:\Users\chris\OneDrive\Dokument\OneQuick\preference.cfg
[0x1e3686b0000][2021-05-04 16:53:06.346][INFO] Write C:\Users\chris\OneDrive\Dokument\OneQuick\preference.cfg
[0x1e3686b0000][2021-05-04 17:33:06.344][INFO] Write C:\Users\chris\OneDrive\Dokument\OneQuick\preference.cfg
[0x1e3686b0000][2021-05-04 18:13:06.338][INFO] Write C:\Users\chris\OneDrive\Dokument\OneQuick\preference.cfg
[0x1e3686b0000][2021-05-04 18:43:08.367][INFO] Write C:\Users\chris\OneDrive\Dokument\OneQuick\preference.cfg
[0x1e3686b0000][2021-05-04 19:23:08.366][INFO] Write C:\Users\chris\OneDrive\Dokument\OneQuick\preference.cfg
[0x1e3686b0000][2021-05-04 20:03:08.364][INFO] Write C:\Users\chris\OneDrive\Dokument\OneQuick\preference.cfg
[0x1e3686b0000][2021-05-04 20:43:08.365][INFO] Write C:\Users\chris\OneDrive\Dokument\OneQuick\preference.cfg
[0x1e3686b0000][2021-05-04 21:23:08.366][INFO] Write C:\Users\chris\OneDrive\Dokument\OneQuick\preference.cfg
[0x1e3686b0000][2021-05-04 21:23:08.367][INFO] Privilege: Free
[0x1e3686b0000][2021-05-04 22:03:08.363][INFO] Write C:\Users\chris\OneDrive\Dokument\OneQuick\preference.cfg
[0x1e3686b0000][2021-05-04 22:43:08.365][INFO] Write C:\Users\chris\OneDrive\Dokument\OneQuick\preference.cfg
[0x1e3686b0000][2021-05-05 16:53:49.510][INFO] Write C:\Users\chris\OneDrive\Dokument\OneQuick\preference.cfg
[0x1e3686b0000][2021-05-05 16:53:51.224][INFO] Privilege: Free
[0x1e3686b0000][2021-05-05 17:23:49.525][INFO] Write C:\Users\chris\OneDrive\Dokument\OneQuick\preference.cfg
[0x1e3686b0000][2021-05-05 18:03:49.518][INFO] Write C:\Users\chris\OneDrive\Dokument\OneQuick\preference.cfg
[0x1e3686b0000][2021-05-05 18:33:49.528][INFO] Write C:\Users\chris\OneDrive\Dokument\OneQuick\preference.cfg
[0x1e3686b0000][2021-05-05 19:13:49.530][INFO] Write C:\Users\chris\OneDrive\Dokument\OneQuick\preference.cfg
[0x1e3686b0000][2021-05-05 19:53:49.528][INFO] Write C:\Users\chris\OneDrive\Dokument\OneQuick\preference.cfg
[0x1e3686b0000][2021-05-05 20:33:49.525][INFO] Write C:\Users\chris\OneDrive\Dokument\OneQuick\preference.cfg
[0x1e3686b0000][2021-05-05 20:57:10.873][INFO] Write C:\Users\chris\OneDrive\Dokument\OneQuick\OneQuick.config
[0x1e3686b0000][2021-05-05 20:57:10.878][INFO] Write C:\Users\chris\OneDrive\Dokument\OneQuick\preference.cfg
----------------------------------------------
