#
# There is insufficient memory for the Java Runtime Environment to continue.
# Native memory allocation (malloc) failed to allocate 1894416 bytes for Chunk::new
# Possible reasons:
#   The system is out of physical RAM or swap space
#   The process is running with CompressedOops enabled, and the Java Heap may be blocking the growth of the native heap
# Possible solutions:
#   Reduce memory load on the system
#   Increase physical memory or swap space
#   Check if swap backing store is full
#   Decrease Java heap size (-Xmx/-Xms)
#   Decrease number of Java threads
#   Decrease Java thread stack sizes (-Xss)
#   Set larger code cache with -XX:ReservedCodeCacheSize=
#   JVM is running with Unscaled Compressed Oops mode in which the Java heap is
#     placed in the first 4GB address space. The Java Heap base address is the
#     maximum limit for the native heap growth. Please use -XX:HeapBaseMinAddress
#     to set the Java Heap base and to place the Java Heap above 4GB virtual address.
# This output file may be truncated or incomplete.
#
#  Out of Memory Error (./src/hotspot/share/memory/arena.cpp:197), pid=43496, tid=42044
#
# JRE version: OpenJDK Runtime Environment JBR-11.0.10.9-1341.41-dcevm (11.0.10+9) (build 11.0.10+9-b1341.41)
# Java VM: Dynamic Code Evolution 64-Bit Server VM JBR-11.0.10.9-1341.41-dcevm (11.0.10+9-b1341.41, mixed mode, tiered, compressed oops, concurrent mark sweep gc, windows-amd64)
# No core dump will be written. Minidumps are not enabled by default on client versions of Windows
#

---------------  S U M M A R Y ------------

Command Line: exit -Xms128m -Xmx2034m -XX:ReservedCodeCacheSize=240m -XX:+UseConcMarkSweepGC -XX:SoftRefLRUPolicyMSPerMB=50 -ea -Dsun.io.useCanonCaches=false -Djava.net.preferIPv4Stack=true -Djdk.http.auth.tunneling.disabledSchemes="" -XX:+HeapDumpOnOutOfMemoryError -XX:-OmitStackTraceInFastThrow -Djb.vmOptionsFile=C:\Users\chris\AppData\Roaming\JetBrains\DataGrip2021.1\datagrip64.exe.vmoptions -Djava.library.path=C:\Program Files\JetBrains\DataGrip 2021.1.1\jbr\\bin;C:\Program Files\JetBrains\DataGrip 2021.1.1\jbr\\bin\server -Didea.platform.prefix=DataGrip -Dide.native.launcher=true -Didea.vendor.name=JetBrains -Didea.paths.selector=DataGrip2021.1 -XX:ErrorFile=C:\Users\chris\java_error_in_datagrip64_%p.log -XX:HeapDumpPath=C:\Users\chris\java_error_in_datagrip64.hprof 

Host: Intel(R) Core(TM) i7-2600 CPU @ 3.40GHz, 8 cores, 15G,  Windows 10 , 64 bit Build 19041 (10.0.19041.928)
Time: Thu May 13 19:21:33 2021 W. Europe Daylight Time elapsed time: 178918.066358 seconds (2d 1h 41m 58s)

---------------  T H R E A D  ---------------

Current thread (0x000000001a45f800):  JavaThread "C2 CompilerThread0" daemon [_thread_in_native, id=42044, stack(0x000000001b4e0000,0x000000001b5e0000)]


Current CompileTask:
C2:178918067 61853       4       sun.security.ec.ECOperations::setSum (815 bytes)

Stack: [0x000000001b4e0000,0x000000001b5e0000]
Native frames: (J=compiled Java code, j=interpreted, Vv=VM code, C=native code)
V  [jvm.dll+0x5f84fa]
V  [jvm.dll+0x77e085]
V  [jvm.dll+0x77f5dd]
V  [jvm.dll+0x77fc93]
V  [jvm.dll+0x2457e8]
V  [jvm.dll+0xbd63c]
V  [jvm.dll+0xbdb3c]
V  [jvm.dll+0x35735d]
V  [jvm.dll+0x324f03]
V  [jvm.dll+0x3243fa]
V  [jvm.dll+0x1fe272]
V  [jvm.dll+0x1fd464]
V  [jvm.dll+0x18611c]
V  [jvm.dll+0x20bc97]
V  [jvm.dll+0x20a4e1]
V  [jvm.dll+0x745f6f]
V  [jvm.dll+0x73ea35]
V  [jvm.dll+0x5f73e6]
C  [ucrtbase.dll+0x21bb2]
C  [KERNEL32.DLL+0x17034]
C  [ntdll.dll+0x52651]


---------------  P R O C E S S  ---------------

Threads class SMR info:
_java_thread_list=0x000000005ecfb290, length=39, elements={
0x00000000020e2800, 0x000000001a3d2800, 0x000000001a3fb000, 0x000000001a454000,
0x000000001a456000, 0x000000001a459000, 0x000000001a45f800, 0x000000001a463000,
0x000000001a47c800, 0x000000001b9e3800, 0x000000001b9e2800, 0x000000001b9e5000,
0x0000000028d2e800, 0x0000000028d30000, 0x0000000028d2a800, 0x0000000028d31800,
0x0000000028d39000, 0x0000000028d35000, 0x000000003c1ad000, 0x000000003c1ad800,
0x000000003c1ab000, 0x000000003c1b6000, 0x000000003c1b7800, 0x000000003c1b4000,
0x000000003c1b1800, 0x000000001b9e2000, 0x0000000028d2b000, 0x0000000061fc4000,
0x0000000061fc5000, 0x0000000061fc1800, 0x0000000061fc6800, 0x0000000061fce800,
0x0000000028d35800, 0x000000003c1b6800, 0x000000003c1b3800, 0x000000003c1af800,
0x0000000061fc3000, 0x0000000061fc0000, 0x0000000061fc8000
}

Java Threads: ( => current thread )
  0x00000000020e2800 JavaThread "main" [_thread_blocked, id=36284, stack(0x0000000000050000,0x0000000000150000)]
  0x000000001a3d2800 JavaThread "Reference Handler" daemon [_thread_blocked, id=35084, stack(0x000000001aee0000,0x000000001afe0000)]
  0x000000001a3fb000 JavaThread "Finalizer" daemon [_thread_blocked, id=16280, stack(0x000000001afe0000,0x000000001b0e0000)]
  0x000000001a454000 JavaThread "Signal Dispatcher" daemon [_thread_blocked, id=41280, stack(0x000000001b1e0000,0x000000001b2e0000)]
  0x000000001a456000 JavaThread "Attach Listener" daemon [_thread_blocked, id=26256, stack(0x000000001b2e0000,0x000000001b3e0000)]
  0x000000001a459000 JavaThread "Service Thread" daemon [_thread_blocked, id=33092, stack(0x000000001b3e0000,0x000000001b4e0000)]
=>0x000000001a45f800 JavaThread "C2 CompilerThread0" daemon [_thread_in_native, id=42044, stack(0x000000001b4e0000,0x000000001b5e0000)]
  0x000000001a463000 JavaThread "C1 CompilerThread0" daemon [_thread_blocked, id=29496, stack(0x000000001b5e0000,0x000000001b6e0000)]
  0x000000001a47c800 JavaThread "Sweeper thread" daemon [_thread_blocked, id=7100, stack(0x000000001b6e0000,0x000000001b7e0000)]
  0x000000001b9e3800 JavaThread "Common-Cleaner" daemon [_thread_blocked, id=30836, stack(0x000000001c1e0000,0x000000001c2e0000)]
  0x000000001b9e2800 JavaThread "Periodic tasks thread" daemon [_thread_blocked, id=45344, stack(0x0000000025670000,0x0000000025770000)]
  0x000000001b9e5000 JavaThread "Java2D Disposer" daemon [_thread_blocked, id=44284, stack(0x0000000027ed0000,0x0000000027fd0000)]
  0x0000000028d2e800 JavaThread "AWT-Shutdown" [_thread_blocked, id=14472, stack(0x00000000283d0000,0x00000000284d0000)]
  0x0000000028d30000 JavaThread "AWT-Windows" daemon [_thread_in_native, id=2780, stack(0x00000000288f0000,0x00000000289f0000)]
  0x0000000028d2a800 JavaThread "AWT-EventQueue-0" [_thread_blocked, id=39296, stack(0x000000002aa60000,0x000000002ab60000)]
  0x0000000028d31800 JavaThread "Netty Builtin Server 1" [_thread_in_native, id=33936, stack(0x0000000034b10000,0x0000000034c10000)]
  0x0000000028d39000 JavaThread "Netty Builtin Server 2" [_thread_in_native, id=31020, stack(0x000000004bc20000,0x000000004bd20000)]
  0x0000000028d35000 JavaThread "TimerQueue" daemon [_thread_blocked, id=5744, stack(0x000000004ff60000,0x0000000050060000)]
  0x000000003c1ad000 JavaThread "fsnotifier64.exe" [_thread_in_native, id=12228, stack(0x0000000051a70000,0x0000000051b70000)]
  0x000000003c1ad800 JavaThread "BaseDataReader: output stream of fsnotifier64.exe" [_thread_in_native, id=28284, stack(0x0000000051b70000,0x0000000051c70000)]
  0x000000003c1ab000 JavaThread "BaseDataReader: error stream of fsnotifier64.exe" [_thread_in_native, id=46044, stack(0x0000000051c70000,0x0000000051d70000)]
  0x000000003c1b6000 JavaThread "Windows Shell integration" daemon [_thread_blocked, id=45028, stack(0x000000005bbe0000,0x000000005bce0000)]
  0x000000003c1b7800 JavaThread "GitToolBox-task-2" daemon [_thread_blocked, id=21328, stack(0x000000005b8e0000,0x000000005b9e0000)]
  0x000000003c1b4000 JavaThread "DefaultDispatcher-worker-1" daemon [_thread_blocked, id=8464, stack(0x00000000526a0000,0x00000000527a0000)]
  0x000000003c1b1800 JavaThread "DefaultDispatcher-worker-2" daemon [_thread_blocked, id=10344, stack(0x000000005d7b0000,0x000000005d8b0000)]
  0x000000001b9e2000 JavaThread "nioEventLoopGroup-2-1" [_thread_in_native, id=43248, stack(0x000000005e2b0000,0x000000005e3b0000)]
  0x0000000028d2b000 JavaThread "Notifications timer" daemon [_thread_blocked, id=31752, stack(0x000000003b560000,0x000000003b660000)]
  0x0000000061fc4000 JavaThread "DefaultDispatcher-worker-3" daemon [_thread_blocked, id=44244, stack(0x0000000049820000,0x0000000049920000)]
  0x0000000061fc5000 JavaThread "DefaultDispatcher-worker-4" daemon [_thread_blocked, id=41728, stack(0x0000000049720000,0x0000000049820000)]
  0x0000000061fc1800 JavaThread "DefaultDispatcher-worker-5" daemon [_thread_blocked, id=42176, stack(0x0000000049d20000,0x0000000049e20000)]
  0x0000000061fc6800 JavaThread "Thread-15" daemon [_thread_in_native, id=45732, stack(0x000000003b660000,0x000000003b760000)]
  0x0000000061fce800 JavaThread "Batik CleanerThread" daemon [_thread_blocked, id=18624, stack(0x0000000050cd0000,0x0000000050dd0000)]
  0x0000000028d35800 JavaThread "Swing-Shell" daemon [_thread_blocked, id=35408, stack(0x000000006f080000,0x000000006f180000)]
  0x000000003c1b6800 JavaThread "sonarlint-auto-trigger-sqlite - Browser" daemon [_thread_blocked, id=18236, stack(0x000000006fbc0000,0x000000006fcc0000)]
  0x000000003c1b3800 JavaThread "sonarlint-issue-panel-refresh" daemon [_thread_blocked, id=33916, stack(0x000000006f9c0000,0x000000006fac0000)]
  0x000000003c1af800 JavaThread "JobScheduler FJ pool 14/7" daemon [_thread_blocked, id=42852, stack(0x000000006d180000,0x000000006d280000)]
  0x0000000061fc3000 JavaThread "ApplicationImpl pooled thread 724" [_thread_blocked, id=42212, stack(0x0000000025770000,0x0000000025870000)]
  0x0000000061fc0000 JavaThread "ApplicationImpl pooled thread 725" [_thread_blocked, id=19444, stack(0x0000000025870000,0x0000000025970000)]
  0x0000000061fc8000 JavaThread "Keep-Alive-Timer" daemon [_thread_blocked, id=22512, stack(0x00000000278b0000,0x00000000279b0000)]

Other Threads:
  0x000000001a3d1800 VMThread "VM Thread" [stack: 0x000000001ade0000,0x000000001aee0000] [id=25176]
  0x000000001a5d0800 WatcherThread [stack: 0x000000001b7e0000,0x000000001b8e0000] [id=39024]
  0x00000000020f6800 GCTaskThread "GC Thread#0" [stack: 0x0000000014f40000,0x0000000015040000] [id=32896]
  0x000000001bd65000 GCTaskThread "GC Thread#1" [stack: 0x000000002e2e0000,0x000000002e3e0000] [id=36008]
  0x000000001bd66000 GCTaskThread "GC Thread#2" [stack: 0x000000002e3e0000,0x000000002e4e0000] [id=9392]
  0x000000001bd66800 GCTaskThread "GC Thread#3" [stack: 0x000000002e4e0000,0x000000002e5e0000] [id=41196]
  0x000000001bd6b800 GCTaskThread "GC Thread#4" [stack: 0x000000002e5e0000,0x000000002e6e0000] [id=5852]
  0x000000001bd6c000 GCTaskThread "GC Thread#5" [stack: 0x000000002e6e0000,0x000000002e7e0000] [id=42636]
  0x000000001bd72800 GCTaskThread "GC Thread#6" [stack: 0x000000002e7e0000,0x000000002e8e0000] [id=38488]
  0x000000001bd73800 GCTaskThread "GC Thread#7" [stack: 0x000000002e8e0000,0x000000002e9e0000] [id=31040]
  0x0000000002169800 ConcurrentGCThread "CMS Main Thread" [stack: 0x0000000019ee0000,0x0000000019fe0000] [id=23208]
  0x0000000002163000 GCTaskThread "CMS Thread#0" [stack: 0x0000000019560000,0x0000000019660000] [id=17280]
  0x000000001c1c0800 GCTaskThread "CMS Thread#1" [stack: 0x000000002eb30000,0x000000002ec30000] [id=8504]

Threads with active compile tasks:
C2 CompilerThread0178918330 61853       4       sun.security.ec.ECOperations::setSum (815 bytes)

VM state:not at safepoint (normal execution)

VM Mutex/Monitor currently owned by a thread: None

OutOfMemory and StackOverflow Exception counts:
OutOfMemoryError java_heap_errors=3
StackOverflowErrors=5
LinkageErrors=1120

Heap address: 0x0000000080e00000, size: 2034 MB, Compressed Oops mode: 32-bit
Narrow klass base: 0x0000000000000000, Narrow klass shift: 3
Compressed class space size: 1073741824 Address: 0x0000000100000000

Heap:
 par new generation   total 39296K, used 32951K [0x0000000080e00000, 0x00000000838a0000, 0x00000000aa790000)
  eden space 34944K,  91% used [0x0000000080e00000, 0x0000000082d2cbe0, 0x0000000083020000)
  from space 4352K,  23% used [0x0000000083460000, 0x0000000083561100, 0x00000000838a0000)
  to   space 4352K,   0% used [0x0000000083020000, 0x0000000083020000, 0x0000000083460000)
 concurrent mark-sweep generation total 398496K, used 267531K [0x00000000aa790000, 0x00000000c2cb8000, 0x0000000100000000)
 Metaspace       used 301363K, capacity 311606K, committed 311948K, reserved 1320960K
  class space    used 37134K, capacity 41012K, committed 41300K, reserved 1048576K

Card table byte_map: [0x0000000015040000,0x0000000015440000] _byte_map_base: 0x0000000014c39000

Marking Bits: (CMSBitMap*) 0x0000000002162840
 Bits: [0x0000000015f90000, 0x00000000174f1c00)

Mod Union Table: (CMSBitMap*) 0x00000000021628e0
 Bits: [0x0000000017500000, 0x0000000017555870)

Polling page: 0x00000000021b0000

Metaspace:

Usage:
  Non-class:    264.25 MB capacity,   258.04 MB ( 98%) used,     5.01 MB (  2%) free+waste,     1.21 MB ( <1%) overhead. 
      Class:     40.05 MB capacity,    36.26 MB ( 91%) used,     3.25 MB (  8%) free+waste,   549.63 KB (  1%) overhead. 
       Both:    304.30 MB capacity,   294.30 MB ( 97%) used,     8.26 MB (  3%) free+waste,     1.74 MB ( <1%) overhead. 

Virtual space:
  Non-class space:      266.00 MB reserved,     264.30 MB (>99%) committed 
      Class space:        1.00 GB reserved,      40.33 MB (  4%) committed 
             Both:        1.26 GB reserved,     304.64 MB ( 24%) committed 

Chunk freelists:
   Non-Class:  54.00 KB
       Class:  172.00 KB
        Both:  226.00 KB

MaxMetaspaceSize: 17179869184.00 GB
CompressedClassSpaceSize: 1.00 GB

CodeHeap 'non-profiled nmethods': size=120000Kb used=62213Kb max_used=63088Kb free=57786Kb
 bounds [0x000000000d830000, 0x00000000115f0000, 0x0000000014d60000]
CodeHeap 'profiled nmethods': size=120000Kb used=82633Kb max_used=84041Kb free=37366Kb
 bounds [0x0000000006300000, 0x000000000b5d0000, 0x000000000d830000]
CodeHeap 'non-nmethods': size=5760Kb used=1961Kb max_used=2055Kb free=3798Kb
 bounds [0x0000000005d60000, 0x0000000005fd0000, 0x0000000006300000]
 total_blobs=44257 nmethods=42574 adapters=1588
 compilation: enabled
              stopped_count=0, restarted_count=0
 full_count=0

Compilation events (20 events):
Event: 178917.482 Thread 0x000000001a463000 61849       3       org.apache.xerces.dom.DeferredDocumentImpl::getPrevSibling (7 bytes)
Event: 178917.482 Thread 0x000000001a463000 nmethod 61849 0x0000000007198110 code [0x00000000071982c0, 0x00000000071983e8]
Event: 178917.570 Thread 0x000000001a45f800 nmethod 61845 0x000000000f793e90 code [0x000000000f794260, 0x000000000f797218]
Event: 178917.603 Thread 0x000000001a463000 61851       1       sun.security.rsa.RSAPadding::getMaxDataSize (5 bytes)
Event: 178917.603 Thread 0x000000001a463000 nmethod 61851 0x000000000f6bc690 code [0x000000000f6bc840, 0x000000000f6bc8f8]
Event: 178917.603 Thread 0x000000001a463000 61852       1       sun.security.x509.AlgorithmId::getOID (5 bytes)
Event: 178917.603 Thread 0x000000001a463000 nmethod 61852 0x000000000f6bc390 code [0x000000000f6bc540, 0x000000000f6bc5f8]
Event: 178917.609 Thread 0x000000001a45f800 61853       4       sun.security.ec.ECOperations::setSum (815 bytes)
Event: 178917.650 Thread 0x000000001a463000 61854       3       sun.security.ssl.HandshakeHash::digest (10 bytes)
Event: 178917.650 Thread 0x000000001a463000 nmethod 61854 0x00000000071eea90 code [0x00000000071eec40, 0x00000000071eee08]
Event: 178917.711 Thread 0x000000001a463000 61856       3       org.apache.xerces.dom.NodeImpl::needsSyncChildren (27 bytes)
Event: 178917.712 Thread 0x000000001a463000 nmethod 61856 0x00000000071ee590 code [0x00000000071ee740, 0x00000000071ee8b8]
Event: 178917.712 Thread 0x000000001a463000 61858       3       org.apache.xerces.dom.NodeImpl::needsSyncChildren (15 bytes)
Event: 178917.712 Thread 0x000000001a463000 nmethod 61858 0x0000000007253190 code [0x0000000007253340, 0x0000000007253498]
Event: 178917.712 Thread 0x000000001a463000 61859       2       java.lang.Class::isEnum (27 bytes)
Event: 178917.712 Thread 0x000000001a463000 nmethod 61859 0x0000000007252d10 code [0x0000000007252ee0, 0x0000000007253058]
Event: 178917.712 Thread 0x000000001a463000 61857       1       com.jetbrains.b.a.z::a (5 bytes)
Event: 178917.713 Thread 0x000000001a463000 nmethod 61857 0x000000000f6bc090 code [0x000000000f6bc240, 0x000000000f6bc2f8]
Event: 178917.717 Thread 0x000000001a463000 61860       1       java.util.prefs.AbstractPreferences::absolutePath (5 bytes)
Event: 178917.717 Thread 0x000000001a463000 nmethod 61860 0x000000000f6bbd90 code [0x000000000f6bbf40, 0x000000000f6bbff8]

GC Heap History (20 events):
Event: 159000.843 GC heap before
{Heap before GC invocations=1219 (full 18):
 par new generation   total 39296K, used 35454K [0x0000000080e00000, 0x00000000838a0000, 0x00000000aa790000)
  eden space 34944K, 100% used [0x0000000080e00000, 0x0000000083020000, 0x0000000083020000)
  from space 4352K,  11% used [0x0000000083460000, 0x00000000834dfa78, 0x00000000838a0000)
  to   space 4352K,   0% used [0x0000000083020000, 0x0000000083020000, 0x0000000083460000)
 concurrent mark-sweep generation total 398496K, used 267135K [0x00000000aa790000, 0x00000000c2cb8000, 0x0000000100000000)
 Metaspace       used 301099K, capacity 311225K, committed 311692K, reserved 1320960K
  class space    used 37107K, capacity 40964K, committed 41300K, reserved 1048576K
}
Event: 159000.855 GC heap after
{Heap after GC invocations=1220 (full 18):
 par new generation   total 39296K, used 640K [0x0000000080e00000, 0x00000000838a0000, 0x00000000aa790000)
  eden space 34944K,   0% used [0x0000000080e00000, 0x0000000080e00000, 0x0000000083020000)
  from space 4352K,  14% used [0x0000000083020000, 0x00000000830c0070, 0x0000000083460000)
  to   space 4352K,   0% used [0x0000000083460000, 0x0000000083460000, 0x00000000838a0000)
 concurrent mark-sweep generation total 398496K, used 267135K [0x00000000aa790000, 0x00000000c2cb8000, 0x0000000100000000)
 Metaspace       used 301099K, capacity 311225K, committed 311692K, reserved 1320960K
  class space    used 37107K, capacity 40964K, committed 41300K, reserved 1048576K
}
Event: 161451.321 GC heap before
{Heap before GC invocations=1220 (full 18):
 par new generation   total 39296K, used 35584K [0x0000000080e00000, 0x00000000838a0000, 0x00000000aa790000)
  eden space 34944K, 100% used [0x0000000080e00000, 0x0000000083020000, 0x0000000083020000)
  from space 4352K,  14% used [0x0000000083020000, 0x00000000830c0070, 0x0000000083460000)
  to   space 4352K,   0% used [0x0000000083460000, 0x0000000083460000, 0x00000000838a0000)
 concurrent mark-sweep generation total 398496K, used 267135K [0x00000000aa790000, 0x00000000c2cb8000, 0x0000000100000000)
 Metaspace       used 301103K, capacity 311231K, committed 311692K, reserved 1320960K
  class space    used 37107K, capacity 40965K, committed 41300K, reserved 1048576K
}
Event: 161451.326 GC heap after
{Heap after GC invocations=1221 (full 18):
 par new generation   total 39296K, used 569K [0x0000000080e00000, 0x00000000838a0000, 0x00000000aa790000)
  eden space 34944K,   0% used [0x0000000080e00000, 0x0000000080e00000, 0x0000000083020000)
  from space 4352K,  13% used [0x0000000083460000, 0x00000000834ee4f0, 0x00000000838a0000)
  to   space 4352K,   0% used [0x0000000083020000, 0x0000000083020000, 0x0000000083460000)
 concurrent mark-sweep generation total 398496K, used 267135K [0x00000000aa790000, 0x00000000c2cb8000, 0x0000000100000000)
 Metaspace       used 301103K, capacity 311231K, committed 311692K, reserved 1320960K
  class space    used 37107K, capacity 40965K, committed 41300K, reserved 1048576K
}
Event: 162937.623 GC heap before
{Heap before GC invocations=1221 (full 18):
 par new generation   total 39296K, used 35513K [0x0000000080e00000, 0x00000000838a0000, 0x00000000aa790000)
  eden space 34944K, 100% used [0x0000000080e00000, 0x0000000083020000, 0x0000000083020000)
  from space 4352K,  13% used [0x0000000083460000, 0x00000000834ee4f0, 0x00000000838a0000)
  to   space 4352K,   0% used [0x0000000083020000, 0x0000000083020000, 0x0000000083460000)
 concurrent mark-sweep generation total 398496K, used 267135K [0x00000000aa790000, 0x00000000c2cb8000, 0x0000000100000000)
 Metaspace       used 301152K, capacity 311267K, committed 311692K, reserved 1320960K
  class space    used 37111K, capacity 40971K, committed 41300K, reserved 1048576K
}
Event: 162937.627 GC heap after
{Heap after GC invocations=1222 (full 18):
 par new generation   total 39296K, used 928K [0x0000000080e00000, 0x00000000838a0000, 0x00000000aa790000)
  eden space 34944K,   0% used [0x0000000080e00000, 0x0000000080e00000, 0x0000000083020000)
  from space 4352K,  21% used [0x0000000083020000, 0x00000000831082b8, 0x0000000083460000)
  to   space 4352K,   0% used [0x0000000083460000, 0x0000000083460000, 0x00000000838a0000)
 concurrent mark-sweep generation total 398496K, used 267140K [0x00000000aa790000, 0x00000000c2cb8000, 0x0000000100000000)
 Metaspace       used 301152K, capacity 311267K, committed 311692K, reserved 1320960K
  class space    used 37111K, capacity 40971K, committed 41300K, reserved 1048576K
}
Event: 165689.173 GC heap before
{Heap before GC invocations=1222 (full 18):
 par new generation   total 39296K, used 35872K [0x0000000080e00000, 0x00000000838a0000, 0x00000000aa790000)
  eden space 34944K, 100% used [0x0000000080e00000, 0x0000000083020000, 0x0000000083020000)
  from space 4352K,  21% used [0x0000000083020000, 0x00000000831082b8, 0x0000000083460000)
  to   space 4352K,   0% used [0x0000000083460000, 0x0000000083460000, 0x00000000838a0000)
 concurrent mark-sweep generation total 398496K, used 267140K [0x00000000aa790000, 0x00000000c2cb8000, 0x0000000100000000)
 Metaspace       used 301155K, capacity 311267K, committed 311692K, reserved 1320960K
  class space    used 37111K, capacity 40971K, committed 41300K, reserved 1048576K
}
Event: 165689.254 GC heap after
{Heap after GC invocations=1223 (full 18):
 par new generation   total 39296K, used 441K [0x0000000080e00000, 0x00000000838a0000, 0x00000000aa790000)
  eden space 34944K,   0% used [0x0000000080e00000, 0x0000000080e00000, 0x0000000083020000)
  from space 4352K,  10% used [0x0000000083460000, 0x00000000834ce5c0, 0x00000000838a0000)
  to   space 4352K,   0% used [0x0000000083020000, 0x0000000083020000, 0x0000000083460000)
 concurrent mark-sweep generation total 398496K, used 267497K [0x00000000aa790000, 0x00000000c2cb8000, 0x0000000100000000)
 Metaspace       used 301155K, capacity 311267K, committed 311692K, reserved 1320960K
  class space    used 37111K, capacity 40971K, committed 41300K, reserved 1048576K
}
Event: 168453.129 GC heap before
{Heap before GC invocations=1223 (full 18):
 par new generation   total 39296K, used 35385K [0x0000000080e00000, 0x00000000838a0000, 0x00000000aa790000)
  eden space 34944K, 100% used [0x0000000080e00000, 0x0000000083020000, 0x0000000083020000)
  from space 4352K,  10% used [0x0000000083460000, 0x00000000834ce5c0, 0x00000000838a0000)
  to   space 4352K,   0% used [0x0000000083020000, 0x0000000083020000, 0x0000000083460000)
 concurrent mark-sweep generation total 398496K, used 267497K [0x00000000aa790000, 0x00000000c2cb8000, 0x0000000100000000)
 Metaspace       used 301159K, capacity 311267K, committed 311692K, reserved 1320960K
  class space    used 37111K, capacity 40971K, committed 41300K, reserved 1048576K
}
Event: 168453.143 GC heap after
{Heap after GC invocations=1224 (full 18):
 par new generation   total 39296K, used 136K [0x0000000080e00000, 0x00000000838a0000, 0x00000000aa790000)
  eden space 34944K,   0% used [0x0000000080e00000, 0x0000000080e00000, 0x0000000083020000)
  from space 4352K,   3% used [0x0000000083020000, 0x00000000830420c8, 0x0000000083460000)
  to   space 4352K,   0% used [0x0000000083460000, 0x0000000083460000, 0x00000000838a0000)
 concurrent mark-sweep generation total 398496K, used 267505K [0x00000000aa790000, 0x00000000c2cb8000, 0x0000000100000000)
 Metaspace       used 301159K, capacity 311267K, committed 311692K, reserved 1320960K
  class space    used 37111K, capacity 40971K, committed 41300K, reserved 1048576K
}
Event: 171227.777 GC heap before
{Heap before GC invocations=1224 (full 18):
 par new generation   total 39296K, used 35080K [0x0000000080e00000, 0x00000000838a0000, 0x00000000aa790000)
  eden space 34944K, 100% used [0x0000000080e00000, 0x0000000083020000, 0x0000000083020000)
  from space 4352K,   3% used [0x0000000083020000, 0x00000000830420c8, 0x0000000083460000)
  to   space 4352K,   0% used [0x0000000083460000, 0x0000000083460000, 0x00000000838a0000)
 concurrent mark-sweep generation total 398496K, used 267505K [0x00000000aa790000, 0x00000000c2cb8000, 0x0000000100000000)
 Metaspace       used 301159K, capacity 311267K, committed 311692K, reserved 1320960K
  class space    used 37111K, capacity 40971K, committed 41300K, reserved 1048576K
}
Event: 171227.779 GC heap after
{Heap after GC invocations=1225 (full 18):
 par new generation   total 39296K, used 66K [0x0000000080e00000, 0x00000000838a0000, 0x00000000aa790000)
  eden space 34944K,   0% used [0x0000000080e00000, 0x0000000080e00000, 0x0000000083020000)
  from space 4352K,   1% used [0x0000000083460000, 0x0000000083470988, 0x00000000838a0000)
  to   space 4352K,   0% used [0x0000000083020000, 0x0000000083020000, 0x0000000083460000)
 concurrent mark-sweep generation total 398496K, used 267506K [0x00000000aa790000, 0x00000000c2cb8000, 0x0000000100000000)
 Metaspace       used 301159K, capacity 311267K, committed 311692K, reserved 1320960K
  class space    used 37111K, capacity 40971K, committed 41300K, reserved 1048576K
}
Event: 172939.735 GC heap before
{Heap before GC invocations=1225 (full 18):
 par new generation   total 39296K, used 35010K [0x0000000080e00000, 0x00000000838a0000, 0x00000000aa790000)
  eden space 34944K, 100% used [0x0000000080e00000, 0x0000000083020000, 0x0000000083020000)
  from space 4352K,   1% used [0x0000000083460000, 0x0000000083470988, 0x00000000838a0000)
  to   space 4352K,   0% used [0x0000000083020000, 0x0000000083020000, 0x0000000083460000)
 concurrent mark-sweep generation total 398496K, used 267506K [0x00000000aa790000, 0x00000000c2cb8000, 0x0000000100000000)
 Metaspace       used 301189K, capacity 311300K, committed 311692K, reserved 1320960K
  class space    used 37114K, capacity 40977K, committed 41300K, reserved 1048576K
}
Event: 172940.063 GC heap after
{Heap after GC invocations=1226 (full 18):
 par new generation   total 39296K, used 610K [0x0000000080e00000, 0x00000000838a0000, 0x00000000aa790000)
  eden space 34944K,   0% used [0x0000000080e00000, 0x0000000080e00000, 0x0000000083020000)
  from space 4352K,  14% used [0x0000000083020000, 0x00000000830b88d8, 0x0000000083460000)
  to   space 4352K,   0% used [0x0000000083460000, 0x0000000083460000, 0x00000000838a0000)
 concurrent mark-sweep generation total 398496K, used 267522K [0x00000000aa790000, 0x00000000c2cb8000, 0x0000000100000000)
 Metaspace       used 301189K, capacity 311300K, committed 311692K, reserved 1320960K
  class space    used 37114K, capacity 40977K, committed 41300K, reserved 1048576K
}
Event: 173182.713 GC heap before
{Heap before GC invocations=1226 (full 18):
 par new generation   total 39296K, used 35554K [0x0000000080e00000, 0x00000000838a0000, 0x00000000aa790000)
  eden space 34944K, 100% used [0x0000000080e00000, 0x0000000083020000, 0x0000000083020000)
  from space 4352K,  14% used [0x0000000083020000, 0x00000000830b88d8, 0x0000000083460000)
  to   space 4352K,   0% used [0x0000000083460000, 0x0000000083460000, 0x00000000838a0000)
 concurrent mark-sweep generation total 398496K, used 267522K [0x00000000aa790000, 0x00000000c2cb8000, 0x0000000100000000)
 Metaspace       used 301214K, capacity 311373K, committed 311948K, reserved 1320960K
  class space    used 37115K, capacity 40979K, committed 41300K, reserved 1048576K
}
Event: 173182.727 GC heap after
{Heap after GC invocations=1227 (full 18):
 par new generation   total 39296K, used 1464K [0x0000000080e00000, 0x00000000838a0000, 0x00000000aa790000)
  eden space 34944K,   0% used [0x0000000080e00000, 0x0000000080e00000, 0x0000000083020000)
  from space 4352K,  33% used [0x0000000083460000, 0x00000000835ce3d0, 0x00000000838a0000)
  to   space 4352K,   0% used [0x0000000083020000, 0x0000000083020000, 0x0000000083460000)
 concurrent mark-sweep generation total 398496K, used 267523K [0x00000000aa790000, 0x00000000c2cb8000, 0x0000000100000000)
 Metaspace       used 301214K, capacity 311373K, committed 311948K, reserved 1320960K
  class space    used 37115K, capacity 40979K, committed 41300K, reserved 1048576K
}
Event: 174519.086 GC heap before
{Heap before GC invocations=1227 (full 18):
 par new generation   total 39296K, used 36408K [0x0000000080e00000, 0x00000000838a0000, 0x00000000aa790000)
  eden space 34944K, 100% used [0x0000000080e00000, 0x0000000083020000, 0x0000000083020000)
  from space 4352K,  33% used [0x0000000083460000, 0x00000000835ce3d0, 0x00000000838a0000)
  to   space 4352K,   0% used [0x0000000083020000, 0x0000000083020000, 0x0000000083460000)
 concurrent mark-sweep generation total 398496K, used 267523K [0x00000000aa790000, 0x00000000c2cb8000, 0x0000000100000000)
 Metaspace       used 301327K, capacity 311524K, committed 311948K, reserved 1320960K
  class space    used 37132K, capacity 41009K, committed 41300K, reserved 1048576K
}
Event: 174519.098 GC heap after
{Heap after GC invocations=1228 (full 18):
 par new generation   total 39296K, used 1665K [0x0000000080e00000, 0x00000000838a0000, 0x00000000aa790000)
  eden space 34944K,   0% used [0x0000000080e00000, 0x0000000080e00000, 0x0000000083020000)
  from space 4352K,  38% used [0x0000000083020000, 0x00000000831c07d0, 0x0000000083460000)
  to   space 4352K,   0% used [0x0000000083460000, 0x0000000083460000, 0x00000000838a0000)
 concurrent mark-sweep generation total 398496K, used 267530K [0x00000000aa790000, 0x00000000c2cb8000, 0x0000000100000000)
 Metaspace       used 301327K, capacity 311524K, committed 311948K, reserved 1320960K
  class space    used 37132K, capacity 41009K, committed 41300K, reserved 1048576K
}
Event: 177229.703 GC heap before
{Heap before GC invocations=1228 (full 18):
 par new generation   total 39296K, used 36609K [0x0000000080e00000, 0x00000000838a0000, 0x00000000aa790000)
  eden space 34944K, 100% used [0x0000000080e00000, 0x0000000083020000, 0x0000000083020000)
  from space 4352K,  38% used [0x0000000083020000, 0x00000000831c07d0, 0x0000000083460000)
  to   space 4352K,   0% used [0x0000000083460000, 0x0000000083460000, 0x00000000838a0000)
 concurrent mark-sweep generation total 398496K, used 267530K [0x00000000aa790000, 0x00000000c2cb8000, 0x0000000100000000)
 Metaspace       used 301327K, capacity 311524K, committed 311948K, reserved 1320960K
  class space    used 37132K, capacity 41009K, committed 41300K, reserved 1048576K
}
Event: 177229.706 GC heap after
{Heap after GC invocations=1229 (full 18):
 par new generation   total 39296K, used 1028K [0x0000000080e00000, 0x00000000838a0000, 0x00000000aa790000)
  eden space 34944K,   0% used [0x0000000080e00000, 0x0000000080e00000, 0x0000000083020000)
  from space 4352K,  23% used [0x0000000083460000, 0x0000000083561100, 0x00000000838a0000)
  to   space 4352K,   0% used [0x0000000083020000, 0x0000000083020000, 0x0000000083460000)
 concurrent mark-sweep generation total 398496K, used 267531K [0x00000000aa790000, 0x00000000c2cb8000, 0x0000000100000000)
 Metaspace       used 301327K, capacity 311524K, committed 311948K, reserved 1320960K
  class space    used 37132K, capacity 41009K, committed 41300K, reserved 1048576K
}

Deoptimization events (20 events):
Event: 172949.864 Thread 0x0000000028d2a800 DEOPT PACKING pc=0x000000000e711778 sp=0x000000002ab5ce20
Event: 172949.864 Thread 0x0000000028d2a800 DEOPT UNPACKING pc=0x0000000005d8702f sp=0x000000002ab5cdb8 mode 2
Event: 172949.864 Thread 0x0000000028d2a800 Uncommon trap: trap_request=0xffffffde fr.pc=0x000000000e711778 relative=0x00000000000000b8
Event: 172949.864 Thread 0x0000000028d2a800 Uncommon trap: reason=class_check action=maybe_recompile pc=0x000000000e711778 method=com.intellij.util.FilteringProcessor.process(Ljava/lang/Object;)Z @ 5 c2
Event: 172949.864 Thread 0x0000000028d2a800 DEOPT PACKING pc=0x000000000e711778 sp=0x000000002ab5ce20
Event: 172949.864 Thread 0x0000000028d2a800 DEOPT UNPACKING pc=0x0000000005d8702f sp=0x000000002ab5cdb8 mode 2
Event: 172949.864 Thread 0x0000000028d2a800 Uncommon trap: trap_request=0xffffffde fr.pc=0x000000000e711778 relative=0x00000000000000b8
Event: 172949.864 Thread 0x0000000028d2a800 Uncommon trap: reason=class_check action=maybe_recompile pc=0x000000000e711778 method=com.intellij.util.FilteringProcessor.process(Ljava/lang/Object;)Z @ 5 c2
Event: 172949.864 Thread 0x0000000028d2a800 DEOPT PACKING pc=0x000000000e711778 sp=0x000000002ab5ce20
Event: 172949.864 Thread 0x0000000028d2a800 DEOPT UNPACKING pc=0x0000000005d8702f sp=0x000000002ab5cdb8 mode 2
Event: 172949.960 Thread 0x0000000028d2a800 Uncommon trap: trap_request=0xffffffbe fr.pc=0x000000000e30b0a0 relative=0x0000000000000dc0
Event: 172949.960 Thread 0x0000000028d2a800 Uncommon trap: reason=profile_predicate action=maybe_recompile pc=0x000000000e30b0a0 method=com.intellij.openapi.util.text.StringUtil.replace(Ljava/lang/String;Ljava/util/List;Ljava/util/List;)Ljava/lang/String; @ 84 c2
Event: 172949.961 Thread 0x0000000028d2a800 DEOPT PACKING pc=0x000000000e30b0a0 sp=0x000000002ab5c920
Event: 172949.961 Thread 0x0000000028d2a800 DEOPT UNPACKING pc=0x0000000005d8702f sp=0x000000002ab5c900 mode 2
Event: 172950.113 Thread 0x0000000028d2a800 Uncommon trap: trap_request=0xffffff4d fr.pc=0x000000000e76167c relative=0x000000000000035c
Event: 172950.114 Thread 0x0000000028d2a800 Uncommon trap: reason=unstable_if action=reinterpret pc=0x000000000e76167c method=com.github.benmanes.caffeine.cache.BoundedLocalCache.scheduleAfterWrite()V @ 4 c2
Event: 172950.114 Thread 0x0000000028d2a800 DEOPT PACKING pc=0x000000000e76167c sp=0x000000002ab5d210
Event: 172950.114 Thread 0x0000000028d2a800 DEOPT UNPACKING pc=0x0000000005d8702f sp=0x000000002ab5d1b8 mode 2
Event: 173182.970 Thread 0x0000000061fc8000 DEOPT PACKING pc=0x0000000008450bbb sp=0x00000000279ac290
Event: 173182.970 Thread 0x0000000061fc8000 DEOPT UNPACKING pc=0x0000000005d86e4e sp=0x00000000279ab740 mode 0

Classes redefined (0 events):
No events

Internal exceptions (20 events):
Event: 175532.073 Thread 0x0000000061fc0000 Exception <a 'sun/nio/fs/WindowsException'{0x0000000081b04b48}> (0x0000000081b04b48) thrown at [./src/hotspot/share/prims/jni.cpp, line 616]
Event: 175532.073 Thread 0x0000000061fc0000 Exception <a 'sun/nio/fs/WindowsException'{0x0000000081b08ee0}> (0x0000000081b08ee0) thrown at [./src/hotspot/share/prims/jni.cpp, line 616]
Event: 176132.089 Thread 0x0000000061fc0000 Exception <a 'sun/nio/fs/WindowsException'{0x000000008227a460}> (0x000000008227a460) thrown at [./src/hotspot/share/prims/jni.cpp, line 616]
Event: 176132.089 Thread 0x0000000061fc0000 Exception <a 'sun/nio/fs/WindowsException'{0x0000000082280808}> (0x0000000082280808) thrown at [./src/hotspot/share/prims/jni.cpp, line 616]
Event: 176132.184 Thread 0x0000000061fc0000 Exception <a 'sun/nio/fs/WindowsException'{0x0000000082288188}> (0x0000000082288188) thrown at [./src/hotspot/share/prims/jni.cpp, line 616]
Event: 176132.185 Thread 0x0000000061fc0000 Exception <a 'sun/nio/fs/WindowsException'{0x000000008228e530}> (0x000000008228e530) thrown at [./src/hotspot/share/prims/jni.cpp, line 616]
Event: 176732.103 Thread 0x0000000061fc8000 Exception <a 'sun/nio/fs/WindowsException'{0x00000000829ecf20}> (0x00000000829ecf20) thrown at [./src/hotspot/share/prims/jni.cpp, line 616]
Event: 176732.103 Thread 0x0000000061fc8000 Exception <a 'sun/nio/fs/WindowsException'{0x00000000829f33d8}> (0x00000000829f33d8) thrown at [./src/hotspot/share/prims/jni.cpp, line 616]
Event: 177032.200 Thread 0x0000000061fc8000 Exception <a 'sun/nio/fs/WindowsException'{0x0000000082da5c68}> (0x0000000082da5c68) thrown at [./src/hotspot/share/prims/jni.cpp, line 616]
Event: 177032.200 Thread 0x0000000061fc8000 Exception <a 'sun/nio/fs/WindowsException'{0x0000000082dac010}> (0x0000000082dac010) thrown at [./src/hotspot/share/prims/jni.cpp, line 616]
Event: 177332.119 Thread 0x0000000061fc8000 Exception <a 'sun/nio/fs/WindowsException'{0x0000000080f62790}> (0x0000000080f62790) thrown at [./src/hotspot/share/prims/jni.cpp, line 616]
Event: 177332.119 Thread 0x0000000061fc8000 Exception <a 'sun/nio/fs/WindowsException'{0x0000000080f68b38}> (0x0000000080f68b38) thrown at [./src/hotspot/share/prims/jni.cpp, line 616]
Event: 177932.126 Thread 0x0000000061fc3000 Exception <a 'sun/nio/fs/WindowsException'{0x00000000816b19b8}> (0x00000000816b19b8) thrown at [./src/hotspot/share/prims/jni.cpp, line 616]
Event: 177932.126 Thread 0x0000000061fc3000 Exception <a 'sun/nio/fs/WindowsException'{0x00000000816e5770}> (0x00000000816e5770) thrown at [./src/hotspot/share/prims/jni.cpp, line 616]
Event: 177932.205 Thread 0x0000000061fc3000 Exception <a 'sun/nio/fs/WindowsException'{0x00000000816ece50}> (0x00000000816ece50) thrown at [./src/hotspot/share/prims/jni.cpp, line 616]
Event: 177932.206 Thread 0x0000000061fc3000 Exception <a 'sun/nio/fs/WindowsException'{0x00000000816f31f8}> (0x00000000816f31f8) thrown at [./src/hotspot/share/prims/jni.cpp, line 616]
Event: 178532.136 Thread 0x0000000061fc3000 Exception <a 'sun/nio/fs/WindowsException'{0x0000000081e2cd90}> (0x0000000081e2cd90) thrown at [./src/hotspot/share/prims/jni.cpp, line 616]
Event: 178532.136 Thread 0x0000000061fc3000 Exception <a 'sun/nio/fs/WindowsException'{0x0000000081e33388}> (0x0000000081e33388) thrown at [./src/hotspot/share/prims/jni.cpp, line 616]
Event: 178832.214 Thread 0x0000000061fc3000 Exception <a 'sun/nio/fs/WindowsException'{0x00000000821d3910}> (0x00000000821d3910) thrown at [./src/hotspot/share/prims/jni.cpp, line 616]
Event: 178832.214 Thread 0x0000000061fc3000 Exception <a 'sun/nio/fs/WindowsException'{0x00000000821d9cb8}> (0x00000000821d9cb8) thrown at [./src/hotspot/share/prims/jni.cpp, line 616]

Events (20 events):
Event: 176445.557 Executing VM operation: RevokeBias done
Event: 176502.330 Thread 0x0000000061fc0000 Thread exited: 0x0000000061fc0000
Event: 177229.703 Executing VM operation: GenCollectForAllocation
Event: 177229.706 Executing VM operation: GenCollectForAllocation done
Event: 177462.475 Thread 0x0000000061fc3000 Thread added: 0x0000000061fc3000
Event: 177463.355 Executing VM operation: RevokeBias
Event: 177463.355 Executing VM operation: RevokeBias done
Event: 177522.485 Thread 0x0000000061fc8000 Thread exited: 0x0000000061fc8000
Event: 178917.064 Thread 0x0000000061fc0000 Thread added: 0x0000000061fc0000
Event: 178917.112 Executing VM operation: RevokeBias
Event: 178917.112 Executing VM operation: RevokeBias done
Event: 178917.437 Thread 0x0000000061fc8000 Thread added: 0x0000000061fc8000
Event: 178917.437 Executing VM operation: RevokeBias
Event: 178917.437 Executing VM operation: RevokeBias done
Event: 178917.437 Thread 0x0000000061fc8000 Thread exited: 0x0000000061fc8000
Event: 178917.479 Thread 0x0000000061fc8000 Thread added: 0x0000000061fc8000
Event: 178917.650 Thread 0x0000000061fc2800 Thread added: 0x0000000061fc2800
Event: 178917.651 Executing VM operation: RevokeBias
Event: 178917.651 Executing VM operation: RevokeBias done
Event: 178917.651 Thread 0x0000000061fc2800 Thread exited: 0x0000000061fc2800


Dynamic libraries:
0x0000000140000000 - 0x0000000140146000 	C:\Program Files\JetBrains\DataGrip 2021.1.1\bin\datagrip64.exe
0x00007ffb97130000 - 0x00007ffb97325000 	C:\Windows\SYSTEM32\ntdll.dll
0x00007ffb96450000 - 0x00007ffb9650d000 	C:\Windows\System32\KERNEL32.DLL
0x00007ffb94b50000 - 0x00007ffb94e18000 	C:\Windows\System32\KERNELBASE.dll
0x00007ffb92240000 - 0x00007ffb922d0000 	C:\Windows\SYSTEM32\apphelp.dll
0x00007ffb951b0000 - 0x00007ffb95350000 	C:\Windows\System32\USER32.dll
0x00007ffb94a80000 - 0x00007ffb94aa2000 	C:\Windows\System32\win32u.dll
0x00007ffb95400000 - 0x00007ffb9542a000 	C:\Windows\System32\GDI32.dll
0x00007ffb95050000 - 0x00007ffb9515b000 	C:\Windows\System32\gdi32full.dll
0x00007ffb94ab0000 - 0x00007ffb94b4d000 	C:\Windows\System32\msvcp_win.dll
0x00007ffb94ed0000 - 0x00007ffb94fd0000 	C:\Windows\System32\ucrtbase.dll
0x00007ffb96bd0000 - 0x00007ffb96c7c000 	C:\Windows\System32\ADVAPI32.dll
0x00007ffb95430000 - 0x00007ffb954ce000 	C:\Windows\System32\msvcrt.dll
0x00007ffb96fe0000 - 0x00007ffb9707b000 	C:\Windows\System32\sechost.dll
0x00007ffb954d0000 - 0x00007ffb955fb000 	C:\Windows\System32\RPCRT4.dll
0x00007ffb95690000 - 0x00007ffb95dd2000 	C:\Windows\System32\SHELL32.dll
0x00007ffb96510000 - 0x00007ffb9663a000 	C:\Windows\System32\ole32.dll
0x00007ffb96c80000 - 0x00007ffb96fd5000 	C:\Windows\System32\combase.dll
0x00007ffb95600000 - 0x00007ffb95630000 	C:\Windows\System32\IMM32.DLL
0x00007ffb96a40000 - 0x00007ffb96aee000 	C:\Windows\System32\shcore.dll
0x00007ffb43460000 - 0x00007ffb43faf000 	C:\Program Files\JetBrains\DataGrip 2021.1.1\jbr\bin\server\jvm.dll
0x00007ffb97080000 - 0x00007ffb97088000 	C:\Windows\System32\PSAPI.DLL
0x00007ffb80280000 - 0x00007ffb8029a000 	C:\Windows\SYSTEM32\VCRUNTIME140.dll
0x00007ffb8e8e0000 - 0x00007ffb8e8ea000 	C:\Windows\SYSTEM32\VERSION.dll
0x00007ffb83640000 - 0x00007ffb83667000 	C:\Windows\SYSTEM32\WINMM.dll
0x00007ffb6c250000 - 0x00007ffb6c259000 	C:\Windows\SYSTEM32\WSOCK32.dll
0x00007ffb96820000 - 0x00007ffb9688b000 	C:\Windows\System32\WS2_32.dll
0x00007ffb883f0000 - 0x00007ffb88401000 	C:\Program Files\JetBrains\DataGrip 2021.1.1\jbr\bin\verify.dll
0x00007ffb867b0000 - 0x00007ffb86994000 	C:\Windows\SYSTEM32\DBGHELP.DLL
0x00007ffb8e090000 - 0x00007ffb8e0bc000 	C:\Windows\SYSTEM32\dbgcore.DLL
0x00007ffb94fd0000 - 0x00007ffb95050000 	C:\Windows\System32\bcryptPrimitives.dll
0x00007ffb815a0000 - 0x00007ffb815c9000 	C:\Program Files\JetBrains\DataGrip 2021.1.1\jbr\bin\java.dll
0x00007ffb903e0000 - 0x00007ffb903eb000 	C:\Program Files\JetBrains\DataGrip 2021.1.1\jbr\bin\jimage.dll
0x00007ffb87690000 - 0x00007ffb876a8000 	C:\Program Files\JetBrains\DataGrip 2021.1.1\jbr\bin\zip.dll
0x00007ffb927d0000 - 0x00007ffb927e2000 	C:\Windows\SYSTEM32\kernel.appcore.dll
0x00007ffb929d0000 - 0x00007ffb93161000 	C:\Windows\SYSTEM32\windows.storage.dll
0x00007ffb94210000 - 0x00007ffb9423c000 	C:\Windows\SYSTEM32\Wldp.dll
0x00007ffb97090000 - 0x00007ffb970e5000 	C:\Windows\System32\shlwapi.dll
0x00007ffb947b0000 - 0x00007ffb947cf000 	C:\Windows\SYSTEM32\profapi.dll
0x00007ffb875e0000 - 0x00007ffb875fa000 	C:\Program Files\JetBrains\DataGrip 2021.1.1\jbr\bin\net.dll
0x00007ffb8d410000 - 0x00007ffb8d51b000 	C:\Windows\SYSTEM32\WINHTTP.dll
0x00007ffb93f80000 - 0x00007ffb93fea000 	C:\Windows\system32\mswsock.dll
0x00007ffb875b0000 - 0x00007ffb875c4000 	C:\Program Files\JetBrains\DataGrip 2021.1.1\jbr\bin\nio.dll
0x00007ffb882c0000 - 0x00007ffb882ca000 	C:\Program Files\JetBrains\DataGrip 2021.1.1\jbr\bin\management.dll
0x00007ffb6d690000 - 0x00007ffb6d835000 	C:\Program Files\JetBrains\DataGrip 2021.1.1\jbr\bin\awt.dll
0x00007ffb96af0000 - 0x00007ffb96bbd000 	C:\Windows\System32\OLEAUT32.dll
0x00007ffb925c0000 - 0x00007ffb925ef000 	C:\Windows\SYSTEM32\dwmapi.dll
0x00007ffb80860000 - 0x00007ffb808fd000 	C:\Program Files\JetBrains\DataGrip 2021.1.1\bin\MSVCP140.dll
0x00007ffb88270000 - 0x00007ffb8827c000 	C:\Program Files\JetBrains\DataGrip 2021.1.1\jbr\bin\management_ext.dll
0x00007ffb94160000 - 0x00007ffb94178000 	C:\Windows\SYSTEM32\CRYPTSP.dll
0x00007ffb93920000 - 0x00007ffb93954000 	C:\Windows\system32\rsaenh.dll
0x00007ffb95160000 - 0x00007ffb95187000 	C:\Windows\System32\bcrypt.dll
0x00007ffb946a0000 - 0x00007ffb946ce000 	C:\Windows\SYSTEM32\USERENV.dll
0x00007ffb94150000 - 0x00007ffb9415c000 	C:\Windows\SYSTEM32\CRYPTBASE.dll
0x00007ffb93c70000 - 0x00007ffb93cab000 	C:\Windows\SYSTEM32\IPHLPAPI.DLL
0x00007ffb96bc0000 - 0x00007ffb96bc8000 	C:\Windows\System32\NSI.dll
0x00007ffb8e990000 - 0x00007ffb8e9a7000 	C:\Windows\SYSTEM32\dhcpcsvc6.DLL
0x00007ffb8e970000 - 0x00007ffb8e98d000 	C:\Windows\SYSTEM32\dhcpcsvc.DLL
0x00007ffb93d00000 - 0x00007ffb93dcc000 	C:\Windows\SYSTEM32\DNSAPI.dll
0x00007ffb81570000 - 0x00007ffb81598000 	C:\Program Files\JetBrains\DataGrip 2021.1.1\jbr\bin\sunec.dll
0x00007ffb81040000 - 0x00007ffb810f0000 	C:\Windows\WinSxS\amd64_microsoft.windows.common-controls_6595b64144ccf1df_5.82.19041.844_none_423537bff6b9828c\COMCTL32.dll
0x00007ffb92310000 - 0x00007ffb923ae000 	C:\Windows\system32\uxtheme.dll
0x00007ffb95e40000 - 0x00007ffb95f55000 	C:\Windows\System32\MSCTF.dll
0x00007ffb88220000 - 0x00007ffb8822a000 	C:\Program Files\JetBrains\DataGrip 2021.1.1\jbr\bin\prefs.dll
0x00007ffb7ff80000 - 0x00007ffb80008000 	C:\Program Files\JetBrains\DataGrip 2021.1.1\jbr\bin\freetype.dll
0x00007ffb814b0000 - 0x00007ffb814c6000 	C:\Program Files\JetBrains\DataGrip 2021.1.1\jbr\bin\fontmanager.dll
0x00007ffb735f0000 - 0x00007ffb736ad000 	C:\Program Files\JetBrains\DataGrip 2021.1.1\jbr\bin\jharfbuzz.dll
0x00007ffb627e0000 - 0x00007ffb62906000 	C:\Windows\system32\opengl32.dll
0x00007ffb81500000 - 0x00007ffb8152c000 	C:\Windows\SYSTEM32\GLU32.dll
0x00007ffb80210000 - 0x00007ffb80254000 	C:\Users\chris\AppData\Local\JetBrains\DataGrip2021.1\tmp\jna15266177546732396023.dll
0x00007ffb81530000 - 0x00007ffb8154b000 	C:\Program Files\JetBrains\DataGrip 2021.1.1\bin\IdeaWin64.dll
0x00007ffb8bc10000 - 0x00007ffb8bc8f000 	C:\Windows\System32\fwpuclnt.dll
0x00007ffb8d000000 - 0x00007ffb8d00a000 	C:\Windows\System32\rasadhlp.dll
0x00007ffb8a6b0000 - 0x00007ffb8a7a9000 	C:\Windows\SYSTEM32\textinputframework.dll
0x00007ffb91820000 - 0x00007ffb91912000 	C:\Windows\System32\CoreMessaging.dll
0x00007ffb91ca0000 - 0x00007ffb91ffe000 	C:\Windows\System32\CoreUIComponents.dll
0x00007ffb935b0000 - 0x00007ffb935e3000 	C:\Windows\SYSTEM32\ntmarta.dll
0x00007ffb914d0000 - 0x00007ffb91624000 	C:\Windows\SYSTEM32\wintypes.dll
0x00007ffb95350000 - 0x00007ffb953f9000 	C:\Windows\System32\clbcatq.dll
0x00007ffb833a0000 - 0x00007ffb8363a000 	C:\Windows\WinSxS\amd64_microsoft.windows.common-controls_6595b64144ccf1df_6.0.19041.844_none_ca00b6081b84eb1d\comctl32.dll
0x00007ffb8f4e0000 - 0x00007ffb8f694000 	C:\Windows\SYSTEM32\WindowsCodecs.dll
0x00007ffb76e00000 - 0x00007ffb76e3e000 	C:\Windows\system32\dataexchange.dll
0x00007ffb90ca0000 - 0x00007ffb90f04000 	C:\Windows\system32\d3d11.dll
0x00007ffb91630000 - 0x00007ffb91815000 	C:\Windows\system32\dcomp.dll
0x00007ffb932d0000 - 0x00007ffb933c3000 	C:\Windows\system32\dxgi.dll
0x00007ffb8ec90000 - 0x00007ffb8ee91000 	C:\Windows\system32\twinapi.appcore.dll
0x00007ffb7fc60000 - 0x00007ffb7fc98000 	C:\Program Files\JetBrains\DataGrip 2021.1.1\bin\WinShellIntegrationBridge64.dll
0x00007ffb76020000 - 0x00007ffb760b1000 	C:\Windows\System32\appresolver.dll
0x00007ffb8c810000 - 0x00007ffb8c86b000 	C:\Windows\System32\Bcp47Langs.dll
0x00007ffb93510000 - 0x00007ffb93539000 	C:\Windows\System32\SLC.dll
0x00007ffb934e0000 - 0x00007ffb93505000 	C:\Windows\System32\sppc.dll
0x00007ffb904b0000 - 0x00007ffb905a7000 	C:\Windows\SYSTEM32\PROPSYS.dll
0x00007ffb76140000 - 0x00007ffb761a2000 	C:\Windows\System32\Windows.FileExplorer.Common.dll
0x00007ffb87c90000 - 0x00007ffb87f40000 	C:\Windows\System32\iertutil.dll
0x00007ffb963d0000 - 0x00007ffb96449000 	C:\Windows\System32\coml2.dll
0x00007ffb75260000 - 0x00007ffb753de000 	C:\Windows\System32\TaskFlowDataEngine.dll
0x00007ffb79c90000 - 0x00007ffb7a131000 	C:\Windows\System32\cdp.dll
0x00007ffb94920000 - 0x00007ffb94a7f000 	C:\Windows\System32\CRYPT32.dll
0x00007ffb94e80000 - 0x00007ffb94ece000 	C:\Windows\System32\cfgmgr32.dll
0x00007ffb94740000 - 0x00007ffb94752000 	C:\Windows\System32\UMPDC.dll
0x00007ffb906b0000 - 0x00007ffb907eb000 	C:\Windows\System32\dsreg.dll
0x00007ffb939b0000 - 0x00007ffb93a3a000 	C:\Windows\System32\msvcp110_win.dll
0x00007ffb7e6a0000 - 0x00007ffb7e71d000 	C:\Windows\System32\OneCoreCommonProxyStub.dll
0x00007ffb768e0000 - 0x00007ffb76902000 	C:\Windows\System32\cldapi.dll
0x00007ffb87420000 - 0x00007ffb8742b000 	C:\Windows\System32\FLTLIB.DLL
0x00007ffb94660000 - 0x00007ffb94691000 	C:\Windows\SYSTEM32\SspiCli.dll
0x00007ffb7a610000 - 0x00007ffb7a756000 	C:\Windows\System32\Windows.StateRepositoryPS.dll
0x00007ffb905e0000 - 0x00007ffb90608000 	C:\Windows\system32\mssprxy.dll
0x00007ffb79410000 - 0x00007ffb7941d000 	C:\Windows\SYSTEM32\LINKINFO.dll
0x00007ffb760c0000 - 0x00007ffb7613d000 	C:\Windows\SYSTEM32\ntshrui.dll
0x00007ffb82410000 - 0x00007ffb82438000 	C:\Windows\SYSTEM32\srvcli.dll
0x00007ffb81360000 - 0x00007ffb81372000 	C:\Windows\SYSTEM32\cscapi.dll
0x00007ffb8eba0000 - 0x00007ffb8ec40000 	C:\Windows\SYSTEM32\policymanager.dll
0x00007ffb76b70000 - 0x00007ffb76d91000 	C:\Windows\system32\explorerframe.dll
0x00007ffb7c0f0000 - 0x00007ffb7c3e5000 	C:\Windows\SYSTEM32\UIAutomationCore.dll
0x00007ffb81870000 - 0x00007ffb818d6000 	C:\Windows\SYSTEM32\OLEACC.dll
0x00007ffb80e00000 - 0x00007ffb80e17000 	C:\Windows\system32\napinsp.dll
0x00007ffb80de0000 - 0x00007ffb80dfb000 	C:\Windows\system32\pnrpnsp.dll
0x00007ffb80dc0000 - 0x00007ffb80dd5000 	C:\Windows\system32\wshbth.dll
0x00007ffb90280000 - 0x00007ffb9029d000 	C:\Windows\system32\NLAapi.dll
0x00007ffb80da0000 - 0x00007ffb80db2000 	C:\Windows\System32\winrnr.dll
0x00007ffb7cdf0000 - 0x00007ffb7ce30000 	C:\Program Files\JetBrains\DataGrip 2021.1.1\jbr\bin\lcms.dll
0x00007ffb76ad0000 - 0x00007ffb76af4000 	C:\Windows\SYSTEM32\edputil.dll
0x00007ffb7d240000 - 0x00007ffb7d257000 	C:\Windows\system32\NetworkExplorer.dll
0x00007ffb873e0000 - 0x00007ffb873fd000 	C:\Windows\SYSTEM32\MPR.dll
0x00007ffb80cd0000 - 0x00007ffb80cdb000 	C:\Windows\System32\drprov.dll
0x00007ffb946e0000 - 0x00007ffb9473a000 	C:\Windows\System32\WINSTA.dll
0x00007ffb7c550000 - 0x00007ffb7c568000 	C:\Windows\System32\ntlanman.dll

dbghelp: loaded successfully - version: 4.0.5 - missing functions: none
symbol engine: initialized successfully - sym options: 0x614 - pdb path: .;C:\Program Files\JetBrains\DataGrip 2021.1.1\bin;C:\Windows\SYSTEM32;C:\Program Files\JetBrains\DataGrip 2021.1.1\jbr\bin\server;C:\Program Files\JetBrains\DataGrip 2021.1.1\jbr\bin;C:\Windows\WinSxS\amd64_microsoft.windows.common-controls_6595b64144ccf1df_5.82.19041.844_none_423537bff6b9828c;C:\Users\chris\AppData\Local\JetBrains\DataGrip2021.1\tmp;C:\Windows\WinSxS\amd64_microsoft.windows.common-controls_6595b64144ccf1df_6.0.19041.844_none_ca00b6081b84eb1d;C:\Windows\WinSxS\amd64_microsoft.windows.gdiplus_6595b64144ccf1df_1.1.19041.928_none_faefac437613c6cc

VM Arguments:
jvm_args: exit -Xms128m -Xmx2034m -XX:ReservedCodeCacheSize=240m -XX:+UseConcMarkSweepGC -XX:SoftRefLRUPolicyMSPerMB=50 -ea -Dsun.io.useCanonCaches=false -Djava.net.preferIPv4Stack=true -Djdk.http.auth.tunneling.disabledSchemes="" -XX:+HeapDumpOnOutOfMemoryError -XX:-OmitStackTraceInFastThrow -Djb.vmOptionsFile=C:\Users\chris\AppData\Roaming\JetBrains\DataGrip2021.1\datagrip64.exe.vmoptions -Djava.library.path=C:\Program Files\JetBrains\DataGrip 2021.1.1\jbr\\bin;C:\Program Files\JetBrains\DataGrip 2021.1.1\jbr\\bin\server -Didea.platform.prefix=DataGrip -Dide.native.launcher=true -Didea.vendor.name=JetBrains -Didea.paths.selector=DataGrip2021.1 -XX:ErrorFile=C:\Users\chris\java_error_in_datagrip64_%p.log -XX:HeapDumpPath=C:\Users\chris\java_error_in_datagrip64.hprof 
java_command: <unknown>
java_class_path (initial): C:\Program Files\JetBrains\DataGrip 2021.1.1\lib\bootstrap.jar;C:\Program Files\JetBrains\DataGrip 2021.1.1\lib\util.jar;C:\Program Files\JetBrains\DataGrip 2021.1.1\lib\jdom.jar;C:\Program Files\JetBrains\DataGrip 2021.1.1\lib\log4j.jar;C:\Program Files\JetBrains\DataGrip 2021.1.1\lib\jna.jar
Launcher Type: generic

[Global flags]
     intx CICompilerCount                          = 4                                         {product} {ergonomic}
    ccstr ErrorFile                                = C:\Users\chris\java_error_in_datagrip64_%p.log            {product} {command line}
     bool HeapDumpOnOutOfMemoryError               = true                                   {manageable} {command line}
    ccstr HeapDumpPath                             = C:\Users\chris\java_error_in_datagrip64.hprof         {manageable} {command line}
   size_t InitialHeapSize                          = 134217728                                 {product} {command line}
   size_t MaxHeapSize                              = 2132803584                                {product} {command line}
   size_t MaxNewSize                               = 697892864                                 {product} {ergonomic}
    uintx MaxTenuringThreshold                     = 6                                         {product} {ergonomic}
   size_t MinHeapDeltaBytes                        = 196608                                    {product} {ergonomic}
   size_t NewSize                                  = 44695552                                  {product} {ergonomic}
    uintx NonNMethodCodeHeapSize                   = 5836300                                {pd product} {ergonomic}
    uintx NonProfiledCodeHeapSize                  = 122910970                              {pd product} {ergonomic}
   size_t OldSize                                  = 89522176                                  {product} {ergonomic}
     bool OmitStackTraceInFastThrow                = false                                     {product} {command line}
    uintx ProfiledCodeHeapSize                     = 122910970                              {pd product} {ergonomic}
    uintx ReservedCodeCacheSize                    = 251658240                              {pd product} {command line}
     bool SegmentedCodeCache                       = true                                      {product} {ergonomic}
     intx SoftRefLRUPolicyMSPerMB                  = 50                                        {product} {command line}
     bool UseCompressedClassPointers               = true                                 {lp64_product} {ergonomic}
     bool UseCompressedOops                        = true                                 {lp64_product} {ergonomic}
     bool UseConcMarkSweepGC                       = true                                      {product} {command line}
     bool UseLargePagesIndividualAllocation        = false                                  {pd product} {ergonomic}

Logging:
Log output configuration:
 #0: stdout all=warning uptime,level,tags
 #1: stderr all=off uptime,level,tags

Environment Variables:
PATH=C:\Windows\system32;C:\Windows;C:\Windows\System32\Wbem;C:\Windows\System32\WindowsPowerShell\v1.0\;C:\Windows\System32\OpenSSH\;C:\Program Files\dotnet\;E:\Program Files\Process Lasso\;C:\Program Files\TortoiseGit\bin;C:\ProgramData\chocolatey\bin;C:\Program Files\nodejs\;C:\Program Files\Git\cmd;C:\Users\chris\AppData\Local\Microsoft\WindowsApps;;C:\Program Files\JetBrains\DataGrip 2021.1.1\bin;;C:\Users\chris\AppData\Roaming\npm;C:\Users\chris\AppData\Local\Programs\Microsoft VS Code\bin
USERNAME=chris
OS=Windows_NT
PROCESSOR_IDENTIFIER=Intel64 Family 6 Model 42 Stepping 7, GenuineIntel



---------------  S Y S T E M  ---------------

OS: Windows 10 , 64 bit Build 19041 (10.0.19041.928)
OS uptime: 9 days 4:04 hours

CPU:total 8 (initial active 8) (4 cores per cpu, 2 threads per core) family 6 model 42 stepping 7 microcode 0x2f, cmov, cx8, fxsr, mmx, sse, sse2, sse3, ssse3, sse4.1, sse4.2, popcnt, avx, aes, clmul, ht, tsc, tscinvbit

Memory: 4k page, system-wide physical 16278M (11317M free)
TotalPageFile size 66019M (AvailPageFile size 5M)
current process WorkingSet (physical memory assigned to process): 474M, peak: 1128M
current process commit charge ("private bytes"): 1169M, peak: 1178M

vm_info: Dynamic Code Evolution 64-Bit Server VM (11.0.10+9-b1341.41) for windows-amd64 JRE (11.0.10+9-b1341.41), built on Apr 17 2021 07:18:15 by "" with MS VC++ 14.0 (VS2015)

END.
